[0.012s] Invoking command in '/home/ndp/datn/build/slam_gmapping': AMENT_PREFIX_PATH=/home/ndp/datn/install/openslam_gmapping:${AMENT_PREFIX_PATH} CMAKE_PREFIX_PATH=/home/ndp/datn/install/openslam_gmapping:/home/ndp/ydlidar_ws/install/ydlidar_ros2_driver:/home/ndp/ydlidar_ws/install/slam_gmapping:/home/ndp/ydlidar_ws/install/openslam_gmapping:/home/ndp/my_bot/install/my_bot:/opt/ros/foxy LD_LIBRARY_PATH=/home/ndp/datn/install/openslam_gmapping/lib:${LD_LIBRARY_PATH} /usr/bin/cmake /home/ndp/datn/slam_gmapping -DAMENT_CMAKE_SYMLINK_INSTALL=1 -DCMAKE_INSTALL_PREFIX=/home/ndp/datn/install/slam_gmapping
[0.064s] -- The C compiler identification is GNU 9.4.0
[0.115s] -- The CXX compiler identification is GNU 9.4.0
[0.119s] -- Check for working C compiler: /usr/bin/cc
[0.181s] -- Check for working C compiler: /usr/bin/cc -- works
[0.182s] -- Detecting C compiler ABI info
[0.244s] -- Detecting C compiler ABI info - done
[0.256s] -- Detecting C compile features
[0.256s] -- Detecting C compile features - done
[0.258s] -- Check for working CXX compiler: /usr/bin/c++
[0.331s] -- Check for working CXX compiler: /usr/bin/c++ -- works
[0.332s] -- Detecting CXX compiler ABI info
[0.411s] -- Detecting CXX compiler ABI info - done
[0.424s] -- Detecting CXX compile features
[0.424s] -- Detecting CXX compile features - done
[0.425s]  -fuse-ld=lld -Wl,--disable-new-dtags
[0.427s] -- Found ament_cmake: 0.9.12 (/opt/ros/foxy/share/ament_cmake/cmake)
[0.454s] -- Found PythonInterp: /usr/bin/python3 (found suitable version "3.8.10", minimum required is "3") 
[0.455s] -- Using PYTHON_EXECUTABLE: /usr/bin/python3
[0.644s] -- Override CMake install command with custom implementation using symlinks instead of copying resources
[0.668s] -- Found std_msgs: 2.0.5 (/opt/ros/foxy/share/std_msgs/cmake)
[0.697s] -- Using all available rosidl_typesupport_c: rosidl_typesupport_fastrtps_c;rosidl_typesupport_introspection_c
[0.703s] -- Found rosidl_adapter: 1.3.1 (/opt/ros/foxy/share/rosidl_adapter/cmake)
[0.764s] -- Found OpenSSL: /usr/lib/x86_64-linux-gnu/libcrypto.so (found version "1.1.1f")  
[0.788s] -- Found FastRTPS: /opt/ros/foxy/include  
[0.853s] -- Using all available rosidl_typesupport_cpp: rosidl_typesupport_fastrtps_cpp;rosidl_typesupport_introspection_cpp
[0.892s] -- Found nav_msgs: 2.0.5 (/opt/ros/foxy/share/nav_msgs/cmake)
[0.992s] -- Found tf2: 0.13.14 (/opt/ros/foxy/share/tf2/cmake)
[1.002s] -- Found tf2_ros: 0.13.14 (/opt/ros/foxy/share/tf2_ros/cmake)
[1.052s] -- Found rmw_implementation_cmake: 1.0.4 (/opt/ros/foxy/share/rmw_implementation_cmake/cmake)
[1.053s] -- Using RMW implementation 'rmw_fastrtps_cpp' as default
[1.054s] -- Looking for pthread.h
[1.114s] -- Looking for pthread.h - found
[1.115s] -- Performing Test CMAKE_HAVE_LIBC_PTHREAD
[1.177s] -- Performing Test CMAKE_HAVE_LIBC_PTHREAD - Failed
[1.177s] -- Looking for pthread_create in pthreads
[1.225s] -- Looking for pthread_create in pthreads - not found
[1.225s] -- Looking for pthread_create in pthread
[1.290s] -- Looking for pthread_create in pthread - found
[1.291s] -- Found Threads: TRUE  
[1.697s] -- Found tf2_geometry_msgs: 0.13.14 (/opt/ros/foxy/share/tf2_geometry_msgs/cmake)
[1.705s] -- Found eigen3_cmake_module: 0.1.1 (/opt/ros/foxy/share/eigen3_cmake_module/cmake)
[1.708s] -- Found Eigen3: TRUE (found version "3.3.7") 
[1.727s] -- Found sensor_msgs: 2.0.5 (/opt/ros/foxy/share/sensor_msgs/cmake)
[1.780s] -- Found visualization_msgs: 2.0.5 (/opt/ros/foxy/share/visualization_msgs/cmake)
[1.832s] -- Found openslam_gmapping: 0.1.2 (/home/ndp/datn/install/openslam_gmapping/share/openslam_gmapping/cmake)
[1.834s] -- Found ament_lint_auto: 0.9.8 (/opt/ros/foxy/share/ament_lint_auto/cmake)
[1.886s] -- Added test 'cppcheck' to perform static code analysis on C / C++ code
[1.886s] -- Configured cppcheck include dirs: /home/ndp/datn/slam_gmapping/include
[1.886s] -- Configured cppcheck exclude dirs and/or files: 
[1.886s] -- Added test 'flake8' to check Python code syntax and style conventions
[1.887s] -- Added test 'lint_cmake' to check CMake code style
[1.887s] -- Added test 'pep257' to check Python code against some of the style conventions in PEP 257
[1.888s] -- Added test 'uncrustify' to check C / C++ code style
[1.888s] -- Configured uncrustify additional arguments: 
[1.888s] -- Added test 'xmllint' to check XML markup files
[1.891s] -- Configuring done
[1.904s] -- Generating done
[1.905s] -- Build files have been written to: /home/ndp/datn/build/slam_gmapping
[1.912s] Invoked command in '/home/ndp/datn/build/slam_gmapping' returned '0': AMENT_PREFIX_PATH=/home/ndp/datn/install/openslam_gmapping:${AMENT_PREFIX_PATH} CMAKE_PREFIX_PATH=/home/ndp/datn/install/openslam_gmapping:/home/ndp/ydlidar_ws/install/ydlidar_ros2_driver:/home/ndp/ydlidar_ws/install/slam_gmapping:/home/ndp/ydlidar_ws/install/openslam_gmapping:/home/ndp/my_bot/install/my_bot:/opt/ros/foxy LD_LIBRARY_PATH=/home/ndp/datn/install/openslam_gmapping/lib:${LD_LIBRARY_PATH} /usr/bin/cmake /home/ndp/datn/slam_gmapping -DAMENT_CMAKE_SYMLINK_INSTALL=1 -DCMAKE_INSTALL_PREFIX=/home/ndp/datn/install/slam_gmapping
[1.914s] Invoking command in '/home/ndp/datn/build/slam_gmapping': AMENT_PREFIX_PATH=/home/ndp/datn/install/openslam_gmapping:${AMENT_PREFIX_PATH} CMAKE_PREFIX_PATH=/home/ndp/datn/install/openslam_gmapping:/home/ndp/ydlidar_ws/install/ydlidar_ros2_driver:/home/ndp/ydlidar_ws/install/slam_gmapping:/home/ndp/ydlidar_ws/install/openslam_gmapping:/home/ndp/my_bot/install/my_bot:/opt/ros/foxy LD_LIBRARY_PATH=/home/ndp/datn/install/openslam_gmapping/lib:${LD_LIBRARY_PATH} /usr/bin/cmake --build /home/ndp/datn/build/slam_gmapping -- -j8 -l8
[1.951s] [35m[1mScanning dependencies of target transform[0m
[1.952s] [35m[1mScanning dependencies of target slam_gmapping[0m
[1.989s] [ 50%] [32mBuilding CXX object CMakeFiles/slam_gmapping.dir/src/slam_gmapping.cpp.o[0m
[1.989s] [ 50%] [32mBuilding CXX object CMakeFiles/transform.dir/src/transform.cpp.o[0m
[3.234s] In file included from [01m[K/home/ndp/datn/install/openslam_gmapping/include/gmapping/gridfastslam/gridslamprocessor.h:9[m[K,
[3.234s]                  from [01m[K/home/ndp/datn/slam_gmapping/include/slam_gmapping/transform.h:25[m[K,
[3.234s]                  from [01m[K/home/ndp/datn/slam_gmapping/src/transform.cpp:3[m[K:
[3.234s] [01m[K/home/ndp/datn/install/openslam_gmapping/include/gmapping/particlefilter/particlefilter.h:[m[K In function ‘[01m[Kvoid rle(OutputIterator&, const Iterator&, const Iterator&)[m[K’:
[3.235s] [01m[K/home/ndp/datn/install/openslam_gmapping/include/gmapping/particlefilter/particlefilter.h:140:2:[m[K [01;35m[Kwarning: [m[Kthis ‘[01m[Kif[m[K’ clause does not guard... [[01;35m[K-Wmisleading-indentation[m[K]
[3.235s]   140 |  [01;35m[Kif[m[K (count>0)
[3.235s]       |  [01;35m[K^~[m[K
[3.235s] [01m[K/home/ndp/datn/install/openslam_gmapping/include/gmapping/particlefilter/particlefilter.h:142:3:[m[K [01;36m[Knote: [m[K...this statement, but the latter is misleadingly indented as if it were guarded by the ‘[01m[Kif[m[K’
[3.235s]   142 |   [01;36m[Kout[m[K++;
[3.235s]       |   [01;36m[K^~~[m[K
[3.237s] In file included from [01m[K/home/ndp/datn/install/openslam_gmapping/include/gmapping/gridfastslam/gridslamprocessor.h:9[m[K,
[3.238s]                  from [01m[K/home/ndp/datn/slam_gmapping/include/slam_gmapping/slam_gmapping.h:45[m[K,
[3.238s]                  from [01m[K/home/ndp/datn/slam_gmapping/src/slam_gmapping.cpp:24[m[K:
[3.238s] [01m[K/home/ndp/datn/install/openslam_gmapping/include/gmapping/particlefilter/particlefilter.h:[m[K In function ‘[01m[Kvoid rle(OutputIterator&, const Iterator&, const Iterator&)[m[K’:
[3.238s] [01m[K/home/ndp/datn/install/openslam_gmapping/include/gmapping/particlefilter/particlefilter.h:140:2:[m[K [01;35m[Kwarning: [m[Kthis ‘[01m[Kif[m[K’ clause does not guard... [[01;35m[K-Wmisleading-indentation[m[K]
[3.238s]   140 |  [01;35m[Kif[m[K (count>0)
[3.238s]       |  [01;35m[K^~[m[K
[3.238s] [01m[K/home/ndp/datn/install/openslam_gmapping/include/gmapping/particlefilter/particlefilter.h:142:3:[m[K [01;36m[Knote: [m[K...this statement, but the latter is misleadingly indented as if it were guarded by the ‘[01m[Kif[m[K’
[3.238s]   142 |   [01;36m[Kout[m[K++;
[3.238s]       |   [01;36m[K^~~[m[K
[3.239s] In file included from [01m[K/home/ndp/datn/install/openslam_gmapping/include/gmapping/gridfastslam/gridslamprocessor.h:10[m[K,
[3.239s]                  from [01m[K/home/ndp/datn/slam_gmapping/include/slam_gmapping/transform.h:25[m[K,
[3.239s]                  from [01m[K/home/ndp/datn/slam_gmapping/src/transform.cpp:3[m[K:
[3.239s] [01m[K/home/ndp/datn/install/openslam_gmapping/include/gmapping/utils/point.h:[m[K At global scope:
[3.239s] [01m[K/home/ndp/datn/install/openslam_gmapping/include/gmapping/utils/point.h:205:2:[m[K [01;35m[Kwarning: [m[Kextra ‘[01m[K;[m[K’ [[01;35m[K-Wpedantic[m[K]
[3.239s]   205 | }[01;35m[K;[m[K //end namespace
[3.240s]       |  [01;35m[K^[m[K
[3.240s] In file included from [01m[K/home/ndp/datn/install/openslam_gmapping/include/gmapping/sensor/sensor_base/sensorreading.h:4[m[K,
[3.240s]                  from [01m[K/home/ndp/datn/install/openslam_gmapping/include/gmapping/log/sensorlog.h:6[m[K,
[3.240s]                  from [01m[K/home/ndp/datn/install/openslam_gmapping/include/gmapping/gridfastslam/gridslamprocessor.h:12[m[K,
[3.240s]                  from [01m[K/home/ndp/datn/slam_gmapping/include/slam_gmapping/transform.h:25[m[K,
[3.240s]                  from [01m[K/home/ndp/datn/slam_gmapping/src/transform.cpp:3[m[K:
[3.240s] [01m[K/home/ndp/datn/install/openslam_gmapping/include/gmapping/sensor/sensor_base/sensor.h:21:2:[m[K [01;35m[Kwarning: [m[Kextra ‘[01m[K;[m[K’ [[01;35m[K-Wpedantic[m[K]
[3.240s]    21 | }[01;35m[K;[m[K //end namespace
[3.240s]       |  [01;35m[K^[m[K
[3.240s] In file included from [01m[K/home/ndp/datn/install/openslam_gmapping/include/gmapping/log/sensorlog.h:6[m[K,
[3.240s]                  from [01m[K/home/ndp/datn/install/openslam_gmapping/include/gmapping/gridfastslam/gridslamprocessor.h:12[m[K,
[3.240s]                  from [01m[K/home/ndp/datn/slam_gmapping/include/slam_gmapping/transform.h:25[m[K,
[3.240s]                  from [01m[K/home/ndp/datn/slam_gmapping/src/transform.cpp:3[m[K:
[3.240s] [01m[K/home/ndp/datn/install/openslam_gmapping/include/gmapping/sensor/sensor_base/sensorreading.h:23:2:[m[K [01;35m[Kwarning: [m[Kextra ‘[01m[K;[m[K’ [[01;35m[K-Wpedantic[m[K]
[3.240s]    23 | }[01;35m[K;[m[K //end namespace
[3.241s]       |  [01;35m[K^[m[K
[3.241s] In file included from [01m[K/home/ndp/datn/install/openslam_gmapping/include/gmapping/log/sensorlog.h:7[m[K,
[3.241s]                  from [01m[K/home/ndp/datn/install/openslam_gmapping/include/gmapping/gridfastslam/gridslamprocessor.h:12[m[K,
[3.241s]                  from [01m[K/home/ndp/datn/slam_gmapping/include/slam_gmapping/transform.h:25[m[K,
[3.241s]                  from [01m[K/home/ndp/datn/slam_gmapping/src/transform.cpp:3[m[K:
[3.241s] [01m[K/home/ndp/datn/install/openslam_gmapping/include/gmapping/sensor/sensor_odometry/odometrysensor.h:17:2:[m[K [01;35m[Kwarning: [m[Kextra ‘[01m[K;[m[K’ [[01;35m[K-Wpedantic[m[K]
[3.241s]    17 | }[01;35m[K;[m[K
[3.241s]       |  [01;35m[K^[m[K
[3.242s] In file included from [01m[K/home/ndp/datn/install/openslam_gmapping/include/gmapping/log/sensorlog.h:8[m[K,
[3.243s]                  from [01m[K/home/ndp/datn/install/openslam_gmapping/include/gmapping/gridfastslam/gridslamprocessor.h:12[m[K,
[3.243s]                  from [01m[K/home/ndp/datn/slam_gmapping/include/slam_gmapping/transform.h:25[m[K,
[3.243s]                  from [01m[K/home/ndp/datn/slam_gmapping/src/transform.cpp:3[m[K:
[3.243s] [01m[K/home/ndp/datn/install/openslam_gmapping/include/gmapping/sensor/sensor_range/rangesensor.h:33:2:[m[K [01;35m[Kwarning: [m[Kextra ‘[01m[K;[m[K’ [[01;35m[K-Wpedantic[m[K]
[3.243s]    33 | }[01;35m[K;[m[K
[3.243s]       |  [01;35m[K^[m[K
[3.243s] In file included from [01m[K/home/ndp/datn/install/openslam_gmapping/include/gmapping/log/sensorlog.h:9[m[K,
[3.243s]                  from [01m[K/home/ndp/datn/install/openslam_gmapping/include/gmapping/gridfastslam/gridslamprocessor.h:12[m[K,
[3.243s]                  from [01m[K/home/ndp/datn/slam_gmapping/include/slam_gmapping/transform.h:25[m[K,
[3.243s]                  from [01m[K/home/ndp/datn/slam_gmapping/src/transform.cpp:3[m[K:
[3.243s] [01m[K/home/ndp/datn/install/openslam_gmapping/include/gmapping/sensor/sensor_odometry/odometryreading.h:27:2:[m[K [01;35m[Kwarning: [m[Kextra ‘[01m[K;[m[K’ [[01;35m[K-Wpedantic[m[K]
[3.243s]    27 | }[01;35m[K;[m[K
[3.243s]       |  [01;35m[K^[m[K
[3.243s] In file included from [01m[K/home/ndp/datn/install/openslam_gmapping/include/gmapping/log/sensorlog.h:10[m[K,
[3.243s]                  from [01m[K/home/ndp/datn/install/openslam_gmapping/include/gmapping/gridfastslam/gridslamprocessor.h:12[m[K,
[3.244s]                  from [01m[K/home/ndp/datn/slam_gmapping/include/slam_gmapping/transform.h:25[m[K,
[3.244s]                  from [01m[K/home/ndp/datn/slam_gmapping/src/transform.cpp:3[m[K:
[3.244s] [01m[K/home/ndp/datn/install/openslam_gmapping/include/gmapping/sensor/sensor_range/rangereading.h:24:2:[m[K [01;35m[Kwarning: [m[Kextra ‘[01m[K;[m[K’ [[01;35m[K-Wpedantic[m[K]
[3.244s]    24 | }[01;35m[K;[m[K
[3.244s]       |  [01;35m[K^[m[K
[3.244s] In file included from [01m[K/home/ndp/datn/install/openslam_gmapping/include/gmapping/log/sensorlog.h:11[m[K,
[3.244s]                  from [01m[K/home/ndp/datn/install/openslam_gmapping/include/gmapping/gridfastslam/gridslamprocessor.h:12[m[K,
[3.244s]                  from [01m[K/home/ndp/datn/slam_gmapping/include/slam_gmapping/transform.h:25[m[K,
[3.244s]                  from [01m[K/home/ndp/datn/slam_gmapping/src/transform.cpp:3[m[K:
[3.244s] [01m[K/home/ndp/datn/install/openslam_gmapping/include/gmapping/log/configuration.h:15:2:[m[K [01;35m[Kwarning: [m[Kextra ‘[01m[K;[m[K’ [[01;35m[K-Wpedantic[m[K]
[3.244s]    15 | }[01;35m[K;[m[K
[3.244s]       |  [01;35m[K^[m[K
[3.244s] In file included from [01m[K/home/ndp/datn/install/openslam_gmapping/include/gmapping/gridfastslam/gridslamprocessor.h:10[m[K,
[3.244s]                  from [01m[K/home/ndp/datn/slam_gmapping/include/slam_gmapping/slam_gmapping.h:45[m[K,
[3.245s]                  from [01m[K/home/ndp/datn/slam_gmapping/src/slam_gmapping.cpp:24[m[K:
[3.245s] [01m[K/home/ndp/datn/install/openslam_gmapping/include/gmapping/utils/point.h:[m[K At global scope:
[3.245s] [01m[K/home/ndp/datn/install/openslam_gmapping/include/gmapping/utils/point.h:205:2:[m[K [01;35m[Kwarning: [m[Kextra ‘[01m[K;[m[K’ [[01;35m[K-Wpedantic[m[K]
[3.245s]   205 | }[01;35m[K;[m[K //end namespace
[3.245s]       |  [01;35m[K^[m[K
[3.245s] In file included from [01m[K/home/ndp/datn/install/openslam_gmapping/include/gmapping/sensor/sensor_base/sensorreading.h:4[m[K,
[3.245s]                  from [01m[K/home/ndp/datn/install/openslam_gmapping/include/gmapping/log/sensorlog.h:6[m[K,
[3.245s]                  from [01m[K/home/ndp/datn/install/openslam_gmapping/include/gmapping/gridfastslam/gridslamprocessor.h:12[m[K,
[3.245s]                  from [01m[K/home/ndp/datn/slam_gmapping/include/slam_gmapping/slam_gmapping.h:45[m[K,
[3.245s]                  from [01m[K/home/ndp/datn/slam_gmapping/src/slam_gmapping.cpp:24[m[K:
[3.245s] [01m[K/home/ndp/datn/install/openslam_gmapping/include/gmapping/sensor/sensor_base/sensor.h:21:2:[m[K [01;35m[Kwarning: [m[Kextra ‘[01m[K;[m[K’ [[01;35m[K-Wpedantic[m[K]
[3.245s]    21 | }[01;35m[K;[m[K //end namespace
[3.245s]       |  [01;35m[K^[m[K
[3.245s] In file included from [01m[K/home/ndp/datn/install/openslam_gmapping/include/gmapping/log/sensorlog.h:6[m[K,
[3.245s]                  from [01m[K/home/ndp/datn/install/openslam_gmapping/include/gmapping/gridfastslam/gridslamprocessor.h:12[m[K,
[3.246s]                  from [01m[K/home/ndp/datn/slam_gmapping/include/slam_gmapping/slam_gmapping.h:45[m[K,
[3.246s]                  from [01m[K/home/ndp/datn/slam_gmapping/src/slam_gmapping.cpp:24[m[K:
[3.246s] [01m[K/home/ndp/datn/install/openslam_gmapping/include/gmapping/sensor/sensor_base/sensorreading.h:23:2:[m[K [01;35m[Kwarning: [m[Kextra ‘[01m[K;[m[K’ [[01;35m[K-Wpedantic[m[K]
[3.246s]    23 | }[01;35m[K;[m[K //end namespace
[3.246s]       |  [01;35m[K^[m[K
[3.246s] In file included from [01m[K/home/ndp/datn/install/openslam_gmapping/include/gmapping/log/sensorlog.h:7[m[K,
[3.246s]                  from [01m[K/home/ndp/datn/install/openslam_gmapping/include/gmapping/gridfastslam/gridslamprocessor.h:12[m[K,
[3.246s]                  from [01m[K/home/ndp/datn/slam_gmapping/include/slam_gmapping/slam_gmapping.h:45[m[K,
[3.246s]                  from [01m[K/home/ndp/datn/slam_gmapping/src/slam_gmapping.cpp:24[m[K:
[3.246s] [01m[K/home/ndp/datn/install/openslam_gmapping/include/gmapping/sensor/sensor_odometry/odometrysensor.h:17:2:[m[K [01;35m[Kwarning: [m[Kextra ‘[01m[K;[m[K’ [[01;35m[K-Wpedantic[m[K]
[3.246s]    17 | }[01;35m[K;[m[K
[3.246s]       |  [01;35m[K^[m[K
[3.246s] In file included from [01m[K/home/ndp/datn/install/openslam_gmapping/include/gmapping/gridfastslam/gridslamprocessor.h:12[m[K,
[3.246s]                  from [01m[K/home/ndp/datn/slam_gmapping/include/slam_gmapping/transform.h:25[m[K,
[3.246s]                  from [01m[K/home/ndp/datn/slam_gmapping/src/transform.cpp:3[m[K:
[3.246s] [01m[K/home/ndp/datn/install/openslam_gmapping/include/gmapping/log/sensorlog.h:27:2:[m[K [01;35m[Kwarning: [m[Kextra ‘[01m[K;[m[K’ [[01;35m[K-Wpedantic[m[K]
[3.247s]    27 | }[01;35m[K;[m[K
[3.247s]       |  [01;35m[K^[m[K
[3.247s] In file included from [01m[K/home/ndp/datn/install/openslam_gmapping/include/gmapping/log/sensorlog.h:8[m[K,
[3.247s]                  from [01m[K/home/ndp/datn/install/openslam_gmapping/include/gmapping/gridfastslam/gridslamprocessor.h:12[m[K,
[3.247s]                  from [01m[K/home/ndp/datn/slam_gmapping/include/slam_gmapping/slam_gmapping.h:45[m[K,
[3.247s]                  from [01m[K/home/ndp/datn/slam_gmapping/src/slam_gmapping.cpp:24[m[K:
[3.247s] [01m[K/home/ndp/datn/install/openslam_gmapping/include/gmapping/sensor/sensor_range/rangesensor.h:33:2:[m[K [01;35m[Kwarning: [m[Kextra ‘[01m[K;[m[K’ [[01;35m[K-Wpedantic[m[K]
[3.247s]    33 | }[01;35m[K;[m[K
[3.247s]       |  [01;35m[K^[m[K
[3.247s] In file included from [01m[K/home/ndp/datn/install/openslam_gmapping/include/gmapping/log/sensorlog.h:9[m[K,
[3.247s]                  from [01m[K/home/ndp/datn/install/openslam_gmapping/include/gmapping/gridfastslam/gridslamprocessor.h:12[m[K,
[3.247s]                  from [01m[K/home/ndp/datn/slam_gmapping/include/slam_gmapping/slam_gmapping.h:45[m[K,
[3.248s]                  from [01m[K/home/ndp/datn/slam_gmapping/src/slam_gmapping.cpp:24[m[K:
[3.248s] [01m[K/home/ndp/datn/install/openslam_gmapping/include/gmapping/sensor/sensor_odometry/odometryreading.h:27:2:[m[K [01;35m[Kwarning: [m[Kextra ‘[01m[K;[m[K’ [[01;35m[K-Wpedantic[m[K]
[3.248s]    27 | }[01;35m[K;[m[K
[3.248s]       |  [01;35m[K^[m[K
[3.248s] In file included from [01m[K/home/ndp/datn/install/openslam_gmapping/include/gmapping/log/sensorlog.h:10[m[K,
[3.248s]                  from [01m[K/home/ndp/datn/install/openslam_gmapping/include/gmapping/gridfastslam/gridslamprocessor.h:12[m[K,
[3.248s]                  from [01m[K/home/ndp/datn/slam_gmapping/include/slam_gmapping/slam_gmapping.h:45[m[K,
[3.248s]                  from [01m[K/home/ndp/datn/slam_gmapping/src/slam_gmapping.cpp:24[m[K:
[3.248s] [01m[K/home/ndp/datn/install/openslam_gmapping/include/gmapping/sensor/sensor_range/rangereading.h:24:2:[m[K [01;35m[Kwarning: [m[Kextra ‘[01m[K;[m[K’ [[01;35m[K-Wpedantic[m[K]
[3.248s]    24 | }[01;35m[K;[m[K
[3.248s]       |  [01;35m[K^[m[K
[3.248s] In file included from [01m[K/home/ndp/datn/install/openslam_gmapping/include/gmapping/log/sensorlog.h:11[m[K,
[3.248s]                  from [01m[K/home/ndp/datn/install/openslam_gmapping/include/gmapping/gridfastslam/gridslamprocessor.h:12[m[K,
[3.248s]                  from [01m[K/home/ndp/datn/slam_gmapping/include/slam_gmapping/slam_gmapping.h:45[m[K,
[3.248s]                  from [01m[K/home/ndp/datn/slam_gmapping/src/slam_gmapping.cpp:24[m[K:
[3.248s] [01m[K/home/ndp/datn/install/openslam_gmapping/include/gmapping/log/configuration.h:15:2:[m[K [01;35m[Kwarning: [m[Kextra ‘[01m[K;[m[K’ [[01;35m[K-Wpedantic[m[K]
[3.249s]    15 | }[01;35m[K;[m[K
[3.249s]       |  [01;35m[K^[m[K
[3.249s] In file included from [01m[K/home/ndp/datn/install/openslam_gmapping/include/gmapping/grid/map.h:5[m[K,
[3.249s]                  from [01m[K/home/ndp/datn/install/openslam_gmapping/include/gmapping/scanmatcher/smmap.h:3[m[K,
[3.249s]                  from [01m[K/home/ndp/datn/install/openslam_gmapping/include/gmapping/scanmatcher/scanmatcher.h:5[m[K,
[3.249s]                  from [01m[K/home/ndp/datn/install/openslam_gmapping/include/gmapping/gridfastslam/gridslamprocessor.h:15[m[K,
[3.249s]                  from [01m[K/home/ndp/datn/slam_gmapping/include/slam_gmapping/transform.h:25[m[K,
[3.249s]                  from [01m[K/home/ndp/datn/slam_gmapping/src/transform.cpp:3[m[K:
[3.249s] [01m[K/home/ndp/datn/install/openslam_gmapping/include/gmapping/grid/accessstate.h:6:2:[m[K [01;35m[Kwarning: [m[Kextra ‘[01m[K;[m[K’ [[01;35m[K-Wpedantic[m[K]
[3.249s]     6 | }[01;35m[K;[m[K
[3.249s]       |  [01;35m[K^[m[K
[3.251s] In file included from [01m[K/home/ndp/datn/install/openslam_gmapping/include/gmapping/gridfastslam/gridslamprocessor.h:12[m[K,
[3.251s]                  from [01m[K/home/ndp/datn/slam_gmapping/include/slam_gmapping/slam_gmapping.h:45[m[K,
[3.251s]                  from [01m[K/home/ndp/datn/slam_gmapping/src/slam_gmapping.cpp:24[m[K:
[3.251s] [01m[K/home/ndp/datn/install/openslam_gmapping/include/gmapping/log/sensorlog.h:27:2:[m[K [01;35m[Kwarning: [m[Kextra ‘[01m[K;[m[K’ [[01;35m[K-Wpedantic[m[K]
[3.251s]    27 | }[01;35m[K;[m[K
[3.251s]       |  [01;35m[K^[m[K
[3.251s] In file included from [01m[K/home/ndp/datn/install/openslam_gmapping/include/gmapping/grid/map.h:6[m[K,
[3.251s]                  from [01m[K/home/ndp/datn/install/openslam_gmapping/include/gmapping/scanmatcher/smmap.h:3[m[K,
[3.251s]                  from [01m[K/home/ndp/datn/install/openslam_gmapping/include/gmapping/scanmatcher/scanmatcher.h:5[m[K,
[3.251s]                  from [01m[K/home/ndp/datn/install/openslam_gmapping/include/gmapping/gridfastslam/gridslamprocessor.h:15[m[K,
[3.251s]                  from [01m[K/home/ndp/datn/slam_gmapping/include/slam_gmapping/transform.h:25[m[K,
[3.251s]                  from [01m[K/home/ndp/datn/slam_gmapping/src/transform.cpp:3[m[K:
[3.251s] [01m[K/home/ndp/datn/install/openslam_gmapping/include/gmapping/grid/array2d.h:185:2:[m[K [01;35m[Kwarning: [m[Kextra ‘[01m[K;[m[K’ [[01;35m[K-Wpedantic[m[K]
[3.251s]   185 | }[01;35m[K;[m[K
[3.252s]       |  [01;35m[K^[m[K
[3.253s] In file included from [01m[K/home/ndp/datn/install/openslam_gmapping/include/gmapping/grid/map.h:5[m[K,
[3.253s]                  from [01m[K/home/ndp/datn/install/openslam_gmapping/include/gmapping/scanmatcher/smmap.h:3[m[K,
[3.253s]                  from [01m[K/home/ndp/datn/install/openslam_gmapping/include/gmapping/scanmatcher/scanmatcher.h:5[m[K,
[3.253s]                  from [01m[K/home/ndp/datn/install/openslam_gmapping/include/gmapping/gridfastslam/gridslamprocessor.h:15[m[K,
[3.253s]                  from [01m[K/home/ndp/datn/slam_gmapping/include/slam_gmapping/slam_gmapping.h:45[m[K,
[3.254s]                  from [01m[K/home/ndp/datn/slam_gmapping/src/slam_gmapping.cpp:24[m[K:
[3.254s] [01m[K/home/ndp/datn/install/openslam_gmapping/include/gmapping/grid/accessstate.h:6:2:[m[K [01;35m[Kwarning: [m[Kextra ‘[01m[K;[m[K’ [[01;35m[K-Wpedantic[m[K]
[3.254s]     6 | }[01;35m[K;[m[K
[3.254s]       |  [01;35m[K^[m[K
[3.254s] In file included from [01m[K/home/ndp/datn/install/openslam_gmapping/include/gmapping/scanmatcher/smmap.h:3[m[K,
[3.254s]                  from [01m[K/home/ndp/datn/install/openslam_gmapping/include/gmapping/scanmatcher/scanmatcher.h:5[m[K,
[3.254s]                  from [01m[K/home/ndp/datn/install/openslam_gmapping/include/gmapping/gridfastslam/gridslamprocessor.h:15[m[K,
[3.254s]                  from [01m[K/home/ndp/datn/slam_gmapping/include/slam_gmapping/transform.h:25[m[K,
[3.254s]                  from [01m[K/home/ndp/datn/slam_gmapping/src/transform.cpp:3[m[K:
[3.254s] [01m[K/home/ndp/datn/install/openslam_gmapping/include/gmapping/grid/map.h:262:2:[m[K [01;35m[Kwarning: [m[Kextra ‘[01m[K;[m[K’ [[01;35m[K-Wpedantic[m[K]
[3.254s]   262 | }[01;35m[K;[m[K
[3.254s]       |  [01;35m[K^[m[K
[3.254s] In file included from [01m[K/home/ndp/datn/install/openslam_gmapping/include/gmapping/grid/harray2d.h:5[m[K,
[3.254s]                  from [01m[K/home/ndp/datn/install/openslam_gmapping/include/gmapping/scanmatcher/smmap.h:4[m[K,
[3.254s]                  from [01m[K/home/ndp/datn/install/openslam_gmapping/include/gmapping/scanmatcher/scanmatcher.h:5[m[K,
[3.255s]                  from [01m[K/home/ndp/datn/install/openslam_gmapping/include/gmapping/gridfastslam/gridslamprocessor.h:15[m[K,
[3.255s]                  from [01m[K/home/ndp/datn/slam_gmapping/include/slam_gmapping/transform.h:25[m[K,
[3.255s]                  from [01m[K/home/ndp/datn/slam_gmapping/src/transform.cpp:3[m[K:
[3.255s] [01m[K/home/ndp/datn/install/openslam_gmapping/include/gmapping/utils/autoptr.h:96:2:[m[K [01;35m[Kwarning: [m[Kextra ‘[01m[K;[m[K’ [[01;35m[K-Wpedantic[m[K]
[3.255s]    96 | }[01;35m[K;[m[K
[3.255s]       |  [01;35m[K^[m[K
[3.256s] In file included from [01m[K/home/ndp/datn/install/openslam_gmapping/include/gmapping/grid/map.h:6[m[K,
[3.256s]                  from [01m[K/home/ndp/datn/install/openslam_gmapping/include/gmapping/scanmatcher/smmap.h:3[m[K,
[3.256s]                  from [01m[K/home/ndp/datn/install/openslam_gmapping/include/gmapping/scanmatcher/scanmatcher.h:5[m[K,
[3.256s]                  from [01m[K/home/ndp/datn/install/openslam_gmapping/include/gmapping/gridfastslam/gridslamprocessor.h:15[m[K,
[3.256s]                  from [01m[K/home/ndp/datn/slam_gmapping/include/slam_gmapping/slam_gmapping.h:45[m[K,
[3.256s]                  from [01m[K/home/ndp/datn/slam_gmapping/src/slam_gmapping.cpp:24[m[K:
[3.257s] [01m[K/home/ndp/datn/install/openslam_gmapping/include/gmapping/grid/array2d.h:185:2:[m[K [01;35m[Kwarning: [m[Kextra ‘[01m[K;[m[K’ [[01;35m[K-Wpedantic[m[K]
[3.257s]   185 | }[01;35m[K;[m[K
[3.257s]       |  [01;35m[K^[m[K
[3.259s] In file included from [01m[K/home/ndp/datn/install/openslam_gmapping/include/gmapping/scanmatcher/smmap.h:3[m[K,
[3.259s]                  from [01m[K/home/ndp/datn/install/openslam_gmapping/include/gmapping/scanmatcher/scanmatcher.h:5[m[K,
[3.259s]                  from [01m[K/home/ndp/datn/install/openslam_gmapping/include/gmapping/gridfastslam/gridslamprocessor.h:15[m[K,
[3.259s]                  from [01m[K/home/ndp/datn/slam_gmapping/include/slam_gmapping/slam_gmapping.h:45[m[K,
[3.259s]                  from [01m[K/home/ndp/datn/slam_gmapping/src/slam_gmapping.cpp:24[m[K:
[3.259s] [01m[K/home/ndp/datn/install/openslam_gmapping/include/gmapping/grid/map.h:262:2:[m[K [01;35m[Kwarning: [m[Kextra ‘[01m[K;[m[K’ [[01;35m[K-Wpedantic[m[K]
[3.259s]   262 | }[01;35m[K;[m[K
[3.259s]       |  [01;35m[K^[m[K
[3.259s] In file included from [01m[K/home/ndp/datn/install/openslam_gmapping/include/gmapping/grid/harray2d.h:5[m[K,
[3.259s]                  from [01m[K/home/ndp/datn/install/openslam_gmapping/include/gmapping/scanmatcher/smmap.h:4[m[K,
[3.259s]                  from [01m[K/home/ndp/datn/install/openslam_gmapping/include/gmapping/scanmatcher/scanmatcher.h:5[m[K,
[3.259s]                  from [01m[K/home/ndp/datn/install/openslam_gmapping/include/gmapping/gridfastslam/gridslamprocessor.h:15[m[K,
[3.259s]                  from [01m[K/home/ndp/datn/slam_gmapping/include/slam_gmapping/slam_gmapping.h:45[m[K,
[3.259s]                  from [01m[K/home/ndp/datn/slam_gmapping/src/slam_gmapping.cpp:24[m[K:
[3.259s] [01m[K/home/ndp/datn/install/openslam_gmapping/include/gmapping/utils/autoptr.h:96:2:[m[K [01;35m[Kwarning: [m[Kextra ‘[01m[K;[m[K’ [[01;35m[K-Wpedantic[m[K]
[3.260s]    96 | }[01;35m[K;[m[K
[3.260s]       |  [01;35m[K^[m[K
[3.260s] In file included from [01m[K/home/ndp/datn/install/openslam_gmapping/include/gmapping/scanmatcher/smmap.h:4[m[K,
[3.260s]                  from [01m[K/home/ndp/datn/install/openslam_gmapping/include/gmapping/scanmatcher/scanmatcher.h:5[m[K,
[3.260s]                  from [01m[K/home/ndp/datn/install/openslam_gmapping/include/gmapping/gridfastslam/gridslamprocessor.h:15[m[K,
[3.260s]                  from [01m[K/home/ndp/datn/slam_gmapping/include/slam_gmapping/transform.h:25[m[K,
[3.260s]                  from [01m[K/home/ndp/datn/slam_gmapping/src/transform.cpp:3[m[K:
[3.261s] [01m[K/home/ndp/datn/install/openslam_gmapping/include/gmapping/grid/harray2d.h:197:2:[m[K [01;35m[Kwarning: [m[Kextra ‘[01m[K;[m[K’ [[01;35m[K-Wpedantic[m[K]
[3.261s]   197 | }[01;35m[K;[m[K
[3.261s]       |  [01;35m[K^[m[K
[3.261s] In file included from [01m[K/home/ndp/datn/install/openslam_gmapping/include/gmapping/scanmatcher/scanmatcher.h:5[m[K,
[3.261s]                  from [01m[K/home/ndp/datn/install/openslam_gmapping/include/gmapping/gridfastslam/gridslamprocessor.h:15[m[K,
[3.261s]                  from [01m[K/home/ndp/datn/slam_gmapping/include/slam_gmapping/transform.h:25[m[K,
[3.262s]                  from [01m[K/home/ndp/datn/slam_gmapping/src/transform.cpp:3[m[K:
[3.262s] [01m[K/home/ndp/datn/install/openslam_gmapping/include/gmapping/scanmatcher/smmap.h:52:2:[m[K [01;35m[Kwarning: [m[Kextra ‘[01m[K;[m[K’ [[01;35m[K-Wpedantic[m[K]
[3.262s]    52 | }[01;35m[K;[m[K
[3.262s]       |  [01;35m[K^[m[K
[3.262s] In file included from [01m[K/home/ndp/datn/install/openslam_gmapping/include/gmapping/scanmatcher/scanmatcher.h:7[m[K,
[3.263s]                  from [01m[K/home/ndp/datn/install/openslam_gmapping/include/gmapping/gridfastslam/gridslamprocessor.h:15[m[K,
[3.263s]                  from [01m[K/home/ndp/datn/slam_gmapping/include/slam_gmapping/transform.h:25[m[K,
[3.263s]                  from [01m[K/home/ndp/datn/slam_gmapping/src/transform.cpp:3[m[K:
[3.263s] [01m[K/home/ndp/datn/install/openslam_gmapping/include/gmapping/utils/stat.h:145:2:[m[K [01;35m[Kwarning: [m[Kextra ‘[01m[K;[m[K’ [[01;35m[K-Wpedantic[m[K]
[3.263s]   145 | }[01;35m[K;[m[K //end namespace
[3.263s]       |  [01;35m[K^[m[K
[3.266s] In file included from [01m[K/home/ndp/datn/install/openslam_gmapping/include/gmapping/scanmatcher/smmap.h:4[m[K,
[3.266s]                  from [01m[K/home/ndp/datn/install/openslam_gmapping/include/gmapping/scanmatcher/scanmatcher.h:5[m[K,
[3.266s]                  from [01m[K/home/ndp/datn/install/openslam_gmapping/include/gmapping/gridfastslam/gridslamprocessor.h:15[m[K,
[3.266s]                  from [01m[K/home/ndp/datn/slam_gmapping/include/slam_gmapping/slam_gmapping.h:45[m[K,
[3.266s]                  from [01m[K/home/ndp/datn/slam_gmapping/src/slam_gmapping.cpp:24[m[K:
[3.266s] [01m[K/home/ndp/datn/install/openslam_gmapping/include/gmapping/grid/harray2d.h:197:2:[m[K [01;35m[Kwarning: [m[Kextra ‘[01m[K;[m[K’ [[01;35m[K-Wpedantic[m[K]
[3.266s]   197 | }[01;35m[K;[m[K
[3.266s]       |  [01;35m[K^[m[K
[3.267s] In file included from [01m[K/home/ndp/datn/install/openslam_gmapping/include/gmapping/scanmatcher/scanmatcher.h:5[m[K,
[3.267s]                  from [01m[K/home/ndp/datn/install/openslam_gmapping/include/gmapping/gridfastslam/gridslamprocessor.h:15[m[K,
[3.267s]                  from [01m[K/home/ndp/datn/slam_gmapping/include/slam_gmapping/slam_gmapping.h:45[m[K,
[3.267s]                  from [01m[K/home/ndp/datn/slam_gmapping/src/slam_gmapping.cpp:24[m[K:
[3.267s] [01m[K/home/ndp/datn/install/openslam_gmapping/include/gmapping/scanmatcher/smmap.h:52:2:[m[K [01;35m[Kwarning: [m[Kextra ‘[01m[K;[m[K’ [[01;35m[K-Wpedantic[m[K]
[3.267s]    52 | }[01;35m[K;[m[K
[3.267s]       |  [01;35m[K^[m[K
[3.268s] In file included from [01m[K/home/ndp/datn/install/openslam_gmapping/include/gmapping/scanmatcher/scanmatcher.h:7[m[K,
[3.268s]                  from [01m[K/home/ndp/datn/install/openslam_gmapping/include/gmapping/gridfastslam/gridslamprocessor.h:15[m[K,
[3.268s]                  from [01m[K/home/ndp/datn/slam_gmapping/include/slam_gmapping/slam_gmapping.h:45[m[K,
[3.268s]                  from [01m[K/home/ndp/datn/slam_gmapping/src/slam_gmapping.cpp:24[m[K:
[3.268s] [01m[K/home/ndp/datn/install/openslam_gmapping/include/gmapping/utils/stat.h:145:2:[m[K [01;35m[Kwarning: [m[Kextra ‘[01m[K;[m[K’ [[01;35m[K-Wpedantic[m[K]
[3.268s]   145 | }[01;35m[K;[m[K //end namespace
[3.268s]       |  [01;35m[K^[m[K
[3.271s] In file included from [01m[K/home/ndp/datn/install/openslam_gmapping/include/gmapping/gridfastslam/gridslamprocessor.h:15[m[K,
[3.272s]                  from [01m[K/home/ndp/datn/slam_gmapping/include/slam_gmapping/transform.h:25[m[K,
[3.272s]                  from [01m[K/home/ndp/datn/slam_gmapping/src/transform.cpp:3[m[K:
[3.272s] [01m[K/home/ndp/datn/install/openslam_gmapping/include/gmapping/scanmatcher/scanmatcher.h:250:2:[m[K [01;35m[Kwarning: [m[Kextra ‘[01m[K;[m[K’ [[01;35m[K-Wpedantic[m[K]
[3.272s]   250 | }[01;35m[K;[m[K
[3.272s]       |  [01;35m[K^[m[K
[3.272s] In file included from [01m[K/home/ndp/datn/install/openslam_gmapping/include/gmapping/gridfastslam/gridslamprocessor.h:16[m[K,
[3.272s]                  from [01m[K/home/ndp/datn/slam_gmapping/include/slam_gmapping/transform.h:25[m[K,
[3.272s]                  from [01m[K/home/ndp/datn/slam_gmapping/src/transform.cpp:3[m[K:
[3.272s] [01m[K/home/ndp/datn/install/openslam_gmapping/include/gmapping/gridfastslam/motionmodel.h:17:2:[m[K [01;35m[Kwarning: [m[Kextra ‘[01m[K;[m[K’ [[01;35m[K-Wpedantic[m[K]
[3.272s]    17 | }[01;35m[K;[m[K
[3.272s]       |  [01;35m[K^[m[K
[3.277s] In file included from [01m[K/home/ndp/datn/install/openslam_gmapping/include/gmapping/gridfastslam/gridslamprocessor.h:15[m[K,
[3.277s]                  from [01m[K/home/ndp/datn/slam_gmapping/include/slam_gmapping/slam_gmapping.h:45[m[K,
[3.277s]                  from [01m[K/home/ndp/datn/slam_gmapping/src/slam_gmapping.cpp:24[m[K:
[3.277s] [01m[K/home/ndp/datn/install/openslam_gmapping/include/gmapping/scanmatcher/scanmatcher.h:250:2:[m[K [01;35m[Kwarning: [m[Kextra ‘[01m[K;[m[K’ [[01;35m[K-Wpedantic[m[K]
[3.277s]   250 | }[01;35m[K;[m[K
[3.277s]       |  [01;35m[K^[m[K
[3.277s] In file included from [01m[K/home/ndp/datn/install/openslam_gmapping/include/gmapping/gridfastslam/gridslamprocessor.h:16[m[K,
[3.277s]                  from [01m[K/home/ndp/datn/slam_gmapping/include/slam_gmapping/slam_gmapping.h:45[m[K,
[3.277s]                  from [01m[K/home/ndp/datn/slam_gmapping/src/slam_gmapping.cpp:24[m[K:
[3.277s] [01m[K/home/ndp/datn/install/openslam_gmapping/include/gmapping/gridfastslam/motionmodel.h:17:2:[m[K [01;35m[Kwarning: [m[Kextra ‘[01m[K;[m[K’ [[01;35m[K-Wpedantic[m[K]
[3.277s]    17 | }[01;35m[K;[m[K
[3.277s]       |  [01;35m[K^[m[K
[3.285s] In file included from [01m[K/home/ndp/datn/slam_gmapping/include/slam_gmapping/transform.h:25[m[K,
[3.285s]                  from [01m[K/home/ndp/datn/slam_gmapping/src/transform.cpp:3[m[K:
[3.286s] [01m[K/home/ndp/datn/install/openslam_gmapping/include/gmapping/gridfastslam/gridslamprocessor.h:335:2:[m[K [01;35m[Kwarning: [m[Kextra ‘[01m[K;[m[K’ [[01;35m[K-Wpedantic[m[K]
[3.286s]   335 | }[01;35m[K;[m[K
[3.286s]       |  [01;35m[K^[m[K
[3.291s] In file included from [01m[K/home/ndp/datn/slam_gmapping/include/slam_gmapping/slam_gmapping.h:45[m[K,
[3.291s]                  from [01m[K/home/ndp/datn/slam_gmapping/src/slam_gmapping.cpp:24[m[K:
[3.291s] [01m[K/home/ndp/datn/install/openslam_gmapping/include/gmapping/gridfastslam/gridslamprocessor.h:335:2:[m[K [01;35m[Kwarning: [m[Kextra ‘[01m[K;[m[K’ [[01;35m[K-Wpedantic[m[K]
[3.291s]   335 | }[01;35m[K;[m[K
[3.291s]       |  [01;35m[K^[m[K
[5.008s] [ 75%] [32m[1mLinking CXX executable transform[0m
[5.185s] [ 75%] Built target transform
[8.238s] [100%] [32m[1mLinking CXX executable slam_gmapping[0m
[8.527s] [100%] Built target slam_gmapping
[8.536s] Invoked command in '/home/ndp/datn/build/slam_gmapping' returned '0': AMENT_PREFIX_PATH=/home/ndp/datn/install/openslam_gmapping:${AMENT_PREFIX_PATH} CMAKE_PREFIX_PATH=/home/ndp/datn/install/openslam_gmapping:/home/ndp/ydlidar_ws/install/ydlidar_ros2_driver:/home/ndp/ydlidar_ws/install/slam_gmapping:/home/ndp/ydlidar_ws/install/openslam_gmapping:/home/ndp/my_bot/install/my_bot:/opt/ros/foxy LD_LIBRARY_PATH=/home/ndp/datn/install/openslam_gmapping/lib:${LD_LIBRARY_PATH} /usr/bin/cmake --build /home/ndp/datn/build/slam_gmapping -- -j8 -l8
[8.556s] Invoking command in '/home/ndp/datn/build/slam_gmapping': AMENT_PREFIX_PATH=/home/ndp/datn/install/openslam_gmapping:${AMENT_PREFIX_PATH} CMAKE_PREFIX_PATH=/home/ndp/datn/install/openslam_gmapping:/home/ndp/ydlidar_ws/install/ydlidar_ros2_driver:/home/ndp/ydlidar_ws/install/slam_gmapping:/home/ndp/ydlidar_ws/install/openslam_gmapping:/home/ndp/my_bot/install/my_bot:/opt/ros/foxy LD_LIBRARY_PATH=/home/ndp/datn/install/openslam_gmapping/lib:${LD_LIBRARY_PATH} /usr/bin/cmake --install /home/ndp/datn/build/slam_gmapping
[8.563s] -- Install configuration: ""
[8.563s] -- Execute custom install script
[8.563s] -- Symlinking: /home/ndp/datn/install/slam_gmapping/lib/slam_gmapping/slam_gmapping
[8.572s] -- Symlinking: /home/ndp/datn/install/slam_gmapping/lib/slam_gmapping/transform
[8.581s] -- Symlinking: /home/ndp/datn/install/slam_gmapping/share/slam_gmapping/launch/gmapping_4ros_launch.py
[8.588s] -- Symlinking: /home/ndp/datn/install/slam_gmapping/share/slam_gmapping/launch/gmapping_x3_launch.py
[8.593s] -- Symlinking: /home/ndp/datn/install/slam_gmapping/share/slam_gmapping/launch/slam_4ros_gmapping.launch.py
[8.599s] -- Symlinking: /home/ndp/datn/install/slam_gmapping/share/slam_gmapping/launch/test_gmapping.launch.py
[8.605s] -- Symlinking: /home/ndp/datn/install/slam_gmapping/share/slam_gmapping/launch/x3_slam.py
[8.611s] -- Symlinking: /home/ndp/datn/install/slam_gmapping/share/slam_gmapping/launch/ydlidar_slam.py
[8.617s] -- Symlinking: /home/ndp/datn/install/slam_gmapping/share/slam_gmapping/params/slam_gmapping.yaml
[8.623s] -- Symlinking: /home/ndp/datn/install/slam_gmapping/share/ament_index/resource_index/package_run_dependencies/slam_gmapping
[8.629s] -- Symlinking: /home/ndp/datn/install/slam_gmapping/share/ament_index/resource_index/parent_prefix_path/slam_gmapping
[8.636s] -- Symlinking: /home/ndp/datn/install/slam_gmapping/share/slam_gmapping/environment/ament_prefix_path.sh
[8.642s] -- Symlinking: /home/ndp/datn/install/slam_gmapping/share/slam_gmapping/environment/ament_prefix_path.dsv
[8.648s] -- Symlinking: /home/ndp/datn/install/slam_gmapping/share/slam_gmapping/environment/path.sh
[8.655s] -- Symlinking: /home/ndp/datn/install/slam_gmapping/share/slam_gmapping/environment/path.dsv
[8.661s] -- Symlinking: /home/ndp/datn/install/slam_gmapping/share/slam_gmapping/local_setup.bash
[8.667s] -- Symlinking: /home/ndp/datn/install/slam_gmapping/share/slam_gmapping/local_setup.sh
[8.673s] -- Symlinking: /home/ndp/datn/install/slam_gmapping/share/slam_gmapping/local_setup.zsh
[8.679s] -- Symlinking: /home/ndp/datn/install/slam_gmapping/share/slam_gmapping/local_setup.dsv
[8.685s] -- Symlinking: /home/ndp/datn/install/slam_gmapping/share/slam_gmapping/package.dsv
[8.691s] -- Symlinking: /home/ndp/datn/install/slam_gmapping/share/ament_index/resource_index/packages/slam_gmapping
[8.698s] -- Symlinking: /home/ndp/datn/install/slam_gmapping/share/slam_gmapping/cmake/slam_gmappingConfig.cmake
[8.704s] -- Symlinking: /home/ndp/datn/install/slam_gmapping/share/slam_gmapping/cmake/slam_gmappingConfig-version.cmake
[8.710s] -- Symlinking: /home/ndp/datn/install/slam_gmapping/share/slam_gmapping/package.xml
[8.718s] Invoked command in '/home/ndp/datn/build/slam_gmapping' returned '0': AMENT_PREFIX_PATH=/home/ndp/datn/install/openslam_gmapping:${AMENT_PREFIX_PATH} CMAKE_PREFIX_PATH=/home/ndp/datn/install/openslam_gmapping:/home/ndp/ydlidar_ws/install/ydlidar_ros2_driver:/home/ndp/ydlidar_ws/install/slam_gmapping:/home/ndp/ydlidar_ws/install/openslam_gmapping:/home/ndp/my_bot/install/my_bot:/opt/ros/foxy LD_LIBRARY_PATH=/home/ndp/datn/install/openslam_gmapping/lib:${LD_LIBRARY_PATH} /usr/bin/cmake --install /home/ndp/datn/build/slam_gmapping
