[0.008s] Invoking command in '/home/ndp/my_bot/build/my_bot': CMAKE_PREFIX_PATH=${CMAKE_PREFIX_PATH}:/opt/ros/foxy /usr/bin/cmake /home/ndp/my_bot -DAMENT_CMAKE_SYMLINK_INSTALL=1 -DCMAKE_INSTALL_PREFIX=/home/ndp/my_bot/install/my_bot
[0.048s] -- The C compiler identification is GNU 9.4.0
[0.091s] -- The CXX compiler identification is GNU 9.4.0
[0.094s] -- Check for working C compiler: /usr/bin/cc
[0.150s] -- Check for working C compiler: /usr/bin/cc -- works
[0.150s] -- Detecting C compiler ABI info
[0.207s] -- Detecting C compiler ABI info - done
[0.219s] -- Detecting C compile features
[0.220s] -- Detecting C compile features - done
[0.221s] -- Check for working CXX compiler: /usr/bin/c++
[0.283s] -- Check for working CXX compiler: /usr/bin/c++ -- works
[0.284s] -- Detecting CXX compiler ABI info
[0.344s] -- Detecting CXX compiler ABI info - done
[0.351s] -- Detecting CXX compile features
[0.352s] -- Detecting CXX compile features - done
[0.353s] -- Found ament_cmake: 0.9.12 (/opt/ros/foxy/share/ament_cmake/cmake)
[0.371s] -- Found PythonInterp: /usr/bin/python3 (found suitable version "3.8.10", minimum required is "3") 
[0.371s] -- Using PYTHON_EXECUTABLE: /usr/bin/python3
[0.480s] -- Override CMake install command with custom implementation using symlinks instead of copying resources
[0.494s] -- Found ament_lint_auto: 0.9.8 (/opt/ros/foxy/share/ament_lint_auto/cmake)
[0.545s] -- Added test 'copyright' to check source files copyright and LICENSE
[0.549s] -- Added test 'cppcheck' to perform static code analysis on C / C++ code
[0.549s] -- Configured cppcheck include dirs: 
[0.549s] -- Configured cppcheck exclude dirs and/or files: 
[0.552s] -- Added test 'cpplint' to check C / C++ code against the Google style
[0.552s] -- Configured cpplint exclude dirs and/or files: 
[0.553s] -- Added test 'flake8' to check Python code syntax and style conventions
[0.554s] -- Added test 'lint_cmake' to check CMake code style
[0.554s] -- Added test 'pep257' to check Python code against some of the style conventions in PEP 257
[0.558s] -- Added test 'uncrustify' to check C / C++ code style
[0.558s] -- Configured uncrustify additional arguments: 
[0.558s] -- Added test 'xmllint' to check XML markup files
[0.560s] -- Configuring done
[0.561s] -- Generating done
[0.561s] -- Build files have been written to: /home/ndp/my_bot/build/my_bot
[0.564s] Invoked command in '/home/ndp/my_bot/build/my_bot' returned '0': CMAKE_PREFIX_PATH=${CMAKE_PREFIX_PATH}:/opt/ros/foxy /usr/bin/cmake /home/ndp/my_bot -DAMENT_CMAKE_SYMLINK_INSTALL=1 -DCMAKE_INSTALL_PREFIX=/home/ndp/my_bot/install/my_bot
[0.566s] Invoking command in '/home/ndp/my_bot/build/my_bot': CMAKE_PREFIX_PATH=${CMAKE_PREFIX_PATH}:/opt/ros/foxy /usr/bin/cmake --build /home/ndp/my_bot/build/my_bot -- -j8 -l8
[0.592s] Invoked command in '/home/ndp/my_bot/build/my_bot' returned '0': CMAKE_PREFIX_PATH=${CMAKE_PREFIX_PATH}:/opt/ros/foxy /usr/bin/cmake --build /home/ndp/my_bot/build/my_bot -- -j8 -l8
[0.617s] Invoking command in '/home/ndp/my_bot/build/my_bot': CMAKE_PREFIX_PATH=${CMAKE_PREFIX_PATH}:/opt/ros/foxy /usr/bin/cmake --install /home/ndp/my_bot/build/my_bot
[0.623s] -- Install configuration: ""
[0.623s] -- Execute custom install script
[0.623s] -- Symlinking: /home/ndp/my_bot/install/my_bot/share/my_bot/config/empty.yaml
[0.630s] -- Symlinking: /home/ndp/my_bot/install/my_bot/share/my_bot/description/robot.urdf.xacro
[0.636s] -- Symlinking: /home/ndp/my_bot/install/my_bot/share/my_bot/launch/rsp.launch.py
[0.643s] -- Symlinking: /home/ndp/my_bot/install/my_bot/share/my_bot/worlds/empty.world
[0.649s] -- Symlinking: /home/ndp/my_bot/install/my_bot/share/ament_index/resource_index/package_run_dependencies/my_bot
[0.656s] -- Symlinking: /home/ndp/my_bot/install/my_bot/share/ament_index/resource_index/parent_prefix_path/my_bot
[0.662s] -- Symlinking: /home/ndp/my_bot/install/my_bot/share/my_bot/environment/ament_prefix_path.sh
[0.668s] -- Symlinking: /home/ndp/my_bot/install/my_bot/share/my_bot/environment/ament_prefix_path.dsv
[0.674s] -- Symlinking: /home/ndp/my_bot/install/my_bot/share/my_bot/environment/path.sh
[0.680s] -- Symlinking: /home/ndp/my_bot/install/my_bot/share/my_bot/environment/path.dsv
[0.686s] -- Symlinking: /home/ndp/my_bot/install/my_bot/share/my_bot/local_setup.bash
[0.691s] -- Symlinking: /home/ndp/my_bot/install/my_bot/share/my_bot/local_setup.sh
[0.697s] -- Symlinking: /home/ndp/my_bot/install/my_bot/share/my_bot/local_setup.zsh
[0.703s] -- Symlinking: /home/ndp/my_bot/install/my_bot/share/my_bot/local_setup.dsv
[0.709s] -- Symlinking: /home/ndp/my_bot/install/my_bot/share/my_bot/package.dsv
[0.715s] -- Symlinking: /home/ndp/my_bot/install/my_bot/share/ament_index/resource_index/packages/my_bot
[0.722s] -- Symlinking: /home/ndp/my_bot/install/my_bot/share/my_bot/cmake/my_botConfig.cmake
[0.729s] -- Symlinking: /home/ndp/my_bot/install/my_bot/share/my_bot/cmake/my_botConfig-version.cmake
[0.735s] -- Symlinking: /home/ndp/my_bot/install/my_bot/share/my_bot/package.xml
[0.742s] Invoked command in '/home/ndp/my_bot/build/my_bot' returned '0': CMAKE_PREFIX_PATH=${CMAKE_PREFIX_PATH}:/opt/ros/foxy /usr/bin/cmake --install /home/ndp/my_bot/build/my_bot
