[0.115s] DEBUG:colcon:Command line arguments: ['/usr/bin/colcon', 'build', '--symlink-instal']
[0.115s] DEBUG:colcon:Parsed command line arguments: Namespace(allow_overriding=[], ament_cmake_args=None, base_paths=['.'], build_base='build', catkin_cmake_args=None, catkin_skip_building_tests=False, cmake_args=None, cmake_clean_cache=False, cmake_clean_first=False, cmake_force_configure=False, cmake_target=None, cmake_target_skip_unavailable=False, continue_on_error=False, event_handlers=None, executor='parallel', ignore_user_meta=False, install_base='install', log_base=None, log_level=None, main=<bound method BuildVerb.main of <colcon_core.verb.build.BuildVerb object at 0x7fa43cda16a0>>, merge_install=False, metas=['./colcon.meta'], packages_above=None, packages_above_and_dependencies=None, packages_above_depth=None, packages_end=None, packages_ignore=None, packages_ignore_regex=None, packages_select=None, packages_select_build_failed=False, packages_select_by_dep=None, packages_select_regex=None, packages_select_test_failures=False, packages_skip=None, packages_skip_build_finished=False, packages_skip_by_dep=None, packages_skip_regex=None, packages_skip_test_passed=False, packages_skip_up_to=None, packages_start=None, packages_up_to=None, packages_up_to_regex=None, parallel_workers=8, paths=None, symlink_install=True, test_result_base=None, verb_extension=<colcon_core.verb.build.BuildVerb object at 0x7fa43cda16a0>, verb_name='build', verb_parser=<colcon_defaults.argument_parser.defaults.DefaultArgumentsDecorator object at 0x7fa43cd2e7c0>)
[0.209s] Level 1:colcon.colcon_core.package_discovery:discover_packages(colcon_meta) check parameters
[0.209s] Level 1:colcon.colcon_core.package_discovery:discover_packages(recursive) check parameters
[0.209s] Level 1:colcon.colcon_core.package_discovery:discover_packages(ignore) check parameters
[0.209s] Level 1:colcon.colcon_core.package_discovery:discover_packages(path) check parameters
[0.209s] Level 1:colcon.colcon_core.package_discovery:discover_packages(colcon_meta) discover
[0.209s] Level 1:colcon.colcon_core.package_discovery:discover_packages(recursive) discover
[0.209s] INFO:colcon.colcon_core.package_discovery:Crawling recursively for packages in '/home/ndp/datn'
[0.209s] Level 1:colcon.colcon_core.package_identification:_identify(.) by extensions ['ignore', 'ignore_ament_install']
[0.209s] Level 1:colcon.colcon_core.package_identification:_identify(.) by extension 'ignore'
[0.209s] Level 1:colcon.colcon_core.package_identification:_identify(.) by extension 'ignore_ament_install'
[0.209s] Level 1:colcon.colcon_core.package_identification:_identify(.) by extensions ['colcon_pkg']
[0.209s] Level 1:colcon.colcon_core.package_identification:_identify(.) by extension 'colcon_pkg'
[0.209s] Level 1:colcon.colcon_core.package_identification:_identify(.) by extensions ['colcon_meta']
[0.209s] Level 1:colcon.colcon_core.package_identification:_identify(.) by extension 'colcon_meta'
[0.209s] Level 1:colcon.colcon_core.package_identification:_identify(.) by extensions ['ros']
[0.209s] Level 1:colcon.colcon_core.package_identification:_identify(.) by extension 'ros'
[0.217s] Level 1:colcon.colcon_core.package_identification:_identify(.) by extensions ['cmake', 'python']
[0.217s] Level 1:colcon.colcon_core.package_identification:_identify(.) by extension 'cmake'
[0.217s] Level 1:colcon.colcon_core.package_identification:_identify(.) by extension 'python'
[0.217s] Level 1:colcon.colcon_core.package_identification:_identify(.) by extensions ['python_setup_py']
[0.217s] Level 1:colcon.colcon_core.package_identification:_identify(.) by extension 'python_setup_py'
[0.217s] Level 1:colcon.colcon_core.package_identification:_identify(build) by extensions ['ignore', 'ignore_ament_install']
[0.217s] Level 1:colcon.colcon_core.package_identification:_identify(build) by extension 'ignore'
[0.217s] Level 1:colcon.colcon_core.package_identification:_identify(build) ignored
[0.217s] Level 1:colcon.colcon_core.package_identification:_identify(install) by extensions ['ignore', 'ignore_ament_install']
[0.217s] Level 1:colcon.colcon_core.package_identification:_identify(install) by extension 'ignore'
[0.217s] Level 1:colcon.colcon_core.package_identification:_identify(install) ignored
[0.217s] Level 1:colcon.colcon_core.package_identification:_identify(log) by extensions ['ignore', 'ignore_ament_install']
[0.218s] Level 1:colcon.colcon_core.package_identification:_identify(log) by extension 'ignore'
[0.218s] Level 1:colcon.colcon_core.package_identification:_identify(log) ignored
[0.218s] Level 1:colcon.colcon_core.package_identification:_identify(my_bot) by extensions ['ignore', 'ignore_ament_install']
[0.218s] Level 1:colcon.colcon_core.package_identification:_identify(my_bot) by extension 'ignore'
[0.218s] Level 1:colcon.colcon_core.package_identification:_identify(my_bot) by extension 'ignore_ament_install'
[0.218s] Level 1:colcon.colcon_core.package_identification:_identify(my_bot) by extensions ['colcon_pkg']
[0.218s] Level 1:colcon.colcon_core.package_identification:_identify(my_bot) by extension 'colcon_pkg'
[0.218s] Level 1:colcon.colcon_core.package_identification:_identify(my_bot) by extensions ['colcon_meta']
[0.218s] Level 1:colcon.colcon_core.package_identification:_identify(my_bot) by extension 'colcon_meta'
[0.218s] Level 1:colcon.colcon_core.package_identification:_identify(my_bot) by extensions ['ros']
[0.218s] Level 1:colcon.colcon_core.package_identification:_identify(my_bot) by extension 'ros'
[0.220s] DEBUG:colcon.colcon_core.package_identification:Package 'my_bot' with type 'ros.ament_cmake' and name 'my_bot'
[0.220s] Level 1:colcon.colcon_core.package_identification:_identify(openslam_gmapping) by extensions ['ignore', 'ignore_ament_install']
[0.220s] Level 1:colcon.colcon_core.package_identification:_identify(openslam_gmapping) by extension 'ignore'
[0.220s] Level 1:colcon.colcon_core.package_identification:_identify(openslam_gmapping) by extension 'ignore_ament_install'
[0.220s] Level 1:colcon.colcon_core.package_identification:_identify(openslam_gmapping) by extensions ['colcon_pkg']
[0.220s] Level 1:colcon.colcon_core.package_identification:_identify(openslam_gmapping) by extension 'colcon_pkg'
[0.220s] Level 1:colcon.colcon_core.package_identification:_identify(openslam_gmapping) by extensions ['colcon_meta']
[0.220s] Level 1:colcon.colcon_core.package_identification:_identify(openslam_gmapping) by extension 'colcon_meta'
[0.220s] Level 1:colcon.colcon_core.package_identification:_identify(openslam_gmapping) by extensions ['ros']
[0.220s] Level 1:colcon.colcon_core.package_identification:_identify(openslam_gmapping) by extension 'ros'
[0.221s] DEBUG:colcon.colcon_core.package_identification:Package 'openslam_gmapping' with type 'ros.ament_cmake' and name 'openslam_gmapping'
[0.221s] Level 1:colcon.colcon_core.package_identification:_identify(slam_gmapping) by extensions ['ignore', 'ignore_ament_install']
[0.221s] Level 1:colcon.colcon_core.package_identification:_identify(slam_gmapping) by extension 'ignore'
[0.221s] Level 1:colcon.colcon_core.package_identification:_identify(slam_gmapping) by extension 'ignore_ament_install'
[0.221s] Level 1:colcon.colcon_core.package_identification:_identify(slam_gmapping) by extensions ['colcon_pkg']
[0.221s] Level 1:colcon.colcon_core.package_identification:_identify(slam_gmapping) by extension 'colcon_pkg'
[0.221s] Level 1:colcon.colcon_core.package_identification:_identify(slam_gmapping) by extensions ['colcon_meta']
[0.221s] Level 1:colcon.colcon_core.package_identification:_identify(slam_gmapping) by extension 'colcon_meta'
[0.221s] Level 1:colcon.colcon_core.package_identification:_identify(slam_gmapping) by extensions ['ros']
[0.221s] Level 1:colcon.colcon_core.package_identification:_identify(slam_gmapping) by extension 'ros'
[0.222s] DEBUG:colcon.colcon_core.package_identification:Package 'slam_gmapping' with type 'ros.ament_cmake' and name 'slam_gmapping'
[0.222s] Level 1:colcon.colcon_core.package_identification:_identify(ydlidar_ros2_driver-master) by extensions ['ignore', 'ignore_ament_install']
[0.222s] Level 1:colcon.colcon_core.package_identification:_identify(ydlidar_ros2_driver-master) by extension 'ignore'
[0.222s] Level 1:colcon.colcon_core.package_identification:_identify(ydlidar_ros2_driver-master) by extension 'ignore_ament_install'
[0.222s] Level 1:colcon.colcon_core.package_identification:_identify(ydlidar_ros2_driver-master) by extensions ['colcon_pkg']
[0.222s] Level 1:colcon.colcon_core.package_identification:_identify(ydlidar_ros2_driver-master) by extension 'colcon_pkg'
[0.223s] Level 1:colcon.colcon_core.package_identification:_identify(ydlidar_ros2_driver-master) by extensions ['colcon_meta']
[0.223s] Level 1:colcon.colcon_core.package_identification:_identify(ydlidar_ros2_driver-master) by extension 'colcon_meta'
[0.223s] Level 1:colcon.colcon_core.package_identification:_identify(ydlidar_ros2_driver-master) by extensions ['ros']
[0.223s] Level 1:colcon.colcon_core.package_identification:_identify(ydlidar_ros2_driver-master) by extension 'ros'
[0.223s] DEBUG:colcon.colcon_core.package_identification:Package 'ydlidar_ros2_driver-master' with type 'ros.ament_cmake' and name 'ydlidar_ros2_driver'
[0.223s] Level 1:colcon.colcon_core.package_discovery:discover_packages(recursive) using defaults
[0.223s] Level 1:colcon.colcon_core.package_discovery:discover_packages(ignore) discover
[0.223s] Level 1:colcon.colcon_core.package_discovery:discover_packages(ignore) using defaults
[0.223s] Level 1:colcon.colcon_core.package_discovery:discover_packages(path) discover
[0.223s] Level 1:colcon.colcon_core.package_discovery:discover_packages(path) using defaults
[0.241s] Level 1:colcon.colcon_core.package_discovery:discover_packages(prefix_path) check parameters
[0.241s] Level 1:colcon.colcon_core.package_discovery:discover_packages(prefix_path) discover
[0.242s] DEBUG:colcon.colcon_installed_package_information.package_discovery:Found 1 installed packages in /home/ndp/my_bot/install
[0.242s] DEBUG:colcon.colcon_installed_package_information.package_discovery:Found 3 installed packages in /home/ndp/ydlidar_ws/install
[0.243s] DEBUG:colcon.colcon_installed_package_information.package_discovery:Found 266 installed packages in /opt/ros/foxy
[0.244s] Level 1:colcon.colcon_core.package_discovery:discover_packages(prefix_path) using defaults
[0.289s] Level 5:colcon.colcon_core.verb:set package 'my_bot' build argument 'cmake_args' from command line to 'None'
[0.290s] Level 5:colcon.colcon_core.verb:set package 'my_bot' build argument 'cmake_target' from command line to 'None'
[0.290s] Level 5:colcon.colcon_core.verb:set package 'my_bot' build argument 'cmake_target_skip_unavailable' from command line to 'False'
[0.290s] Level 5:colcon.colcon_core.verb:set package 'my_bot' build argument 'cmake_clean_cache' from command line to 'False'
[0.290s] Level 5:colcon.colcon_core.verb:set package 'my_bot' build argument 'cmake_clean_first' from command line to 'False'
[0.290s] Level 5:colcon.colcon_core.verb:set package 'my_bot' build argument 'cmake_force_configure' from command line to 'False'
[0.290s] Level 5:colcon.colcon_core.verb:set package 'my_bot' build argument 'ament_cmake_args' from command line to 'None'
[0.290s] Level 5:colcon.colcon_core.verb:set package 'my_bot' build argument 'catkin_cmake_args' from command line to 'None'
[0.290s] Level 5:colcon.colcon_core.verb:set package 'my_bot' build argument 'catkin_skip_building_tests' from command line to 'False'
[0.290s] DEBUG:colcon.colcon_core.verb:Building package 'my_bot' with the following arguments: {'ament_cmake_args': None, 'build_base': '/home/ndp/datn/build/my_bot', 'catkin_cmake_args': None, 'catkin_skip_building_tests': False, 'cmake_args': None, 'cmake_clean_cache': False, 'cmake_clean_first': False, 'cmake_force_configure': False, 'cmake_target': None, 'cmake_target_skip_unavailable': False, 'install_base': '/home/ndp/datn/install/my_bot', 'merge_install': False, 'path': '/home/ndp/datn/my_bot', 'symlink_install': True, 'test_result_base': None}
[0.290s] Level 5:colcon.colcon_core.verb:set package 'openslam_gmapping' build argument 'cmake_args' from command line to 'None'
[0.290s] Level 5:colcon.colcon_core.verb:set package 'openslam_gmapping' build argument 'cmake_target' from command line to 'None'
[0.290s] Level 5:colcon.colcon_core.verb:set package 'openslam_gmapping' build argument 'cmake_target_skip_unavailable' from command line to 'False'
[0.290s] Level 5:colcon.colcon_core.verb:set package 'openslam_gmapping' build argument 'cmake_clean_cache' from command line to 'False'
[0.290s] Level 5:colcon.colcon_core.verb:set package 'openslam_gmapping' build argument 'cmake_clean_first' from command line to 'False'
[0.290s] Level 5:colcon.colcon_core.verb:set package 'openslam_gmapping' build argument 'cmake_force_configure' from command line to 'False'
[0.290s] Level 5:colcon.colcon_core.verb:set package 'openslam_gmapping' build argument 'ament_cmake_args' from command line to 'None'
[0.290s] Level 5:colcon.colcon_core.verb:set package 'openslam_gmapping' build argument 'catkin_cmake_args' from command line to 'None'
[0.290s] Level 5:colcon.colcon_core.verb:set package 'openslam_gmapping' build argument 'catkin_skip_building_tests' from command line to 'False'
[0.290s] DEBUG:colcon.colcon_core.verb:Building package 'openslam_gmapping' with the following arguments: {'ament_cmake_args': None, 'build_base': '/home/ndp/datn/build/openslam_gmapping', 'catkin_cmake_args': None, 'catkin_skip_building_tests': False, 'cmake_args': None, 'cmake_clean_cache': False, 'cmake_clean_first': False, 'cmake_force_configure': False, 'cmake_target': None, 'cmake_target_skip_unavailable': False, 'install_base': '/home/ndp/datn/install/openslam_gmapping', 'merge_install': False, 'path': '/home/ndp/datn/openslam_gmapping', 'symlink_install': True, 'test_result_base': None}
[0.290s] Level 5:colcon.colcon_core.verb:set package 'ydlidar_ros2_driver' build argument 'cmake_args' from command line to 'None'
[0.290s] Level 5:colcon.colcon_core.verb:set package 'ydlidar_ros2_driver' build argument 'cmake_target' from command line to 'None'
[0.290s] Level 5:colcon.colcon_core.verb:set package 'ydlidar_ros2_driver' build argument 'cmake_target_skip_unavailable' from command line to 'False'
[0.290s] Level 5:colcon.colcon_core.verb:set package 'ydlidar_ros2_driver' build argument 'cmake_clean_cache' from command line to 'False'
[0.290s] Level 5:colcon.colcon_core.verb:set package 'ydlidar_ros2_driver' build argument 'cmake_clean_first' from command line to 'False'
[0.290s] Level 5:colcon.colcon_core.verb:set package 'ydlidar_ros2_driver' build argument 'cmake_force_configure' from command line to 'False'
[0.290s] Level 5:colcon.colcon_core.verb:set package 'ydlidar_ros2_driver' build argument 'ament_cmake_args' from command line to 'None'
[0.290s] Level 5:colcon.colcon_core.verb:set package 'ydlidar_ros2_driver' build argument 'catkin_cmake_args' from command line to 'None'
[0.290s] Level 5:colcon.colcon_core.verb:set package 'ydlidar_ros2_driver' build argument 'catkin_skip_building_tests' from command line to 'False'
[0.290s] DEBUG:colcon.colcon_core.verb:Building package 'ydlidar_ros2_driver' with the following arguments: {'ament_cmake_args': None, 'build_base': '/home/ndp/datn/build/ydlidar_ros2_driver', 'catkin_cmake_args': None, 'catkin_skip_building_tests': False, 'cmake_args': None, 'cmake_clean_cache': False, 'cmake_clean_first': False, 'cmake_force_configure': False, 'cmake_target': None, 'cmake_target_skip_unavailable': False, 'install_base': '/home/ndp/datn/install/ydlidar_ros2_driver', 'merge_install': False, 'path': '/home/ndp/datn/ydlidar_ros2_driver-master', 'symlink_install': True, 'test_result_base': None}
[0.291s] Level 5:colcon.colcon_core.verb:set package 'slam_gmapping' build argument 'cmake_args' from command line to 'None'
[0.291s] Level 5:colcon.colcon_core.verb:set package 'slam_gmapping' build argument 'cmake_target' from command line to 'None'
[0.291s] Level 5:colcon.colcon_core.verb:set package 'slam_gmapping' build argument 'cmake_target_skip_unavailable' from command line to 'False'
[0.291s] Level 5:colcon.colcon_core.verb:set package 'slam_gmapping' build argument 'cmake_clean_cache' from command line to 'False'
[0.291s] Level 5:colcon.colcon_core.verb:set package 'slam_gmapping' build argument 'cmake_clean_first' from command line to 'False'
[0.291s] Level 5:colcon.colcon_core.verb:set package 'slam_gmapping' build argument 'cmake_force_configure' from command line to 'False'
[0.291s] Level 5:colcon.colcon_core.verb:set package 'slam_gmapping' build argument 'ament_cmake_args' from command line to 'None'
[0.291s] Level 5:colcon.colcon_core.verb:set package 'slam_gmapping' build argument 'catkin_cmake_args' from command line to 'None'
[0.291s] Level 5:colcon.colcon_core.verb:set package 'slam_gmapping' build argument 'catkin_skip_building_tests' from command line to 'False'
[0.291s] DEBUG:colcon.colcon_core.verb:Building package 'slam_gmapping' with the following arguments: {'ament_cmake_args': None, 'build_base': '/home/ndp/datn/build/slam_gmapping', 'catkin_cmake_args': None, 'catkin_skip_building_tests': False, 'cmake_args': None, 'cmake_clean_cache': False, 'cmake_clean_first': False, 'cmake_force_configure': False, 'cmake_target': None, 'cmake_target_skip_unavailable': False, 'install_base': '/home/ndp/datn/install/slam_gmapping', 'merge_install': False, 'path': '/home/ndp/datn/slam_gmapping', 'symlink_install': True, 'test_result_base': None}
[0.291s] INFO:colcon.colcon_core.executor:Executing jobs using 'parallel' executor
[0.292s] DEBUG:colcon.colcon_parallel_executor.executor.parallel:run_until_complete
[0.292s] INFO:colcon.colcon_ros.task.ament_cmake.build:Building ROS package in '/home/ndp/datn/openslam_gmapping' with build type 'ament_cmake'
[0.292s] INFO:colcon.colcon_cmake.task.cmake.build:Building CMake package in '/home/ndp/datn/openslam_gmapping'
[0.293s] INFO:colcon.colcon_core.plugin_system:Skipping extension 'colcon_core.shell.bat': Not used on non-Windows systems
[0.293s] INFO:colcon.colcon_core.shell:Skip shell extension 'powershell' for command environment: Not usable outside of PowerShell
[0.293s] DEBUG:colcon.colcon_core.shell:Skip shell extension 'dsv' for command environment
[0.297s] INFO:colcon.colcon_ros.task.ament_cmake.build:Building ROS package in '/home/ndp/datn/my_bot' with build type 'ament_cmake'
[0.297s] INFO:colcon.colcon_cmake.task.cmake.build:Building CMake package in '/home/ndp/datn/my_bot'
[0.298s] INFO:colcon.colcon_core.shell:Skip shell extension 'powershell' for command environment: Not usable outside of PowerShell
[0.298s] DEBUG:colcon.colcon_core.shell:Skip shell extension 'dsv' for command environment
[0.302s] INFO:colcon.colcon_ros.task.ament_cmake.build:Building ROS package in '/home/ndp/datn/ydlidar_ros2_driver-master' with build type 'ament_cmake'
[0.302s] INFO:colcon.colcon_cmake.task.cmake.build:Building CMake package in '/home/ndp/datn/ydlidar_ros2_driver-master'
[0.302s] INFO:colcon.colcon_core.shell:Skip shell extension 'powershell' for command environment: Not usable outside of PowerShell
[0.302s] DEBUG:colcon.colcon_core.shell:Skip shell extension 'dsv' for command environment
[0.311s] DEBUG:colcon.colcon_core.event_handler.log_command:Invoking command in '/home/ndp/datn/build/openslam_gmapping': CMAKE_PREFIX_PATH=${CMAKE_PREFIX_PATH}:/opt/ros/foxy /usr/bin/cmake /home/ndp/datn/openslam_gmapping -DAMENT_CMAKE_SYMLINK_INSTALL=1 -DCMAKE_INSTALL_PREFIX=/home/ndp/datn/install/openslam_gmapping
[0.315s] DEBUG:colcon.colcon_core.event_handler.log_command:Invoking command in '/home/ndp/datn/build/my_bot': CMAKE_PREFIX_PATH=${CMAKE_PREFIX_PATH}:/opt/ros/foxy /usr/bin/cmake /home/ndp/datn/my_bot -DAMENT_CMAKE_SYMLINK_INSTALL=1 -DCMAKE_INSTALL_PREFIX=/home/ndp/datn/install/my_bot
[0.320s] DEBUG:colcon.colcon_core.event_handler.log_command:Invoking command in '/home/ndp/datn/build/ydlidar_ros2_driver': CMAKE_PREFIX_PATH=${CMAKE_PREFIX_PATH}:/opt/ros/foxy /usr/bin/cmake /home/ndp/datn/ydlidar_ros2_driver-master -DAMENT_CMAKE_SYMLINK_INSTALL=1 -DCMAKE_INSTALL_PREFIX=/home/ndp/datn/install/ydlidar_ros2_driver
[1.049s] DEBUG:colcon.colcon_core.event_handler.log_command:Invoked command in '/home/ndp/datn/build/openslam_gmapping' returned '0': CMAKE_PREFIX_PATH=${CMAKE_PREFIX_PATH}:/opt/ros/foxy /usr/bin/cmake /home/ndp/datn/openslam_gmapping -DAMENT_CMAKE_SYMLINK_INSTALL=1 -DCMAKE_INSTALL_PREFIX=/home/ndp/datn/install/openslam_gmapping
[1.053s] DEBUG:colcon.colcon_core.event_handler.log_command:Invoking command in '/home/ndp/datn/build/openslam_gmapping': CMAKE_PREFIX_PATH=${CMAKE_PREFIX_PATH}:/opt/ros/foxy /usr/bin/cmake --build /home/ndp/datn/build/openslam_gmapping -- -j8 -l8
[1.072s] DEBUG:colcon.colcon_core.event_handler.log_command:Invoked command in '/home/ndp/datn/build/my_bot' returned '0': CMAKE_PREFIX_PATH=${CMAKE_PREFIX_PATH}:/opt/ros/foxy /usr/bin/cmake /home/ndp/datn/my_bot -DAMENT_CMAKE_SYMLINK_INSTALL=1 -DCMAKE_INSTALL_PREFIX=/home/ndp/datn/install/my_bot
[1.075s] DEBUG:colcon.colcon_core.event_handler.log_command:Invoking command in '/home/ndp/datn/build/my_bot': CMAKE_PREFIX_PATH=${CMAKE_PREFIX_PATH}:/opt/ros/foxy /usr/bin/cmake --build /home/ndp/datn/build/my_bot -- -j8 -l8
[1.119s] DEBUG:colcon.colcon_core.event_handler.log_command:Invoked command in '/home/ndp/datn/build/my_bot' returned '0': CMAKE_PREFIX_PATH=${CMAKE_PREFIX_PATH}:/opt/ros/foxy /usr/bin/cmake --build /home/ndp/datn/build/my_bot -- -j8 -l8
[1.174s] DEBUG:colcon.colcon_core.event_handler.log_command:Invoking command in '/home/ndp/datn/build/my_bot': CMAKE_PREFIX_PATH=${CMAKE_PREFIX_PATH}:/opt/ros/foxy /usr/bin/cmake --install /home/ndp/datn/build/my_bot
[1.477s] Level 1:colcon.colcon_core.environment:create_environment_scripts_only(my_bot)
[1.482s] Level 1:colcon.colcon_core.environment:checking '/home/ndp/datn/install/my_bot' for CMake module files
[1.483s] Level 1:colcon.colcon_core.environment:checking '/home/ndp/datn/install/my_bot' for CMake config files
[1.483s] Level 1:colcon.colcon_core.shell:create_environment_hook('my_bot', 'cmake_prefix_path')
[1.484s] INFO:colcon.colcon_core.shell:Creating environment hook '/home/ndp/datn/install/my_bot/share/my_bot/hook/cmake_prefix_path.ps1'
[1.485s] INFO:colcon.colcon_core.shell:Creating environment descriptor '/home/ndp/datn/install/my_bot/share/my_bot/hook/cmake_prefix_path.dsv'
[1.485s] INFO:colcon.colcon_core.shell:Creating environment hook '/home/ndp/datn/install/my_bot/share/my_bot/hook/cmake_prefix_path.sh'
[1.487s] Level 1:colcon.colcon_core.environment:checking '/home/ndp/datn/install/my_bot/bin'
[1.487s] Level 1:colcon.colcon_core.environment:checking '/home/ndp/datn/install/my_bot/lib/pkgconfig/my_bot.pc'
[1.487s] Level 1:colcon.colcon_core.environment:checking '/home/ndp/datn/install/my_bot/lib/python3.8/site-packages'
[1.488s] Level 1:colcon.colcon_core.environment:checking '/home/ndp/datn/install/my_bot/bin'
[1.488s] INFO:colcon.colcon_core.shell:Creating package script '/home/ndp/datn/install/my_bot/share/my_bot/package.ps1'
[1.490s] INFO:colcon.colcon_core.shell:Creating package descriptor '/home/ndp/datn/install/my_bot/share/my_bot/package.dsv'
[1.490s] INFO:colcon.colcon_core.shell:Creating package script '/home/ndp/datn/install/my_bot/share/my_bot/package.sh'
[1.492s] DEBUG:colcon.colcon_core.event_handler.log_command:Invoked command in '/home/ndp/datn/build/my_bot' returned '0': CMAKE_PREFIX_PATH=${CMAKE_PREFIX_PATH}:/opt/ros/foxy /usr/bin/cmake --install /home/ndp/datn/build/my_bot
[1.492s] INFO:colcon.colcon_core.shell:Creating package script '/home/ndp/datn/install/my_bot/share/my_bot/package.bash'
[1.494s] INFO:colcon.colcon_core.shell:Creating package script '/home/ndp/datn/install/my_bot/share/my_bot/package.zsh'
[1.495s] Level 1:colcon.colcon_core.environment:create_file_with_runtime_dependencies(/home/ndp/datn/install/my_bot/share/colcon-core/packages/my_bot)
[1.541s] Level 1:colcon.colcon_core.environment:create_environment_scripts_only(my_bot)
[1.541s] Level 1:colcon.colcon_core.environment:checking '/home/ndp/datn/install/my_bot' for CMake module files
[1.542s] Level 1:colcon.colcon_core.environment:checking '/home/ndp/datn/install/my_bot' for CMake config files
[1.543s] Level 1:colcon.colcon_core.shell:create_environment_hook('my_bot', 'cmake_prefix_path')
[1.543s] INFO:colcon.colcon_core.shell:Creating environment hook '/home/ndp/datn/install/my_bot/share/my_bot/hook/cmake_prefix_path.ps1'
[1.544s] INFO:colcon.colcon_core.shell:Creating environment descriptor '/home/ndp/datn/install/my_bot/share/my_bot/hook/cmake_prefix_path.dsv'
[1.545s] INFO:colcon.colcon_core.shell:Creating environment hook '/home/ndp/datn/install/my_bot/share/my_bot/hook/cmake_prefix_path.sh'
[1.547s] Level 1:colcon.colcon_core.environment:checking '/home/ndp/datn/install/my_bot/bin'
[1.547s] Level 1:colcon.colcon_core.environment:checking '/home/ndp/datn/install/my_bot/lib/pkgconfig/my_bot.pc'
[1.547s] Level 1:colcon.colcon_core.environment:checking '/home/ndp/datn/install/my_bot/lib/python3.8/site-packages'
[1.548s] Level 1:colcon.colcon_core.environment:checking '/home/ndp/datn/install/my_bot/bin'
[1.549s] INFO:colcon.colcon_core.shell:Creating package script '/home/ndp/datn/install/my_bot/share/my_bot/package.ps1'
[1.549s] INFO:colcon.colcon_core.shell:Creating package descriptor '/home/ndp/datn/install/my_bot/share/my_bot/package.dsv'
[1.550s] INFO:colcon.colcon_core.shell:Creating package script '/home/ndp/datn/install/my_bot/share/my_bot/package.sh'
[1.551s] INFO:colcon.colcon_core.shell:Creating package script '/home/ndp/datn/install/my_bot/share/my_bot/package.bash'
[1.552s] INFO:colcon.colcon_core.shell:Creating package script '/home/ndp/datn/install/my_bot/share/my_bot/package.zsh'
[1.552s] Level 1:colcon.colcon_core.environment:create_file_with_runtime_dependencies(/home/ndp/datn/install/my_bot/share/colcon-core/packages/my_bot)
[2.296s] DEBUG:colcon.colcon_core.event_handler.log_command:Invoked command in '/home/ndp/datn/build/ydlidar_ros2_driver' returned '0': CMAKE_PREFIX_PATH=${CMAKE_PREFIX_PATH}:/opt/ros/foxy /usr/bin/cmake /home/ndp/datn/ydlidar_ros2_driver-master -DAMENT_CMAKE_SYMLINK_INSTALL=1 -DCMAKE_INSTALL_PREFIX=/home/ndp/datn/install/ydlidar_ros2_driver
[2.300s] DEBUG:colcon.colcon_core.event_handler.log_command:Invoking command in '/home/ndp/datn/build/ydlidar_ros2_driver': CMAKE_PREFIX_PATH=${CMAKE_PREFIX_PATH}:/opt/ros/foxy /usr/bin/cmake --build /home/ndp/datn/build/ydlidar_ros2_driver -- -j8 -l8
[5.542s] DEBUG:colcon.colcon_core.event_handler.log_command:Invoked command in '/home/ndp/datn/build/openslam_gmapping' returned '0': CMAKE_PREFIX_PATH=${CMAKE_PREFIX_PATH}:/opt/ros/foxy /usr/bin/cmake --build /home/ndp/datn/build/openslam_gmapping -- -j8 -l8
[5.568s] DEBUG:colcon.colcon_core.event_handler.log_command:Invoking command in '/home/ndp/datn/build/openslam_gmapping': CMAKE_PREFIX_PATH=${CMAKE_PREFIX_PATH}:/opt/ros/foxy /usr/bin/cmake --install /home/ndp/datn/build/openslam_gmapping
[6.003s] Level 1:colcon.colcon_core.environment:create_environment_scripts_only(openslam_gmapping)
[6.003s] Level 1:colcon.colcon_core.environment:checking '/home/ndp/datn/install/openslam_gmapping' for CMake module files
[6.004s] DEBUG:colcon.colcon_core.event_handler.log_command:Invoked command in '/home/ndp/datn/build/openslam_gmapping' returned '0': CMAKE_PREFIX_PATH=${CMAKE_PREFIX_PATH}:/opt/ros/foxy /usr/bin/cmake --install /home/ndp/datn/build/openslam_gmapping
[6.004s] Level 1:colcon.colcon_core.environment:checking '/home/ndp/datn/install/openslam_gmapping' for CMake config files
[6.005s] Level 1:colcon.colcon_core.shell:create_environment_hook('openslam_gmapping', 'cmake_prefix_path')
[6.005s] INFO:colcon.colcon_core.shell:Creating environment hook '/home/ndp/datn/install/openslam_gmapping/share/openslam_gmapping/hook/cmake_prefix_path.ps1'
[6.005s] INFO:colcon.colcon_core.shell:Creating environment descriptor '/home/ndp/datn/install/openslam_gmapping/share/openslam_gmapping/hook/cmake_prefix_path.dsv'
[6.006s] INFO:colcon.colcon_core.shell:Creating environment hook '/home/ndp/datn/install/openslam_gmapping/share/openslam_gmapping/hook/cmake_prefix_path.sh'
[6.006s] Level 1:colcon.colcon_core.environment:checking '/home/ndp/datn/install/openslam_gmapping/lib'
[6.006s] Level 1:colcon.colcon_core.environment:checking '/home/ndp/datn/install/openslam_gmapping/bin'
[6.007s] Level 1:colcon.colcon_core.environment:checking '/home/ndp/datn/install/openslam_gmapping/lib/pkgconfig/openslam_gmapping.pc'
[6.007s] Level 1:colcon.colcon_core.environment:checking '/home/ndp/datn/install/openslam_gmapping/lib/python3.8/site-packages'
[6.007s] Level 1:colcon.colcon_core.environment:checking '/home/ndp/datn/install/openslam_gmapping/bin'
[6.007s] INFO:colcon.colcon_core.shell:Creating package script '/home/ndp/datn/install/openslam_gmapping/share/openslam_gmapping/package.ps1'
[6.008s] INFO:colcon.colcon_core.shell:Creating package descriptor '/home/ndp/datn/install/openslam_gmapping/share/openslam_gmapping/package.dsv'
[6.008s] INFO:colcon.colcon_core.shell:Creating package script '/home/ndp/datn/install/openslam_gmapping/share/openslam_gmapping/package.sh'
[6.009s] INFO:colcon.colcon_core.shell:Creating package script '/home/ndp/datn/install/openslam_gmapping/share/openslam_gmapping/package.bash'
[6.009s] INFO:colcon.colcon_core.shell:Creating package script '/home/ndp/datn/install/openslam_gmapping/share/openslam_gmapping/package.zsh'
[6.009s] Level 1:colcon.colcon_core.environment:create_file_with_runtime_dependencies(/home/ndp/datn/install/openslam_gmapping/share/colcon-core/packages/openslam_gmapping)
[6.032s] Level 1:colcon.colcon_core.environment:create_environment_scripts_only(openslam_gmapping)
[6.032s] Level 1:colcon.colcon_core.environment:checking '/home/ndp/datn/install/openslam_gmapping' for CMake module files
[6.033s] Level 1:colcon.colcon_core.environment:checking '/home/ndp/datn/install/openslam_gmapping' for CMake config files
[6.033s] Level 1:colcon.colcon_core.shell:create_environment_hook('openslam_gmapping', 'cmake_prefix_path')
[6.033s] INFO:colcon.colcon_core.shell:Creating environment hook '/home/ndp/datn/install/openslam_gmapping/share/openslam_gmapping/hook/cmake_prefix_path.ps1'
[6.034s] INFO:colcon.colcon_core.shell:Creating environment descriptor '/home/ndp/datn/install/openslam_gmapping/share/openslam_gmapping/hook/cmake_prefix_path.dsv'
[6.034s] INFO:colcon.colcon_core.shell:Creating environment hook '/home/ndp/datn/install/openslam_gmapping/share/openslam_gmapping/hook/cmake_prefix_path.sh'
[6.035s] Level 1:colcon.colcon_core.environment:checking '/home/ndp/datn/install/openslam_gmapping/lib'
[6.035s] Level 1:colcon.colcon_core.environment:checking '/home/ndp/datn/install/openslam_gmapping/bin'
[6.035s] Level 1:colcon.colcon_core.environment:checking '/home/ndp/datn/install/openslam_gmapping/lib/pkgconfig/openslam_gmapping.pc'
[6.035s] Level 1:colcon.colcon_core.environment:checking '/home/ndp/datn/install/openslam_gmapping/lib/python3.8/site-packages'
[6.035s] Level 1:colcon.colcon_core.environment:checking '/home/ndp/datn/install/openslam_gmapping/bin'
[6.036s] INFO:colcon.colcon_core.shell:Creating package script '/home/ndp/datn/install/openslam_gmapping/share/openslam_gmapping/package.ps1'
[6.036s] INFO:colcon.colcon_core.shell:Creating package descriptor '/home/ndp/datn/install/openslam_gmapping/share/openslam_gmapping/package.dsv'
[6.036s] INFO:colcon.colcon_core.shell:Creating package script '/home/ndp/datn/install/openslam_gmapping/share/openslam_gmapping/package.sh'
[6.037s] INFO:colcon.colcon_core.shell:Creating package script '/home/ndp/datn/install/openslam_gmapping/share/openslam_gmapping/package.bash'
[6.037s] INFO:colcon.colcon_core.shell:Creating package script '/home/ndp/datn/install/openslam_gmapping/share/openslam_gmapping/package.zsh'
[6.037s] Level 1:colcon.colcon_core.environment:create_file_with_runtime_dependencies(/home/ndp/datn/install/openslam_gmapping/share/colcon-core/packages/openslam_gmapping)
[6.038s] INFO:colcon.colcon_ros.task.ament_cmake.build:Building ROS package in '/home/ndp/datn/slam_gmapping' with build type 'ament_cmake'
[6.038s] INFO:colcon.colcon_cmake.task.cmake.build:Building CMake package in '/home/ndp/datn/slam_gmapping'
[6.038s] INFO:colcon.colcon_core.shell:Skip shell extension 'powershell' for command environment: Not usable outside of PowerShell
[6.038s] DEBUG:colcon.colcon_core.shell:Skip shell extension 'dsv' for command environment
[6.051s] DEBUG:colcon.colcon_core.event_handler.log_command:Invoking command in '/home/ndp/datn/build/slam_gmapping': AMENT_PREFIX_PATH=/home/ndp/datn/install/openslam_gmapping:${AMENT_PREFIX_PATH} CMAKE_PREFIX_PATH=/home/ndp/datn/install/openslam_gmapping:/home/ndp/ydlidar_ws/install/ydlidar_ros2_driver:/home/ndp/ydlidar_ws/install/slam_gmapping:/home/ndp/ydlidar_ws/install/openslam_gmapping:/home/ndp/my_bot/install/my_bot:/opt/ros/foxy LD_LIBRARY_PATH=/home/ndp/datn/install/openslam_gmapping/lib:${LD_LIBRARY_PATH} /usr/bin/cmake /home/ndp/datn/slam_gmapping -DAMENT_CMAKE_SYMLINK_INSTALL=1 -DCMAKE_INSTALL_PREFIX=/home/ndp/datn/install/slam_gmapping
[7.443s] DEBUG:colcon.colcon_core.event_handler.log_command:Invoked command in '/home/ndp/datn/build/ydlidar_ros2_driver' returned '0': CMAKE_PREFIX_PATH=${CMAKE_PREFIX_PATH}:/opt/ros/foxy /usr/bin/cmake --build /home/ndp/datn/build/ydlidar_ros2_driver -- -j8 -l8
[7.466s] DEBUG:colcon.colcon_core.event_handler.log_command:Invoking command in '/home/ndp/datn/build/ydlidar_ros2_driver': CMAKE_PREFIX_PATH=${CMAKE_PREFIX_PATH}:/opt/ros/foxy /usr/bin/cmake --install /home/ndp/datn/build/ydlidar_ros2_driver
[7.719s] Level 1:colcon.colcon_core.environment:create_environment_scripts_only(ydlidar_ros2_driver)
[7.719s] Level 1:colcon.colcon_core.environment:checking '/home/ndp/datn/install/ydlidar_ros2_driver' for CMake module files
[7.719s] DEBUG:colcon.colcon_core.event_handler.log_command:Invoked command in '/home/ndp/datn/build/ydlidar_ros2_driver' returned '0': CMAKE_PREFIX_PATH=${CMAKE_PREFIX_PATH}:/opt/ros/foxy /usr/bin/cmake --install /home/ndp/datn/build/ydlidar_ros2_driver
[7.720s] Level 1:colcon.colcon_core.environment:checking '/home/ndp/datn/install/ydlidar_ros2_driver' for CMake config files
[7.720s] Level 1:colcon.colcon_core.shell:create_environment_hook('ydlidar_ros2_driver', 'cmake_prefix_path')
[7.720s] INFO:colcon.colcon_core.shell:Creating environment hook '/home/ndp/datn/install/ydlidar_ros2_driver/share/ydlidar_ros2_driver/hook/cmake_prefix_path.ps1'
[7.720s] INFO:colcon.colcon_core.shell:Creating environment descriptor '/home/ndp/datn/install/ydlidar_ros2_driver/share/ydlidar_ros2_driver/hook/cmake_prefix_path.dsv'
[7.721s] INFO:colcon.colcon_core.shell:Creating environment hook '/home/ndp/datn/install/ydlidar_ros2_driver/share/ydlidar_ros2_driver/hook/cmake_prefix_path.sh'
[7.721s] Level 1:colcon.colcon_core.environment:checking '/home/ndp/datn/install/ydlidar_ros2_driver/lib'
[7.721s] Level 1:colcon.colcon_core.environment:checking '/home/ndp/datn/install/ydlidar_ros2_driver/bin'
[7.721s] Level 1:colcon.colcon_core.environment:checking '/home/ndp/datn/install/ydlidar_ros2_driver/lib/pkgconfig/ydlidar_ros2_driver.pc'
[7.721s] Level 1:colcon.colcon_core.environment:checking '/home/ndp/datn/install/ydlidar_ros2_driver/lib/python3.8/site-packages'
[7.722s] Level 1:colcon.colcon_core.environment:checking '/home/ndp/datn/install/ydlidar_ros2_driver/bin'
[7.722s] INFO:colcon.colcon_core.shell:Creating package script '/home/ndp/datn/install/ydlidar_ros2_driver/share/ydlidar_ros2_driver/package.ps1'
[7.722s] INFO:colcon.colcon_core.shell:Creating package descriptor '/home/ndp/datn/install/ydlidar_ros2_driver/share/ydlidar_ros2_driver/package.dsv'
[7.722s] INFO:colcon.colcon_core.shell:Creating package script '/home/ndp/datn/install/ydlidar_ros2_driver/share/ydlidar_ros2_driver/package.sh'
[7.723s] INFO:colcon.colcon_core.shell:Creating package script '/home/ndp/datn/install/ydlidar_ros2_driver/share/ydlidar_ros2_driver/package.bash'
[7.723s] INFO:colcon.colcon_core.shell:Creating package script '/home/ndp/datn/install/ydlidar_ros2_driver/share/ydlidar_ros2_driver/package.zsh'
[7.723s] Level 1:colcon.colcon_core.environment:create_file_with_runtime_dependencies(/home/ndp/datn/install/ydlidar_ros2_driver/share/colcon-core/packages/ydlidar_ros2_driver)
[7.745s] Level 1:colcon.colcon_core.environment:create_environment_scripts_only(ydlidar_ros2_driver)
[7.746s] Level 1:colcon.colcon_core.environment:checking '/home/ndp/datn/install/ydlidar_ros2_driver' for CMake module files
[7.746s] Level 1:colcon.colcon_core.environment:checking '/home/ndp/datn/install/ydlidar_ros2_driver' for CMake config files
[7.746s] Level 1:colcon.colcon_core.shell:create_environment_hook('ydlidar_ros2_driver', 'cmake_prefix_path')
[7.747s] INFO:colcon.colcon_core.shell:Creating environment hook '/home/ndp/datn/install/ydlidar_ros2_driver/share/ydlidar_ros2_driver/hook/cmake_prefix_path.ps1'
[7.747s] INFO:colcon.colcon_core.shell:Creating environment descriptor '/home/ndp/datn/install/ydlidar_ros2_driver/share/ydlidar_ros2_driver/hook/cmake_prefix_path.dsv'
[7.747s] INFO:colcon.colcon_core.shell:Creating environment hook '/home/ndp/datn/install/ydlidar_ros2_driver/share/ydlidar_ros2_driver/hook/cmake_prefix_path.sh'
[7.748s] Level 1:colcon.colcon_core.environment:checking '/home/ndp/datn/install/ydlidar_ros2_driver/lib'
[7.748s] Level 1:colcon.colcon_core.environment:checking '/home/ndp/datn/install/ydlidar_ros2_driver/bin'
[7.748s] Level 1:colcon.colcon_core.environment:checking '/home/ndp/datn/install/ydlidar_ros2_driver/lib/pkgconfig/ydlidar_ros2_driver.pc'
[7.748s] Level 1:colcon.colcon_core.environment:checking '/home/ndp/datn/install/ydlidar_ros2_driver/lib/python3.8/site-packages'
[7.748s] Level 1:colcon.colcon_core.environment:checking '/home/ndp/datn/install/ydlidar_ros2_driver/bin'
[7.749s] INFO:colcon.colcon_core.shell:Creating package script '/home/ndp/datn/install/ydlidar_ros2_driver/share/ydlidar_ros2_driver/package.ps1'
[7.749s] INFO:colcon.colcon_core.shell:Creating package descriptor '/home/ndp/datn/install/ydlidar_ros2_driver/share/ydlidar_ros2_driver/package.dsv'
[7.749s] INFO:colcon.colcon_core.shell:Creating package script '/home/ndp/datn/install/ydlidar_ros2_driver/share/ydlidar_ros2_driver/package.sh'
[7.750s] INFO:colcon.colcon_core.shell:Creating package script '/home/ndp/datn/install/ydlidar_ros2_driver/share/ydlidar_ros2_driver/package.bash'
[7.750s] INFO:colcon.colcon_core.shell:Creating package script '/home/ndp/datn/install/ydlidar_ros2_driver/share/ydlidar_ros2_driver/package.zsh'
[7.750s] Level 1:colcon.colcon_core.environment:create_file_with_runtime_dependencies(/home/ndp/datn/install/ydlidar_ros2_driver/share/colcon-core/packages/ydlidar_ros2_driver)
[7.951s] DEBUG:colcon.colcon_core.event_handler.log_command:Invoked command in '/home/ndp/datn/build/slam_gmapping' returned '0': AMENT_PREFIX_PATH=/home/ndp/datn/install/openslam_gmapping:${AMENT_PREFIX_PATH} CMAKE_PREFIX_PATH=/home/ndp/datn/install/openslam_gmapping:/home/ndp/ydlidar_ws/install/ydlidar_ros2_driver:/home/ndp/ydlidar_ws/install/slam_gmapping:/home/ndp/ydlidar_ws/install/openslam_gmapping:/home/ndp/my_bot/install/my_bot:/opt/ros/foxy LD_LIBRARY_PATH=/home/ndp/datn/install/openslam_gmapping/lib:${LD_LIBRARY_PATH} /usr/bin/cmake /home/ndp/datn/slam_gmapping -DAMENT_CMAKE_SYMLINK_INSTALL=1 -DCMAKE_INSTALL_PREFIX=/home/ndp/datn/install/slam_gmapping
[7.953s] DEBUG:colcon.colcon_core.event_handler.log_command:Invoking command in '/home/ndp/datn/build/slam_gmapping': AMENT_PREFIX_PATH=/home/ndp/datn/install/openslam_gmapping:${AMENT_PREFIX_PATH} CMAKE_PREFIX_PATH=/home/ndp/datn/install/openslam_gmapping:/home/ndp/ydlidar_ws/install/ydlidar_ros2_driver:/home/ndp/ydlidar_ws/install/slam_gmapping:/home/ndp/ydlidar_ws/install/openslam_gmapping:/home/ndp/my_bot/install/my_bot:/opt/ros/foxy LD_LIBRARY_PATH=/home/ndp/datn/install/openslam_gmapping/lib:${LD_LIBRARY_PATH} /usr/bin/cmake --build /home/ndp/datn/build/slam_gmapping -- -j8 -l8
[14.576s] DEBUG:colcon.colcon_core.event_handler.log_command:Invoked command in '/home/ndp/datn/build/slam_gmapping' returned '0': AMENT_PREFIX_PATH=/home/ndp/datn/install/openslam_gmapping:${AMENT_PREFIX_PATH} CMAKE_PREFIX_PATH=/home/ndp/datn/install/openslam_gmapping:/home/ndp/ydlidar_ws/install/ydlidar_ros2_driver:/home/ndp/ydlidar_ws/install/slam_gmapping:/home/ndp/ydlidar_ws/install/openslam_gmapping:/home/ndp/my_bot/install/my_bot:/opt/ros/foxy LD_LIBRARY_PATH=/home/ndp/datn/install/openslam_gmapping/lib:${LD_LIBRARY_PATH} /usr/bin/cmake --build /home/ndp/datn/build/slam_gmapping -- -j8 -l8
[14.596s] DEBUG:colcon.colcon_core.event_handler.log_command:Invoking command in '/home/ndp/datn/build/slam_gmapping': AMENT_PREFIX_PATH=/home/ndp/datn/install/openslam_gmapping:${AMENT_PREFIX_PATH} CMAKE_PREFIX_PATH=/home/ndp/datn/install/openslam_gmapping:/home/ndp/ydlidar_ws/install/ydlidar_ros2_driver:/home/ndp/ydlidar_ws/install/slam_gmapping:/home/ndp/ydlidar_ws/install/openslam_gmapping:/home/ndp/my_bot/install/my_bot:/opt/ros/foxy LD_LIBRARY_PATH=/home/ndp/datn/install/openslam_gmapping/lib:${LD_LIBRARY_PATH} /usr/bin/cmake --install /home/ndp/datn/build/slam_gmapping
[14.756s] Level 1:colcon.colcon_core.environment:create_environment_scripts_only(slam_gmapping)
[14.757s] Level 1:colcon.colcon_core.environment:checking '/home/ndp/datn/install/slam_gmapping' for CMake module files
[14.757s] DEBUG:colcon.colcon_core.event_handler.log_command:Invoked command in '/home/ndp/datn/build/slam_gmapping' returned '0': AMENT_PREFIX_PATH=/home/ndp/datn/install/openslam_gmapping:${AMENT_PREFIX_PATH} CMAKE_PREFIX_PATH=/home/ndp/datn/install/openslam_gmapping:/home/ndp/ydlidar_ws/install/ydlidar_ros2_driver:/home/ndp/ydlidar_ws/install/slam_gmapping:/home/ndp/ydlidar_ws/install/openslam_gmapping:/home/ndp/my_bot/install/my_bot:/opt/ros/foxy LD_LIBRARY_PATH=/home/ndp/datn/install/openslam_gmapping/lib:${LD_LIBRARY_PATH} /usr/bin/cmake --install /home/ndp/datn/build/slam_gmapping
[14.758s] Level 1:colcon.colcon_core.environment:checking '/home/ndp/datn/install/slam_gmapping' for CMake config files
[14.758s] Level 1:colcon.colcon_core.shell:create_environment_hook('slam_gmapping', 'cmake_prefix_path')
[14.758s] INFO:colcon.colcon_core.shell:Creating environment hook '/home/ndp/datn/install/slam_gmapping/share/slam_gmapping/hook/cmake_prefix_path.ps1'
[14.758s] INFO:colcon.colcon_core.shell:Creating environment descriptor '/home/ndp/datn/install/slam_gmapping/share/slam_gmapping/hook/cmake_prefix_path.dsv'
[14.758s] INFO:colcon.colcon_core.shell:Creating environment hook '/home/ndp/datn/install/slam_gmapping/share/slam_gmapping/hook/cmake_prefix_path.sh'
[14.759s] Level 1:colcon.colcon_core.environment:checking '/home/ndp/datn/install/slam_gmapping/lib'
[14.759s] Level 1:colcon.colcon_core.environment:checking '/home/ndp/datn/install/slam_gmapping/bin'
[14.759s] Level 1:colcon.colcon_core.environment:checking '/home/ndp/datn/install/slam_gmapping/lib/pkgconfig/slam_gmapping.pc'
[14.759s] Level 1:colcon.colcon_core.environment:checking '/home/ndp/datn/install/slam_gmapping/lib/python3.8/site-packages'
[14.759s] Level 1:colcon.colcon_core.environment:checking '/home/ndp/datn/install/slam_gmapping/bin'
[14.759s] INFO:colcon.colcon_core.shell:Creating package script '/home/ndp/datn/install/slam_gmapping/share/slam_gmapping/package.ps1'
[14.760s] INFO:colcon.colcon_core.shell:Creating package descriptor '/home/ndp/datn/install/slam_gmapping/share/slam_gmapping/package.dsv'
[14.760s] INFO:colcon.colcon_core.shell:Creating package script '/home/ndp/datn/install/slam_gmapping/share/slam_gmapping/package.sh'
[14.760s] INFO:colcon.colcon_core.shell:Creating package script '/home/ndp/datn/install/slam_gmapping/share/slam_gmapping/package.bash'
[14.760s] INFO:colcon.colcon_core.shell:Creating package script '/home/ndp/datn/install/slam_gmapping/share/slam_gmapping/package.zsh'
[14.760s] Level 1:colcon.colcon_core.environment:create_file_with_runtime_dependencies(/home/ndp/datn/install/slam_gmapping/share/colcon-core/packages/slam_gmapping)
[14.785s] Level 1:colcon.colcon_core.environment:create_environment_scripts_only(slam_gmapping)
[14.785s] Level 1:colcon.colcon_core.environment:checking '/home/ndp/datn/install/slam_gmapping' for CMake module files
[14.786s] Level 1:colcon.colcon_core.environment:checking '/home/ndp/datn/install/slam_gmapping' for CMake config files
[14.786s] Level 1:colcon.colcon_core.shell:create_environment_hook('slam_gmapping', 'cmake_prefix_path')
[14.787s] INFO:colcon.colcon_core.shell:Creating environment hook '/home/ndp/datn/install/slam_gmapping/share/slam_gmapping/hook/cmake_prefix_path.ps1'
[14.787s] INFO:colcon.colcon_core.shell:Creating environment descriptor '/home/ndp/datn/install/slam_gmapping/share/slam_gmapping/hook/cmake_prefix_path.dsv'
[14.788s] INFO:colcon.colcon_core.shell:Creating environment hook '/home/ndp/datn/install/slam_gmapping/share/slam_gmapping/hook/cmake_prefix_path.sh'
[14.789s] Level 1:colcon.colcon_core.environment:checking '/home/ndp/datn/install/slam_gmapping/lib'
[14.789s] Level 1:colcon.colcon_core.environment:checking '/home/ndp/datn/install/slam_gmapping/bin'
[14.789s] Level 1:colcon.colcon_core.environment:checking '/home/ndp/datn/install/slam_gmapping/lib/pkgconfig/slam_gmapping.pc'
[14.789s] Level 1:colcon.colcon_core.environment:checking '/home/ndp/datn/install/slam_gmapping/lib/python3.8/site-packages'
[14.789s] Level 1:colcon.colcon_core.environment:checking '/home/ndp/datn/install/slam_gmapping/bin'
[14.790s] INFO:colcon.colcon_core.shell:Creating package script '/home/ndp/datn/install/slam_gmapping/share/slam_gmapping/package.ps1'
[14.790s] INFO:colcon.colcon_core.shell:Creating package descriptor '/home/ndp/datn/install/slam_gmapping/share/slam_gmapping/package.dsv'
[14.791s] INFO:colcon.colcon_core.shell:Creating package script '/home/ndp/datn/install/slam_gmapping/share/slam_gmapping/package.sh'
[14.791s] INFO:colcon.colcon_core.shell:Creating package script '/home/ndp/datn/install/slam_gmapping/share/slam_gmapping/package.bash'
[14.792s] INFO:colcon.colcon_core.shell:Creating package script '/home/ndp/datn/install/slam_gmapping/share/slam_gmapping/package.zsh'
[14.792s] Level 1:colcon.colcon_core.environment:create_file_with_runtime_dependencies(/home/ndp/datn/install/slam_gmapping/share/colcon-core/packages/slam_gmapping)
[14.792s] DEBUG:colcon.colcon_parallel_executor.executor.parallel:closing loop
[14.793s] DEBUG:colcon.colcon_parallel_executor.executor.parallel:loop closed
[14.793s] DEBUG:colcon.colcon_parallel_executor.executor.parallel:run_until_complete finished with '0'
[14.793s] DEBUG:colcon.colcon_core.event_reactor:joining thread
[14.799s] INFO:colcon.colcon_core.plugin_system:Skipping extension 'colcon_notification.desktop_notification.terminal_notifier': Not used on non-Darwin systems
[14.799s] INFO:colcon.colcon_core.plugin_system:Skipping extension 'colcon_notification.desktop_notification.win32': Not used on non-Windows systems
[14.799s] INFO:colcon.colcon_notification.desktop_notification:Sending desktop notification using 'notify2'
[14.820s] DEBUG:colcon.colcon_core.event_reactor:joined thread
[14.820s] INFO:colcon.colcon_core.shell:Creating prefix script '/home/ndp/datn/install/local_setup.ps1'
[14.821s] INFO:colcon.colcon_core.shell:Creating prefix util module '/home/ndp/datn/install/_local_setup_util_ps1.py'
[14.823s] INFO:colcon.colcon_core.shell:Creating prefix chain script '/home/ndp/datn/install/setup.ps1'
[14.823s] INFO:colcon.colcon_core.shell:Creating prefix script '/home/ndp/datn/install/local_setup.sh'
[14.824s] INFO:colcon.colcon_core.shell:Creating prefix util module '/home/ndp/datn/install/_local_setup_util_sh.py'
[14.824s] INFO:colcon.colcon_core.shell:Creating prefix chain script '/home/ndp/datn/install/setup.sh'
[14.825s] INFO:colcon.colcon_core.shell:Creating prefix script '/home/ndp/datn/install/local_setup.bash'
[14.825s] INFO:colcon.colcon_core.shell:Creating prefix chain script '/home/ndp/datn/install/setup.bash'
[14.826s] INFO:colcon.colcon_core.shell:Creating prefix script '/home/ndp/datn/install/local_setup.zsh'
[14.826s] INFO:colcon.colcon_core.shell:Creating prefix chain script '/home/ndp/datn/install/setup.zsh'
