[0.032s] Invoking command in '/home/ndp/datn/build/serial_motor_demo_msgs': CMAKE_PREFIX_PATH=${CMAKE_PREFIX_PATH}:/home/ndp/datn/install/serial_motor_demo:/opt/ros/foxy /usr/bin/cmake --build /home/ndp/datn/build/serial_motor_demo_msgs -- -j8 -l8
[0.114s] [ 10%] Built target serial_motor_demo_msgs__rosidl_generator_c
[0.115s] [ 12%] Built target serial_motor_demo_msgs__cpp
[0.163s] [ 25%] Built target serial_motor_demo_msgs__rosidl_typesupport_c
[0.165s] [ 34%] Built target serial_motor_demo_msgs__rosidl_typesupport_introspection_c
[0.180s] [ 44%] Built target serial_motor_demo_msgs__rosidl_typesupport_introspection_cpp
[0.201s] [ 55%] Built target serial_motor_demo_msgs__rosidl_typesupport_cpp
[0.209s] [ 65%] Built target serial_motor_demo_msgs__rosidl_typesupport_fastrtps_cpp
[0.244s] [ 76%] Built target serial_motor_demo_msgs__rosidl_typesupport_fastrtps_c
[0.278s] [ 76%] Built target serial_motor_demo_msgs
[0.301s] [ 78%] Built target serial_motor_demo_msgs__py
[0.337s] [ 87%] Built target serial_motor_demo_msgs__python
[0.369s] [ 91%] Built target serial_motor_demo_msgs__rosidl_typesupport_introspection_c__pyext
[0.377s] [ 95%] Built target serial_motor_demo_msgs__rosidl_typesupport_c__pyext
[0.377s] [100%] Built target serial_motor_demo_msgs__rosidl_typesupport_fastrtps_c__pyext
[0.391s] Invoked command in '/home/ndp/datn/build/serial_motor_demo_msgs' returned '0': CMAKE_PREFIX_PATH=${CMAKE_PREFIX_PATH}:/home/ndp/datn/install/serial_motor_demo:/opt/ros/foxy /usr/bin/cmake --build /home/ndp/datn/build/serial_motor_demo_msgs -- -j8 -l8
[0.498s] Invoking command in '/home/ndp/datn/build/serial_motor_demo_msgs': CMAKE_PREFIX_PATH=${CMAKE_PREFIX_PATH}:/home/ndp/datn/install/serial_motor_demo:/opt/ros/foxy /usr/bin/cmake --install /home/ndp/datn/build/serial_motor_demo_msgs
[0.511s] -- Install configuration: ""
[0.512s] -- Execute custom install script
[0.513s] -- Up-to-date symlink: /home/ndp/datn/install/serial_motor_demo_msgs/share/ament_index/resource_index/rosidl_interfaces/serial_motor_demo_msgs
[0.514s] -- Up-to-date symlink: /home/ndp/datn/install/serial_motor_demo_msgs/include/serial_motor_demo_msgs/msg/detail/encoder_vals__functions.h
[0.514s] -- Up-to-date symlink: /home/ndp/datn/install/serial_motor_demo_msgs/include/serial_motor_demo_msgs/msg/detail/encoder_vals__struct.h
[0.514s] -- Up-to-date symlink: /home/ndp/datn/install/serial_motor_demo_msgs/include/serial_motor_demo_msgs/msg/detail/encoder_vals__type_support.h
[0.514s] -- Up-to-date symlink: /home/ndp/datn/install/serial_motor_demo_msgs/include/serial_motor_demo_msgs/msg/detail/motor_command__functions.h
[0.515s] -- Up-to-date symlink: /home/ndp/datn/install/serial_motor_demo_msgs/include/serial_motor_demo_msgs/msg/detail/motor_command__struct.h
[0.515s] -- Up-to-date symlink: /home/ndp/datn/install/serial_motor_demo_msgs/include/serial_motor_demo_msgs/msg/detail/motor_command__type_support.h
[0.515s] -- Up-to-date symlink: /home/ndp/datn/install/serial_motor_demo_msgs/include/serial_motor_demo_msgs/msg/detail/motor_vels__functions.h
[0.515s] -- Up-to-date symlink: /home/ndp/datn/install/serial_motor_demo_msgs/include/serial_motor_demo_msgs/msg/detail/motor_vels__struct.h
[0.516s] -- Up-to-date symlink: /home/ndp/datn/install/serial_motor_demo_msgs/include/serial_motor_demo_msgs/msg/detail/motor_vels__type_support.h
[0.516s] -- Up-to-date symlink: /home/ndp/datn/install/serial_motor_demo_msgs/include/serial_motor_demo_msgs/msg/encoder_vals.h
[0.516s] -- Up-to-date symlink: /home/ndp/datn/install/serial_motor_demo_msgs/include/serial_motor_demo_msgs/msg/motor_command.h
[0.517s] -- Up-to-date symlink: /home/ndp/datn/install/serial_motor_demo_msgs/include/serial_motor_demo_msgs/msg/motor_vels.h
[0.517s] -- Up-to-date symlink: /home/ndp/datn/install/serial_motor_demo_msgs/include/serial_motor_demo_msgs/msg/rosidl_generator_c__visibility_control.h
[0.517s] -- Up-to-date symlink: /home/ndp/datn/install/serial_motor_demo_msgs/share/serial_motor_demo_msgs/environment/library_path.sh
[0.518s] -- Up-to-date symlink: /home/ndp/datn/install/serial_motor_demo_msgs/share/serial_motor_demo_msgs/environment/library_path.dsv
[0.519s] -- Up-to-date symlink: /home/ndp/datn/install/serial_motor_demo_msgs/include/serial_motor_demo_msgs/msg/detail/encoder_vals__rosidl_typesupport_fastrtps_c.h
[0.519s] -- Up-to-date symlink: /home/ndp/datn/install/serial_motor_demo_msgs/include/serial_motor_demo_msgs/msg/detail/motor_command__rosidl_typesupport_fastrtps_c.h
[0.519s] -- Up-to-date symlink: /home/ndp/datn/install/serial_motor_demo_msgs/include/serial_motor_demo_msgs/msg/detail/motor_vels__rosidl_typesupport_fastrtps_c.h
[0.519s] -- Up-to-date symlink: /home/ndp/datn/install/serial_motor_demo_msgs/include/serial_motor_demo_msgs/msg/rosidl_typesupport_fastrtps_c__visibility_control.h
[0.520s] -- Up-to-date symlink: /home/ndp/datn/install/serial_motor_demo_msgs/lib/libserial_motor_demo_msgs__rosidl_typesupport_fastrtps_c.so
[0.521s] -- Up-to-date symlink: /home/ndp/datn/install/serial_motor_demo_msgs/include/serial_motor_demo_msgs/msg/detail/encoder_vals__rosidl_typesupport_fastrtps_cpp.hpp
[0.521s] -- Up-to-date symlink: /home/ndp/datn/install/serial_motor_demo_msgs/include/serial_motor_demo_msgs/msg/detail/motor_command__rosidl_typesupport_fastrtps_cpp.hpp
[0.521s] -- Up-to-date symlink: /home/ndp/datn/install/serial_motor_demo_msgs/include/serial_motor_demo_msgs/msg/detail/motor_vels__rosidl_typesupport_fastrtps_cpp.hpp
[0.522s] -- Up-to-date symlink: /home/ndp/datn/install/serial_motor_demo_msgs/include/serial_motor_demo_msgs/msg/rosidl_typesupport_fastrtps_cpp__visibility_control.h
[0.522s] -- Up-to-date symlink: /home/ndp/datn/install/serial_motor_demo_msgs/lib/libserial_motor_demo_msgs__rosidl_typesupport_fastrtps_cpp.so
[0.524s] -- Up-to-date symlink: /home/ndp/datn/install/serial_motor_demo_msgs/include/serial_motor_demo_msgs/msg/detail/encoder_vals__rosidl_typesupport_introspection_c.h
[0.524s] -- Up-to-date symlink: /home/ndp/datn/install/serial_motor_demo_msgs/include/serial_motor_demo_msgs/msg/detail/motor_command__rosidl_typesupport_introspection_c.h
[0.524s] -- Up-to-date symlink: /home/ndp/datn/install/serial_motor_demo_msgs/include/serial_motor_demo_msgs/msg/detail/motor_vels__rosidl_typesupport_introspection_c.h
[0.524s] -- Up-to-date symlink: /home/ndp/datn/install/serial_motor_demo_msgs/include/serial_motor_demo_msgs/msg/rosidl_typesupport_introspection_c__visibility_control.h
[0.529s] -- Up-to-date symlink: /home/ndp/datn/install/serial_motor_demo_msgs/include/serial_motor_demo_msgs/msg/detail/encoder_vals__builder.hpp
[0.530s] -- Up-to-date symlink: /home/ndp/datn/install/serial_motor_demo_msgs/include/serial_motor_demo_msgs/msg/detail/encoder_vals__struct.hpp
[0.530s] -- Up-to-date symlink: /home/ndp/datn/install/serial_motor_demo_msgs/include/serial_motor_demo_msgs/msg/detail/encoder_vals__traits.hpp
[0.530s] -- Up-to-date symlink: /home/ndp/datn/install/serial_motor_demo_msgs/include/serial_motor_demo_msgs/msg/detail/encoder_vals__type_support.hpp
[0.530s] -- Up-to-date symlink: /home/ndp/datn/install/serial_motor_demo_msgs/include/serial_motor_demo_msgs/msg/detail/motor_command__builder.hpp
[0.530s] -- Up-to-date symlink: /home/ndp/datn/install/serial_motor_demo_msgs/include/serial_motor_demo_msgs/msg/detail/motor_command__struct.hpp
[0.531s] -- Up-to-date symlink: /home/ndp/datn/install/serial_motor_demo_msgs/include/serial_motor_demo_msgs/msg/detail/motor_command__traits.hpp
[0.531s] -- Up-to-date symlink: /home/ndp/datn/install/serial_motor_demo_msgs/include/serial_motor_demo_msgs/msg/detail/motor_command__type_support.hpp
[0.531s] -- Up-to-date symlink: /home/ndp/datn/install/serial_motor_demo_msgs/include/serial_motor_demo_msgs/msg/detail/motor_vels__builder.hpp
[0.531s] -- Up-to-date symlink: /home/ndp/datn/install/serial_motor_demo_msgs/include/serial_motor_demo_msgs/msg/detail/motor_vels__struct.hpp
[0.531s] -- Up-to-date symlink: /home/ndp/datn/install/serial_motor_demo_msgs/include/serial_motor_demo_msgs/msg/detail/motor_vels__traits.hpp
[0.531s] -- Up-to-date symlink: /home/ndp/datn/install/serial_motor_demo_msgs/include/serial_motor_demo_msgs/msg/detail/motor_vels__type_support.hpp
[0.531s] -- Up-to-date symlink: /home/ndp/datn/install/serial_motor_demo_msgs/include/serial_motor_demo_msgs/msg/encoder_vals.hpp
[0.531s] -- Up-to-date symlink: /home/ndp/datn/install/serial_motor_demo_msgs/include/serial_motor_demo_msgs/msg/motor_command.hpp
[0.531s] -- Up-to-date symlink: /home/ndp/datn/install/serial_motor_demo_msgs/include/serial_motor_demo_msgs/msg/motor_vels.hpp
[0.531s] -- Up-to-date symlink: /home/ndp/datn/install/serial_motor_demo_msgs/include/serial_motor_demo_msgs/msg/rosidl_generator_cpp__visibility_control.hpp
[0.531s] -- Up-to-date symlink: /home/ndp/datn/install/serial_motor_demo_msgs/include/serial_motor_demo_msgs/msg/detail/encoder_vals__rosidl_typesupport_introspection_cpp.hpp
[0.531s] -- Up-to-date symlink: /home/ndp/datn/install/serial_motor_demo_msgs/include/serial_motor_demo_msgs/msg/detail/motor_command__rosidl_typesupport_introspection_cpp.hpp
[0.532s] -- Up-to-date symlink: /home/ndp/datn/install/serial_motor_demo_msgs/include/serial_motor_demo_msgs/msg/detail/motor_vels__rosidl_typesupport_introspection_cpp.hpp
[0.532s] -- Up-to-date symlink: /home/ndp/datn/install/serial_motor_demo_msgs/share/serial_motor_demo_msgs/environment/pythonpath.sh
[0.532s] -- Up-to-date symlink: /home/ndp/datn/install/serial_motor_demo_msgs/share/serial_motor_demo_msgs/environment/pythonpath.dsv
[0.532s] -- Up-to-date symlink: /home/ndp/datn/install/serial_motor_demo_msgs/lib/python3.8/site-packages/serial_motor_demo_msgs/__init__.py
[0.532s] -- Up-to-date symlink: /home/ndp/datn/install/serial_motor_demo_msgs/lib/python3.8/site-packages/serial_motor_demo_msgs/msg/__init__.py
[0.532s] -- Up-to-date symlink: /home/ndp/datn/install/serial_motor_demo_msgs/lib/python3.8/site-packages/serial_motor_demo_msgs/msg/_encoder_vals.py
[0.532s] -- Up-to-date symlink: /home/ndp/datn/install/serial_motor_demo_msgs/lib/python3.8/site-packages/serial_motor_demo_msgs/msg/_motor_command.py
[0.533s] -- Up-to-date symlink: /home/ndp/datn/install/serial_motor_demo_msgs/lib/python3.8/site-packages/serial_motor_demo_msgs/msg/_motor_vels.py
[0.533s] -- Up-to-date symlink: /home/ndp/datn/install/serial_motor_demo_msgs/lib/python3.8/site-packages/serial_motor_demo_msgs/serial_motor_demo_msgs_s__rosidl_typesupport_fastrtps_c.cpython-38-x86_64-linux-gnu.so
[0.534s] -- Up-to-date symlink: /home/ndp/datn/install/serial_motor_demo_msgs/lib/python3.8/site-packages/serial_motor_demo_msgs/serial_motor_demo_msgs_s__rosidl_typesupport_introspection_c.cpython-38-x86_64-linux-gnu.so
[0.535s] -- Up-to-date symlink: /home/ndp/datn/install/serial_motor_demo_msgs/lib/python3.8/site-packages/serial_motor_demo_msgs/serial_motor_demo_msgs_s__rosidl_typesupport_c.cpython-38-x86_64-linux-gnu.so
[0.535s] -- Up-to-date symlink: /home/ndp/datn/install/serial_motor_demo_msgs/lib/libserial_motor_demo_msgs__python.so
[0.536s] -- Up-to-date symlink: /home/ndp/datn/install/serial_motor_demo_msgs/share/serial_motor_demo_msgs/msg/MotorCommand.idl
[0.536s] -- Up-to-date symlink: /home/ndp/datn/install/serial_motor_demo_msgs/share/serial_motor_demo_msgs/msg/MotorVels.idl
[0.536s] -- Up-to-date symlink: /home/ndp/datn/install/serial_motor_demo_msgs/share/serial_motor_demo_msgs/msg/EncoderVals.idl
[0.537s] -- Up-to-date symlink: /home/ndp/datn/install/serial_motor_demo_msgs/share/serial_motor_demo_msgs/msg/MotorCommand.msg
[0.537s] -- Up-to-date symlink: /home/ndp/datn/install/serial_motor_demo_msgs/share/serial_motor_demo_msgs/msg/MotorVels.msg
[0.538s] -- Up-to-date symlink: /home/ndp/datn/install/serial_motor_demo_msgs/share/serial_motor_demo_msgs/msg/EncoderVals.msg
[0.538s] -- Up-to-date symlink: /home/ndp/datn/install/serial_motor_demo_msgs/share/ament_index/resource_index/package_run_dependencies/serial_motor_demo_msgs
[0.538s] -- Up-to-date symlink: /home/ndp/datn/install/serial_motor_demo_msgs/share/ament_index/resource_index/parent_prefix_path/serial_motor_demo_msgs
[0.539s] -- Up-to-date symlink: /home/ndp/datn/install/serial_motor_demo_msgs/share/serial_motor_demo_msgs/environment/ament_prefix_path.sh
[0.539s] -- Up-to-date symlink: /home/ndp/datn/install/serial_motor_demo_msgs/share/serial_motor_demo_msgs/environment/ament_prefix_path.dsv
[0.540s] -- Up-to-date symlink: /home/ndp/datn/install/serial_motor_demo_msgs/share/serial_motor_demo_msgs/environment/path.sh
[0.540s] -- Up-to-date symlink: /home/ndp/datn/install/serial_motor_demo_msgs/share/serial_motor_demo_msgs/environment/path.dsv
[0.540s] -- Up-to-date symlink: /home/ndp/datn/install/serial_motor_demo_msgs/share/serial_motor_demo_msgs/local_setup.bash
[0.541s] -- Up-to-date symlink: /home/ndp/datn/install/serial_motor_demo_msgs/share/serial_motor_demo_msgs/local_setup.sh
[0.541s] -- Up-to-date symlink: /home/ndp/datn/install/serial_motor_demo_msgs/share/serial_motor_demo_msgs/local_setup.zsh
[0.542s] -- Up-to-date symlink: /home/ndp/datn/install/serial_motor_demo_msgs/share/serial_motor_demo_msgs/local_setup.dsv
[0.544s] -- Symlinking: /home/ndp/datn/install/serial_motor_demo_msgs/share/serial_motor_demo_msgs/package.dsv
[0.553s] -- Up-to-date symlink: /home/ndp/datn/install/serial_motor_demo_msgs/share/ament_index/resource_index/packages/serial_motor_demo_msgs
[0.554s] -- Up-to-date symlink: /home/ndp/datn/install/serial_motor_demo_msgs/share/serial_motor_demo_msgs/cmake/rosidl_cmake-extras.cmake
[0.554s] -- Up-to-date symlink: /home/ndp/datn/install/serial_motor_demo_msgs/share/serial_motor_demo_msgs/cmake/ament_cmake_export_dependencies-extras.cmake
[0.554s] -- Up-to-date symlink: /home/ndp/datn/install/serial_motor_demo_msgs/share/serial_motor_demo_msgs/cmake/ament_cmake_export_libraries-extras.cmake
[0.555s] -- Up-to-date symlink: /home/ndp/datn/install/serial_motor_demo_msgs/share/serial_motor_demo_msgs/cmake/ament_cmake_export_targets-extras.cmake
[0.555s] -- Up-to-date symlink: /home/ndp/datn/install/serial_motor_demo_msgs/share/serial_motor_demo_msgs/cmake/ament_cmake_export_include_directories-extras.cmake
[0.555s] -- Up-to-date symlink: /home/ndp/datn/install/serial_motor_demo_msgs/share/serial_motor_demo_msgs/cmake/rosidl_cmake_export_typesupport_libraries-extras.cmake
[0.556s] -- Up-to-date symlink: /home/ndp/datn/install/serial_motor_demo_msgs/share/serial_motor_demo_msgs/cmake/rosidl_cmake_export_typesupport_targets-extras.cmake
[0.556s] -- Up-to-date symlink: /home/ndp/datn/install/serial_motor_demo_msgs/share/serial_motor_demo_msgs/cmake/serial_motor_demo_msgsConfig.cmake
[0.556s] -- Up-to-date symlink: /home/ndp/datn/install/serial_motor_demo_msgs/share/serial_motor_demo_msgs/cmake/serial_motor_demo_msgsConfig-version.cmake
[0.557s] -- Up-to-date symlink: /home/ndp/datn/install/serial_motor_demo_msgs/share/serial_motor_demo_msgs/package.xml
[0.557s] -- Up-to-date: /home/ndp/datn/install/serial_motor_demo_msgs/lib/libserial_motor_demo_msgs__rosidl_generator_c.so
[0.558s] -- Up-to-date: /home/ndp/datn/install/serial_motor_demo_msgs/lib/libserial_motor_demo_msgs__rosidl_typesupport_introspection_c.so
[0.559s] -- Up-to-date: /home/ndp/datn/install/serial_motor_demo_msgs/lib/libserial_motor_demo_msgs__rosidl_typesupport_c.so
[0.560s] -- Up-to-date: /home/ndp/datn/install/serial_motor_demo_msgs/lib/libserial_motor_demo_msgs__rosidl_typesupport_introspection_cpp.so
[0.560s] -- Up-to-date: /home/ndp/datn/install/serial_motor_demo_msgs/lib/libserial_motor_demo_msgs__rosidl_typesupport_cpp.so
[0.602s] -- Up-to-date: /home/ndp/datn/install/serial_motor_demo_msgs/share/serial_motor_demo_msgs/cmake/serial_motor_demo_msgs__rosidl_generator_cExport.cmake
[0.603s] -- Up-to-date: /home/ndp/datn/install/serial_motor_demo_msgs/share/serial_motor_demo_msgs/cmake/serial_motor_demo_msgs__rosidl_generator_cExport-noconfig.cmake
[0.603s] -- Up-to-date: /home/ndp/datn/install/serial_motor_demo_msgs/share/serial_motor_demo_msgs/cmake/serial_motor_demo_msgs__rosidl_typesupport_introspection_cExport.cmake
[0.603s] -- Up-to-date: /home/ndp/datn/install/serial_motor_demo_msgs/share/serial_motor_demo_msgs/cmake/serial_motor_demo_msgs__rosidl_typesupport_introspection_cExport-noconfig.cmake
[0.604s] -- Up-to-date: /home/ndp/datn/install/serial_motor_demo_msgs/share/serial_motor_demo_msgs/cmake/serial_motor_demo_msgs__rosidl_typesupport_cExport.cmake
[0.604s] -- Up-to-date: /home/ndp/datn/install/serial_motor_demo_msgs/share/serial_motor_demo_msgs/cmake/serial_motor_demo_msgs__rosidl_typesupport_cExport-noconfig.cmake
[0.604s] -- Up-to-date: /home/ndp/datn/install/serial_motor_demo_msgs/share/serial_motor_demo_msgs/cmake/serial_motor_demo_msgs__rosidl_generator_cppExport.cmake
[0.605s] -- Up-to-date: /home/ndp/datn/install/serial_motor_demo_msgs/share/serial_motor_demo_msgs/cmake/serial_motor_demo_msgs__rosidl_typesupport_introspection_cppExport.cmake
[0.605s] -- Up-to-date: /home/ndp/datn/install/serial_motor_demo_msgs/share/serial_motor_demo_msgs/cmake/serial_motor_demo_msgs__rosidl_typesupport_introspection_cppExport-noconfig.cmake
[0.605s] -- Up-to-date: /home/ndp/datn/install/serial_motor_demo_msgs/share/serial_motor_demo_msgs/cmake/serial_motor_demo_msgs__rosidl_typesupport_cppExport.cmake
[0.605s] -- Up-to-date: /home/ndp/datn/install/serial_motor_demo_msgs/share/serial_motor_demo_msgs/cmake/serial_motor_demo_msgs__rosidl_typesupport_cppExport-noconfig.cmake
[0.619s] Invoked command in '/home/ndp/datn/build/serial_motor_demo_msgs' returned '0': CMAKE_PREFIX_PATH=${CMAKE_PREFIX_PATH}:/home/ndp/datn/install/serial_motor_demo:/opt/ros/foxy /usr/bin/cmake --install /home/ndp/datn/build/serial_motor_demo_msgs
