[0.039s] Invoking command in '/home/ndp/datn/build/diffdrive_arduino': CMAKE_PREFIX_PATH=/home/ndp/datn/install/serial:/home/ndp/datn/install/ydlidar_ros2_driver:/home/ndp/datn/install/slam_gmapping:/home/ndp/datn/install/serial_motor_demo_msgs:/home/ndp/datn/install/diffdrive_arduino:/home/ndp/datn/install/openslam_gmapping:/home/ndp/datn/install/my_bot:/home/ndp/ydlidar_ws/install/ydlidar_ros2_driver:/home/ndp/ydlidar_ws/install/slam_gmapping:/home/ndp/ydlidar_ws/install/openslam_gmapping:/home/ndp/my_bot/install/my_bot:/home/ndp/datn/install/serial_motor_demo:/opt/ros/foxy /usr/bin/cmake --build /home/ndp/datn/build/diffdrive_arduino -- -j8 -l8
[0.143s] [ 57%] Built target diffdrive_arduino
[0.145s] [100%] Built target fake_robot
[0.168s] Invoked command in '/home/ndp/datn/build/diffdrive_arduino' returned '0': CMAKE_PREFIX_PATH=/home/ndp/datn/install/serial:/home/ndp/datn/install/ydlidar_ros2_driver:/home/ndp/datn/install/slam_gmapping:/home/ndp/datn/install/serial_motor_demo_msgs:/home/ndp/datn/install/diffdrive_arduino:/home/ndp/datn/install/openslam_gmapping:/home/ndp/datn/install/my_bot:/home/ndp/ydlidar_ws/install/ydlidar_ros2_driver:/home/ndp/ydlidar_ws/install/slam_gmapping:/home/ndp/ydlidar_ws/install/openslam_gmapping:/home/ndp/my_bot/install/my_bot:/home/ndp/datn/install/serial_motor_demo:/opt/ros/foxy /usr/bin/cmake --build /home/ndp/datn/build/diffdrive_arduino -- -j8 -l8
[0.211s] Invoking command in '/home/ndp/datn/build/diffdrive_arduino': CMAKE_PREFIX_PATH=/home/ndp/datn/install/serial:/home/ndp/datn/install/ydlidar_ros2_driver:/home/ndp/datn/install/slam_gmapping:/home/ndp/datn/install/serial_motor_demo_msgs:/home/ndp/datn/install/diffdrive_arduino:/home/ndp/datn/install/openslam_gmapping:/home/ndp/datn/install/my_bot:/home/ndp/ydlidar_ws/install/ydlidar_ros2_driver:/home/ndp/ydlidar_ws/install/slam_gmapping:/home/ndp/ydlidar_ws/install/openslam_gmapping:/home/ndp/my_bot/install/my_bot:/home/ndp/datn/install/serial_motor_demo:/opt/ros/foxy /usr/bin/cmake --install /home/ndp/datn/build/diffdrive_arduino
[0.226s] -- Install configuration: ""
[0.227s] -- Execute custom install script
[0.228s] -- Up-to-date symlink: /home/ndp/datn/install/diffdrive_arduino/share/diffdrive_arduino//robot_hardware.xml
[0.228s] -- Up-to-date symlink: /home/ndp/datn/install/diffdrive_arduino/share/diffdrive_arduino//fake_robot_hardware.xml
[0.229s] -- Up-to-date symlink: /home/ndp/datn/install/diffdrive_arduino/lib/libdiffdrive_arduino.so
[0.229s] -- Up-to-date symlink: /home/ndp/datn/install/diffdrive_arduino/lib/libfake_robot.so
[0.230s] -- Up-to-date symlink: /home/ndp/datn/install/diffdrive_arduino/share/diffdrive_arduino/controllers/robot_controller_example.yaml
[0.231s] -- Up-to-date symlink: /home/ndp/datn/install/diffdrive_arduino/share/diffdrive_arduino/fake_robot.launch.py
[0.231s] -- Up-to-date symlink: /home/ndp/datn/install/diffdrive_arduino/share/diffdrive_arduino/test_robot.launch.py
[0.231s] -- Up-to-date symlink: /home/ndp/datn/install/diffdrive_arduino/share/diffdrive_arduino/environment/library_path.sh
[0.232s] -- Up-to-date symlink: /home/ndp/datn/install/diffdrive_arduino/share/diffdrive_arduino/environment/library_path.dsv
[0.232s] -- Up-to-date symlink: /home/ndp/datn/install/diffdrive_arduino/share/ament_index/resource_index/package_run_dependencies/diffdrive_arduino
[0.233s] -- Up-to-date symlink: /home/ndp/datn/install/diffdrive_arduino/share/ament_index/resource_index/parent_prefix_path/diffdrive_arduino
[0.233s] -- Up-to-date symlink: /home/ndp/datn/install/diffdrive_arduino/share/diffdrive_arduino/environment/ament_prefix_path.sh
[0.233s] -- Up-to-date symlink: /home/ndp/datn/install/diffdrive_arduino/share/diffdrive_arduino/environment/ament_prefix_path.dsv
[0.233s] -- Up-to-date symlink: /home/ndp/datn/install/diffdrive_arduino/share/diffdrive_arduino/environment/path.sh
[0.234s] -- Up-to-date symlink: /home/ndp/datn/install/diffdrive_arduino/share/diffdrive_arduino/environment/path.dsv
[0.234s] -- Up-to-date symlink: /home/ndp/datn/install/diffdrive_arduino/share/diffdrive_arduino/local_setup.bash
[0.234s] -- Up-to-date symlink: /home/ndp/datn/install/diffdrive_arduino/share/diffdrive_arduino/local_setup.sh
[0.234s] -- Up-to-date symlink: /home/ndp/datn/install/diffdrive_arduino/share/diffdrive_arduino/local_setup.zsh
[0.235s] -- Up-to-date symlink: /home/ndp/datn/install/diffdrive_arduino/share/diffdrive_arduino/local_setup.dsv
[0.235s] -- Symlinking: /home/ndp/datn/install/diffdrive_arduino/share/diffdrive_arduino/package.dsv
[0.245s] -- Up-to-date symlink: /home/ndp/datn/install/diffdrive_arduino/share/ament_index/resource_index/packages/diffdrive_arduino
[0.245s] -- Up-to-date symlink: /home/ndp/datn/install/diffdrive_arduino/share/ament_index/resource_index/hardware_interface__pluginlib__plugin/diffdrive_arduino
[0.246s] -- Up-to-date symlink: /home/ndp/datn/install/diffdrive_arduino/share/diffdrive_arduino/cmake/ament_cmake_export_libraries-extras.cmake
[0.246s] -- Up-to-date symlink: /home/ndp/datn/install/diffdrive_arduino/share/diffdrive_arduino/cmake/ament_cmake_export_dependencies-extras.cmake
[0.246s] -- Up-to-date symlink: /home/ndp/datn/install/diffdrive_arduino/share/diffdrive_arduino/cmake/diffdrive_arduinoConfig.cmake
[0.247s] -- Up-to-date symlink: /home/ndp/datn/install/diffdrive_arduino/share/diffdrive_arduino/cmake/diffdrive_arduinoConfig-version.cmake
[0.247s] -- Up-to-date symlink: /home/ndp/datn/install/diffdrive_arduino/share/diffdrive_arduino/package.xml
[0.250s] Invoked command in '/home/ndp/datn/build/diffdrive_arduino' returned '0': CMAKE_PREFIX_PATH=/home/ndp/datn/install/serial:/home/ndp/datn/install/ydlidar_ros2_driver:/home/ndp/datn/install/slam_gmapping:/home/ndp/datn/install/serial_motor_demo_msgs:/home/ndp/datn/install/diffdrive_arduino:/home/ndp/datn/install/openslam_gmapping:/home/ndp/datn/install/my_bot:/home/ndp/ydlidar_ws/install/ydlidar_ros2_driver:/home/ndp/ydlidar_ws/install/slam_gmapping:/home/ndp/ydlidar_ws/install/openslam_gmapping:/home/ndp/my_bot/install/my_bot:/home/ndp/datn/install/serial_motor_demo:/opt/ros/foxy /usr/bin/cmake --install /home/ndp/datn/build/diffdrive_arduino
