[0.026s] Invoking command in '/home/ndp/datn/build/diffdrive_arduino': CMAKE_PREFIX_PATH=${CMAKE_PREFIX_PATH}:/opt/ros/foxy /usr/bin/cmake /home/ndp/datn/diffdrive_arduino -DAMENT_CMAKE_SYMLINK_INSTALL=1 -DCMAKE_INSTALL_PREFIX=/home/ndp/datn/install/diffdrive_arduino
[0.041s] -- Found ament_cmake: 0.9.12 (/opt/ros/foxy/share/ament_cmake/cmake)
[0.066s] -- Using PYTHON_EXECUTABLE: /usr/bin/python3
[0.278s] -- Override CMake install command with custom implementation using symlinks instead of copying resources
[0.298s] CMake Error at CMakeLists.txt:15 (find_package):
[0.298s]   By not providing "Findserial.cmake" in CMAKE_MODULE_PATH this project has
[0.298s]   asked CMake to find a package configuration file provided by "serial", but
[0.298s]   CMake did not find one.
[0.298s] 
[0.299s]   Could not find a package configuration file provided by "serial" with any
[0.299s]   of the following names:
[0.299s] 
[0.299s]     serialConfig.cmake
[0.299s]     serial-config.cmake
[0.299s] 
[0.299s]   Add the installation prefix of "serial" to CMAKE_PREFIX_PATH or set
[0.299s]   "serial_DIR" to a directory containing one of the above files.  If "serial"
[0.299s]   provides a separate development package or SDK, be sure it has been
[0.299s]   installed.
[0.299s] 
[0.299s] 
[0.299s] -- Configuring incomplete, errors occurred!
[0.299s] See also "/home/ndp/datn/build/diffdrive_arduino/CMakeFiles/CMakeOutput.log".
[0.300s] Invoked command in '/home/ndp/datn/build/diffdrive_arduino' returned '1': CMAKE_PREFIX_PATH=${CMAKE_PREFIX_PATH}:/opt/ros/foxy /usr/bin/cmake /home/ndp/datn/diffdrive_arduino -DAMENT_CMAKE_SYMLINK_INSTALL=1 -DCMAKE_INSTALL_PREFIX=/home/ndp/datn/install/diffdrive_arduino
