[0.016s] Invoking command in '/home/ndp/datn/build/my_bot': CMAKE_PREFIX_PATH=${CMAKE_PREFIX_PATH}:/opt/ros/foxy /usr/bin/cmake /home/ndp/datn/my_bot -DAMENT_CMAKE_SYMLINK_INSTALL=1 -DCMAKE_INSTALL_PREFIX=/home/ndp/datn/install/my_bot
[0.069s] -- The C compiler identification is GNU 9.4.0
[0.121s] -- The CXX compiler identification is GNU 9.4.0
[0.125s] -- Check for working C compiler: /usr/bin/cc
[0.189s] -- Check for working C compiler: /usr/bin/cc -- works
[0.190s] -- Detecting C compiler ABI info
[0.255s] -- Detecting C compiler ABI info - done
[0.267s] -- Detecting C compile features
[0.267s] -- Detecting C compile features - done
[0.269s] -- Check for working CXX compiler: /usr/bin/c++
[0.345s] -- Check for working CXX compiler: /usr/bin/c++ -- works
[0.346s] -- Detecting CXX compiler ABI info
[0.419s] -- Detecting CXX compiler ABI info - done
[0.431s] -- Detecting CXX compile features
[0.431s] -- Detecting CXX compile features - done
[0.434s] -- Found ament_cmake: 0.9.12 (/opt/ros/foxy/share/ament_cmake/cmake)
[0.457s] -- Found PythonInterp: /usr/bin/python3 (found suitable version "3.8.10", minimum required is "3") 
[0.457s] -- Using PYTHON_EXECUTABLE: /usr/bin/python3
[0.624s] -- Override CMake install command with custom implementation using symlinks instead of copying resources
[0.648s] -- Found ament_lint_auto: 0.9.8 (/opt/ros/foxy/share/ament_lint_auto/cmake)
[0.726s] -- Added test 'copyright' to check source files copyright and LICENSE
[0.737s] -- Added test 'cppcheck' to perform static code analysis on C / C++ code
[0.737s] -- Configured cppcheck include dirs: 
[0.737s] -- Configured cppcheck exclude dirs and/or files: 
[0.747s] -- Added test 'cpplint' to check C / C++ code against the Google style
[0.747s] -- Configured cpplint exclude dirs and/or files: 
[0.749s] -- Added test 'flake8' to check Python code syntax and style conventions
[0.756s] -- Added test 'lint_cmake' to check CMake code style
[0.756s] -- Added test 'pep257' to check Python code against some of the style conventions in PEP 257
[0.765s] -- Added test 'uncrustify' to check C / C++ code style
[0.765s] -- Configured uncrustify additional arguments: 
[0.766s] -- Added test 'xmllint' to check XML markup files
[0.768s] -- Configuring done
[0.770s] -- Generating done
[0.771s] -- Build files have been written to: /home/ndp/datn/build/my_bot
[0.775s] Invoked command in '/home/ndp/datn/build/my_bot' returned '0': CMAKE_PREFIX_PATH=${CMAKE_PREFIX_PATH}:/opt/ros/foxy /usr/bin/cmake /home/ndp/datn/my_bot -DAMENT_CMAKE_SYMLINK_INSTALL=1 -DCMAKE_INSTALL_PREFIX=/home/ndp/datn/install/my_bot
[0.777s] Invoking command in '/home/ndp/datn/build/my_bot': CMAKE_PREFIX_PATH=${CMAKE_PREFIX_PATH}:/opt/ros/foxy /usr/bin/cmake --build /home/ndp/datn/build/my_bot -- -j8 -l8
[0.821s] Invoked command in '/home/ndp/datn/build/my_bot' returned '0': CMAKE_PREFIX_PATH=${CMAKE_PREFIX_PATH}:/opt/ros/foxy /usr/bin/cmake --build /home/ndp/datn/build/my_bot -- -j8 -l8
[0.876s] Invoking command in '/home/ndp/datn/build/my_bot': CMAKE_PREFIX_PATH=${CMAKE_PREFIX_PATH}:/opt/ros/foxy /usr/bin/cmake --install /home/ndp/datn/build/my_bot
[0.890s] -- Install configuration: ""
[0.891s] -- Execute custom install script
[0.892s] -- Symlinking: /home/ndp/datn/install/my_bot/share/my_bot/config/empty.yaml
[0.907s] -- Symlinking: /home/ndp/datn/install/my_bot/share/my_bot/config/my_bot.rviz
[0.922s] -- Symlinking: /home/ndp/datn/install/my_bot/share/my_bot/description/inertial_macros.xacro
[0.937s] -- Symlinking: /home/ndp/datn/install/my_bot/share/my_bot/description/robot.urdf.xacro
[0.952s] -- Symlinking: /home/ndp/datn/install/my_bot/share/my_bot/description/robot_core.xacro
[0.967s] -- Symlinking: /home/ndp/datn/install/my_bot/share/my_bot/launch/rsp.launch.py
[0.982s] -- Symlinking: /home/ndp/datn/install/my_bot/share/my_bot/worlds/empty.world
[0.996s] -- Symlinking: /home/ndp/datn/install/my_bot/share/ament_index/resource_index/package_run_dependencies/my_bot
[1.011s] -- Symlinking: /home/ndp/datn/install/my_bot/share/ament_index/resource_index/parent_prefix_path/my_bot
[1.027s] -- Symlinking: /home/ndp/datn/install/my_bot/share/my_bot/environment/ament_prefix_path.sh
[1.042s] -- Symlinking: /home/ndp/datn/install/my_bot/share/my_bot/environment/ament_prefix_path.dsv
[1.052s] -- Symlinking: /home/ndp/datn/install/my_bot/share/my_bot/environment/path.sh
[1.062s] -- Symlinking: /home/ndp/datn/install/my_bot/share/my_bot/environment/path.dsv
[1.073s] -- Symlinking: /home/ndp/datn/install/my_bot/share/my_bot/local_setup.bash
[1.082s] -- Symlinking: /home/ndp/datn/install/my_bot/share/my_bot/local_setup.sh
[1.092s] -- Symlinking: /home/ndp/datn/install/my_bot/share/my_bot/local_setup.zsh
[1.102s] -- Symlinking: /home/ndp/datn/install/my_bot/share/my_bot/local_setup.dsv
[1.113s] -- Symlinking: /home/ndp/datn/install/my_bot/share/my_bot/package.dsv
[1.124s] -- Symlinking: /home/ndp/datn/install/my_bot/share/ament_index/resource_index/packages/my_bot
[1.135s] -- Symlinking: /home/ndp/datn/install/my_bot/share/my_bot/cmake/my_botConfig.cmake
[1.148s] -- Symlinking: /home/ndp/datn/install/my_bot/share/my_bot/cmake/my_botConfig-version.cmake
[1.163s] -- Symlinking: /home/ndp/datn/install/my_bot/share/my_bot/package.xml
[1.194s] Invoked command in '/home/ndp/datn/build/my_bot' returned '0': CMAKE_PREFIX_PATH=${CMAKE_PREFIX_PATH}:/opt/ros/foxy /usr/bin/cmake --install /home/ndp/datn/build/my_bot
