[0.034s] Invoking command in '/home/ndp/datn/build/ydlidar_ros2_driver': CMAKE_PREFIX_PATH=${CMAKE_PREFIX_PATH}:/home/ndp/datn/install/serial_motor_demo:/opt/ros/foxy /usr/bin/cmake --build /home/ndp/datn/build/ydlidar_ros2_driver -- -j8 -l8
[0.164s] [ 50%] Built target ydlidar_ros2_driver_client
[0.164s] [100%] Built target ydlidar_ros2_driver_node
[0.189s] Invoked command in '/home/ndp/datn/build/ydlidar_ros2_driver' returned '0': CMAKE_PREFIX_PATH=${CMAKE_PREFIX_PATH}:/home/ndp/datn/install/serial_motor_demo:/opt/ros/foxy /usr/bin/cmake --build /home/ndp/datn/build/ydlidar_ros2_driver -- -j8 -l8
[0.232s] Invoking command in '/home/ndp/datn/build/ydlidar_ros2_driver': CMAKE_PREFIX_PATH=${CMAKE_PREFIX_PATH}:/home/ndp/datn/install/serial_motor_demo:/opt/ros/foxy /usr/bin/cmake --install /home/ndp/datn/build/ydlidar_ros2_driver
[0.243s] -- Install configuration: ""
[0.243s] -- Execute custom install script
[0.244s] -- Up-to-date symlink: /home/ndp/datn/install/ydlidar_ros2_driver/lib/ydlidar_ros2_driver/ydlidar_ros2_driver_node
[0.244s] -- Up-to-date symlink: /home/ndp/datn/install/ydlidar_ros2_driver/lib/ydlidar_ros2_driver/ydlidar_ros2_driver_client
[0.245s] -- Up-to-date symlink: /home/ndp/datn/install/ydlidar_ros2_driver/share/ydlidar_ros2_driver/launch/4ros_ydlidar_launch.py
[0.245s] -- Up-to-date symlink: /home/ndp/datn/install/ydlidar_ros2_driver/share/ydlidar_ros2_driver/launch/__pycache__/ydlidar_launch.cpython-36.pyc
[0.246s] -- Up-to-date symlink: /home/ndp/datn/install/ydlidar_ros2_driver/share/ydlidar_ros2_driver/launch/__pycache__/ydlidar_launch_view.cpython-36.pyc
[0.246s] -- Up-to-date symlink: /home/ndp/datn/install/ydlidar_ros2_driver/share/ydlidar_ros2_driver/launch/test_gmapping_launch.py
[0.246s] -- Up-to-date symlink: /home/ndp/datn/install/ydlidar_ros2_driver/share/ydlidar_ros2_driver/launch/view_ydlidar_launch.py
[0.247s] -- Up-to-date symlink: /home/ndp/datn/install/ydlidar_ros2_driver/share/ydlidar_ros2_driver/launch/x3.py
[0.247s] -- Up-to-date symlink: /home/ndp/datn/install/ydlidar_ros2_driver/share/ydlidar_ros2_driver/launch/x3_view.py
[0.247s] -- Up-to-date symlink: /home/ndp/datn/install/ydlidar_ros2_driver/share/ydlidar_ros2_driver/launch/ydlidar.py
[0.247s] -- Up-to-date symlink: /home/ndp/datn/install/ydlidar_ros2_driver/share/ydlidar_ros2_driver/launch/ydlidar_4ros_view_launch.py
[0.248s] -- Up-to-date symlink: /home/ndp/datn/install/ydlidar_ros2_driver/share/ydlidar_ros2_driver/launch/ydlidar_launch.py
[0.248s] -- Up-to-date symlink: /home/ndp/datn/install/ydlidar_ros2_driver/share/ydlidar_ros2_driver/launch/ydlidar_raw_launch.py
[0.248s] -- Up-to-date symlink: /home/ndp/datn/install/ydlidar_ros2_driver/share/ydlidar_ros2_driver/params/ydlidar.yaml
[0.249s] -- Up-to-date symlink: /home/ndp/datn/install/ydlidar_ros2_driver/share/ydlidar_ros2_driver/params/ydlidar_4ros.yaml
[0.249s] -- Up-to-date symlink: /home/ndp/datn/install/ydlidar_ros2_driver/share/ydlidar_ros2_driver/params/ydlidar_x3.yaml
[0.249s] -- Up-to-date symlink: /home/ndp/datn/install/ydlidar_ros2_driver/share/ydlidar_ros2_driver/startup/initenv.sh
[0.250s] -- Up-to-date symlink: /home/ndp/datn/install/ydlidar_ros2_driver/share/ydlidar_ros2_driver/config/test_gmapping.rviz
[0.251s] -- Up-to-date symlink: /home/ndp/datn/install/ydlidar_ros2_driver/share/ydlidar_ros2_driver/config/ydlidar.rviz
[0.251s] -- Up-to-date symlink: /home/ndp/datn/install/ydlidar_ros2_driver/share/ament_index/resource_index/package_run_dependencies/ydlidar_ros2_driver
[0.251s] -- Up-to-date symlink: /home/ndp/datn/install/ydlidar_ros2_driver/share/ament_index/resource_index/parent_prefix_path/ydlidar_ros2_driver
[0.252s] -- Up-to-date symlink: /home/ndp/datn/install/ydlidar_ros2_driver/share/ydlidar_ros2_driver/environment/ament_prefix_path.sh
[0.252s] -- Up-to-date symlink: /home/ndp/datn/install/ydlidar_ros2_driver/share/ydlidar_ros2_driver/environment/ament_prefix_path.dsv
[0.252s] -- Up-to-date symlink: /home/ndp/datn/install/ydlidar_ros2_driver/share/ydlidar_ros2_driver/environment/path.sh
[0.253s] -- Up-to-date symlink: /home/ndp/datn/install/ydlidar_ros2_driver/share/ydlidar_ros2_driver/environment/path.dsv
[0.256s] -- Up-to-date symlink: /home/ndp/datn/install/ydlidar_ros2_driver/share/ydlidar_ros2_driver/local_setup.bash
[0.257s] -- Up-to-date symlink: /home/ndp/datn/install/ydlidar_ros2_driver/share/ydlidar_ros2_driver/local_setup.sh
[0.257s] -- Up-to-date symlink: /home/ndp/datn/install/ydlidar_ros2_driver/share/ydlidar_ros2_driver/local_setup.zsh
[0.257s] -- Up-to-date symlink: /home/ndp/datn/install/ydlidar_ros2_driver/share/ydlidar_ros2_driver/local_setup.dsv
[0.257s] -- Symlinking: /home/ndp/datn/install/ydlidar_ros2_driver/share/ydlidar_ros2_driver/package.dsv
[0.266s] -- Up-to-date symlink: /home/ndp/datn/install/ydlidar_ros2_driver/share/ament_index/resource_index/packages/ydlidar_ros2_driver
[0.267s] -- Up-to-date symlink: /home/ndp/datn/install/ydlidar_ros2_driver/share/ydlidar_ros2_driver/cmake/ydlidar_ros2_driverConfig.cmake
[0.267s] -- Up-to-date symlink: /home/ndp/datn/install/ydlidar_ros2_driver/share/ydlidar_ros2_driver/cmake/ydlidar_ros2_driverConfig-version.cmake
[0.268s] -- Up-to-date symlink: /home/ndp/datn/install/ydlidar_ros2_driver/share/ydlidar_ros2_driver/package.xml
[0.270s] Invoked command in '/home/ndp/datn/build/ydlidar_ros2_driver' returned '0': CMAKE_PREFIX_PATH=${CMAKE_PREFIX_PATH}:/home/ndp/datn/install/serial_motor_demo:/opt/ros/foxy /usr/bin/cmake --install /home/ndp/datn/build/ydlidar_ros2_driver
