[0.013s] Invoking command in '/home/ndp/datn/build/slam_gmapping': CMAKE_PREFIX_PATH=/home/ndp/datn/install/openslam_gmapping:/home/ndp/datn/install/ydlidar_ros2_driver:/home/ndp/datn/install/slam_gmapping:/home/ndp/datn/install/my_bot:/home/ndp/ydlidar_ws/install/ydlidar_ros2_driver:/home/ndp/ydlidar_ws/install/slam_gmapping:/home/ndp/ydlidar_ws/install/openslam_gmapping:/home/ndp/my_bot/install/my_bot:/opt/ros/foxy /usr/bin/cmake --build /home/ndp/datn/build/slam_gmapping -- -j8 -l8
[0.088s] [ 50%] Built target slam_gmapping
[0.091s] [100%] Built target transform
[0.104s] Invoked command in '/home/ndp/datn/build/slam_gmapping' returned '0': CMAKE_PREFIX_PATH=/home/ndp/datn/install/openslam_gmapping:/home/ndp/datn/install/ydlidar_ros2_driver:/home/ndp/datn/install/slam_gmapping:/home/ndp/datn/install/my_bot:/home/ndp/ydlidar_ws/install/ydlidar_ros2_driver:/home/ndp/ydlidar_ws/install/slam_gmapping:/home/ndp/ydlidar_ws/install/openslam_gmapping:/home/ndp/my_bot/install/my_bot:/opt/ros/foxy /usr/bin/cmake --build /home/ndp/datn/build/slam_gmapping -- -j8 -l8
[0.134s] Invoking command in '/home/ndp/datn/build/slam_gmapping': CMAKE_PREFIX_PATH=/home/ndp/datn/install/openslam_gmapping:/home/ndp/datn/install/ydlidar_ros2_driver:/home/ndp/datn/install/slam_gmapping:/home/ndp/datn/install/my_bot:/home/ndp/ydlidar_ws/install/ydlidar_ros2_driver:/home/ndp/ydlidar_ws/install/slam_gmapping:/home/ndp/ydlidar_ws/install/openslam_gmapping:/home/ndp/my_bot/install/my_bot:/opt/ros/foxy /usr/bin/cmake --install /home/ndp/datn/build/slam_gmapping
[0.145s] -- Install configuration: ""
[0.146s] -- Execute custom install script
[0.147s] -- Up-to-date symlink: /home/ndp/datn/install/slam_gmapping/lib/slam_gmapping/slam_gmapping
[0.147s] -- Up-to-date symlink: /home/ndp/datn/install/slam_gmapping/lib/slam_gmapping/transform
[0.148s] -- Up-to-date symlink: /home/ndp/datn/install/slam_gmapping/share/slam_gmapping/launch/gmapping_4ros_launch.py
[0.148s] -- Up-to-date symlink: /home/ndp/datn/install/slam_gmapping/share/slam_gmapping/launch/gmapping_x3_launch.py
[0.149s] -- Up-to-date symlink: /home/ndp/datn/install/slam_gmapping/share/slam_gmapping/launch/slam_4ros_gmapping.launch.py
[0.149s] -- Up-to-date symlink: /home/ndp/datn/install/slam_gmapping/share/slam_gmapping/launch/test_gmapping.launch.py
[0.149s] -- Up-to-date symlink: /home/ndp/datn/install/slam_gmapping/share/slam_gmapping/launch/x3_slam.py
[0.149s] -- Up-to-date symlink: /home/ndp/datn/install/slam_gmapping/share/slam_gmapping/launch/ydlidar_slam.py
[0.150s] -- Up-to-date symlink: /home/ndp/datn/install/slam_gmapping/share/slam_gmapping/params/slam_gmapping.yaml
[0.150s] -- Up-to-date symlink: /home/ndp/datn/install/slam_gmapping/share/ament_index/resource_index/package_run_dependencies/slam_gmapping
[0.150s] -- Up-to-date symlink: /home/ndp/datn/install/slam_gmapping/share/ament_index/resource_index/parent_prefix_path/slam_gmapping
[0.151s] -- Up-to-date symlink: /home/ndp/datn/install/slam_gmapping/share/slam_gmapping/environment/ament_prefix_path.sh
[0.151s] -- Up-to-date symlink: /home/ndp/datn/install/slam_gmapping/share/slam_gmapping/environment/ament_prefix_path.dsv
[0.152s] -- Up-to-date symlink: /home/ndp/datn/install/slam_gmapping/share/slam_gmapping/environment/path.sh
[0.152s] -- Up-to-date symlink: /home/ndp/datn/install/slam_gmapping/share/slam_gmapping/environment/path.dsv
[0.152s] -- Up-to-date symlink: /home/ndp/datn/install/slam_gmapping/share/slam_gmapping/local_setup.bash
[0.153s] -- Up-to-date symlink: /home/ndp/datn/install/slam_gmapping/share/slam_gmapping/local_setup.sh
[0.153s] -- Up-to-date symlink: /home/ndp/datn/install/slam_gmapping/share/slam_gmapping/local_setup.zsh
[0.153s] -- Up-to-date symlink: /home/ndp/datn/install/slam_gmapping/share/slam_gmapping/local_setup.dsv
[0.154s] -- Symlinking: /home/ndp/datn/install/slam_gmapping/share/slam_gmapping/package.dsv
[0.165s] -- Up-to-date symlink: /home/ndp/datn/install/slam_gmapping/share/ament_index/resource_index/packages/slam_gmapping
[0.165s] -- Up-to-date symlink: /home/ndp/datn/install/slam_gmapping/share/slam_gmapping/cmake/slam_gmappingConfig.cmake
[0.166s] -- Up-to-date symlink: /home/ndp/datn/install/slam_gmapping/share/slam_gmapping/cmake/slam_gmappingConfig-version.cmake
[0.166s] -- Up-to-date symlink: /home/ndp/datn/install/slam_gmapping/share/slam_gmapping/package.xml
[0.169s] Invoked command in '/home/ndp/datn/build/slam_gmapping' returned '0': CMAKE_PREFIX_PATH=/home/ndp/datn/install/openslam_gmapping:/home/ndp/datn/install/ydlidar_ros2_driver:/home/ndp/datn/install/slam_gmapping:/home/ndp/datn/install/my_bot:/home/ndp/ydlidar_ws/install/ydlidar_ros2_driver:/home/ndp/ydlidar_ws/install/slam_gmapping:/home/ndp/ydlidar_ws/install/openslam_gmapping:/home/ndp/my_bot/install/my_bot:/opt/ros/foxy /usr/bin/cmake --install /home/ndp/datn/build/slam_gmapping
