[0.023s] Invoking command in '/home/ndp/datn/build/slam_gmapping': CMAKE_PREFIX_PATH=/home/ndp/datn/install/openslam_gmapping:/home/ndp/datn/install/ydlidar_ros2_driver:/home/ndp/datn/install/slam_gmapping:/home/ndp/datn/install/serial_motor_demo_msgs:/home/ndp/datn/install/diffdrive_arduino:/home/ndp/datn/install/serial:/home/ndp/datn/install/my_bot:/home/ndp/ydlidar_ws/install/ydlidar_ros2_driver:/home/ndp/ydlidar_ws/install/slam_gmapping:/home/ndp/ydlidar_ws/install/openslam_gmapping:/home/ndp/my_bot/install/my_bot:/home/ndp/datn/install/serial_motor_demo:/opt/ros/foxy /usr/bin/cmake --build /home/ndp/datn/build/slam_gmapping -- -j8 -l8
[0.115s] [ 50%] Built target transform
[0.115s] [100%] Built target slam_gmapping
[0.129s] Invoked command in '/home/ndp/datn/build/slam_gmapping' returned '0': CMAKE_PREFIX_PATH=/home/ndp/datn/install/openslam_gmapping:/home/ndp/datn/install/ydlidar_ros2_driver:/home/ndp/datn/install/slam_gmapping:/home/ndp/datn/install/serial_motor_demo_msgs:/home/ndp/datn/install/diffdrive_arduino:/home/ndp/datn/install/serial:/home/ndp/datn/install/my_bot:/home/ndp/ydlidar_ws/install/ydlidar_ros2_driver:/home/ndp/ydlidar_ws/install/slam_gmapping:/home/ndp/ydlidar_ws/install/openslam_gmapping:/home/ndp/my_bot/install/my_bot:/home/ndp/datn/install/serial_motor_demo:/opt/ros/foxy /usr/bin/cmake --build /home/ndp/datn/build/slam_gmapping -- -j8 -l8
[0.164s] Invoking command in '/home/ndp/datn/build/slam_gmapping': CMAKE_PREFIX_PATH=/home/ndp/datn/install/openslam_gmapping:/home/ndp/datn/install/ydlidar_ros2_driver:/home/ndp/datn/install/slam_gmapping:/home/ndp/datn/install/serial_motor_demo_msgs:/home/ndp/datn/install/diffdrive_arduino:/home/ndp/datn/install/serial:/home/ndp/datn/install/my_bot:/home/ndp/ydlidar_ws/install/ydlidar_ros2_driver:/home/ndp/ydlidar_ws/install/slam_gmapping:/home/ndp/ydlidar_ws/install/openslam_gmapping:/home/ndp/my_bot/install/my_bot:/home/ndp/datn/install/serial_motor_demo:/opt/ros/foxy /usr/bin/cmake --install /home/ndp/datn/build/slam_gmapping
[0.173s] -- Install configuration: ""
[0.173s] -- Execute custom install script
[0.173s] -- Up-to-date symlink: /home/ndp/datn/install/slam_gmapping/lib/slam_gmapping/slam_gmapping
[0.174s] -- Up-to-date symlink: /home/ndp/datn/install/slam_gmapping/lib/slam_gmapping/transform
[0.175s] -- Up-to-date symlink: /home/ndp/datn/install/slam_gmapping/share/slam_gmapping/launch/gmapping_4ros_launch.py
[0.175s] -- Up-to-date symlink: /home/ndp/datn/install/slam_gmapping/share/slam_gmapping/launch/gmapping_x3_launch.py
[0.175s] -- Up-to-date symlink: /home/ndp/datn/install/slam_gmapping/share/slam_gmapping/launch/slam_4ros_gmapping.launch.py
[0.176s] -- Up-to-date symlink: /home/ndp/datn/install/slam_gmapping/share/slam_gmapping/launch/test_gmapping.launch.py
[0.176s] -- Up-to-date symlink: /home/ndp/datn/install/slam_gmapping/share/slam_gmapping/launch/test_slam.py
[0.177s] -- Up-to-date symlink: /home/ndp/datn/install/slam_gmapping/share/slam_gmapping/launch/x3_slam.py
[0.177s] -- Up-to-date symlink: /home/ndp/datn/install/slam_gmapping/share/slam_gmapping/launch/ydlidar_slam.py
[0.177s] -- Symlinking: /home/ndp/datn/install/slam_gmapping/share/slam_gmapping/params/mapper_params_offline.yaml
[0.187s] -- Up-to-date symlink: /home/ndp/datn/install/slam_gmapping/share/slam_gmapping/params/mapper_params_online_async.yaml
[0.188s] -- Up-to-date symlink: /home/ndp/datn/install/slam_gmapping/share/slam_gmapping/params/slam_gmapping.yaml
[0.188s] -- Up-to-date symlink: /home/ndp/datn/install/slam_gmapping/share/ament_index/resource_index/package_run_dependencies/slam_gmapping
[0.188s] -- Up-to-date symlink: /home/ndp/datn/install/slam_gmapping/share/ament_index/resource_index/parent_prefix_path/slam_gmapping
[0.188s] -- Up-to-date symlink: /home/ndp/datn/install/slam_gmapping/share/slam_gmapping/environment/ament_prefix_path.sh
[0.189s] -- Up-to-date symlink: /home/ndp/datn/install/slam_gmapping/share/slam_gmapping/environment/ament_prefix_path.dsv
[0.189s] -- Up-to-date symlink: /home/ndp/datn/install/slam_gmapping/share/slam_gmapping/environment/path.sh
[0.190s] -- Up-to-date symlink: /home/ndp/datn/install/slam_gmapping/share/slam_gmapping/environment/path.dsv
[0.190s] -- Up-to-date symlink: /home/ndp/datn/install/slam_gmapping/share/slam_gmapping/local_setup.bash
[0.191s] -- Up-to-date symlink: /home/ndp/datn/install/slam_gmapping/share/slam_gmapping/local_setup.sh
[0.191s] -- Up-to-date symlink: /home/ndp/datn/install/slam_gmapping/share/slam_gmapping/local_setup.zsh
[0.191s] -- Up-to-date symlink: /home/ndp/datn/install/slam_gmapping/share/slam_gmapping/local_setup.dsv
[0.191s] -- Symlinking: /home/ndp/datn/install/slam_gmapping/share/slam_gmapping/package.dsv
[0.200s] -- Up-to-date symlink: /home/ndp/datn/install/slam_gmapping/share/ament_index/resource_index/packages/slam_gmapping
[0.201s] -- Up-to-date symlink: /home/ndp/datn/install/slam_gmapping/share/slam_gmapping/cmake/slam_gmappingConfig.cmake
[0.201s] -- Up-to-date symlink: /home/ndp/datn/install/slam_gmapping/share/slam_gmapping/cmake/slam_gmappingConfig-version.cmake
[0.201s] -- Up-to-date symlink: /home/ndp/datn/install/slam_gmapping/share/slam_gmapping/package.xml
[0.207s] Invoked command in '/home/ndp/datn/build/slam_gmapping' returned '0': CMAKE_PREFIX_PATH=/home/ndp/datn/install/openslam_gmapping:/home/ndp/datn/install/ydlidar_ros2_driver:/home/ndp/datn/install/slam_gmapping:/home/ndp/datn/install/serial_motor_demo_msgs:/home/ndp/datn/install/diffdrive_arduino:/home/ndp/datn/install/serial:/home/ndp/datn/install/my_bot:/home/ndp/ydlidar_ws/install/ydlidar_ros2_driver:/home/ndp/ydlidar_ws/install/slam_gmapping:/home/ndp/ydlidar_ws/install/openslam_gmapping:/home/ndp/my_bot/install/my_bot:/home/ndp/datn/install/serial_motor_demo:/opt/ros/foxy /usr/bin/cmake --install /home/ndp/datn/build/slam_gmapping
