[0.127s] DEBUG:colcon:Command line arguments: ['/usr/bin/colcon', 'build', '--symlink-install']
[0.128s] DEBUG:colcon:Parsed command line arguments: Namespace(allow_overriding=[], ament_cmake_args=None, base_paths=['.'], build_base='build', catkin_cmake_args=None, catkin_skip_building_tests=False, cmake_args=None, cmake_clean_cache=False, cmake_clean_first=False, cmake_force_configure=False, cmake_target=None, cmake_target_skip_unavailable=False, continue_on_error=False, event_handlers=None, executor='parallel', ignore_user_meta=False, install_base='install', log_base=None, log_level=None, main=<bound method BuildVerb.main of <colcon_core.verb.build.BuildVerb object at 0x7fc9874a56d0>>, merge_install=False, metas=['./colcon.meta'], packages_above=None, packages_above_and_dependencies=None, packages_above_depth=None, packages_end=None, packages_ignore=None, packages_ignore_regex=None, packages_select=None, packages_select_build_failed=False, packages_select_by_dep=None, packages_select_regex=None, packages_select_test_failures=False, packages_skip=None, packages_skip_build_finished=False, packages_skip_by_dep=None, packages_skip_regex=None, packages_skip_test_passed=False, packages_skip_up_to=None, packages_start=None, packages_up_to=None, packages_up_to_regex=None, parallel_workers=8, paths=None, symlink_install=True, test_result_base=None, verb_extension=<colcon_core.verb.build.BuildVerb object at 0x7fc9874a56d0>, verb_name='build', verb_parser=<colcon_defaults.argument_parser.defaults.DefaultArgumentsDecorator object at 0x7fc987329b20>)
[0.219s] Level 1:colcon.colcon_core.package_discovery:discover_packages(colcon_meta) check parameters
[0.219s] Level 1:colcon.colcon_core.package_discovery:discover_packages(recursive) check parameters
[0.219s] Level 1:colcon.colcon_core.package_discovery:discover_packages(ignore) check parameters
[0.219s] Level 1:colcon.colcon_core.package_discovery:discover_packages(path) check parameters
[0.219s] Level 1:colcon.colcon_core.package_discovery:discover_packages(colcon_meta) discover
[0.219s] Level 1:colcon.colcon_core.package_discovery:discover_packages(recursive) discover
[0.219s] INFO:colcon.colcon_core.package_discovery:Crawling recursively for packages in '/home/ndp/datn'
[0.220s] Level 1:colcon.colcon_core.package_identification:_identify(.) by extensions ['ignore', 'ignore_ament_install']
[0.220s] Level 1:colcon.colcon_core.package_identification:_identify(.) by extension 'ignore'
[0.220s] Level 1:colcon.colcon_core.package_identification:_identify(.) by extension 'ignore_ament_install'
[0.220s] Level 1:colcon.colcon_core.package_identification:_identify(.) by extensions ['colcon_pkg']
[0.220s] Level 1:colcon.colcon_core.package_identification:_identify(.) by extension 'colcon_pkg'
[0.220s] Level 1:colcon.colcon_core.package_identification:_identify(.) by extensions ['colcon_meta']
[0.220s] Level 1:colcon.colcon_core.package_identification:_identify(.) by extension 'colcon_meta'
[0.220s] Level 1:colcon.colcon_core.package_identification:_identify(.) by extensions ['ros']
[0.220s] Level 1:colcon.colcon_core.package_identification:_identify(.) by extension 'ros'
[0.227s] Level 1:colcon.colcon_core.package_identification:_identify(.) by extensions ['cmake', 'python']
[0.227s] Level 1:colcon.colcon_core.package_identification:_identify(.) by extension 'cmake'
[0.228s] Level 1:colcon.colcon_core.package_identification:_identify(.) by extension 'python'
[0.228s] Level 1:colcon.colcon_core.package_identification:_identify(.) by extensions ['python_setup_py']
[0.228s] Level 1:colcon.colcon_core.package_identification:_identify(.) by extension 'python_setup_py'
[0.228s] Level 1:colcon.colcon_core.package_identification:_identify(build) by extensions ['ignore', 'ignore_ament_install']
[0.228s] Level 1:colcon.colcon_core.package_identification:_identify(build) by extension 'ignore'
[0.228s] Level 1:colcon.colcon_core.package_identification:_identify(build) ignored
[0.228s] Level 1:colcon.colcon_core.package_identification:_identify(diffdrive_arduino) by extensions ['ignore', 'ignore_ament_install']
[0.228s] Level 1:colcon.colcon_core.package_identification:_identify(diffdrive_arduino) by extension 'ignore'
[0.228s] Level 1:colcon.colcon_core.package_identification:_identify(diffdrive_arduino) by extension 'ignore_ament_install'
[0.228s] Level 1:colcon.colcon_core.package_identification:_identify(diffdrive_arduino) by extensions ['colcon_pkg']
[0.228s] Level 1:colcon.colcon_core.package_identification:_identify(diffdrive_arduino) by extension 'colcon_pkg'
[0.228s] Level 1:colcon.colcon_core.package_identification:_identify(diffdrive_arduino) by extensions ['colcon_meta']
[0.228s] Level 1:colcon.colcon_core.package_identification:_identify(diffdrive_arduino) by extension 'colcon_meta'
[0.228s] Level 1:colcon.colcon_core.package_identification:_identify(diffdrive_arduino) by extensions ['ros']
[0.228s] Level 1:colcon.colcon_core.package_identification:_identify(diffdrive_arduino) by extension 'ros'
[0.230s] DEBUG:colcon.colcon_core.package_identification:Package 'diffdrive_arduino' with type 'ros.ament_cmake' and name 'diffdrive_arduino'
[0.230s] Level 1:colcon.colcon_core.package_identification:_identify(install) by extensions ['ignore', 'ignore_ament_install']
[0.230s] Level 1:colcon.colcon_core.package_identification:_identify(install) by extension 'ignore'
[0.230s] Level 1:colcon.colcon_core.package_identification:_identify(install) ignored
[0.230s] Level 1:colcon.colcon_core.package_identification:_identify(log) by extensions ['ignore', 'ignore_ament_install']
[0.231s] Level 1:colcon.colcon_core.package_identification:_identify(log) by extension 'ignore'
[0.231s] Level 1:colcon.colcon_core.package_identification:_identify(log) ignored
[0.231s] Level 1:colcon.colcon_core.package_identification:_identify(my_bot) by extensions ['ignore', 'ignore_ament_install']
[0.231s] Level 1:colcon.colcon_core.package_identification:_identify(my_bot) by extension 'ignore'
[0.231s] Level 1:colcon.colcon_core.package_identification:_identify(my_bot) by extension 'ignore_ament_install'
[0.231s] Level 1:colcon.colcon_core.package_identification:_identify(my_bot) by extensions ['colcon_pkg']
[0.231s] Level 1:colcon.colcon_core.package_identification:_identify(my_bot) by extension 'colcon_pkg'
[0.231s] Level 1:colcon.colcon_core.package_identification:_identify(my_bot) by extensions ['colcon_meta']
[0.231s] Level 1:colcon.colcon_core.package_identification:_identify(my_bot) by extension 'colcon_meta'
[0.231s] Level 1:colcon.colcon_core.package_identification:_identify(my_bot) by extensions ['ros']
[0.231s] Level 1:colcon.colcon_core.package_identification:_identify(my_bot) by extension 'ros'
[0.231s] DEBUG:colcon.colcon_core.package_identification:Package 'my_bot' with type 'ros.ament_cmake' and name 'my_bot'
[0.231s] Level 1:colcon.colcon_core.package_identification:_identify(openslam_gmapping) by extensions ['ignore', 'ignore_ament_install']
[0.231s] Level 1:colcon.colcon_core.package_identification:_identify(openslam_gmapping) by extension 'ignore'
[0.231s] Level 1:colcon.colcon_core.package_identification:_identify(openslam_gmapping) by extension 'ignore_ament_install'
[0.231s] Level 1:colcon.colcon_core.package_identification:_identify(openslam_gmapping) by extensions ['colcon_pkg']
[0.231s] Level 1:colcon.colcon_core.package_identification:_identify(openslam_gmapping) by extension 'colcon_pkg'
[0.231s] Level 1:colcon.colcon_core.package_identification:_identify(openslam_gmapping) by extensions ['colcon_meta']
[0.231s] Level 1:colcon.colcon_core.package_identification:_identify(openslam_gmapping) by extension 'colcon_meta'
[0.231s] Level 1:colcon.colcon_core.package_identification:_identify(openslam_gmapping) by extensions ['ros']
[0.231s] Level 1:colcon.colcon_core.package_identification:_identify(openslam_gmapping) by extension 'ros'
[0.232s] DEBUG:colcon.colcon_core.package_identification:Package 'openslam_gmapping' with type 'ros.ament_cmake' and name 'openslam_gmapping'
[0.232s] Level 1:colcon.colcon_core.package_identification:_identify(serial) by extensions ['ignore', 'ignore_ament_install']
[0.232s] Level 1:colcon.colcon_core.package_identification:_identify(serial) by extension 'ignore'
[0.232s] Level 1:colcon.colcon_core.package_identification:_identify(serial) by extension 'ignore_ament_install'
[0.232s] Level 1:colcon.colcon_core.package_identification:_identify(serial) by extensions ['colcon_pkg']
[0.232s] Level 1:colcon.colcon_core.package_identification:_identify(serial) by extension 'colcon_pkg'
[0.232s] Level 1:colcon.colcon_core.package_identification:_identify(serial) by extensions ['colcon_meta']
[0.232s] Level 1:colcon.colcon_core.package_identification:_identify(serial) by extension 'colcon_meta'
[0.232s] Level 1:colcon.colcon_core.package_identification:_identify(serial) by extensions ['ros']
[0.232s] Level 1:colcon.colcon_core.package_identification:_identify(serial) by extension 'ros'
[0.233s] DEBUG:colcon.colcon_core.package_identification:Package 'serial' with type 'ros.ament_cmake' and name 'serial'
[0.233s] Level 1:colcon.colcon_core.package_identification:_identify(serial_motor_demo) by extensions ['ignore', 'ignore_ament_install']
[0.233s] Level 1:colcon.colcon_core.package_identification:_identify(serial_motor_demo) by extension 'ignore'
[0.233s] Level 1:colcon.colcon_core.package_identification:_identify(serial_motor_demo) by extension 'ignore_ament_install'
[0.233s] Level 1:colcon.colcon_core.package_identification:_identify(serial_motor_demo) by extensions ['colcon_pkg']
[0.233s] Level 1:colcon.colcon_core.package_identification:_identify(serial_motor_demo) by extension 'colcon_pkg'
[0.233s] Level 1:colcon.colcon_core.package_identification:_identify(serial_motor_demo) by extensions ['colcon_meta']
[0.233s] Level 1:colcon.colcon_core.package_identification:_identify(serial_motor_demo) by extension 'colcon_meta'
[0.233s] Level 1:colcon.colcon_core.package_identification:_identify(serial_motor_demo) by extensions ['ros']
[0.233s] Level 1:colcon.colcon_core.package_identification:_identify(serial_motor_demo) by extension 'ros'
[0.233s] Level 1:colcon.colcon_core.package_identification:_identify(serial_motor_demo) by extensions ['cmake', 'python']
[0.233s] Level 1:colcon.colcon_core.package_identification:_identify(serial_motor_demo) by extension 'cmake'
[0.233s] Level 1:colcon.colcon_core.package_identification:_identify(serial_motor_demo) by extension 'python'
[0.233s] Level 1:colcon.colcon_core.package_identification:_identify(serial_motor_demo) by extensions ['python_setup_py']
[0.233s] Level 1:colcon.colcon_core.package_identification:_identify(serial_motor_demo) by extension 'python_setup_py'
[0.233s] Level 1:colcon.colcon_core.package_identification:_identify(serial_motor_demo/serial_motor_demo) by extensions ['ignore', 'ignore_ament_install']
[0.233s] Level 1:colcon.colcon_core.package_identification:_identify(serial_motor_demo/serial_motor_demo) by extension 'ignore'
[0.233s] Level 1:colcon.colcon_core.package_identification:_identify(serial_motor_demo/serial_motor_demo) by extension 'ignore_ament_install'
[0.233s] Level 1:colcon.colcon_core.package_identification:_identify(serial_motor_demo/serial_motor_demo) by extensions ['colcon_pkg']
[0.233s] Level 1:colcon.colcon_core.package_identification:_identify(serial_motor_demo/serial_motor_demo) by extension 'colcon_pkg'
[0.233s] Level 1:colcon.colcon_core.package_identification:_identify(serial_motor_demo/serial_motor_demo) by extensions ['colcon_meta']
[0.233s] Level 1:colcon.colcon_core.package_identification:_identify(serial_motor_demo/serial_motor_demo) by extension 'colcon_meta'
[0.234s] Level 1:colcon.colcon_core.package_identification:_identify(serial_motor_demo/serial_motor_demo) by extensions ['ros']
[0.234s] Level 1:colcon.colcon_core.package_identification:_identify(serial_motor_demo/serial_motor_demo) by extension 'ros'
[0.234s] DEBUG:colcon.colcon_core.package_identification:Package 'serial_motor_demo/serial_motor_demo' with type 'ros.ament_python' and name 'serial_motor_demo'
[0.234s] Level 1:colcon.colcon_core.package_identification:_identify(serial_motor_demo/serial_motor_demo_msgs) by extensions ['ignore', 'ignore_ament_install']
[0.234s] Level 1:colcon.colcon_core.package_identification:_identify(serial_motor_demo/serial_motor_demo_msgs) by extension 'ignore'
[0.234s] Level 1:colcon.colcon_core.package_identification:_identify(serial_motor_demo/serial_motor_demo_msgs) by extension 'ignore_ament_install'
[0.234s] Level 1:colcon.colcon_core.package_identification:_identify(serial_motor_demo/serial_motor_demo_msgs) by extensions ['colcon_pkg']
[0.234s] Level 1:colcon.colcon_core.package_identification:_identify(serial_motor_demo/serial_motor_demo_msgs) by extension 'colcon_pkg'
[0.234s] Level 1:colcon.colcon_core.package_identification:_identify(serial_motor_demo/serial_motor_demo_msgs) by extensions ['colcon_meta']
[0.234s] Level 1:colcon.colcon_core.package_identification:_identify(serial_motor_demo/serial_motor_demo_msgs) by extension 'colcon_meta'
[0.234s] Level 1:colcon.colcon_core.package_identification:_identify(serial_motor_demo/serial_motor_demo_msgs) by extensions ['ros']
[0.234s] Level 1:colcon.colcon_core.package_identification:_identify(serial_motor_demo/serial_motor_demo_msgs) by extension 'ros'
[0.235s] DEBUG:colcon.colcon_core.package_identification:Package 'serial_motor_demo/serial_motor_demo_msgs' with type 'ros.ament_cmake' and name 'serial_motor_demo_msgs'
[0.235s] Level 1:colcon.colcon_core.package_identification:_identify(slam_gmapping) by extensions ['ignore', 'ignore_ament_install']
[0.235s] Level 1:colcon.colcon_core.package_identification:_identify(slam_gmapping) by extension 'ignore'
[0.235s] Level 1:colcon.colcon_core.package_identification:_identify(slam_gmapping) by extension 'ignore_ament_install'
[0.235s] Level 1:colcon.colcon_core.package_identification:_identify(slam_gmapping) by extensions ['colcon_pkg']
[0.235s] Level 1:colcon.colcon_core.package_identification:_identify(slam_gmapping) by extension 'colcon_pkg'
[0.235s] Level 1:colcon.colcon_core.package_identification:_identify(slam_gmapping) by extensions ['colcon_meta']
[0.235s] Level 1:colcon.colcon_core.package_identification:_identify(slam_gmapping) by extension 'colcon_meta'
[0.235s] Level 1:colcon.colcon_core.package_identification:_identify(slam_gmapping) by extensions ['ros']
[0.235s] Level 1:colcon.colcon_core.package_identification:_identify(slam_gmapping) by extension 'ros'
[0.236s] DEBUG:colcon.colcon_core.package_identification:Package 'slam_gmapping' with type 'ros.ament_cmake' and name 'slam_gmapping'
[0.236s] Level 1:colcon.colcon_core.package_identification:_identify(ydlidar_ros2_driver-master) by extensions ['ignore', 'ignore_ament_install']
[0.236s] Level 1:colcon.colcon_core.package_identification:_identify(ydlidar_ros2_driver-master) by extension 'ignore'
[0.236s] Level 1:colcon.colcon_core.package_identification:_identify(ydlidar_ros2_driver-master) by extension 'ignore_ament_install'
[0.236s] Level 1:colcon.colcon_core.package_identification:_identify(ydlidar_ros2_driver-master) by extensions ['colcon_pkg']
[0.236s] Level 1:colcon.colcon_core.package_identification:_identify(ydlidar_ros2_driver-master) by extension 'colcon_pkg'
[0.236s] Level 1:colcon.colcon_core.package_identification:_identify(ydlidar_ros2_driver-master) by extensions ['colcon_meta']
[0.236s] Level 1:colcon.colcon_core.package_identification:_identify(ydlidar_ros2_driver-master) by extension 'colcon_meta'
[0.236s] Level 1:colcon.colcon_core.package_identification:_identify(ydlidar_ros2_driver-master) by extensions ['ros']
[0.237s] Level 1:colcon.colcon_core.package_identification:_identify(ydlidar_ros2_driver-master) by extension 'ros'
[0.237s] DEBUG:colcon.colcon_core.package_identification:Package 'ydlidar_ros2_driver-master' with type 'ros.ament_cmake' and name 'ydlidar_ros2_driver'
[0.237s] Level 1:colcon.colcon_core.package_discovery:discover_packages(recursive) using defaults
[0.237s] Level 1:colcon.colcon_core.package_discovery:discover_packages(ignore) discover
[0.237s] Level 1:colcon.colcon_core.package_discovery:discover_packages(ignore) using defaults
[0.237s] Level 1:colcon.colcon_core.package_discovery:discover_packages(path) discover
[0.237s] Level 1:colcon.colcon_core.package_discovery:discover_packages(path) using defaults
[0.250s] Level 1:colcon.colcon_core.package_discovery:discover_packages(prefix_path) check parameters
[0.250s] Level 1:colcon.colcon_core.package_discovery:discover_packages(prefix_path) discover
[0.251s] DEBUG:colcon.colcon_installed_package_information.package_discovery:Found 1 installed packages in /home/ndp/my_bot/install
[0.251s] DEBUG:colcon.colcon_installed_package_information.package_discovery:Found 3 installed packages in /home/ndp/ydlidar_ws/install
[0.252s] DEBUG:colcon.colcon_installed_package_information.package_discovery:Found 6 installed packages in /home/ndp/datn/install
[0.253s] DEBUG:colcon.colcon_installed_package_information.package_discovery:Found 288 installed packages in /opt/ros/foxy
[0.254s] Level 1:colcon.colcon_core.package_discovery:discover_packages(prefix_path) using defaults
[0.300s] Level 5:colcon.colcon_core.verb:set package 'my_bot' build argument 'cmake_args' from command line to 'None'
[0.300s] Level 5:colcon.colcon_core.verb:set package 'my_bot' build argument 'cmake_target' from command line to 'None'
[0.300s] Level 5:colcon.colcon_core.verb:set package 'my_bot' build argument 'cmake_target_skip_unavailable' from command line to 'False'
[0.300s] Level 5:colcon.colcon_core.verb:set package 'my_bot' build argument 'cmake_clean_cache' from command line to 'False'
[0.300s] Level 5:colcon.colcon_core.verb:set package 'my_bot' build argument 'cmake_clean_first' from command line to 'False'
[0.300s] Level 5:colcon.colcon_core.verb:set package 'my_bot' build argument 'cmake_force_configure' from command line to 'False'
[0.300s] Level 5:colcon.colcon_core.verb:set package 'my_bot' build argument 'ament_cmake_args' from command line to 'None'
[0.300s] Level 5:colcon.colcon_core.verb:set package 'my_bot' build argument 'catkin_cmake_args' from command line to 'None'
[0.300s] Level 5:colcon.colcon_core.verb:set package 'my_bot' build argument 'catkin_skip_building_tests' from command line to 'False'
[0.300s] DEBUG:colcon.colcon_core.verb:Building package 'my_bot' with the following arguments: {'ament_cmake_args': None, 'build_base': '/home/ndp/datn/build/my_bot', 'catkin_cmake_args': None, 'catkin_skip_building_tests': False, 'cmake_args': None, 'cmake_clean_cache': False, 'cmake_clean_first': False, 'cmake_force_configure': False, 'cmake_target': None, 'cmake_target_skip_unavailable': False, 'install_base': '/home/ndp/datn/install/my_bot', 'merge_install': False, 'path': '/home/ndp/datn/my_bot', 'symlink_install': True, 'test_result_base': None}
[0.300s] Level 5:colcon.colcon_core.verb:set package 'openslam_gmapping' build argument 'cmake_args' from command line to 'None'
[0.300s] Level 5:colcon.colcon_core.verb:set package 'openslam_gmapping' build argument 'cmake_target' from command line to 'None'
[0.300s] Level 5:colcon.colcon_core.verb:set package 'openslam_gmapping' build argument 'cmake_target_skip_unavailable' from command line to 'False'
[0.300s] Level 5:colcon.colcon_core.verb:set package 'openslam_gmapping' build argument 'cmake_clean_cache' from command line to 'False'
[0.300s] Level 5:colcon.colcon_core.verb:set package 'openslam_gmapping' build argument 'cmake_clean_first' from command line to 'False'
[0.300s] Level 5:colcon.colcon_core.verb:set package 'openslam_gmapping' build argument 'cmake_force_configure' from command line to 'False'
[0.300s] Level 5:colcon.colcon_core.verb:set package 'openslam_gmapping' build argument 'ament_cmake_args' from command line to 'None'
[0.300s] Level 5:colcon.colcon_core.verb:set package 'openslam_gmapping' build argument 'catkin_cmake_args' from command line to 'None'
[0.300s] Level 5:colcon.colcon_core.verb:set package 'openslam_gmapping' build argument 'catkin_skip_building_tests' from command line to 'False'
[0.300s] DEBUG:colcon.colcon_core.verb:Building package 'openslam_gmapping' with the following arguments: {'ament_cmake_args': None, 'build_base': '/home/ndp/datn/build/openslam_gmapping', 'catkin_cmake_args': None, 'catkin_skip_building_tests': False, 'cmake_args': None, 'cmake_clean_cache': False, 'cmake_clean_first': False, 'cmake_force_configure': False, 'cmake_target': None, 'cmake_target_skip_unavailable': False, 'install_base': '/home/ndp/datn/install/openslam_gmapping', 'merge_install': False, 'path': '/home/ndp/datn/openslam_gmapping', 'symlink_install': True, 'test_result_base': None}
[0.301s] Level 5:colcon.colcon_core.verb:set package 'serial' build argument 'cmake_args' from command line to 'None'
[0.301s] Level 5:colcon.colcon_core.verb:set package 'serial' build argument 'cmake_target' from command line to 'None'
[0.301s] Level 5:colcon.colcon_core.verb:set package 'serial' build argument 'cmake_target_skip_unavailable' from command line to 'False'
[0.301s] Level 5:colcon.colcon_core.verb:set package 'serial' build argument 'cmake_clean_cache' from command line to 'False'
[0.301s] Level 5:colcon.colcon_core.verb:set package 'serial' build argument 'cmake_clean_first' from command line to 'False'
[0.301s] Level 5:colcon.colcon_core.verb:set package 'serial' build argument 'cmake_force_configure' from command line to 'False'
[0.301s] Level 5:colcon.colcon_core.verb:set package 'serial' build argument 'ament_cmake_args' from command line to 'None'
[0.301s] Level 5:colcon.colcon_core.verb:set package 'serial' build argument 'catkin_cmake_args' from command line to 'None'
[0.301s] Level 5:colcon.colcon_core.verb:set package 'serial' build argument 'catkin_skip_building_tests' from command line to 'False'
[0.301s] DEBUG:colcon.colcon_core.verb:Building package 'serial' with the following arguments: {'ament_cmake_args': None, 'build_base': '/home/ndp/datn/build/serial', 'catkin_cmake_args': None, 'catkin_skip_building_tests': False, 'cmake_args': None, 'cmake_clean_cache': False, 'cmake_clean_first': False, 'cmake_force_configure': False, 'cmake_target': None, 'cmake_target_skip_unavailable': False, 'install_base': '/home/ndp/datn/install/serial', 'merge_install': False, 'path': '/home/ndp/datn/serial', 'symlink_install': True, 'test_result_base': None}
[0.301s] Level 5:colcon.colcon_core.verb:set package 'serial_motor_demo_msgs' build argument 'cmake_args' from command line to 'None'
[0.301s] Level 5:colcon.colcon_core.verb:set package 'serial_motor_demo_msgs' build argument 'cmake_target' from command line to 'None'
[0.301s] Level 5:colcon.colcon_core.verb:set package 'serial_motor_demo_msgs' build argument 'cmake_target_skip_unavailable' from command line to 'False'
[0.301s] Level 5:colcon.colcon_core.verb:set package 'serial_motor_demo_msgs' build argument 'cmake_clean_cache' from command line to 'False'
[0.301s] Level 5:colcon.colcon_core.verb:set package 'serial_motor_demo_msgs' build argument 'cmake_clean_first' from command line to 'False'
[0.301s] Level 5:colcon.colcon_core.verb:set package 'serial_motor_demo_msgs' build argument 'cmake_force_configure' from command line to 'False'
[0.301s] Level 5:colcon.colcon_core.verb:set package 'serial_motor_demo_msgs' build argument 'ament_cmake_args' from command line to 'None'
[0.301s] Level 5:colcon.colcon_core.verb:set package 'serial_motor_demo_msgs' build argument 'catkin_cmake_args' from command line to 'None'
[0.301s] Level 5:colcon.colcon_core.verb:set package 'serial_motor_demo_msgs' build argument 'catkin_skip_building_tests' from command line to 'False'
[0.301s] DEBUG:colcon.colcon_core.verb:Building package 'serial_motor_demo_msgs' with the following arguments: {'ament_cmake_args': None, 'build_base': '/home/ndp/datn/build/serial_motor_demo_msgs', 'catkin_cmake_args': None, 'catkin_skip_building_tests': False, 'cmake_args': None, 'cmake_clean_cache': False, 'cmake_clean_first': False, 'cmake_force_configure': False, 'cmake_target': None, 'cmake_target_skip_unavailable': False, 'install_base': '/home/ndp/datn/install/serial_motor_demo_msgs', 'merge_install': False, 'path': '/home/ndp/datn/serial_motor_demo/serial_motor_demo_msgs', 'symlink_install': True, 'test_result_base': None}
[0.301s] Level 5:colcon.colcon_core.verb:set package 'ydlidar_ros2_driver' build argument 'cmake_args' from command line to 'None'
[0.301s] Level 5:colcon.colcon_core.verb:set package 'ydlidar_ros2_driver' build argument 'cmake_target' from command line to 'None'
[0.301s] Level 5:colcon.colcon_core.verb:set package 'ydlidar_ros2_driver' build argument 'cmake_target_skip_unavailable' from command line to 'False'
[0.301s] Level 5:colcon.colcon_core.verb:set package 'ydlidar_ros2_driver' build argument 'cmake_clean_cache' from command line to 'False'
[0.301s] Level 5:colcon.colcon_core.verb:set package 'ydlidar_ros2_driver' build argument 'cmake_clean_first' from command line to 'False'
[0.301s] Level 5:colcon.colcon_core.verb:set package 'ydlidar_ros2_driver' build argument 'cmake_force_configure' from command line to 'False'
[0.301s] Level 5:colcon.colcon_core.verb:set package 'ydlidar_ros2_driver' build argument 'ament_cmake_args' from command line to 'None'
[0.301s] Level 5:colcon.colcon_core.verb:set package 'ydlidar_ros2_driver' build argument 'catkin_cmake_args' from command line to 'None'
[0.301s] Level 5:colcon.colcon_core.verb:set package 'ydlidar_ros2_driver' build argument 'catkin_skip_building_tests' from command line to 'False'
[0.301s] DEBUG:colcon.colcon_core.verb:Building package 'ydlidar_ros2_driver' with the following arguments: {'ament_cmake_args': None, 'build_base': '/home/ndp/datn/build/ydlidar_ros2_driver', 'catkin_cmake_args': None, 'catkin_skip_building_tests': False, 'cmake_args': None, 'cmake_clean_cache': False, 'cmake_clean_first': False, 'cmake_force_configure': False, 'cmake_target': None, 'cmake_target_skip_unavailable': False, 'install_base': '/home/ndp/datn/install/ydlidar_ros2_driver', 'merge_install': False, 'path': '/home/ndp/datn/ydlidar_ros2_driver-master', 'symlink_install': True, 'test_result_base': None}
[0.302s] Level 5:colcon.colcon_core.verb:set package 'diffdrive_arduino' build argument 'cmake_args' from command line to 'None'
[0.302s] Level 5:colcon.colcon_core.verb:set package 'diffdrive_arduino' build argument 'cmake_target' from command line to 'None'
[0.302s] Level 5:colcon.colcon_core.verb:set package 'diffdrive_arduino' build argument 'cmake_target_skip_unavailable' from command line to 'False'
[0.302s] Level 5:colcon.colcon_core.verb:set package 'diffdrive_arduino' build argument 'cmake_clean_cache' from command line to 'False'
[0.302s] Level 5:colcon.colcon_core.verb:set package 'diffdrive_arduino' build argument 'cmake_clean_first' from command line to 'False'
[0.302s] Level 5:colcon.colcon_core.verb:set package 'diffdrive_arduino' build argument 'cmake_force_configure' from command line to 'False'
[0.302s] Level 5:colcon.colcon_core.verb:set package 'diffdrive_arduino' build argument 'ament_cmake_args' from command line to 'None'
[0.302s] Level 5:colcon.colcon_core.verb:set package 'diffdrive_arduino' build argument 'catkin_cmake_args' from command line to 'None'
[0.302s] Level 5:colcon.colcon_core.verb:set package 'diffdrive_arduino' build argument 'catkin_skip_building_tests' from command line to 'False'
[0.302s] DEBUG:colcon.colcon_core.verb:Building package 'diffdrive_arduino' with the following arguments: {'ament_cmake_args': None, 'build_base': '/home/ndp/datn/build/diffdrive_arduino', 'catkin_cmake_args': None, 'catkin_skip_building_tests': False, 'cmake_args': None, 'cmake_clean_cache': False, 'cmake_clean_first': False, 'cmake_force_configure': False, 'cmake_target': None, 'cmake_target_skip_unavailable': False, 'install_base': '/home/ndp/datn/install/diffdrive_arduino', 'merge_install': False, 'path': '/home/ndp/datn/diffdrive_arduino', 'symlink_install': True, 'test_result_base': None}
[0.302s] Level 5:colcon.colcon_core.verb:set package 'serial_motor_demo' build argument 'cmake_args' from command line to 'None'
[0.302s] Level 5:colcon.colcon_core.verb:set package 'serial_motor_demo' build argument 'cmake_target' from command line to 'None'
[0.302s] Level 5:colcon.colcon_core.verb:set package 'serial_motor_demo' build argument 'cmake_target_skip_unavailable' from command line to 'False'
[0.302s] Level 5:colcon.colcon_core.verb:set package 'serial_motor_demo' build argument 'cmake_clean_cache' from command line to 'False'
[0.302s] Level 5:colcon.colcon_core.verb:set package 'serial_motor_demo' build argument 'cmake_clean_first' from command line to 'False'
[0.302s] Level 5:colcon.colcon_core.verb:set package 'serial_motor_demo' build argument 'cmake_force_configure' from command line to 'False'
[0.302s] Level 5:colcon.colcon_core.verb:set package 'serial_motor_demo' build argument 'ament_cmake_args' from command line to 'None'
[0.302s] Level 5:colcon.colcon_core.verb:set package 'serial_motor_demo' build argument 'catkin_cmake_args' from command line to 'None'
[0.302s] Level 5:colcon.colcon_core.verb:set package 'serial_motor_demo' build argument 'catkin_skip_building_tests' from command line to 'False'
[0.302s] DEBUG:colcon.colcon_core.verb:Building package 'serial_motor_demo' with the following arguments: {'ament_cmake_args': None, 'build_base': '/home/ndp/datn/build/serial_motor_demo', 'catkin_cmake_args': None, 'catkin_skip_building_tests': False, 'cmake_args': None, 'cmake_clean_cache': False, 'cmake_clean_first': False, 'cmake_force_configure': False, 'cmake_target': None, 'cmake_target_skip_unavailable': False, 'install_base': '/home/ndp/datn/install/serial_motor_demo', 'merge_install': False, 'path': '/home/ndp/datn/serial_motor_demo/serial_motor_demo', 'symlink_install': True, 'test_result_base': None}
[0.302s] Level 5:colcon.colcon_core.verb:set package 'slam_gmapping' build argument 'cmake_args' from command line to 'None'
[0.302s] Level 5:colcon.colcon_core.verb:set package 'slam_gmapping' build argument 'cmake_target' from command line to 'None'
[0.302s] Level 5:colcon.colcon_core.verb:set package 'slam_gmapping' build argument 'cmake_target_skip_unavailable' from command line to 'False'
[0.302s] Level 5:colcon.colcon_core.verb:set package 'slam_gmapping' build argument 'cmake_clean_cache' from command line to 'False'
[0.302s] Level 5:colcon.colcon_core.verb:set package 'slam_gmapping' build argument 'cmake_clean_first' from command line to 'False'
[0.302s] Level 5:colcon.colcon_core.verb:set package 'slam_gmapping' build argument 'cmake_force_configure' from command line to 'False'
[0.302s] Level 5:colcon.colcon_core.verb:set package 'slam_gmapping' build argument 'ament_cmake_args' from command line to 'None'
[0.302s] Level 5:colcon.colcon_core.verb:set package 'slam_gmapping' build argument 'catkin_cmake_args' from command line to 'None'
[0.302s] Level 5:colcon.colcon_core.verb:set package 'slam_gmapping' build argument 'catkin_skip_building_tests' from command line to 'False'
[0.302s] DEBUG:colcon.colcon_core.verb:Building package 'slam_gmapping' with the following arguments: {'ament_cmake_args': None, 'build_base': '/home/ndp/datn/build/slam_gmapping', 'catkin_cmake_args': None, 'catkin_skip_building_tests': False, 'cmake_args': None, 'cmake_clean_cache': False, 'cmake_clean_first': False, 'cmake_force_configure': False, 'cmake_target': None, 'cmake_target_skip_unavailable': False, 'install_base': '/home/ndp/datn/install/slam_gmapping', 'merge_install': False, 'path': '/home/ndp/datn/slam_gmapping', 'symlink_install': True, 'test_result_base': None}
[0.303s] INFO:colcon.colcon_core.executor:Executing jobs using 'parallel' executor
[0.303s] DEBUG:colcon.colcon_parallel_executor.executor.parallel:run_until_complete
[0.303s] INFO:colcon.colcon_ros.task.ament_cmake.build:Building ROS package in '/home/ndp/datn/openslam_gmapping' with build type 'ament_cmake'
[0.304s] INFO:colcon.colcon_cmake.task.cmake.build:Building CMake package in '/home/ndp/datn/openslam_gmapping'
[0.305s] INFO:colcon.colcon_core.plugin_system:Skipping extension 'colcon_core.shell.bat': Not used on non-Windows systems
[0.306s] INFO:colcon.colcon_core.shell:Skip shell extension 'powershell' for command environment: Not usable outside of PowerShell
[0.306s] DEBUG:colcon.colcon_core.shell:Skip shell extension 'dsv' for command environment
[0.310s] INFO:colcon.colcon_ros.task.ament_cmake.build:Building ROS package in '/home/ndp/datn/serial' with build type 'ament_cmake'
[0.310s] INFO:colcon.colcon_cmake.task.cmake.build:Building CMake package in '/home/ndp/datn/serial'
[0.310s] INFO:colcon.colcon_core.shell:Skip shell extension 'powershell' for command environment: Not usable outside of PowerShell
[0.310s] DEBUG:colcon.colcon_core.shell:Skip shell extension 'dsv' for command environment
[0.314s] INFO:colcon.colcon_ros.task.ament_cmake.build:Building ROS package in '/home/ndp/datn/serial_motor_demo/serial_motor_demo_msgs' with build type 'ament_cmake'
[0.315s] INFO:colcon.colcon_cmake.task.cmake.build:Building CMake package in '/home/ndp/datn/serial_motor_demo/serial_motor_demo_msgs'
[0.315s] INFO:colcon.colcon_core.shell:Skip shell extension 'powershell' for command environment: Not usable outside of PowerShell
[0.315s] DEBUG:colcon.colcon_core.shell:Skip shell extension 'dsv' for command environment
[0.320s] INFO:colcon.colcon_ros.task.ament_cmake.build:Building ROS package in '/home/ndp/datn/my_bot' with build type 'ament_cmake'
[0.321s] INFO:colcon.colcon_cmake.task.cmake.build:Building CMake package in '/home/ndp/datn/my_bot'
[0.321s] INFO:colcon.colcon_core.shell:Skip shell extension 'powershell' for command environment: Not usable outside of PowerShell
[0.321s] DEBUG:colcon.colcon_core.shell:Skip shell extension 'dsv' for command environment
[0.326s] INFO:colcon.colcon_ros.task.ament_cmake.build:Building ROS package in '/home/ndp/datn/ydlidar_ros2_driver-master' with build type 'ament_cmake'
[0.327s] INFO:colcon.colcon_cmake.task.cmake.build:Building CMake package in '/home/ndp/datn/ydlidar_ros2_driver-master'
[0.327s] INFO:colcon.colcon_core.shell:Skip shell extension 'powershell' for command environment: Not usable outside of PowerShell
[0.327s] DEBUG:colcon.colcon_core.shell:Skip shell extension 'dsv' for command environment
[0.338s] DEBUG:colcon.colcon_core.event_handler.log_command:Invoking command in '/home/ndp/datn/build/openslam_gmapping': CMAKE_PREFIX_PATH=${CMAKE_PREFIX_PATH}:/opt/ros/foxy /usr/bin/cmake --build /home/ndp/datn/build/openslam_gmapping -- -j8 -l8
[0.342s] DEBUG:colcon.colcon_core.event_handler.log_command:Invoking command in '/home/ndp/datn/build/serial': CMAKE_PREFIX_PATH=${CMAKE_PREFIX_PATH}:/opt/ros/foxy /usr/bin/cmake --build /home/ndp/datn/build/serial -- -j8 -l8
[0.347s] DEBUG:colcon.colcon_core.event_handler.log_command:Invoking command in '/home/ndp/datn/build/serial_motor_demo_msgs': CMAKE_PREFIX_PATH=${CMAKE_PREFIX_PATH}:/opt/ros/foxy /usr/bin/cmake /home/ndp/datn/serial_motor_demo/serial_motor_demo_msgs -DAMENT_CMAKE_SYMLINK_INSTALL=1 -DCMAKE_INSTALL_PREFIX=/home/ndp/datn/install/serial_motor_demo_msgs
[0.354s] DEBUG:colcon.colcon_core.event_handler.log_command:Invoking command in '/home/ndp/datn/build/my_bot': CMAKE_PREFIX_PATH=${CMAKE_PREFIX_PATH}:/opt/ros/foxy /usr/bin/cmake --build /home/ndp/datn/build/my_bot -- -j8 -l8
[0.358s] DEBUG:colcon.colcon_core.event_handler.log_command:Invoking command in '/home/ndp/datn/build/ydlidar_ros2_driver': CMAKE_PREFIX_PATH=${CMAKE_PREFIX_PATH}:/opt/ros/foxy /usr/bin/cmake --build /home/ndp/datn/build/ydlidar_ros2_driver -- -j8 -l8
[0.415s] DEBUG:colcon.colcon_core.event_handler.log_command:Invoked command in '/home/ndp/datn/build/my_bot' returned '0': CMAKE_PREFIX_PATH=${CMAKE_PREFIX_PATH}:/opt/ros/foxy /usr/bin/cmake --build /home/ndp/datn/build/my_bot -- -j8 -l8
[0.478s] DEBUG:colcon.colcon_core.event_handler.log_command:Invoking command in '/home/ndp/datn/build/my_bot': CMAKE_PREFIX_PATH=${CMAKE_PREFIX_PATH}:/opt/ros/foxy /usr/bin/cmake --install /home/ndp/datn/build/my_bot
[0.513s] DEBUG:colcon.colcon_core.event_handler.log_command:Invoked command in '/home/ndp/datn/build/serial' returned '0': CMAKE_PREFIX_PATH=${CMAKE_PREFIX_PATH}:/opt/ros/foxy /usr/bin/cmake --build /home/ndp/datn/build/serial -- -j8 -l8
[0.519s] DEBUG:colcon.colcon_core.event_handler.log_command:Invoked command in '/home/ndp/datn/build/ydlidar_ros2_driver' returned '0': CMAKE_PREFIX_PATH=${CMAKE_PREFIX_PATH}:/opt/ros/foxy /usr/bin/cmake --build /home/ndp/datn/build/ydlidar_ros2_driver -- -j8 -l8
[0.543s] Level 1:colcon.colcon_core.environment:create_environment_scripts_only(my_bot)
[0.543s] DEBUG:colcon.colcon_core.event_handler.log_command:Invoked command in '/home/ndp/datn/build/my_bot' returned '0': CMAKE_PREFIX_PATH=${CMAKE_PREFIX_PATH}:/opt/ros/foxy /usr/bin/cmake --install /home/ndp/datn/build/my_bot
[0.552s] Level 1:colcon.colcon_core.environment:checking '/home/ndp/datn/install/my_bot' for CMake module files
[0.555s] Level 1:colcon.colcon_core.environment:checking '/home/ndp/datn/install/my_bot' for CMake config files
[0.556s] Level 1:colcon.colcon_core.shell:create_environment_hook('my_bot', 'cmake_prefix_path')
[0.556s] INFO:colcon.colcon_core.shell:Creating environment hook '/home/ndp/datn/install/my_bot/share/my_bot/hook/cmake_prefix_path.ps1'
[0.558s] INFO:colcon.colcon_core.shell:Creating environment descriptor '/home/ndp/datn/install/my_bot/share/my_bot/hook/cmake_prefix_path.dsv'
[0.559s] INFO:colcon.colcon_core.shell:Creating environment hook '/home/ndp/datn/install/my_bot/share/my_bot/hook/cmake_prefix_path.sh'
[0.561s] Level 1:colcon.colcon_core.environment:checking '/home/ndp/datn/install/my_bot/bin'
[0.561s] Level 1:colcon.colcon_core.environment:checking '/home/ndp/datn/install/my_bot/lib/pkgconfig/my_bot.pc'
[0.561s] Level 1:colcon.colcon_core.environment:checking '/home/ndp/datn/install/my_bot/lib/python3.8/site-packages'
[0.562s] Level 1:colcon.colcon_core.environment:checking '/home/ndp/datn/install/my_bot/bin'
[0.562s] INFO:colcon.colcon_core.shell:Creating package script '/home/ndp/datn/install/my_bot/share/my_bot/package.ps1'
[0.564s] INFO:colcon.colcon_core.shell:Creating package descriptor '/home/ndp/datn/install/my_bot/share/my_bot/package.dsv'
[0.564s] INFO:colcon.colcon_core.shell:Creating package script '/home/ndp/datn/install/my_bot/share/my_bot/package.sh'
[0.566s] INFO:colcon.colcon_core.shell:Creating package script '/home/ndp/datn/install/my_bot/share/my_bot/package.bash'
[0.567s] INFO:colcon.colcon_core.shell:Creating package script '/home/ndp/datn/install/my_bot/share/my_bot/package.zsh'
[0.568s] Level 1:colcon.colcon_core.environment:create_file_with_runtime_dependencies(/home/ndp/datn/install/my_bot/share/colcon-core/packages/my_bot)
[0.576s] DEBUG:colcon.colcon_core.event_handler.log_command:Invoked command in '/home/ndp/datn/build/openslam_gmapping' returned '0': CMAKE_PREFIX_PATH=${CMAKE_PREFIX_PATH}:/opt/ros/foxy /usr/bin/cmake --build /home/ndp/datn/build/openslam_gmapping -- -j8 -l8
[0.602s] DEBUG:colcon.colcon_core.event_handler.log_command:Invoking command in '/home/ndp/datn/build/serial': CMAKE_PREFIX_PATH=${CMAKE_PREFIX_PATH}:/opt/ros/foxy /usr/bin/cmake --install /home/ndp/datn/build/serial
[0.609s] DEBUG:colcon.colcon_core.event_handler.log_command:Invoking command in '/home/ndp/datn/build/ydlidar_ros2_driver': CMAKE_PREFIX_PATH=${CMAKE_PREFIX_PATH}:/opt/ros/foxy /usr/bin/cmake --install /home/ndp/datn/build/ydlidar_ros2_driver
[0.610s] Level 1:colcon.colcon_core.environment:create_environment_scripts_only(my_bot)
[0.611s] Level 1:colcon.colcon_core.environment:checking '/home/ndp/datn/install/my_bot' for CMake module files
[0.612s] Level 1:colcon.colcon_core.environment:checking '/home/ndp/datn/install/my_bot' for CMake config files
[0.613s] Level 1:colcon.colcon_core.shell:create_environment_hook('my_bot', 'cmake_prefix_path')
[0.613s] INFO:colcon.colcon_core.shell:Creating environment hook '/home/ndp/datn/install/my_bot/share/my_bot/hook/cmake_prefix_path.ps1'
[0.615s] INFO:colcon.colcon_core.shell:Creating environment descriptor '/home/ndp/datn/install/my_bot/share/my_bot/hook/cmake_prefix_path.dsv'
[0.615s] INFO:colcon.colcon_core.shell:Creating environment hook '/home/ndp/datn/install/my_bot/share/my_bot/hook/cmake_prefix_path.sh'
[0.616s] Level 1:colcon.colcon_core.environment:checking '/home/ndp/datn/install/my_bot/bin'
[0.617s] Level 1:colcon.colcon_core.environment:checking '/home/ndp/datn/install/my_bot/lib/pkgconfig/my_bot.pc'
[0.617s] Level 1:colcon.colcon_core.environment:checking '/home/ndp/datn/install/my_bot/lib/python3.8/site-packages'
[0.617s] Level 1:colcon.colcon_core.environment:checking '/home/ndp/datn/install/my_bot/bin'
[0.617s] INFO:colcon.colcon_core.shell:Creating package script '/home/ndp/datn/install/my_bot/share/my_bot/package.ps1'
[0.620s] INFO:colcon.colcon_core.shell:Creating package descriptor '/home/ndp/datn/install/my_bot/share/my_bot/package.dsv'
[0.621s] INFO:colcon.colcon_core.shell:Creating package script '/home/ndp/datn/install/my_bot/share/my_bot/package.sh'
[0.625s] INFO:colcon.colcon_core.shell:Creating package script '/home/ndp/datn/install/my_bot/share/my_bot/package.bash'
[0.626s] INFO:colcon.colcon_core.shell:Creating package script '/home/ndp/datn/install/my_bot/share/my_bot/package.zsh'
[0.627s] Level 1:colcon.colcon_core.environment:create_file_with_runtime_dependencies(/home/ndp/datn/install/my_bot/share/colcon-core/packages/my_bot)
[0.633s] DEBUG:colcon.colcon_core.event_handler.log_command:Invoking command in '/home/ndp/datn/build/openslam_gmapping': CMAKE_PREFIX_PATH=${CMAKE_PREFIX_PATH}:/opt/ros/foxy /usr/bin/cmake --install /home/ndp/datn/build/openslam_gmapping
[0.637s] Level 1:colcon.colcon_core.environment:create_environment_scripts_only(serial)
[0.638s] Level 1:colcon.colcon_core.environment:checking '/home/ndp/datn/install/serial' for CMake module files
[0.638s] DEBUG:colcon.colcon_core.event_handler.log_command:Invoked command in '/home/ndp/datn/build/serial' returned '0': CMAKE_PREFIX_PATH=${CMAKE_PREFIX_PATH}:/opt/ros/foxy /usr/bin/cmake --install /home/ndp/datn/build/serial
[0.639s] Level 1:colcon.colcon_core.environment:checking '/home/ndp/datn/install/serial' for CMake config files
[0.640s] Level 1:colcon.colcon_core.shell:create_environment_hook('serial', 'cmake_prefix_path')
[0.640s] INFO:colcon.colcon_core.shell:Creating environment hook '/home/ndp/datn/install/serial/share/serial/hook/cmake_prefix_path.ps1'
[0.641s] INFO:colcon.colcon_core.shell:Creating environment descriptor '/home/ndp/datn/install/serial/share/serial/hook/cmake_prefix_path.dsv'
[0.641s] INFO:colcon.colcon_core.shell:Creating environment hook '/home/ndp/datn/install/serial/share/serial/hook/cmake_prefix_path.sh'
[0.643s] Level 1:colcon.colcon_core.environment:checking '/home/ndp/datn/install/serial/lib'
[0.644s] Level 1:colcon.colcon_core.environment:checking '/home/ndp/datn/install/serial/bin'
[0.644s] Level 1:colcon.colcon_core.environment:checking '/home/ndp/datn/install/serial/lib/pkgconfig/serial.pc'
[0.644s] Level 1:colcon.colcon_core.environment:checking '/home/ndp/datn/install/serial/lib/python3.8/site-packages'
[0.645s] Level 1:colcon.colcon_core.environment:checking '/home/ndp/datn/install/serial/bin'
[0.645s] INFO:colcon.colcon_core.shell:Creating package script '/home/ndp/datn/install/serial/share/serial/package.ps1'
[0.646s] INFO:colcon.colcon_core.shell:Creating package descriptor '/home/ndp/datn/install/serial/share/serial/package.dsv'
[0.647s] INFO:colcon.colcon_core.shell:Creating package script '/home/ndp/datn/install/serial/share/serial/package.sh'
[0.648s] INFO:colcon.colcon_core.shell:Creating package script '/home/ndp/datn/install/serial/share/serial/package.bash'
[0.649s] INFO:colcon.colcon_core.shell:Creating package script '/home/ndp/datn/install/serial/share/serial/package.zsh'
[0.649s] Level 1:colcon.colcon_core.environment:create_file_with_runtime_dependencies(/home/ndp/datn/install/serial/share/colcon-core/packages/serial)
[0.656s] Level 1:colcon.colcon_core.environment:create_environment_scripts_only(ydlidar_ros2_driver)
[0.657s] Level 1:colcon.colcon_core.environment:checking '/home/ndp/datn/install/ydlidar_ros2_driver' for CMake module files
[0.658s] DEBUG:colcon.colcon_core.event_handler.log_command:Invoked command in '/home/ndp/datn/build/ydlidar_ros2_driver' returned '0': CMAKE_PREFIX_PATH=${CMAKE_PREFIX_PATH}:/opt/ros/foxy /usr/bin/cmake --install /home/ndp/datn/build/ydlidar_ros2_driver
[0.660s] Level 1:colcon.colcon_core.environment:checking '/home/ndp/datn/install/ydlidar_ros2_driver' for CMake config files
[0.661s] Level 1:colcon.colcon_core.shell:create_environment_hook('ydlidar_ros2_driver', 'cmake_prefix_path')
[0.661s] INFO:colcon.colcon_core.shell:Creating environment hook '/home/ndp/datn/install/ydlidar_ros2_driver/share/ydlidar_ros2_driver/hook/cmake_prefix_path.ps1'
[0.662s] INFO:colcon.colcon_core.shell:Creating environment descriptor '/home/ndp/datn/install/ydlidar_ros2_driver/share/ydlidar_ros2_driver/hook/cmake_prefix_path.dsv'
[0.663s] INFO:colcon.colcon_core.shell:Creating environment hook '/home/ndp/datn/install/ydlidar_ros2_driver/share/ydlidar_ros2_driver/hook/cmake_prefix_path.sh'
[0.664s] Level 1:colcon.colcon_core.environment:checking '/home/ndp/datn/install/ydlidar_ros2_driver/lib'
[0.664s] Level 1:colcon.colcon_core.environment:checking '/home/ndp/datn/install/ydlidar_ros2_driver/bin'
[0.664s] Level 1:colcon.colcon_core.environment:checking '/home/ndp/datn/install/ydlidar_ros2_driver/lib/pkgconfig/ydlidar_ros2_driver.pc'
[0.665s] Level 1:colcon.colcon_core.environment:checking '/home/ndp/datn/install/ydlidar_ros2_driver/lib/python3.8/site-packages'
[0.665s] Level 1:colcon.colcon_core.environment:checking '/home/ndp/datn/install/ydlidar_ros2_driver/bin'
[0.665s] INFO:colcon.colcon_core.shell:Creating package script '/home/ndp/datn/install/ydlidar_ros2_driver/share/ydlidar_ros2_driver/package.ps1'
[0.666s] INFO:colcon.colcon_core.shell:Creating package descriptor '/home/ndp/datn/install/ydlidar_ros2_driver/share/ydlidar_ros2_driver/package.dsv'
[0.666s] INFO:colcon.colcon_core.shell:Creating package script '/home/ndp/datn/install/ydlidar_ros2_driver/share/ydlidar_ros2_driver/package.sh'
[0.666s] INFO:colcon.colcon_core.shell:Creating package script '/home/ndp/datn/install/ydlidar_ros2_driver/share/ydlidar_ros2_driver/package.bash'
[0.667s] INFO:colcon.colcon_core.shell:Creating package script '/home/ndp/datn/install/ydlidar_ros2_driver/share/ydlidar_ros2_driver/package.zsh'
[0.667s] Level 1:colcon.colcon_core.environment:create_file_with_runtime_dependencies(/home/ndp/datn/install/ydlidar_ros2_driver/share/colcon-core/packages/ydlidar_ros2_driver)
[0.682s] Level 1:colcon.colcon_core.environment:create_environment_scripts_only(openslam_gmapping)
[0.682s] Level 1:colcon.colcon_core.environment:checking '/home/ndp/datn/install/openslam_gmapping' for CMake module files
[0.684s] DEBUG:colcon.colcon_core.event_handler.log_command:Invoked command in '/home/ndp/datn/build/openslam_gmapping' returned '0': CMAKE_PREFIX_PATH=${CMAKE_PREFIX_PATH}:/opt/ros/foxy /usr/bin/cmake --install /home/ndp/datn/build/openslam_gmapping
[0.684s] Level 1:colcon.colcon_core.environment:checking '/home/ndp/datn/install/openslam_gmapping' for CMake config files
[0.685s] Level 1:colcon.colcon_core.shell:create_environment_hook('openslam_gmapping', 'cmake_prefix_path')
[0.686s] INFO:colcon.colcon_core.shell:Creating environment hook '/home/ndp/datn/install/openslam_gmapping/share/openslam_gmapping/hook/cmake_prefix_path.ps1'
[0.686s] INFO:colcon.colcon_core.shell:Creating environment descriptor '/home/ndp/datn/install/openslam_gmapping/share/openslam_gmapping/hook/cmake_prefix_path.dsv'
[0.687s] INFO:colcon.colcon_core.shell:Creating environment hook '/home/ndp/datn/install/openslam_gmapping/share/openslam_gmapping/hook/cmake_prefix_path.sh'
[0.688s] Level 1:colcon.colcon_core.environment:checking '/home/ndp/datn/install/openslam_gmapping/lib'
[0.688s] Level 1:colcon.colcon_core.environment:checking '/home/ndp/datn/install/openslam_gmapping/bin'
[0.688s] Level 1:colcon.colcon_core.environment:checking '/home/ndp/datn/install/openslam_gmapping/lib/pkgconfig/openslam_gmapping.pc'
[0.688s] Level 1:colcon.colcon_core.environment:checking '/home/ndp/datn/install/openslam_gmapping/lib/python3.8/site-packages'
[0.688s] Level 1:colcon.colcon_core.environment:checking '/home/ndp/datn/install/openslam_gmapping/bin'
[0.689s] INFO:colcon.colcon_core.shell:Creating package script '/home/ndp/datn/install/openslam_gmapping/share/openslam_gmapping/package.ps1'
[0.689s] INFO:colcon.colcon_core.shell:Creating package descriptor '/home/ndp/datn/install/openslam_gmapping/share/openslam_gmapping/package.dsv'
[0.690s] INFO:colcon.colcon_core.shell:Creating package script '/home/ndp/datn/install/openslam_gmapping/share/openslam_gmapping/package.sh'
[0.690s] INFO:colcon.colcon_core.shell:Creating package script '/home/ndp/datn/install/openslam_gmapping/share/openslam_gmapping/package.bash'
[0.691s] INFO:colcon.colcon_core.shell:Creating package script '/home/ndp/datn/install/openslam_gmapping/share/openslam_gmapping/package.zsh'
[0.691s] Level 1:colcon.colcon_core.environment:create_file_with_runtime_dependencies(/home/ndp/datn/install/openslam_gmapping/share/colcon-core/packages/openslam_gmapping)
[0.696s] Level 1:colcon.colcon_core.environment:create_environment_scripts_only(serial)
[0.696s] Level 1:colcon.colcon_core.environment:checking '/home/ndp/datn/install/serial' for CMake module files
[0.696s] Level 1:colcon.colcon_core.environment:checking '/home/ndp/datn/install/serial' for CMake config files
[0.697s] Level 1:colcon.colcon_core.shell:create_environment_hook('serial', 'cmake_prefix_path')
[0.697s] INFO:colcon.colcon_core.shell:Creating environment hook '/home/ndp/datn/install/serial/share/serial/hook/cmake_prefix_path.ps1'
[0.698s] INFO:colcon.colcon_core.shell:Creating environment descriptor '/home/ndp/datn/install/serial/share/serial/hook/cmake_prefix_path.dsv'
[0.698s] INFO:colcon.colcon_core.shell:Creating environment hook '/home/ndp/datn/install/serial/share/serial/hook/cmake_prefix_path.sh'
[0.698s] Level 1:colcon.colcon_core.environment:checking '/home/ndp/datn/install/serial/lib'
[0.698s] Level 1:colcon.colcon_core.environment:checking '/home/ndp/datn/install/serial/bin'
[0.699s] Level 1:colcon.colcon_core.environment:checking '/home/ndp/datn/install/serial/lib/pkgconfig/serial.pc'
[0.699s] Level 1:colcon.colcon_core.environment:checking '/home/ndp/datn/install/serial/lib/python3.8/site-packages'
[0.699s] Level 1:colcon.colcon_core.environment:checking '/home/ndp/datn/install/serial/bin'
[0.699s] INFO:colcon.colcon_core.shell:Creating package script '/home/ndp/datn/install/serial/share/serial/package.ps1'
[0.700s] INFO:colcon.colcon_core.shell:Creating package descriptor '/home/ndp/datn/install/serial/share/serial/package.dsv'
[0.700s] INFO:colcon.colcon_core.shell:Creating package script '/home/ndp/datn/install/serial/share/serial/package.sh'
[0.701s] INFO:colcon.colcon_core.shell:Creating package script '/home/ndp/datn/install/serial/share/serial/package.bash'
[0.701s] INFO:colcon.colcon_core.shell:Creating package script '/home/ndp/datn/install/serial/share/serial/package.zsh'
[0.701s] Level 1:colcon.colcon_core.environment:create_file_with_runtime_dependencies(/home/ndp/datn/install/serial/share/colcon-core/packages/serial)
[0.702s] Level 1:colcon.colcon_core.environment:create_environment_scripts_only(ydlidar_ros2_driver)
[0.702s] Level 1:colcon.colcon_core.environment:checking '/home/ndp/datn/install/ydlidar_ros2_driver' for CMake module files
[0.703s] Level 1:colcon.colcon_core.environment:checking '/home/ndp/datn/install/ydlidar_ros2_driver' for CMake config files
[0.703s] Level 1:colcon.colcon_core.shell:create_environment_hook('ydlidar_ros2_driver', 'cmake_prefix_path')
[0.703s] INFO:colcon.colcon_core.shell:Creating environment hook '/home/ndp/datn/install/ydlidar_ros2_driver/share/ydlidar_ros2_driver/hook/cmake_prefix_path.ps1'
[0.704s] INFO:colcon.colcon_core.shell:Creating environment descriptor '/home/ndp/datn/install/ydlidar_ros2_driver/share/ydlidar_ros2_driver/hook/cmake_prefix_path.dsv'
[0.704s] INFO:colcon.colcon_core.shell:Creating environment hook '/home/ndp/datn/install/ydlidar_ros2_driver/share/ydlidar_ros2_driver/hook/cmake_prefix_path.sh'
[0.705s] Level 1:colcon.colcon_core.environment:checking '/home/ndp/datn/install/ydlidar_ros2_driver/lib'
[0.705s] Level 1:colcon.colcon_core.environment:checking '/home/ndp/datn/install/ydlidar_ros2_driver/bin'
[0.705s] Level 1:colcon.colcon_core.environment:checking '/home/ndp/datn/install/ydlidar_ros2_driver/lib/pkgconfig/ydlidar_ros2_driver.pc'
[0.706s] Level 1:colcon.colcon_core.environment:checking '/home/ndp/datn/install/ydlidar_ros2_driver/lib/python3.8/site-packages'
[0.706s] Level 1:colcon.colcon_core.environment:checking '/home/ndp/datn/install/ydlidar_ros2_driver/bin'
[0.706s] INFO:colcon.colcon_core.shell:Creating package script '/home/ndp/datn/install/ydlidar_ros2_driver/share/ydlidar_ros2_driver/package.ps1'
[0.707s] INFO:colcon.colcon_core.shell:Creating package descriptor '/home/ndp/datn/install/ydlidar_ros2_driver/share/ydlidar_ros2_driver/package.dsv'
[0.708s] INFO:colcon.colcon_core.shell:Creating package script '/home/ndp/datn/install/ydlidar_ros2_driver/share/ydlidar_ros2_driver/package.sh'
[0.708s] INFO:colcon.colcon_core.shell:Creating package script '/home/ndp/datn/install/ydlidar_ros2_driver/share/ydlidar_ros2_driver/package.bash'
[0.709s] INFO:colcon.colcon_core.shell:Creating package script '/home/ndp/datn/install/ydlidar_ros2_driver/share/ydlidar_ros2_driver/package.zsh'
[0.709s] Level 1:colcon.colcon_core.environment:create_file_with_runtime_dependencies(/home/ndp/datn/install/ydlidar_ros2_driver/share/colcon-core/packages/ydlidar_ros2_driver)
[0.710s] INFO:colcon.colcon_ros.task.ament_cmake.build:Building ROS package in '/home/ndp/datn/diffdrive_arduino' with build type 'ament_cmake'
[0.710s] INFO:colcon.colcon_cmake.task.cmake.build:Building CMake package in '/home/ndp/datn/diffdrive_arduino'
[0.710s] INFO:colcon.colcon_core.shell:Skip shell extension 'powershell' for command environment: Not usable outside of PowerShell
[0.710s] DEBUG:colcon.colcon_core.shell:Skip shell extension 'dsv' for command environment
[0.723s] Level 1:colcon.colcon_core.environment:create_environment_scripts_only(openslam_gmapping)
[0.723s] Level 1:colcon.colcon_core.environment:checking '/home/ndp/datn/install/openslam_gmapping' for CMake module files
[0.724s] Level 1:colcon.colcon_core.environment:checking '/home/ndp/datn/install/openslam_gmapping' for CMake config files
[0.724s] Level 1:colcon.colcon_core.shell:create_environment_hook('openslam_gmapping', 'cmake_prefix_path')
[0.725s] INFO:colcon.colcon_core.shell:Creating environment hook '/home/ndp/datn/install/openslam_gmapping/share/openslam_gmapping/hook/cmake_prefix_path.ps1'
[0.725s] INFO:colcon.colcon_core.shell:Creating environment descriptor '/home/ndp/datn/install/openslam_gmapping/share/openslam_gmapping/hook/cmake_prefix_path.dsv'
[0.726s] INFO:colcon.colcon_core.shell:Creating environment hook '/home/ndp/datn/install/openslam_gmapping/share/openslam_gmapping/hook/cmake_prefix_path.sh'
[0.726s] Level 1:colcon.colcon_core.environment:checking '/home/ndp/datn/install/openslam_gmapping/lib'
[0.726s] Level 1:colcon.colcon_core.environment:checking '/home/ndp/datn/install/openslam_gmapping/bin'
[0.726s] Level 1:colcon.colcon_core.environment:checking '/home/ndp/datn/install/openslam_gmapping/lib/pkgconfig/openslam_gmapping.pc'
[0.727s] Level 1:colcon.colcon_core.environment:checking '/home/ndp/datn/install/openslam_gmapping/lib/python3.8/site-packages'
[0.727s] Level 1:colcon.colcon_core.environment:checking '/home/ndp/datn/install/openslam_gmapping/bin'
[0.727s] INFO:colcon.colcon_core.shell:Creating package script '/home/ndp/datn/install/openslam_gmapping/share/openslam_gmapping/package.ps1'
[0.727s] INFO:colcon.colcon_core.shell:Creating package descriptor '/home/ndp/datn/install/openslam_gmapping/share/openslam_gmapping/package.dsv'
[0.728s] INFO:colcon.colcon_core.shell:Creating package script '/home/ndp/datn/install/openslam_gmapping/share/openslam_gmapping/package.sh'
[0.728s] INFO:colcon.colcon_core.shell:Creating package script '/home/ndp/datn/install/openslam_gmapping/share/openslam_gmapping/package.bash'
[0.728s] INFO:colcon.colcon_core.shell:Creating package script '/home/ndp/datn/install/openslam_gmapping/share/openslam_gmapping/package.zsh'
[0.729s] Level 1:colcon.colcon_core.environment:create_file_with_runtime_dependencies(/home/ndp/datn/install/openslam_gmapping/share/colcon-core/packages/openslam_gmapping)
[0.729s] INFO:colcon.colcon_ros.task.ament_cmake.build:Building ROS package in '/home/ndp/datn/slam_gmapping' with build type 'ament_cmake'
[0.730s] INFO:colcon.colcon_cmake.task.cmake.build:Building CMake package in '/home/ndp/datn/slam_gmapping'
[0.730s] INFO:colcon.colcon_core.shell:Skip shell extension 'powershell' for command environment: Not usable outside of PowerShell
[0.730s] DEBUG:colcon.colcon_core.shell:Skip shell extension 'dsv' for command environment
[0.750s] DEBUG:colcon.colcon_core.event_handler.log_command:Invoking command in '/home/ndp/datn/build/diffdrive_arduino': AMENT_PREFIX_PATH=/home/ndp/datn/install/serial:${AMENT_PREFIX_PATH} CMAKE_PREFIX_PATH=/home/ndp/datn/install/serial:/home/ndp/datn/install/ydlidar_ros2_driver:/home/ndp/datn/install/slam_gmapping:/home/ndp/datn/install/openslam_gmapping:/home/ndp/datn/install/my_bot:/home/ndp/ydlidar_ws/install/ydlidar_ros2_driver:/home/ndp/ydlidar_ws/install/slam_gmapping:/home/ndp/ydlidar_ws/install/openslam_gmapping:/home/ndp/my_bot/install/my_bot:/opt/ros/foxy LD_LIBRARY_PATH=/home/ndp/datn/install/serial/lib:${LD_LIBRARY_PATH} /usr/bin/cmake --build /home/ndp/datn/build/diffdrive_arduino -- -j8 -l8
[0.758s] DEBUG:colcon.colcon_core.event_handler.log_command:Invoking command in '/home/ndp/datn/build/slam_gmapping': CMAKE_PREFIX_PATH=/home/ndp/datn/install/openslam_gmapping:/home/ndp/datn/install/ydlidar_ros2_driver:/home/ndp/datn/install/slam_gmapping:/home/ndp/datn/install/my_bot:/home/ndp/ydlidar_ws/install/ydlidar_ros2_driver:/home/ndp/ydlidar_ws/install/slam_gmapping:/home/ndp/ydlidar_ws/install/openslam_gmapping:/home/ndp/my_bot/install/my_bot:/opt/ros/foxy /usr/bin/cmake --build /home/ndp/datn/build/slam_gmapping -- -j8 -l8
[0.834s] DEBUG:colcon.colcon_core.event_handler.log_command:Invoked command in '/home/ndp/datn/build/diffdrive_arduino' returned '0': AMENT_PREFIX_PATH=/home/ndp/datn/install/serial:${AMENT_PREFIX_PATH} CMAKE_PREFIX_PATH=/home/ndp/datn/install/serial:/home/ndp/datn/install/ydlidar_ros2_driver:/home/ndp/datn/install/slam_gmapping:/home/ndp/datn/install/openslam_gmapping:/home/ndp/datn/install/my_bot:/home/ndp/ydlidar_ws/install/ydlidar_ros2_driver:/home/ndp/ydlidar_ws/install/slam_gmapping:/home/ndp/ydlidar_ws/install/openslam_gmapping:/home/ndp/my_bot/install/my_bot:/opt/ros/foxy LD_LIBRARY_PATH=/home/ndp/datn/install/serial/lib:${LD_LIBRARY_PATH} /usr/bin/cmake --build /home/ndp/datn/build/diffdrive_arduino -- -j8 -l8
[0.849s] DEBUG:colcon.colcon_core.event_handler.log_command:Invoked command in '/home/ndp/datn/build/slam_gmapping' returned '0': CMAKE_PREFIX_PATH=/home/ndp/datn/install/openslam_gmapping:/home/ndp/datn/install/ydlidar_ros2_driver:/home/ndp/datn/install/slam_gmapping:/home/ndp/datn/install/my_bot:/home/ndp/ydlidar_ws/install/ydlidar_ros2_driver:/home/ndp/ydlidar_ws/install/slam_gmapping:/home/ndp/ydlidar_ws/install/openslam_gmapping:/home/ndp/my_bot/install/my_bot:/opt/ros/foxy /usr/bin/cmake --build /home/ndp/datn/build/slam_gmapping -- -j8 -l8
[0.866s] DEBUG:colcon.colcon_core.event_handler.log_command:Invoking command in '/home/ndp/datn/build/diffdrive_arduino': AMENT_PREFIX_PATH=/home/ndp/datn/install/serial:${AMENT_PREFIX_PATH} CMAKE_PREFIX_PATH=/home/ndp/datn/install/serial:/home/ndp/datn/install/ydlidar_ros2_driver:/home/ndp/datn/install/slam_gmapping:/home/ndp/datn/install/openslam_gmapping:/home/ndp/datn/install/my_bot:/home/ndp/ydlidar_ws/install/ydlidar_ros2_driver:/home/ndp/ydlidar_ws/install/slam_gmapping:/home/ndp/ydlidar_ws/install/openslam_gmapping:/home/ndp/my_bot/install/my_bot:/opt/ros/foxy LD_LIBRARY_PATH=/home/ndp/datn/install/serial/lib:${LD_LIBRARY_PATH} /usr/bin/cmake --install /home/ndp/datn/build/diffdrive_arduino
[0.877s] DEBUG:colcon.colcon_core.event_handler.log_command:Invoking command in '/home/ndp/datn/build/slam_gmapping': CMAKE_PREFIX_PATH=/home/ndp/datn/install/openslam_gmapping:/home/ndp/datn/install/ydlidar_ros2_driver:/home/ndp/datn/install/slam_gmapping:/home/ndp/datn/install/my_bot:/home/ndp/ydlidar_ws/install/ydlidar_ros2_driver:/home/ndp/ydlidar_ws/install/slam_gmapping:/home/ndp/ydlidar_ws/install/openslam_gmapping:/home/ndp/my_bot/install/my_bot:/opt/ros/foxy /usr/bin/cmake --install /home/ndp/datn/build/slam_gmapping
[0.893s] Level 1:colcon.colcon_core.environment:create_environment_scripts_only(diffdrive_arduino)
[0.894s] Level 1:colcon.colcon_core.environment:checking '/home/ndp/datn/install/diffdrive_arduino' for CMake module files
[0.894s] DEBUG:colcon.colcon_core.event_handler.log_command:Invoked command in '/home/ndp/datn/build/diffdrive_arduino' returned '0': AMENT_PREFIX_PATH=/home/ndp/datn/install/serial:${AMENT_PREFIX_PATH} CMAKE_PREFIX_PATH=/home/ndp/datn/install/serial:/home/ndp/datn/install/ydlidar_ros2_driver:/home/ndp/datn/install/slam_gmapping:/home/ndp/datn/install/openslam_gmapping:/home/ndp/datn/install/my_bot:/home/ndp/ydlidar_ws/install/ydlidar_ros2_driver:/home/ndp/ydlidar_ws/install/slam_gmapping:/home/ndp/ydlidar_ws/install/openslam_gmapping:/home/ndp/my_bot/install/my_bot:/opt/ros/foxy LD_LIBRARY_PATH=/home/ndp/datn/install/serial/lib:${LD_LIBRARY_PATH} /usr/bin/cmake --install /home/ndp/datn/build/diffdrive_arduino
[0.895s] Level 1:colcon.colcon_core.environment:checking '/home/ndp/datn/install/diffdrive_arduino' for CMake config files
[0.896s] Level 1:colcon.colcon_core.shell:create_environment_hook('diffdrive_arduino', 'cmake_prefix_path')
[0.896s] INFO:colcon.colcon_core.shell:Creating environment hook '/home/ndp/datn/install/diffdrive_arduino/share/diffdrive_arduino/hook/cmake_prefix_path.ps1'
[0.897s] INFO:colcon.colcon_core.shell:Creating environment descriptor '/home/ndp/datn/install/diffdrive_arduino/share/diffdrive_arduino/hook/cmake_prefix_path.dsv'
[0.898s] INFO:colcon.colcon_core.shell:Creating environment hook '/home/ndp/datn/install/diffdrive_arduino/share/diffdrive_arduino/hook/cmake_prefix_path.sh'
[0.898s] Level 1:colcon.colcon_core.environment:checking '/home/ndp/datn/install/diffdrive_arduino/lib'
[0.899s] Level 1:colcon.colcon_core.shell:create_environment_hook('diffdrive_arduino', 'ld_library_path_lib')
[0.899s] INFO:colcon.colcon_core.shell:Creating environment hook '/home/ndp/datn/install/diffdrive_arduino/share/diffdrive_arduino/hook/ld_library_path_lib.ps1'
[0.899s] INFO:colcon.colcon_core.shell:Creating environment descriptor '/home/ndp/datn/install/diffdrive_arduino/share/diffdrive_arduino/hook/ld_library_path_lib.dsv'
[0.900s] INFO:colcon.colcon_core.shell:Creating environment hook '/home/ndp/datn/install/diffdrive_arduino/share/diffdrive_arduino/hook/ld_library_path_lib.sh'
[0.900s] Level 1:colcon.colcon_core.environment:checking '/home/ndp/datn/install/diffdrive_arduino/bin'
[0.900s] Level 1:colcon.colcon_core.environment:checking '/home/ndp/datn/install/diffdrive_arduino/lib/pkgconfig/diffdrive_arduino.pc'
[0.900s] Level 1:colcon.colcon_core.environment:checking '/home/ndp/datn/install/diffdrive_arduino/lib/python3.8/site-packages'
[0.900s] Level 1:colcon.colcon_core.environment:checking '/home/ndp/datn/install/diffdrive_arduino/bin'
[0.901s] INFO:colcon.colcon_core.shell:Creating package script '/home/ndp/datn/install/diffdrive_arduino/share/diffdrive_arduino/package.ps1'
[0.901s] INFO:colcon.colcon_core.shell:Creating package descriptor '/home/ndp/datn/install/diffdrive_arduino/share/diffdrive_arduino/package.dsv'
[0.902s] INFO:colcon.colcon_core.shell:Creating package script '/home/ndp/datn/install/diffdrive_arduino/share/diffdrive_arduino/package.sh'
[0.902s] INFO:colcon.colcon_core.shell:Creating package script '/home/ndp/datn/install/diffdrive_arduino/share/diffdrive_arduino/package.bash'
[0.902s] INFO:colcon.colcon_core.shell:Creating package script '/home/ndp/datn/install/diffdrive_arduino/share/diffdrive_arduino/package.zsh'
[0.903s] Level 1:colcon.colcon_core.environment:create_file_with_runtime_dependencies(/home/ndp/datn/install/diffdrive_arduino/share/colcon-core/packages/diffdrive_arduino)
[0.910s] Level 1:colcon.colcon_core.environment:create_environment_scripts_only(slam_gmapping)
[0.911s] Level 1:colcon.colcon_core.environment:checking '/home/ndp/datn/install/slam_gmapping' for CMake module files
[0.911s] DEBUG:colcon.colcon_core.event_handler.log_command:Invoked command in '/home/ndp/datn/build/slam_gmapping' returned '0': CMAKE_PREFIX_PATH=/home/ndp/datn/install/openslam_gmapping:/home/ndp/datn/install/ydlidar_ros2_driver:/home/ndp/datn/install/slam_gmapping:/home/ndp/datn/install/my_bot:/home/ndp/ydlidar_ws/install/ydlidar_ros2_driver:/home/ndp/ydlidar_ws/install/slam_gmapping:/home/ndp/ydlidar_ws/install/openslam_gmapping:/home/ndp/my_bot/install/my_bot:/opt/ros/foxy /usr/bin/cmake --install /home/ndp/datn/build/slam_gmapping
[0.912s] Level 1:colcon.colcon_core.environment:checking '/home/ndp/datn/install/slam_gmapping' for CMake config files
[0.912s] Level 1:colcon.colcon_core.shell:create_environment_hook('slam_gmapping', 'cmake_prefix_path')
[0.912s] INFO:colcon.colcon_core.shell:Creating environment hook '/home/ndp/datn/install/slam_gmapping/share/slam_gmapping/hook/cmake_prefix_path.ps1'
[0.913s] INFO:colcon.colcon_core.shell:Creating environment descriptor '/home/ndp/datn/install/slam_gmapping/share/slam_gmapping/hook/cmake_prefix_path.dsv'
[0.913s] INFO:colcon.colcon_core.shell:Creating environment hook '/home/ndp/datn/install/slam_gmapping/share/slam_gmapping/hook/cmake_prefix_path.sh'
[0.914s] Level 1:colcon.colcon_core.environment:checking '/home/ndp/datn/install/slam_gmapping/lib'
[0.914s] Level 1:colcon.colcon_core.environment:checking '/home/ndp/datn/install/slam_gmapping/bin'
[0.914s] Level 1:colcon.colcon_core.environment:checking '/home/ndp/datn/install/slam_gmapping/lib/pkgconfig/slam_gmapping.pc'
[0.914s] Level 1:colcon.colcon_core.environment:checking '/home/ndp/datn/install/slam_gmapping/lib/python3.8/site-packages'
[0.914s] Level 1:colcon.colcon_core.environment:checking '/home/ndp/datn/install/slam_gmapping/bin'
[0.914s] INFO:colcon.colcon_core.shell:Creating package script '/home/ndp/datn/install/slam_gmapping/share/slam_gmapping/package.ps1'
[0.915s] INFO:colcon.colcon_core.shell:Creating package descriptor '/home/ndp/datn/install/slam_gmapping/share/slam_gmapping/package.dsv'
[0.915s] INFO:colcon.colcon_core.shell:Creating package script '/home/ndp/datn/install/slam_gmapping/share/slam_gmapping/package.sh'
[0.915s] INFO:colcon.colcon_core.shell:Creating package script '/home/ndp/datn/install/slam_gmapping/share/slam_gmapping/package.bash'
[0.916s] INFO:colcon.colcon_core.shell:Creating package script '/home/ndp/datn/install/slam_gmapping/share/slam_gmapping/package.zsh'
[0.916s] Level 1:colcon.colcon_core.environment:create_file_with_runtime_dependencies(/home/ndp/datn/install/slam_gmapping/share/colcon-core/packages/slam_gmapping)
[0.933s] Level 1:colcon.colcon_core.environment:create_environment_scripts_only(diffdrive_arduino)
[0.933s] Level 1:colcon.colcon_core.environment:checking '/home/ndp/datn/install/diffdrive_arduino' for CMake module files
[0.934s] Level 1:colcon.colcon_core.environment:checking '/home/ndp/datn/install/diffdrive_arduino' for CMake config files
[0.934s] Level 1:colcon.colcon_core.shell:create_environment_hook('diffdrive_arduino', 'cmake_prefix_path')
[0.934s] INFO:colcon.colcon_core.shell:Creating environment hook '/home/ndp/datn/install/diffdrive_arduino/share/diffdrive_arduino/hook/cmake_prefix_path.ps1'
[0.935s] INFO:colcon.colcon_core.shell:Creating environment descriptor '/home/ndp/datn/install/diffdrive_arduino/share/diffdrive_arduino/hook/cmake_prefix_path.dsv'
[0.935s] INFO:colcon.colcon_core.shell:Creating environment hook '/home/ndp/datn/install/diffdrive_arduino/share/diffdrive_arduino/hook/cmake_prefix_path.sh'
[0.936s] Level 1:colcon.colcon_core.environment:checking '/home/ndp/datn/install/diffdrive_arduino/lib'
[0.936s] Level 1:colcon.colcon_core.shell:create_environment_hook('diffdrive_arduino', 'ld_library_path_lib')
[0.936s] INFO:colcon.colcon_core.shell:Creating environment hook '/home/ndp/datn/install/diffdrive_arduino/share/diffdrive_arduino/hook/ld_library_path_lib.ps1'
[0.936s] INFO:colcon.colcon_core.shell:Creating environment descriptor '/home/ndp/datn/install/diffdrive_arduino/share/diffdrive_arduino/hook/ld_library_path_lib.dsv'
[0.937s] INFO:colcon.colcon_core.shell:Creating environment hook '/home/ndp/datn/install/diffdrive_arduino/share/diffdrive_arduino/hook/ld_library_path_lib.sh'
[0.937s] Level 1:colcon.colcon_core.environment:checking '/home/ndp/datn/install/diffdrive_arduino/bin'
[0.937s] Level 1:colcon.colcon_core.environment:checking '/home/ndp/datn/install/diffdrive_arduino/lib/pkgconfig/diffdrive_arduino.pc'
[0.937s] Level 1:colcon.colcon_core.environment:checking '/home/ndp/datn/install/diffdrive_arduino/lib/python3.8/site-packages'
[0.938s] Level 1:colcon.colcon_core.environment:checking '/home/ndp/datn/install/diffdrive_arduino/bin'
[0.938s] INFO:colcon.colcon_core.shell:Creating package script '/home/ndp/datn/install/diffdrive_arduino/share/diffdrive_arduino/package.ps1'
[0.941s] INFO:colcon.colcon_core.shell:Creating package descriptor '/home/ndp/datn/install/diffdrive_arduino/share/diffdrive_arduino/package.dsv'
[0.942s] INFO:colcon.colcon_core.shell:Creating package script '/home/ndp/datn/install/diffdrive_arduino/share/diffdrive_arduino/package.sh'
[0.942s] INFO:colcon.colcon_core.shell:Creating package script '/home/ndp/datn/install/diffdrive_arduino/share/diffdrive_arduino/package.bash'
[0.942s] INFO:colcon.colcon_core.shell:Creating package script '/home/ndp/datn/install/diffdrive_arduino/share/diffdrive_arduino/package.zsh'
[0.943s] Level 1:colcon.colcon_core.environment:create_file_with_runtime_dependencies(/home/ndp/datn/install/diffdrive_arduino/share/colcon-core/packages/diffdrive_arduino)
[0.944s] Level 1:colcon.colcon_core.environment:create_environment_scripts_only(slam_gmapping)
[0.945s] Level 1:colcon.colcon_core.environment:checking '/home/ndp/datn/install/slam_gmapping' for CMake module files
[0.945s] Level 1:colcon.colcon_core.environment:checking '/home/ndp/datn/install/slam_gmapping' for CMake config files
[0.946s] Level 1:colcon.colcon_core.shell:create_environment_hook('slam_gmapping', 'cmake_prefix_path')
[0.946s] INFO:colcon.colcon_core.shell:Creating environment hook '/home/ndp/datn/install/slam_gmapping/share/slam_gmapping/hook/cmake_prefix_path.ps1'
[0.946s] INFO:colcon.colcon_core.shell:Creating environment descriptor '/home/ndp/datn/install/slam_gmapping/share/slam_gmapping/hook/cmake_prefix_path.dsv'
[0.947s] INFO:colcon.colcon_core.shell:Creating environment hook '/home/ndp/datn/install/slam_gmapping/share/slam_gmapping/hook/cmake_prefix_path.sh'
[0.947s] Level 1:colcon.colcon_core.environment:checking '/home/ndp/datn/install/slam_gmapping/lib'
[0.947s] Level 1:colcon.colcon_core.environment:checking '/home/ndp/datn/install/slam_gmapping/bin'
[0.947s] Level 1:colcon.colcon_core.environment:checking '/home/ndp/datn/install/slam_gmapping/lib/pkgconfig/slam_gmapping.pc'
[0.947s] Level 1:colcon.colcon_core.environment:checking '/home/ndp/datn/install/slam_gmapping/lib/python3.8/site-packages'
[0.948s] Level 1:colcon.colcon_core.environment:checking '/home/ndp/datn/install/slam_gmapping/bin'
[0.948s] INFO:colcon.colcon_core.shell:Creating package script '/home/ndp/datn/install/slam_gmapping/share/slam_gmapping/package.ps1'
[0.949s] INFO:colcon.colcon_core.shell:Creating package descriptor '/home/ndp/datn/install/slam_gmapping/share/slam_gmapping/package.dsv'
[0.949s] INFO:colcon.colcon_core.shell:Creating package script '/home/ndp/datn/install/slam_gmapping/share/slam_gmapping/package.sh'
[0.949s] INFO:colcon.colcon_core.shell:Creating package script '/home/ndp/datn/install/slam_gmapping/share/slam_gmapping/package.bash'
[0.950s] INFO:colcon.colcon_core.shell:Creating package script '/home/ndp/datn/install/slam_gmapping/share/slam_gmapping/package.zsh'
[0.950s] Level 1:colcon.colcon_core.environment:create_file_with_runtime_dependencies(/home/ndp/datn/install/slam_gmapping/share/colcon-core/packages/slam_gmapping)
[1.635s] DEBUG:colcon.colcon_core.event_handler.log_command:Invoked command in '/home/ndp/datn/build/serial_motor_demo_msgs' returned '0': CMAKE_PREFIX_PATH=${CMAKE_PREFIX_PATH}:/opt/ros/foxy /usr/bin/cmake /home/ndp/datn/serial_motor_demo/serial_motor_demo_msgs -DAMENT_CMAKE_SYMLINK_INSTALL=1 -DCMAKE_INSTALL_PREFIX=/home/ndp/datn/install/serial_motor_demo_msgs
[1.639s] DEBUG:colcon.colcon_core.event_handler.log_command:Invoking command in '/home/ndp/datn/build/serial_motor_demo_msgs': CMAKE_PREFIX_PATH=${CMAKE_PREFIX_PATH}:/opt/ros/foxy /usr/bin/cmake --build /home/ndp/datn/build/serial_motor_demo_msgs -- -j8 -l8
[4.828s] DEBUG:colcon.colcon_core.event_handler.log_command:Invoked command in '/home/ndp/datn/build/serial_motor_demo_msgs' returned '0': CMAKE_PREFIX_PATH=${CMAKE_PREFIX_PATH}:/opt/ros/foxy /usr/bin/cmake --build /home/ndp/datn/build/serial_motor_demo_msgs -- -j8 -l8
[4.893s] DEBUG:colcon.colcon_core.event_handler.log_command:Invoking command in '/home/ndp/datn/build/serial_motor_demo_msgs': CMAKE_PREFIX_PATH=${CMAKE_PREFIX_PATH}:/opt/ros/foxy /usr/bin/cmake --install /home/ndp/datn/build/serial_motor_demo_msgs
[5.501s] Level 1:colcon.colcon_core.environment:create_environment_scripts_only(serial_motor_demo_msgs)
[5.501s] Level 1:colcon.colcon_core.environment:checking '/home/ndp/datn/install/serial_motor_demo_msgs' for CMake module files
[5.502s] DEBUG:colcon.colcon_core.event_handler.log_command:Invoked command in '/home/ndp/datn/build/serial_motor_demo_msgs' returned '0': CMAKE_PREFIX_PATH=${CMAKE_PREFIX_PATH}:/opt/ros/foxy /usr/bin/cmake --install /home/ndp/datn/build/serial_motor_demo_msgs
[5.502s] Level 1:colcon.colcon_core.environment:checking '/home/ndp/datn/install/serial_motor_demo_msgs' for CMake config files
[5.503s] Level 1:colcon.colcon_core.shell:create_environment_hook('serial_motor_demo_msgs', 'cmake_prefix_path')
[5.503s] INFO:colcon.colcon_core.shell:Creating environment hook '/home/ndp/datn/install/serial_motor_demo_msgs/share/serial_motor_demo_msgs/hook/cmake_prefix_path.ps1'
[5.503s] INFO:colcon.colcon_core.shell:Creating environment descriptor '/home/ndp/datn/install/serial_motor_demo_msgs/share/serial_motor_demo_msgs/hook/cmake_prefix_path.dsv'
[5.503s] INFO:colcon.colcon_core.shell:Creating environment hook '/home/ndp/datn/install/serial_motor_demo_msgs/share/serial_motor_demo_msgs/hook/cmake_prefix_path.sh'
[5.504s] Level 1:colcon.colcon_core.environment:checking '/home/ndp/datn/install/serial_motor_demo_msgs/lib'
[5.504s] Level 1:colcon.colcon_core.shell:create_environment_hook('serial_motor_demo_msgs', 'ld_library_path_lib')
[5.504s] INFO:colcon.colcon_core.shell:Creating environment hook '/home/ndp/datn/install/serial_motor_demo_msgs/share/serial_motor_demo_msgs/hook/ld_library_path_lib.ps1'
[5.504s] INFO:colcon.colcon_core.shell:Creating environment descriptor '/home/ndp/datn/install/serial_motor_demo_msgs/share/serial_motor_demo_msgs/hook/ld_library_path_lib.dsv'
[5.504s] INFO:colcon.colcon_core.shell:Creating environment hook '/home/ndp/datn/install/serial_motor_demo_msgs/share/serial_motor_demo_msgs/hook/ld_library_path_lib.sh'
[5.504s] Level 1:colcon.colcon_core.environment:checking '/home/ndp/datn/install/serial_motor_demo_msgs/bin'
[5.505s] Level 1:colcon.colcon_core.environment:checking '/home/ndp/datn/install/serial_motor_demo_msgs/lib/pkgconfig/serial_motor_demo_msgs.pc'
[5.505s] Level 1:colcon.colcon_core.environment:checking '/home/ndp/datn/install/serial_motor_demo_msgs/lib/python3.8/site-packages'
[5.505s] Level 1:colcon.colcon_core.shell:create_environment_hook('serial_motor_demo_msgs', 'pythonpath')
[5.505s] INFO:colcon.colcon_core.shell:Creating environment hook '/home/ndp/datn/install/serial_motor_demo_msgs/share/serial_motor_demo_msgs/hook/pythonpath.ps1'
[5.505s] INFO:colcon.colcon_core.shell:Creating environment descriptor '/home/ndp/datn/install/serial_motor_demo_msgs/share/serial_motor_demo_msgs/hook/pythonpath.dsv'
[5.505s] INFO:colcon.colcon_core.shell:Creating environment hook '/home/ndp/datn/install/serial_motor_demo_msgs/share/serial_motor_demo_msgs/hook/pythonpath.sh'
[5.505s] Level 1:colcon.colcon_core.environment:checking '/home/ndp/datn/install/serial_motor_demo_msgs/bin'
[5.506s] INFO:colcon.colcon_core.shell:Creating package script '/home/ndp/datn/install/serial_motor_demo_msgs/share/serial_motor_demo_msgs/package.ps1'
[5.506s] INFO:colcon.colcon_core.shell:Creating package descriptor '/home/ndp/datn/install/serial_motor_demo_msgs/share/serial_motor_demo_msgs/package.dsv'
[5.506s] INFO:colcon.colcon_core.shell:Creating package script '/home/ndp/datn/install/serial_motor_demo_msgs/share/serial_motor_demo_msgs/package.sh'
[5.507s] INFO:colcon.colcon_core.shell:Creating package script '/home/ndp/datn/install/serial_motor_demo_msgs/share/serial_motor_demo_msgs/package.bash'
[5.507s] INFO:colcon.colcon_core.shell:Creating package script '/home/ndp/datn/install/serial_motor_demo_msgs/share/serial_motor_demo_msgs/package.zsh'
[5.507s] Level 1:colcon.colcon_core.environment:create_file_with_runtime_dependencies(/home/ndp/datn/install/serial_motor_demo_msgs/share/colcon-core/packages/serial_motor_demo_msgs)
[5.554s] Level 1:colcon.colcon_core.environment:create_environment_scripts_only(serial_motor_demo_msgs)
[5.554s] Level 1:colcon.colcon_core.environment:checking '/home/ndp/datn/install/serial_motor_demo_msgs' for CMake module files
[5.555s] Level 1:colcon.colcon_core.environment:checking '/home/ndp/datn/install/serial_motor_demo_msgs' for CMake config files
[5.555s] Level 1:colcon.colcon_core.shell:create_environment_hook('serial_motor_demo_msgs', 'cmake_prefix_path')
[5.555s] INFO:colcon.colcon_core.shell:Creating environment hook '/home/ndp/datn/install/serial_motor_demo_msgs/share/serial_motor_demo_msgs/hook/cmake_prefix_path.ps1'
[5.556s] INFO:colcon.colcon_core.shell:Creating environment descriptor '/home/ndp/datn/install/serial_motor_demo_msgs/share/serial_motor_demo_msgs/hook/cmake_prefix_path.dsv'
[5.556s] INFO:colcon.colcon_core.shell:Creating environment hook '/home/ndp/datn/install/serial_motor_demo_msgs/share/serial_motor_demo_msgs/hook/cmake_prefix_path.sh'
[5.556s] Level 1:colcon.colcon_core.environment:checking '/home/ndp/datn/install/serial_motor_demo_msgs/lib'
[5.556s] Level 1:colcon.colcon_core.shell:create_environment_hook('serial_motor_demo_msgs', 'ld_library_path_lib')
[5.557s] INFO:colcon.colcon_core.shell:Creating environment hook '/home/ndp/datn/install/serial_motor_demo_msgs/share/serial_motor_demo_msgs/hook/ld_library_path_lib.ps1'
[5.557s] INFO:colcon.colcon_core.shell:Creating environment descriptor '/home/ndp/datn/install/serial_motor_demo_msgs/share/serial_motor_demo_msgs/hook/ld_library_path_lib.dsv'
[5.557s] INFO:colcon.colcon_core.shell:Creating environment hook '/home/ndp/datn/install/serial_motor_demo_msgs/share/serial_motor_demo_msgs/hook/ld_library_path_lib.sh'
[5.557s] Level 1:colcon.colcon_core.environment:checking '/home/ndp/datn/install/serial_motor_demo_msgs/bin'
[5.557s] Level 1:colcon.colcon_core.environment:checking '/home/ndp/datn/install/serial_motor_demo_msgs/lib/pkgconfig/serial_motor_demo_msgs.pc'
[5.557s] Level 1:colcon.colcon_core.environment:checking '/home/ndp/datn/install/serial_motor_demo_msgs/lib/python3.8/site-packages'
[5.558s] Level 1:colcon.colcon_core.shell:create_environment_hook('serial_motor_demo_msgs', 'pythonpath')
[5.558s] INFO:colcon.colcon_core.shell:Creating environment hook '/home/ndp/datn/install/serial_motor_demo_msgs/share/serial_motor_demo_msgs/hook/pythonpath.ps1'
[5.558s] INFO:colcon.colcon_core.shell:Creating environment descriptor '/home/ndp/datn/install/serial_motor_demo_msgs/share/serial_motor_demo_msgs/hook/pythonpath.dsv'
[5.558s] INFO:colcon.colcon_core.shell:Creating environment hook '/home/ndp/datn/install/serial_motor_demo_msgs/share/serial_motor_demo_msgs/hook/pythonpath.sh'
[5.558s] Level 1:colcon.colcon_core.environment:checking '/home/ndp/datn/install/serial_motor_demo_msgs/bin'
[5.559s] INFO:colcon.colcon_core.shell:Creating package script '/home/ndp/datn/install/serial_motor_demo_msgs/share/serial_motor_demo_msgs/package.ps1'
[5.559s] INFO:colcon.colcon_core.shell:Creating package descriptor '/home/ndp/datn/install/serial_motor_demo_msgs/share/serial_motor_demo_msgs/package.dsv'
[5.560s] INFO:colcon.colcon_core.shell:Creating package script '/home/ndp/datn/install/serial_motor_demo_msgs/share/serial_motor_demo_msgs/package.sh'
[5.560s] INFO:colcon.colcon_core.shell:Creating package script '/home/ndp/datn/install/serial_motor_demo_msgs/share/serial_motor_demo_msgs/package.bash'
[5.560s] INFO:colcon.colcon_core.shell:Creating package script '/home/ndp/datn/install/serial_motor_demo_msgs/share/serial_motor_demo_msgs/package.zsh'
[5.560s] Level 1:colcon.colcon_core.environment:create_file_with_runtime_dependencies(/home/ndp/datn/install/serial_motor_demo_msgs/share/colcon-core/packages/serial_motor_demo_msgs)
[5.561s] INFO:colcon.colcon_ros.task.ament_python.build:Building ROS package in '/home/ndp/datn/serial_motor_demo/serial_motor_demo' with build type 'ament_python'
[5.561s] Level 1:colcon.colcon_core.shell:create_environment_hook('serial_motor_demo', 'ament_prefix_path')
[5.561s] INFO:colcon.colcon_core.shell:Creating environment hook '/home/ndp/datn/install/serial_motor_demo/share/serial_motor_demo/hook/ament_prefix_path.ps1'
[5.561s] INFO:colcon.colcon_core.shell:Creating environment descriptor '/home/ndp/datn/install/serial_motor_demo/share/serial_motor_demo/hook/ament_prefix_path.dsv'
[5.562s] INFO:colcon.colcon_core.shell:Creating environment hook '/home/ndp/datn/install/serial_motor_demo/share/serial_motor_demo/hook/ament_prefix_path.sh'
[5.562s] INFO:colcon.colcon_core.shell:Skip shell extension 'powershell' for command environment: Not usable outside of PowerShell
[5.562s] DEBUG:colcon.colcon_core.shell:Skip shell extension 'dsv' for command environment
[5.714s] INFO:colcon.colcon_core.task.python.build:Building Python package in '/home/ndp/datn/serial_motor_demo/serial_motor_demo'
[5.715s] INFO:colcon.colcon_core.shell:Skip shell extension 'powershell' for command environment: Not usable outside of PowerShell
[5.715s] DEBUG:colcon.colcon_core.shell:Skip shell extension 'dsv' for command environment
[6.019s] DEBUG:colcon.colcon_core.event_handler.log_command:Invoking command in '/home/ndp/datn/build/serial_motor_demo': AMENT_PREFIX_PATH=/home/ndp/datn/install/serial_motor_demo_msgs:${AMENT_PREFIX_PATH} CMAKE_PREFIX_PATH=/home/ndp/datn/install/serial_motor_demo_msgs:${CMAKE_PREFIX_PATH} LD_LIBRARY_PATH=/home/ndp/datn/install/serial_motor_demo_msgs/lib:${LD_LIBRARY_PATH} PYTHONPATH=/home/ndp/datn/build/serial_motor_demo/prefix_override:/home/ndp/datn/install/serial_motor_demo/lib/python3.8/site-packages:/home/ndp/datn/install/serial_motor_demo_msgs/lib/python3.8/site-packages:${PYTHONPATH} /usr/bin/python3 -W ignore:setup.py install is deprecated setup.py develop --editable --build-directory /home/ndp/datn/build/serial_motor_demo/build --no-deps symlink_data
[6.319s] Level 1:colcon.colcon_core.shell:create_environment_hook('serial_motor_demo', 'pythonpath_develop')
[6.319s] INFO:colcon.colcon_core.shell:Creating environment hook '/home/ndp/datn/build/serial_motor_demo/share/serial_motor_demo/hook/pythonpath_develop.ps1'
[6.320s] DEBUG:colcon.colcon_core.event_handler.log_command:Invoked command in '/home/ndp/datn/build/serial_motor_demo' returned '0': AMENT_PREFIX_PATH=/home/ndp/datn/install/serial_motor_demo_msgs:${AMENT_PREFIX_PATH} CMAKE_PREFIX_PATH=/home/ndp/datn/install/serial_motor_demo_msgs:${CMAKE_PREFIX_PATH} LD_LIBRARY_PATH=/home/ndp/datn/install/serial_motor_demo_msgs/lib:${LD_LIBRARY_PATH} PYTHONPATH=/home/ndp/datn/build/serial_motor_demo/prefix_override:/home/ndp/datn/install/serial_motor_demo/lib/python3.8/site-packages:/home/ndp/datn/install/serial_motor_demo_msgs/lib/python3.8/site-packages:${PYTHONPATH} /usr/bin/python3 -W ignore:setup.py install is deprecated setup.py develop --editable --build-directory /home/ndp/datn/build/serial_motor_demo/build --no-deps symlink_data
[6.320s] INFO:colcon.colcon_core.shell:Creating environment descriptor '/home/ndp/datn/build/serial_motor_demo/share/serial_motor_demo/hook/pythonpath_develop.dsv'
[6.320s] INFO:colcon.colcon_core.shell:Creating environment hook '/home/ndp/datn/build/serial_motor_demo/share/serial_motor_demo/hook/pythonpath_develop.sh'
[6.321s] Level 1:colcon.colcon_core.environment:checking '/home/ndp/datn/install/serial_motor_demo' for CMake module files
[6.321s] Level 1:colcon.colcon_core.environment:checking '/home/ndp/datn/install/serial_motor_demo' for CMake config files
[6.321s] Level 1:colcon.colcon_core.environment:checking '/home/ndp/datn/install/serial_motor_demo/lib'
[6.321s] Level 1:colcon.colcon_core.environment:checking '/home/ndp/datn/install/serial_motor_demo/bin'
[6.321s] Level 1:colcon.colcon_core.environment:checking '/home/ndp/datn/install/serial_motor_demo/lib/pkgconfig/serial_motor_demo.pc'
[6.322s] Level 1:colcon.colcon_core.environment:checking '/home/ndp/datn/install/serial_motor_demo/lib/python3.8/site-packages'
[6.322s] Level 1:colcon.colcon_core.shell:create_environment_hook('serial_motor_demo', 'pythonpath')
[6.322s] INFO:colcon.colcon_core.shell:Creating environment hook '/home/ndp/datn/install/serial_motor_demo/share/serial_motor_demo/hook/pythonpath.ps1'
[6.322s] INFO:colcon.colcon_core.shell:Creating environment descriptor '/home/ndp/datn/install/serial_motor_demo/share/serial_motor_demo/hook/pythonpath.dsv'
[6.322s] INFO:colcon.colcon_core.shell:Creating environment hook '/home/ndp/datn/install/serial_motor_demo/share/serial_motor_demo/hook/pythonpath.sh'
[6.323s] Level 1:colcon.colcon_core.environment:checking '/home/ndp/datn/install/serial_motor_demo/bin'
[6.323s] Level 1:colcon.colcon_core.environment:create_environment_scripts_only(serial_motor_demo)
[6.323s] INFO:colcon.colcon_core.shell:Creating package script '/home/ndp/datn/install/serial_motor_demo/share/serial_motor_demo/package.ps1'
[6.323s] INFO:colcon.colcon_core.shell:Creating package descriptor '/home/ndp/datn/install/serial_motor_demo/share/serial_motor_demo/package.dsv'
[6.324s] INFO:colcon.colcon_core.shell:Creating package script '/home/ndp/datn/install/serial_motor_demo/share/serial_motor_demo/package.sh'
[6.324s] INFO:colcon.colcon_core.shell:Creating package script '/home/ndp/datn/install/serial_motor_demo/share/serial_motor_demo/package.bash'
[6.324s] INFO:colcon.colcon_core.shell:Creating package script '/home/ndp/datn/install/serial_motor_demo/share/serial_motor_demo/package.zsh'
[6.324s] Level 1:colcon.colcon_core.environment:create_file_with_runtime_dependencies(/home/ndp/datn/install/serial_motor_demo/share/colcon-core/packages/serial_motor_demo)
[6.324s] DEBUG:colcon.colcon_parallel_executor.executor.parallel:closing loop
[6.325s] DEBUG:colcon.colcon_parallel_executor.executor.parallel:loop closed
[6.325s] DEBUG:colcon.colcon_parallel_executor.executor.parallel:run_until_complete finished with '0'
[6.325s] DEBUG:colcon.colcon_core.event_reactor:joining thread
[6.329s] INFO:colcon.colcon_core.plugin_system:Skipping extension 'colcon_notification.desktop_notification.terminal_notifier': Not used on non-Darwin systems
[6.329s] INFO:colcon.colcon_core.plugin_system:Skipping extension 'colcon_notification.desktop_notification.win32': Not used on non-Windows systems
[6.329s] INFO:colcon.colcon_notification.desktop_notification:Sending desktop notification using 'notify2'
[6.340s] DEBUG:colcon.colcon_core.event_reactor:joined thread
[6.341s] INFO:colcon.colcon_core.shell:Creating prefix script '/home/ndp/datn/install/local_setup.ps1'
[6.341s] INFO:colcon.colcon_core.shell:Creating prefix util module '/home/ndp/datn/install/_local_setup_util_ps1.py'
[6.343s] INFO:colcon.colcon_core.shell:Creating prefix chain script '/home/ndp/datn/install/setup.ps1'
[6.344s] INFO:colcon.colcon_core.shell:Creating prefix script '/home/ndp/datn/install/local_setup.sh'
[6.345s] INFO:colcon.colcon_core.shell:Creating prefix util module '/home/ndp/datn/install/_local_setup_util_sh.py'
[6.345s] INFO:colcon.colcon_core.shell:Creating prefix chain script '/home/ndp/datn/install/setup.sh'
[6.346s] INFO:colcon.colcon_core.shell:Creating prefix script '/home/ndp/datn/install/local_setup.bash'
[6.346s] INFO:colcon.colcon_core.shell:Creating prefix chain script '/home/ndp/datn/install/setup.bash'
[6.347s] INFO:colcon.colcon_core.shell:Creating prefix script '/home/ndp/datn/install/local_setup.zsh'
[6.347s] INFO:colcon.colcon_core.shell:Creating prefix chain script '/home/ndp/datn/install/setup.zsh'
