[0.118s] DEBUG:colcon:Command line arguments: ['/usr/bin/colcon', 'build', '--symlink-install']
[0.118s] DEBUG:colcon:Parsed command line arguments: Namespace(allow_overriding=[], ament_cmake_args=None, base_paths=['.'], build_base='build', catkin_cmake_args=None, catkin_skip_building_tests=False, cmake_args=None, cmake_clean_cache=False, cmake_clean_first=False, cmake_force_configure=False, cmake_target=None, cmake_target_skip_unavailable=False, continue_on_error=False, event_handlers=None, executor='parallel', ignore_user_meta=False, install_base='install', log_base=None, log_level=None, main=<bound method BuildVerb.main of <colcon_core.verb.build.BuildVerb object at 0x7fc7320fcf10>>, merge_install=False, metas=['./colcon.meta'], packages_above=None, packages_above_and_dependencies=None, packages_above_depth=None, packages_end=None, packages_ignore=None, packages_ignore_regex=None, packages_select=None, packages_select_build_failed=False, packages_select_by_dep=None, packages_select_regex=None, packages_select_test_failures=False, packages_skip=None, packages_skip_build_finished=False, packages_skip_by_dep=None, packages_skip_regex=None, packages_skip_test_passed=False, packages_skip_up_to=None, packages_start=None, packages_up_to=None, packages_up_to_regex=None, parallel_workers=8, paths=None, symlink_install=True, test_result_base=None, verb_extension=<colcon_core.verb.build.BuildVerb object at 0x7fc7320fcf10>, verb_name='build', verb_parser=<colcon_defaults.argument_parser.defaults.DefaultArgumentsDecorator object at 0x7fc731f80850>)
[0.215s] Level 1:colcon.colcon_core.package_discovery:discover_packages(colcon_meta) check parameters
[0.215s] Level 1:colcon.colcon_core.package_discovery:discover_packages(recursive) check parameters
[0.215s] Level 1:colcon.colcon_core.package_discovery:discover_packages(ignore) check parameters
[0.215s] Level 1:colcon.colcon_core.package_discovery:discover_packages(path) check parameters
[0.215s] Level 1:colcon.colcon_core.package_discovery:discover_packages(colcon_meta) discover
[0.215s] Level 1:colcon.colcon_core.package_discovery:discover_packages(recursive) discover
[0.215s] INFO:colcon.colcon_core.package_discovery:Crawling recursively for packages in '/home/ndp/datn'
[0.216s] Level 1:colcon.colcon_core.package_identification:_identify(.) by extensions ['ignore', 'ignore_ament_install']
[0.216s] Level 1:colcon.colcon_core.package_identification:_identify(.) by extension 'ignore'
[0.216s] Level 1:colcon.colcon_core.package_identification:_identify(.) by extension 'ignore_ament_install'
[0.216s] Level 1:colcon.colcon_core.package_identification:_identify(.) by extensions ['colcon_pkg']
[0.216s] Level 1:colcon.colcon_core.package_identification:_identify(.) by extension 'colcon_pkg'
[0.216s] Level 1:colcon.colcon_core.package_identification:_identify(.) by extensions ['colcon_meta']
[0.216s] Level 1:colcon.colcon_core.package_identification:_identify(.) by extension 'colcon_meta'
[0.216s] Level 1:colcon.colcon_core.package_identification:_identify(.) by extensions ['ros']
[0.216s] Level 1:colcon.colcon_core.package_identification:_identify(.) by extension 'ros'
[0.225s] Level 1:colcon.colcon_core.package_identification:_identify(.) by extensions ['cmake', 'python']
[0.225s] Level 1:colcon.colcon_core.package_identification:_identify(.) by extension 'cmake'
[0.225s] Level 1:colcon.colcon_core.package_identification:_identify(.) by extension 'python'
[0.225s] Level 1:colcon.colcon_core.package_identification:_identify(.) by extensions ['python_setup_py']
[0.225s] Level 1:colcon.colcon_core.package_identification:_identify(.) by extension 'python_setup_py'
[0.225s] Level 1:colcon.colcon_core.package_identification:_identify(build) by extensions ['ignore', 'ignore_ament_install']
[0.225s] Level 1:colcon.colcon_core.package_identification:_identify(build) by extension 'ignore'
[0.225s] Level 1:colcon.colcon_core.package_identification:_identify(build) ignored
[0.226s] Level 1:colcon.colcon_core.package_identification:_identify(install) by extensions ['ignore', 'ignore_ament_install']
[0.226s] Level 1:colcon.colcon_core.package_identification:_identify(install) by extension 'ignore'
[0.226s] Level 1:colcon.colcon_core.package_identification:_identify(install) ignored
[0.226s] Level 1:colcon.colcon_core.package_identification:_identify(log) by extensions ['ignore', 'ignore_ament_install']
[0.226s] Level 1:colcon.colcon_core.package_identification:_identify(log) by extension 'ignore'
[0.226s] Level 1:colcon.colcon_core.package_identification:_identify(log) ignored
[0.226s] Level 1:colcon.colcon_core.package_identification:_identify(my_bot) by extensions ['ignore', 'ignore_ament_install']
[0.226s] Level 1:colcon.colcon_core.package_identification:_identify(my_bot) by extension 'ignore'
[0.226s] Level 1:colcon.colcon_core.package_identification:_identify(my_bot) by extension 'ignore_ament_install'
[0.226s] Level 1:colcon.colcon_core.package_identification:_identify(my_bot) by extensions ['colcon_pkg']
[0.226s] Level 1:colcon.colcon_core.package_identification:_identify(my_bot) by extension 'colcon_pkg'
[0.226s] Level 1:colcon.colcon_core.package_identification:_identify(my_bot) by extensions ['colcon_meta']
[0.226s] Level 1:colcon.colcon_core.package_identification:_identify(my_bot) by extension 'colcon_meta'
[0.226s] Level 1:colcon.colcon_core.package_identification:_identify(my_bot) by extensions ['ros']
[0.226s] Level 1:colcon.colcon_core.package_identification:_identify(my_bot) by extension 'ros'
[0.228s] DEBUG:colcon.colcon_core.package_identification:Package 'my_bot' with type 'ros.ament_cmake' and name 'my_bot'
[0.228s] Level 1:colcon.colcon_core.package_identification:_identify(openslam_gmapping) by extensions ['ignore', 'ignore_ament_install']
[0.228s] Level 1:colcon.colcon_core.package_identification:_identify(openslam_gmapping) by extension 'ignore'
[0.228s] Level 1:colcon.colcon_core.package_identification:_identify(openslam_gmapping) by extension 'ignore_ament_install'
[0.228s] Level 1:colcon.colcon_core.package_identification:_identify(openslam_gmapping) by extensions ['colcon_pkg']
[0.228s] Level 1:colcon.colcon_core.package_identification:_identify(openslam_gmapping) by extension 'colcon_pkg'
[0.228s] Level 1:colcon.colcon_core.package_identification:_identify(openslam_gmapping) by extensions ['colcon_meta']
[0.228s] Level 1:colcon.colcon_core.package_identification:_identify(openslam_gmapping) by extension 'colcon_meta'
[0.228s] Level 1:colcon.colcon_core.package_identification:_identify(openslam_gmapping) by extensions ['ros']
[0.228s] Level 1:colcon.colcon_core.package_identification:_identify(openslam_gmapping) by extension 'ros'
[0.229s] DEBUG:colcon.colcon_core.package_identification:Package 'openslam_gmapping' with type 'ros.ament_cmake' and name 'openslam_gmapping'
[0.229s] Level 1:colcon.colcon_core.package_identification:_identify(slam_gmapping) by extensions ['ignore', 'ignore_ament_install']
[0.229s] Level 1:colcon.colcon_core.package_identification:_identify(slam_gmapping) by extension 'ignore'
[0.229s] Level 1:colcon.colcon_core.package_identification:_identify(slam_gmapping) by extension 'ignore_ament_install'
[0.229s] Level 1:colcon.colcon_core.package_identification:_identify(slam_gmapping) by extensions ['colcon_pkg']
[0.229s] Level 1:colcon.colcon_core.package_identification:_identify(slam_gmapping) by extension 'colcon_pkg'
[0.229s] Level 1:colcon.colcon_core.package_identification:_identify(slam_gmapping) by extensions ['colcon_meta']
[0.229s] Level 1:colcon.colcon_core.package_identification:_identify(slam_gmapping) by extension 'colcon_meta'
[0.229s] Level 1:colcon.colcon_core.package_identification:_identify(slam_gmapping) by extensions ['ros']
[0.229s] Level 1:colcon.colcon_core.package_identification:_identify(slam_gmapping) by extension 'ros'
[0.230s] DEBUG:colcon.colcon_core.package_identification:Package 'slam_gmapping' with type 'ros.ament_cmake' and name 'slam_gmapping'
[0.230s] Level 1:colcon.colcon_core.package_identification:_identify(ydlidar_ros2_driver-master) by extensions ['ignore', 'ignore_ament_install']
[0.230s] Level 1:colcon.colcon_core.package_identification:_identify(ydlidar_ros2_driver-master) by extension 'ignore'
[0.230s] Level 1:colcon.colcon_core.package_identification:_identify(ydlidar_ros2_driver-master) by extension 'ignore_ament_install'
[0.230s] Level 1:colcon.colcon_core.package_identification:_identify(ydlidar_ros2_driver-master) by extensions ['colcon_pkg']
[0.230s] Level 1:colcon.colcon_core.package_identification:_identify(ydlidar_ros2_driver-master) by extension 'colcon_pkg'
[0.230s] Level 1:colcon.colcon_core.package_identification:_identify(ydlidar_ros2_driver-master) by extensions ['colcon_meta']
[0.230s] Level 1:colcon.colcon_core.package_identification:_identify(ydlidar_ros2_driver-master) by extension 'colcon_meta'
[0.230s] Level 1:colcon.colcon_core.package_identification:_identify(ydlidar_ros2_driver-master) by extensions ['ros']
[0.231s] Level 1:colcon.colcon_core.package_identification:_identify(ydlidar_ros2_driver-master) by extension 'ros'
[0.231s] DEBUG:colcon.colcon_core.package_identification:Package 'ydlidar_ros2_driver-master' with type 'ros.ament_cmake' and name 'ydlidar_ros2_driver'
[0.231s] Level 1:colcon.colcon_core.package_discovery:discover_packages(recursive) using defaults
[0.231s] Level 1:colcon.colcon_core.package_discovery:discover_packages(ignore) discover
[0.231s] Level 1:colcon.colcon_core.package_discovery:discover_packages(ignore) using defaults
[0.231s] Level 1:colcon.colcon_core.package_discovery:discover_packages(path) discover
[0.231s] Level 1:colcon.colcon_core.package_discovery:discover_packages(path) using defaults
[0.242s] Level 1:colcon.colcon_core.package_discovery:discover_packages(prefix_path) check parameters
[0.242s] Level 1:colcon.colcon_core.package_discovery:discover_packages(prefix_path) discover
[0.243s] DEBUG:colcon.colcon_installed_package_information.package_discovery:Found 1 installed packages in /home/ndp/my_bot/install
[0.243s] DEBUG:colcon.colcon_installed_package_information.package_discovery:Found 3 installed packages in /home/ndp/ydlidar_ws/install
[0.243s] DEBUG:colcon.colcon_installed_package_information.package_discovery:Found 4 installed packages in /home/ndp/datn/install
[0.244s] DEBUG:colcon.colcon_installed_package_information.package_discovery:Found 266 installed packages in /opt/ros/foxy
[0.246s] Level 1:colcon.colcon_core.package_discovery:discover_packages(prefix_path) using defaults
[0.290s] Level 5:colcon.colcon_core.verb:set package 'my_bot' build argument 'cmake_args' from command line to 'None'
[0.290s] Level 5:colcon.colcon_core.verb:set package 'my_bot' build argument 'cmake_target' from command line to 'None'
[0.290s] Level 5:colcon.colcon_core.verb:set package 'my_bot' build argument 'cmake_target_skip_unavailable' from command line to 'False'
[0.290s] Level 5:colcon.colcon_core.verb:set package 'my_bot' build argument 'cmake_clean_cache' from command line to 'False'
[0.290s] Level 5:colcon.colcon_core.verb:set package 'my_bot' build argument 'cmake_clean_first' from command line to 'False'
[0.290s] Level 5:colcon.colcon_core.verb:set package 'my_bot' build argument 'cmake_force_configure' from command line to 'False'
[0.290s] Level 5:colcon.colcon_core.verb:set package 'my_bot' build argument 'ament_cmake_args' from command line to 'None'
[0.290s] Level 5:colcon.colcon_core.verb:set package 'my_bot' build argument 'catkin_cmake_args' from command line to 'None'
[0.290s] Level 5:colcon.colcon_core.verb:set package 'my_bot' build argument 'catkin_skip_building_tests' from command line to 'False'
[0.290s] DEBUG:colcon.colcon_core.verb:Building package 'my_bot' with the following arguments: {'ament_cmake_args': None, 'build_base': '/home/ndp/datn/build/my_bot', 'catkin_cmake_args': None, 'catkin_skip_building_tests': False, 'cmake_args': None, 'cmake_clean_cache': False, 'cmake_clean_first': False, 'cmake_force_configure': False, 'cmake_target': None, 'cmake_target_skip_unavailable': False, 'install_base': '/home/ndp/datn/install/my_bot', 'merge_install': False, 'path': '/home/ndp/datn/my_bot', 'symlink_install': True, 'test_result_base': None}
[0.290s] Level 5:colcon.colcon_core.verb:set package 'openslam_gmapping' build argument 'cmake_args' from command line to 'None'
[0.290s] Level 5:colcon.colcon_core.verb:set package 'openslam_gmapping' build argument 'cmake_target' from command line to 'None'
[0.290s] Level 5:colcon.colcon_core.verb:set package 'openslam_gmapping' build argument 'cmake_target_skip_unavailable' from command line to 'False'
[0.290s] Level 5:colcon.colcon_core.verb:set package 'openslam_gmapping' build argument 'cmake_clean_cache' from command line to 'False'
[0.290s] Level 5:colcon.colcon_core.verb:set package 'openslam_gmapping' build argument 'cmake_clean_first' from command line to 'False'
[0.290s] Level 5:colcon.colcon_core.verb:set package 'openslam_gmapping' build argument 'cmake_force_configure' from command line to 'False'
[0.290s] Level 5:colcon.colcon_core.verb:set package 'openslam_gmapping' build argument 'ament_cmake_args' from command line to 'None'
[0.290s] Level 5:colcon.colcon_core.verb:set package 'openslam_gmapping' build argument 'catkin_cmake_args' from command line to 'None'
[0.290s] Level 5:colcon.colcon_core.verb:set package 'openslam_gmapping' build argument 'catkin_skip_building_tests' from command line to 'False'
[0.290s] DEBUG:colcon.colcon_core.verb:Building package 'openslam_gmapping' with the following arguments: {'ament_cmake_args': None, 'build_base': '/home/ndp/datn/build/openslam_gmapping', 'catkin_cmake_args': None, 'catkin_skip_building_tests': False, 'cmake_args': None, 'cmake_clean_cache': False, 'cmake_clean_first': False, 'cmake_force_configure': False, 'cmake_target': None, 'cmake_target_skip_unavailable': False, 'install_base': '/home/ndp/datn/install/openslam_gmapping', 'merge_install': False, 'path': '/home/ndp/datn/openslam_gmapping', 'symlink_install': True, 'test_result_base': None}
[0.291s] Level 5:colcon.colcon_core.verb:set package 'ydlidar_ros2_driver' build argument 'cmake_args' from command line to 'None'
[0.291s] Level 5:colcon.colcon_core.verb:set package 'ydlidar_ros2_driver' build argument 'cmake_target' from command line to 'None'
[0.291s] Level 5:colcon.colcon_core.verb:set package 'ydlidar_ros2_driver' build argument 'cmake_target_skip_unavailable' from command line to 'False'
[0.291s] Level 5:colcon.colcon_core.verb:set package 'ydlidar_ros2_driver' build argument 'cmake_clean_cache' from command line to 'False'
[0.291s] Level 5:colcon.colcon_core.verb:set package 'ydlidar_ros2_driver' build argument 'cmake_clean_first' from command line to 'False'
[0.291s] Level 5:colcon.colcon_core.verb:set package 'ydlidar_ros2_driver' build argument 'cmake_force_configure' from command line to 'False'
[0.291s] Level 5:colcon.colcon_core.verb:set package 'ydlidar_ros2_driver' build argument 'ament_cmake_args' from command line to 'None'
[0.291s] Level 5:colcon.colcon_core.verb:set package 'ydlidar_ros2_driver' build argument 'catkin_cmake_args' from command line to 'None'
[0.291s] Level 5:colcon.colcon_core.verb:set package 'ydlidar_ros2_driver' build argument 'catkin_skip_building_tests' from command line to 'False'
[0.291s] DEBUG:colcon.colcon_core.verb:Building package 'ydlidar_ros2_driver' with the following arguments: {'ament_cmake_args': None, 'build_base': '/home/ndp/datn/build/ydlidar_ros2_driver', 'catkin_cmake_args': None, 'catkin_skip_building_tests': False, 'cmake_args': None, 'cmake_clean_cache': False, 'cmake_clean_first': False, 'cmake_force_configure': False, 'cmake_target': None, 'cmake_target_skip_unavailable': False, 'install_base': '/home/ndp/datn/install/ydlidar_ros2_driver', 'merge_install': False, 'path': '/home/ndp/datn/ydlidar_ros2_driver-master', 'symlink_install': True, 'test_result_base': None}
[0.291s] Level 5:colcon.colcon_core.verb:set package 'slam_gmapping' build argument 'cmake_args' from command line to 'None'
[0.291s] Level 5:colcon.colcon_core.verb:set package 'slam_gmapping' build argument 'cmake_target' from command line to 'None'
[0.291s] Level 5:colcon.colcon_core.verb:set package 'slam_gmapping' build argument 'cmake_target_skip_unavailable' from command line to 'False'
[0.291s] Level 5:colcon.colcon_core.verb:set package 'slam_gmapping' build argument 'cmake_clean_cache' from command line to 'False'
[0.291s] Level 5:colcon.colcon_core.verb:set package 'slam_gmapping' build argument 'cmake_clean_first' from command line to 'False'
[0.291s] Level 5:colcon.colcon_core.verb:set package 'slam_gmapping' build argument 'cmake_force_configure' from command line to 'False'
[0.291s] Level 5:colcon.colcon_core.verb:set package 'slam_gmapping' build argument 'ament_cmake_args' from command line to 'None'
[0.291s] Level 5:colcon.colcon_core.verb:set package 'slam_gmapping' build argument 'catkin_cmake_args' from command line to 'None'
[0.291s] Level 5:colcon.colcon_core.verb:set package 'slam_gmapping' build argument 'catkin_skip_building_tests' from command line to 'False'
[0.291s] DEBUG:colcon.colcon_core.verb:Building package 'slam_gmapping' with the following arguments: {'ament_cmake_args': None, 'build_base': '/home/ndp/datn/build/slam_gmapping', 'catkin_cmake_args': None, 'catkin_skip_building_tests': False, 'cmake_args': None, 'cmake_clean_cache': False, 'cmake_clean_first': False, 'cmake_force_configure': False, 'cmake_target': None, 'cmake_target_skip_unavailable': False, 'install_base': '/home/ndp/datn/install/slam_gmapping', 'merge_install': False, 'path': '/home/ndp/datn/slam_gmapping', 'symlink_install': True, 'test_result_base': None}
[0.291s] INFO:colcon.colcon_core.executor:Executing jobs using 'parallel' executor
[0.292s] DEBUG:colcon.colcon_parallel_executor.executor.parallel:run_until_complete
[0.292s] INFO:colcon.colcon_ros.task.ament_cmake.build:Building ROS package in '/home/ndp/datn/openslam_gmapping' with build type 'ament_cmake'
[0.292s] INFO:colcon.colcon_cmake.task.cmake.build:Building CMake package in '/home/ndp/datn/openslam_gmapping'
[0.294s] INFO:colcon.colcon_core.plugin_system:Skipping extension 'colcon_core.shell.bat': Not used on non-Windows systems
[0.294s] INFO:colcon.colcon_core.shell:Skip shell extension 'powershell' for command environment: Not usable outside of PowerShell
[0.294s] DEBUG:colcon.colcon_core.shell:Skip shell extension 'dsv' for command environment
[0.298s] INFO:colcon.colcon_ros.task.ament_cmake.build:Building ROS package in '/home/ndp/datn/my_bot' with build type 'ament_cmake'
[0.298s] INFO:colcon.colcon_cmake.task.cmake.build:Building CMake package in '/home/ndp/datn/my_bot'
[0.299s] INFO:colcon.colcon_core.shell:Skip shell extension 'powershell' for command environment: Not usable outside of PowerShell
[0.299s] DEBUG:colcon.colcon_core.shell:Skip shell extension 'dsv' for command environment
[0.303s] INFO:colcon.colcon_ros.task.ament_cmake.build:Building ROS package in '/home/ndp/datn/ydlidar_ros2_driver-master' with build type 'ament_cmake'
[0.303s] INFO:colcon.colcon_cmake.task.cmake.build:Building CMake package in '/home/ndp/datn/ydlidar_ros2_driver-master'
[0.303s] INFO:colcon.colcon_core.shell:Skip shell extension 'powershell' for command environment: Not usable outside of PowerShell
[0.303s] DEBUG:colcon.colcon_core.shell:Skip shell extension 'dsv' for command environment
[0.315s] DEBUG:colcon.colcon_core.event_handler.log_command:Invoking command in '/home/ndp/datn/build/openslam_gmapping': CMAKE_PREFIX_PATH=${CMAKE_PREFIX_PATH}:/opt/ros/foxy /usr/bin/cmake --build /home/ndp/datn/build/openslam_gmapping -- -j8 -l8
[0.319s] DEBUG:colcon.colcon_core.event_handler.log_command:Invoking command in '/home/ndp/datn/build/my_bot': CMAKE_PREFIX_PATH=${CMAKE_PREFIX_PATH}:/opt/ros/foxy /usr/bin/cmake --build /home/ndp/datn/build/my_bot -- -j8 -l8
[0.325s] DEBUG:colcon.colcon_core.event_handler.log_command:Invoking command in '/home/ndp/datn/build/ydlidar_ros2_driver': CMAKE_PREFIX_PATH=${CMAKE_PREFIX_PATH}:/opt/ros/foxy /usr/bin/cmake --build /home/ndp/datn/build/ydlidar_ros2_driver -- -j8 -l8
[0.358s] DEBUG:colcon.colcon_core.event_handler.log_command:Invoked command in '/home/ndp/datn/build/my_bot' returned '0': CMAKE_PREFIX_PATH=${CMAKE_PREFIX_PATH}:/opt/ros/foxy /usr/bin/cmake --build /home/ndp/datn/build/my_bot -- -j8 -l8
[0.403s] DEBUG:colcon.colcon_core.event_handler.log_command:Invoking command in '/home/ndp/datn/build/my_bot': CMAKE_PREFIX_PATH=${CMAKE_PREFIX_PATH}:/opt/ros/foxy /usr/bin/cmake --install /home/ndp/datn/build/my_bot
[0.405s] DEBUG:colcon.colcon_core.event_handler.log_command:Invoked command in '/home/ndp/datn/build/ydlidar_ros2_driver' returned '0': CMAKE_PREFIX_PATH=${CMAKE_PREFIX_PATH}:/opt/ros/foxy /usr/bin/cmake --build /home/ndp/datn/build/ydlidar_ros2_driver -- -j8 -l8
[0.437s] DEBUG:colcon.colcon_core.event_handler.log_command:Invoking command in '/home/ndp/datn/build/ydlidar_ros2_driver': CMAKE_PREFIX_PATH=${CMAKE_PREFIX_PATH}:/opt/ros/foxy /usr/bin/cmake --install /home/ndp/datn/build/ydlidar_ros2_driver
[0.440s] Level 1:colcon.colcon_core.environment:create_environment_scripts_only(my_bot)
[0.441s] DEBUG:colcon.colcon_core.event_handler.log_command:Invoked command in '/home/ndp/datn/build/my_bot' returned '0': CMAKE_PREFIX_PATH=${CMAKE_PREFIX_PATH}:/opt/ros/foxy /usr/bin/cmake --install /home/ndp/datn/build/my_bot
[0.443s] Level 1:colcon.colcon_core.environment:checking '/home/ndp/datn/install/my_bot' for CMake module files
[0.444s] Level 1:colcon.colcon_core.environment:checking '/home/ndp/datn/install/my_bot' for CMake config files
[0.444s] Level 1:colcon.colcon_core.shell:create_environment_hook('my_bot', 'cmake_prefix_path')
[0.444s] INFO:colcon.colcon_core.shell:Creating environment hook '/home/ndp/datn/install/my_bot/share/my_bot/hook/cmake_prefix_path.ps1'
[0.445s] INFO:colcon.colcon_core.shell:Creating environment descriptor '/home/ndp/datn/install/my_bot/share/my_bot/hook/cmake_prefix_path.dsv'
[0.446s] INFO:colcon.colcon_core.shell:Creating environment hook '/home/ndp/datn/install/my_bot/share/my_bot/hook/cmake_prefix_path.sh'
[0.447s] Level 1:colcon.colcon_core.environment:checking '/home/ndp/datn/install/my_bot/bin'
[0.448s] Level 1:colcon.colcon_core.environment:checking '/home/ndp/datn/install/my_bot/lib/pkgconfig/my_bot.pc'
[0.448s] Level 1:colcon.colcon_core.environment:checking '/home/ndp/datn/install/my_bot/lib/python3.8/site-packages'
[0.449s] Level 1:colcon.colcon_core.environment:checking '/home/ndp/datn/install/my_bot/bin'
[0.449s] INFO:colcon.colcon_core.shell:Creating package script '/home/ndp/datn/install/my_bot/share/my_bot/package.ps1'
[0.451s] INFO:colcon.colcon_core.shell:Creating package descriptor '/home/ndp/datn/install/my_bot/share/my_bot/package.dsv'
[0.452s] INFO:colcon.colcon_core.shell:Creating package script '/home/ndp/datn/install/my_bot/share/my_bot/package.sh'
[0.453s] INFO:colcon.colcon_core.shell:Creating package script '/home/ndp/datn/install/my_bot/share/my_bot/package.bash'
[0.454s] INFO:colcon.colcon_core.shell:Creating package script '/home/ndp/datn/install/my_bot/share/my_bot/package.zsh'
[0.455s] Level 1:colcon.colcon_core.environment:create_file_with_runtime_dependencies(/home/ndp/datn/install/my_bot/share/colcon-core/packages/my_bot)
[0.460s] DEBUG:colcon.colcon_core.event_handler.log_command:Invoked command in '/home/ndp/datn/build/openslam_gmapping' returned '0': CMAKE_PREFIX_PATH=${CMAKE_PREFIX_PATH}:/opt/ros/foxy /usr/bin/cmake --build /home/ndp/datn/build/openslam_gmapping -- -j8 -l8
[0.464s] Level 1:colcon.colcon_core.environment:create_environment_scripts_only(ydlidar_ros2_driver)
[0.465s] Level 1:colcon.colcon_core.environment:checking '/home/ndp/datn/install/ydlidar_ros2_driver' for CMake module files
[0.465s] DEBUG:colcon.colcon_core.event_handler.log_command:Invoked command in '/home/ndp/datn/build/ydlidar_ros2_driver' returned '0': CMAKE_PREFIX_PATH=${CMAKE_PREFIX_PATH}:/opt/ros/foxy /usr/bin/cmake --install /home/ndp/datn/build/ydlidar_ros2_driver
[0.466s] Level 1:colcon.colcon_core.environment:checking '/home/ndp/datn/install/ydlidar_ros2_driver' for CMake config files
[0.466s] Level 1:colcon.colcon_core.shell:create_environment_hook('ydlidar_ros2_driver', 'cmake_prefix_path')
[0.467s] INFO:colcon.colcon_core.shell:Creating environment hook '/home/ndp/datn/install/ydlidar_ros2_driver/share/ydlidar_ros2_driver/hook/cmake_prefix_path.ps1'
[0.467s] INFO:colcon.colcon_core.shell:Creating environment descriptor '/home/ndp/datn/install/ydlidar_ros2_driver/share/ydlidar_ros2_driver/hook/cmake_prefix_path.dsv'
[0.468s] INFO:colcon.colcon_core.shell:Creating environment hook '/home/ndp/datn/install/ydlidar_ros2_driver/share/ydlidar_ros2_driver/hook/cmake_prefix_path.sh'
[0.468s] Level 1:colcon.colcon_core.environment:checking '/home/ndp/datn/install/ydlidar_ros2_driver/lib'
[0.468s] Level 1:colcon.colcon_core.environment:checking '/home/ndp/datn/install/ydlidar_ros2_driver/bin'
[0.469s] Level 1:colcon.colcon_core.environment:checking '/home/ndp/datn/install/ydlidar_ros2_driver/lib/pkgconfig/ydlidar_ros2_driver.pc'
[0.469s] Level 1:colcon.colcon_core.environment:checking '/home/ndp/datn/install/ydlidar_ros2_driver/lib/python3.8/site-packages'
[0.469s] Level 1:colcon.colcon_core.environment:checking '/home/ndp/datn/install/ydlidar_ros2_driver/bin'
[0.469s] INFO:colcon.colcon_core.shell:Creating package script '/home/ndp/datn/install/ydlidar_ros2_driver/share/ydlidar_ros2_driver/package.ps1'
[0.470s] INFO:colcon.colcon_core.shell:Creating package descriptor '/home/ndp/datn/install/ydlidar_ros2_driver/share/ydlidar_ros2_driver/package.dsv'
[0.470s] INFO:colcon.colcon_core.shell:Creating package script '/home/ndp/datn/install/ydlidar_ros2_driver/share/ydlidar_ros2_driver/package.sh'
[0.470s] INFO:colcon.colcon_core.shell:Creating package script '/home/ndp/datn/install/ydlidar_ros2_driver/share/ydlidar_ros2_driver/package.bash'
[0.471s] INFO:colcon.colcon_core.shell:Creating package script '/home/ndp/datn/install/ydlidar_ros2_driver/share/ydlidar_ros2_driver/package.zsh'
[0.471s] Level 1:colcon.colcon_core.environment:create_file_with_runtime_dependencies(/home/ndp/datn/install/ydlidar_ros2_driver/share/colcon-core/packages/ydlidar_ros2_driver)
[0.479s] Level 1:colcon.colcon_core.environment:create_environment_scripts_only(my_bot)
[0.479s] Level 1:colcon.colcon_core.environment:checking '/home/ndp/datn/install/my_bot' for CMake module files
[0.480s] Level 1:colcon.colcon_core.environment:checking '/home/ndp/datn/install/my_bot' for CMake config files
[0.480s] Level 1:colcon.colcon_core.shell:create_environment_hook('my_bot', 'cmake_prefix_path')
[0.481s] INFO:colcon.colcon_core.shell:Creating environment hook '/home/ndp/datn/install/my_bot/share/my_bot/hook/cmake_prefix_path.ps1'
[0.481s] INFO:colcon.colcon_core.shell:Creating environment descriptor '/home/ndp/datn/install/my_bot/share/my_bot/hook/cmake_prefix_path.dsv'
[0.482s] INFO:colcon.colcon_core.shell:Creating environment hook '/home/ndp/datn/install/my_bot/share/my_bot/hook/cmake_prefix_path.sh'
[0.482s] Level 1:colcon.colcon_core.environment:checking '/home/ndp/datn/install/my_bot/bin'
[0.482s] Level 1:colcon.colcon_core.environment:checking '/home/ndp/datn/install/my_bot/lib/pkgconfig/my_bot.pc'
[0.483s] Level 1:colcon.colcon_core.environment:checking '/home/ndp/datn/install/my_bot/lib/python3.8/site-packages'
[0.483s] Level 1:colcon.colcon_core.environment:checking '/home/ndp/datn/install/my_bot/bin'
[0.483s] INFO:colcon.colcon_core.shell:Creating package script '/home/ndp/datn/install/my_bot/share/my_bot/package.ps1'
[0.484s] INFO:colcon.colcon_core.shell:Creating package descriptor '/home/ndp/datn/install/my_bot/share/my_bot/package.dsv'
[0.484s] INFO:colcon.colcon_core.shell:Creating package script '/home/ndp/datn/install/my_bot/share/my_bot/package.sh'
[0.484s] INFO:colcon.colcon_core.shell:Creating package script '/home/ndp/datn/install/my_bot/share/my_bot/package.bash'
[0.485s] INFO:colcon.colcon_core.shell:Creating package script '/home/ndp/datn/install/my_bot/share/my_bot/package.zsh'
[0.485s] Level 1:colcon.colcon_core.environment:create_file_with_runtime_dependencies(/home/ndp/datn/install/my_bot/share/colcon-core/packages/my_bot)
[0.488s] DEBUG:colcon.colcon_core.event_handler.log_command:Invoking command in '/home/ndp/datn/build/openslam_gmapping': CMAKE_PREFIX_PATH=${CMAKE_PREFIX_PATH}:/opt/ros/foxy /usr/bin/cmake --install /home/ndp/datn/build/openslam_gmapping
[0.496s] Level 1:colcon.colcon_core.environment:create_environment_scripts_only(ydlidar_ros2_driver)
[0.497s] Level 1:colcon.colcon_core.environment:checking '/home/ndp/datn/install/ydlidar_ros2_driver' for CMake module files
[0.498s] Level 1:colcon.colcon_core.environment:checking '/home/ndp/datn/install/ydlidar_ros2_driver' for CMake config files
[0.499s] Level 1:colcon.colcon_core.shell:create_environment_hook('ydlidar_ros2_driver', 'cmake_prefix_path')
[0.499s] INFO:colcon.colcon_core.shell:Creating environment hook '/home/ndp/datn/install/ydlidar_ros2_driver/share/ydlidar_ros2_driver/hook/cmake_prefix_path.ps1'
[0.500s] INFO:colcon.colcon_core.shell:Creating environment descriptor '/home/ndp/datn/install/ydlidar_ros2_driver/share/ydlidar_ros2_driver/hook/cmake_prefix_path.dsv'
[0.501s] INFO:colcon.colcon_core.shell:Creating environment hook '/home/ndp/datn/install/ydlidar_ros2_driver/share/ydlidar_ros2_driver/hook/cmake_prefix_path.sh'
[0.502s] Level 1:colcon.colcon_core.environment:checking '/home/ndp/datn/install/ydlidar_ros2_driver/lib'
[0.502s] Level 1:colcon.colcon_core.environment:checking '/home/ndp/datn/install/ydlidar_ros2_driver/bin'
[0.502s] Level 1:colcon.colcon_core.environment:checking '/home/ndp/datn/install/ydlidar_ros2_driver/lib/pkgconfig/ydlidar_ros2_driver.pc'
[0.502s] Level 1:colcon.colcon_core.environment:checking '/home/ndp/datn/install/ydlidar_ros2_driver/lib/python3.8/site-packages'
[0.502s] Level 1:colcon.colcon_core.environment:checking '/home/ndp/datn/install/ydlidar_ros2_driver/bin'
[0.503s] INFO:colcon.colcon_core.shell:Creating package script '/home/ndp/datn/install/ydlidar_ros2_driver/share/ydlidar_ros2_driver/package.ps1'
[0.504s] INFO:colcon.colcon_core.shell:Creating package descriptor '/home/ndp/datn/install/ydlidar_ros2_driver/share/ydlidar_ros2_driver/package.dsv'
[0.504s] INFO:colcon.colcon_core.shell:Creating package script '/home/ndp/datn/install/ydlidar_ros2_driver/share/ydlidar_ros2_driver/package.sh'
[0.505s] INFO:colcon.colcon_core.shell:Creating package script '/home/ndp/datn/install/ydlidar_ros2_driver/share/ydlidar_ros2_driver/package.bash'
[0.505s] INFO:colcon.colcon_core.shell:Creating package script '/home/ndp/datn/install/ydlidar_ros2_driver/share/ydlidar_ros2_driver/package.zsh'
[0.506s] Level 1:colcon.colcon_core.environment:create_file_with_runtime_dependencies(/home/ndp/datn/install/ydlidar_ros2_driver/share/colcon-core/packages/ydlidar_ros2_driver)
[0.518s] Level 1:colcon.colcon_core.environment:create_environment_scripts_only(openslam_gmapping)
[0.519s] Level 1:colcon.colcon_core.environment:checking '/home/ndp/datn/install/openslam_gmapping' for CMake module files
[0.519s] DEBUG:colcon.colcon_core.event_handler.log_command:Invoked command in '/home/ndp/datn/build/openslam_gmapping' returned '0': CMAKE_PREFIX_PATH=${CMAKE_PREFIX_PATH}:/opt/ros/foxy /usr/bin/cmake --install /home/ndp/datn/build/openslam_gmapping
[0.519s] Level 1:colcon.colcon_core.environment:checking '/home/ndp/datn/install/openslam_gmapping' for CMake config files
[0.520s] Level 1:colcon.colcon_core.shell:create_environment_hook('openslam_gmapping', 'cmake_prefix_path')
[0.520s] INFO:colcon.colcon_core.shell:Creating environment hook '/home/ndp/datn/install/openslam_gmapping/share/openslam_gmapping/hook/cmake_prefix_path.ps1'
[0.520s] INFO:colcon.colcon_core.shell:Creating environment descriptor '/home/ndp/datn/install/openslam_gmapping/share/openslam_gmapping/hook/cmake_prefix_path.dsv'
[0.521s] INFO:colcon.colcon_core.shell:Creating environment hook '/home/ndp/datn/install/openslam_gmapping/share/openslam_gmapping/hook/cmake_prefix_path.sh'
[0.521s] Level 1:colcon.colcon_core.environment:checking '/home/ndp/datn/install/openslam_gmapping/lib'
[0.521s] Level 1:colcon.colcon_core.environment:checking '/home/ndp/datn/install/openslam_gmapping/bin'
[0.521s] Level 1:colcon.colcon_core.environment:checking '/home/ndp/datn/install/openslam_gmapping/lib/pkgconfig/openslam_gmapping.pc'
[0.521s] Level 1:colcon.colcon_core.environment:checking '/home/ndp/datn/install/openslam_gmapping/lib/python3.8/site-packages'
[0.521s] Level 1:colcon.colcon_core.environment:checking '/home/ndp/datn/install/openslam_gmapping/bin'
[0.522s] INFO:colcon.colcon_core.shell:Creating package script '/home/ndp/datn/install/openslam_gmapping/share/openslam_gmapping/package.ps1'
[0.522s] INFO:colcon.colcon_core.shell:Creating package descriptor '/home/ndp/datn/install/openslam_gmapping/share/openslam_gmapping/package.dsv'
[0.522s] INFO:colcon.colcon_core.shell:Creating package script '/home/ndp/datn/install/openslam_gmapping/share/openslam_gmapping/package.sh'
[0.522s] INFO:colcon.colcon_core.shell:Creating package script '/home/ndp/datn/install/openslam_gmapping/share/openslam_gmapping/package.bash'
[0.523s] INFO:colcon.colcon_core.shell:Creating package script '/home/ndp/datn/install/openslam_gmapping/share/openslam_gmapping/package.zsh'
[0.523s] Level 1:colcon.colcon_core.environment:create_file_with_runtime_dependencies(/home/ndp/datn/install/openslam_gmapping/share/colcon-core/packages/openslam_gmapping)
[0.547s] Level 1:colcon.colcon_core.environment:create_environment_scripts_only(openslam_gmapping)
[0.547s] Level 1:colcon.colcon_core.environment:checking '/home/ndp/datn/install/openslam_gmapping' for CMake module files
[0.548s] Level 1:colcon.colcon_core.environment:checking '/home/ndp/datn/install/openslam_gmapping' for CMake config files
[0.549s] Level 1:colcon.colcon_core.shell:create_environment_hook('openslam_gmapping', 'cmake_prefix_path')
[0.549s] INFO:colcon.colcon_core.shell:Creating environment hook '/home/ndp/datn/install/openslam_gmapping/share/openslam_gmapping/hook/cmake_prefix_path.ps1'
[0.549s] INFO:colcon.colcon_core.shell:Creating environment descriptor '/home/ndp/datn/install/openslam_gmapping/share/openslam_gmapping/hook/cmake_prefix_path.dsv'
[0.550s] INFO:colcon.colcon_core.shell:Creating environment hook '/home/ndp/datn/install/openslam_gmapping/share/openslam_gmapping/hook/cmake_prefix_path.sh'
[0.550s] Level 1:colcon.colcon_core.environment:checking '/home/ndp/datn/install/openslam_gmapping/lib'
[0.550s] Level 1:colcon.colcon_core.environment:checking '/home/ndp/datn/install/openslam_gmapping/bin'
[0.550s] Level 1:colcon.colcon_core.environment:checking '/home/ndp/datn/install/openslam_gmapping/lib/pkgconfig/openslam_gmapping.pc'
[0.551s] Level 1:colcon.colcon_core.environment:checking '/home/ndp/datn/install/openslam_gmapping/lib/python3.8/site-packages'
[0.551s] Level 1:colcon.colcon_core.environment:checking '/home/ndp/datn/install/openslam_gmapping/bin'
[0.551s] INFO:colcon.colcon_core.shell:Creating package script '/home/ndp/datn/install/openslam_gmapping/share/openslam_gmapping/package.ps1'
[0.552s] INFO:colcon.colcon_core.shell:Creating package descriptor '/home/ndp/datn/install/openslam_gmapping/share/openslam_gmapping/package.dsv'
[0.552s] INFO:colcon.colcon_core.shell:Creating package script '/home/ndp/datn/install/openslam_gmapping/share/openslam_gmapping/package.sh'
[0.552s] INFO:colcon.colcon_core.shell:Creating package script '/home/ndp/datn/install/openslam_gmapping/share/openslam_gmapping/package.bash'
[0.553s] INFO:colcon.colcon_core.shell:Creating package script '/home/ndp/datn/install/openslam_gmapping/share/openslam_gmapping/package.zsh'
[0.553s] Level 1:colcon.colcon_core.environment:create_file_with_runtime_dependencies(/home/ndp/datn/install/openslam_gmapping/share/colcon-core/packages/openslam_gmapping)
[0.554s] INFO:colcon.colcon_ros.task.ament_cmake.build:Building ROS package in '/home/ndp/datn/slam_gmapping' with build type 'ament_cmake'
[0.554s] INFO:colcon.colcon_cmake.task.cmake.build:Building CMake package in '/home/ndp/datn/slam_gmapping'
[0.554s] INFO:colcon.colcon_core.shell:Skip shell extension 'powershell' for command environment: Not usable outside of PowerShell
[0.555s] DEBUG:colcon.colcon_core.shell:Skip shell extension 'dsv' for command environment
[0.568s] DEBUG:colcon.colcon_core.event_handler.log_command:Invoking command in '/home/ndp/datn/build/slam_gmapping': CMAKE_PREFIX_PATH=/home/ndp/datn/install/openslam_gmapping:/home/ndp/datn/install/ydlidar_ros2_driver:/home/ndp/datn/install/slam_gmapping:/home/ndp/datn/install/my_bot:/home/ndp/ydlidar_ws/install/ydlidar_ros2_driver:/home/ndp/ydlidar_ws/install/slam_gmapping:/home/ndp/ydlidar_ws/install/openslam_gmapping:/home/ndp/my_bot/install/my_bot:/opt/ros/foxy /usr/bin/cmake --build /home/ndp/datn/build/slam_gmapping -- -j8 -l8
[0.629s] DEBUG:colcon.colcon_core.event_handler.log_command:Invoked command in '/home/ndp/datn/build/slam_gmapping' returned '0': CMAKE_PREFIX_PATH=/home/ndp/datn/install/openslam_gmapping:/home/ndp/datn/install/ydlidar_ros2_driver:/home/ndp/datn/install/slam_gmapping:/home/ndp/datn/install/my_bot:/home/ndp/ydlidar_ws/install/ydlidar_ros2_driver:/home/ndp/ydlidar_ws/install/slam_gmapping:/home/ndp/ydlidar_ws/install/openslam_gmapping:/home/ndp/my_bot/install/my_bot:/opt/ros/foxy /usr/bin/cmake --build /home/ndp/datn/build/slam_gmapping -- -j8 -l8
[0.652s] DEBUG:colcon.colcon_core.event_handler.log_command:Invoking command in '/home/ndp/datn/build/slam_gmapping': CMAKE_PREFIX_PATH=/home/ndp/datn/install/openslam_gmapping:/home/ndp/datn/install/ydlidar_ros2_driver:/home/ndp/datn/install/slam_gmapping:/home/ndp/datn/install/my_bot:/home/ndp/ydlidar_ws/install/ydlidar_ros2_driver:/home/ndp/ydlidar_ws/install/slam_gmapping:/home/ndp/ydlidar_ws/install/openslam_gmapping:/home/ndp/my_bot/install/my_bot:/opt/ros/foxy /usr/bin/cmake --install /home/ndp/datn/build/slam_gmapping
[0.672s] Level 1:colcon.colcon_core.environment:create_environment_scripts_only(slam_gmapping)
[0.672s] Level 1:colcon.colcon_core.environment:checking '/home/ndp/datn/install/slam_gmapping' for CMake module files
[0.673s] DEBUG:colcon.colcon_core.event_handler.log_command:Invoked command in '/home/ndp/datn/build/slam_gmapping' returned '0': CMAKE_PREFIX_PATH=/home/ndp/datn/install/openslam_gmapping:/home/ndp/datn/install/ydlidar_ros2_driver:/home/ndp/datn/install/slam_gmapping:/home/ndp/datn/install/my_bot:/home/ndp/ydlidar_ws/install/ydlidar_ros2_driver:/home/ndp/ydlidar_ws/install/slam_gmapping:/home/ndp/ydlidar_ws/install/openslam_gmapping:/home/ndp/my_bot/install/my_bot:/opt/ros/foxy /usr/bin/cmake --install /home/ndp/datn/build/slam_gmapping
[0.673s] Level 1:colcon.colcon_core.environment:checking '/home/ndp/datn/install/slam_gmapping' for CMake config files
[0.673s] Level 1:colcon.colcon_core.shell:create_environment_hook('slam_gmapping', 'cmake_prefix_path')
[0.673s] INFO:colcon.colcon_core.shell:Creating environment hook '/home/ndp/datn/install/slam_gmapping/share/slam_gmapping/hook/cmake_prefix_path.ps1'
[0.674s] INFO:colcon.colcon_core.shell:Creating environment descriptor '/home/ndp/datn/install/slam_gmapping/share/slam_gmapping/hook/cmake_prefix_path.dsv'
[0.674s] INFO:colcon.colcon_core.shell:Creating environment hook '/home/ndp/datn/install/slam_gmapping/share/slam_gmapping/hook/cmake_prefix_path.sh'
[0.674s] Level 1:colcon.colcon_core.environment:checking '/home/ndp/datn/install/slam_gmapping/lib'
[0.674s] Level 1:colcon.colcon_core.environment:checking '/home/ndp/datn/install/slam_gmapping/bin'
[0.674s] Level 1:colcon.colcon_core.environment:checking '/home/ndp/datn/install/slam_gmapping/lib/pkgconfig/slam_gmapping.pc'
[0.675s] Level 1:colcon.colcon_core.environment:checking '/home/ndp/datn/install/slam_gmapping/lib/python3.8/site-packages'
[0.675s] Level 1:colcon.colcon_core.environment:checking '/home/ndp/datn/install/slam_gmapping/bin'
[0.675s] INFO:colcon.colcon_core.shell:Creating package script '/home/ndp/datn/install/slam_gmapping/share/slam_gmapping/package.ps1'
[0.675s] INFO:colcon.colcon_core.shell:Creating package descriptor '/home/ndp/datn/install/slam_gmapping/share/slam_gmapping/package.dsv'
[0.675s] INFO:colcon.colcon_core.shell:Creating package script '/home/ndp/datn/install/slam_gmapping/share/slam_gmapping/package.sh'
[0.676s] INFO:colcon.colcon_core.shell:Creating package script '/home/ndp/datn/install/slam_gmapping/share/slam_gmapping/package.bash'
[0.676s] INFO:colcon.colcon_core.shell:Creating package script '/home/ndp/datn/install/slam_gmapping/share/slam_gmapping/package.zsh'
[0.676s] Level 1:colcon.colcon_core.environment:create_file_with_runtime_dependencies(/home/ndp/datn/install/slam_gmapping/share/colcon-core/packages/slam_gmapping)
[0.697s] Level 1:colcon.colcon_core.environment:create_environment_scripts_only(slam_gmapping)
[0.697s] Level 1:colcon.colcon_core.environment:checking '/home/ndp/datn/install/slam_gmapping' for CMake module files
[0.698s] Level 1:colcon.colcon_core.environment:checking '/home/ndp/datn/install/slam_gmapping' for CMake config files
[0.698s] Level 1:colcon.colcon_core.shell:create_environment_hook('slam_gmapping', 'cmake_prefix_path')
[0.698s] INFO:colcon.colcon_core.shell:Creating environment hook '/home/ndp/datn/install/slam_gmapping/share/slam_gmapping/hook/cmake_prefix_path.ps1'
[0.699s] INFO:colcon.colcon_core.shell:Creating environment descriptor '/home/ndp/datn/install/slam_gmapping/share/slam_gmapping/hook/cmake_prefix_path.dsv'
[0.700s] INFO:colcon.colcon_core.shell:Creating environment hook '/home/ndp/datn/install/slam_gmapping/share/slam_gmapping/hook/cmake_prefix_path.sh'
[0.700s] Level 1:colcon.colcon_core.environment:checking '/home/ndp/datn/install/slam_gmapping/lib'
[0.701s] Level 1:colcon.colcon_core.environment:checking '/home/ndp/datn/install/slam_gmapping/bin'
[0.701s] Level 1:colcon.colcon_core.environment:checking '/home/ndp/datn/install/slam_gmapping/lib/pkgconfig/slam_gmapping.pc'
[0.701s] Level 1:colcon.colcon_core.environment:checking '/home/ndp/datn/install/slam_gmapping/lib/python3.8/site-packages'
[0.701s] Level 1:colcon.colcon_core.environment:checking '/home/ndp/datn/install/slam_gmapping/bin'
[0.702s] INFO:colcon.colcon_core.shell:Creating package script '/home/ndp/datn/install/slam_gmapping/share/slam_gmapping/package.ps1'
[0.702s] INFO:colcon.colcon_core.shell:Creating package descriptor '/home/ndp/datn/install/slam_gmapping/share/slam_gmapping/package.dsv'
[0.703s] INFO:colcon.colcon_core.shell:Creating package script '/home/ndp/datn/install/slam_gmapping/share/slam_gmapping/package.sh'
[0.704s] INFO:colcon.colcon_core.shell:Creating package script '/home/ndp/datn/install/slam_gmapping/share/slam_gmapping/package.bash'
[0.704s] INFO:colcon.colcon_core.shell:Creating package script '/home/ndp/datn/install/slam_gmapping/share/slam_gmapping/package.zsh'
[0.704s] Level 1:colcon.colcon_core.environment:create_file_with_runtime_dependencies(/home/ndp/datn/install/slam_gmapping/share/colcon-core/packages/slam_gmapping)
[0.705s] DEBUG:colcon.colcon_parallel_executor.executor.parallel:closing loop
[0.705s] DEBUG:colcon.colcon_parallel_executor.executor.parallel:loop closed
[0.705s] DEBUG:colcon.colcon_parallel_executor.executor.parallel:run_until_complete finished with '0'
[0.705s] DEBUG:colcon.colcon_core.event_reactor:joining thread
[0.710s] INFO:colcon.colcon_core.plugin_system:Skipping extension 'colcon_notification.desktop_notification.terminal_notifier': Not used on non-Darwin systems
[0.710s] INFO:colcon.colcon_core.plugin_system:Skipping extension 'colcon_notification.desktop_notification.win32': Not used on non-Windows systems
[0.710s] INFO:colcon.colcon_notification.desktop_notification:Sending desktop notification using 'notify2'
[0.730s] DEBUG:colcon.colcon_core.event_reactor:joined thread
[0.731s] INFO:colcon.colcon_core.shell:Creating prefix script '/home/ndp/datn/install/local_setup.ps1'
[0.733s] INFO:colcon.colcon_core.shell:Creating prefix util module '/home/ndp/datn/install/_local_setup_util_ps1.py'
[0.735s] INFO:colcon.colcon_core.shell:Creating prefix chain script '/home/ndp/datn/install/setup.ps1'
[0.737s] INFO:colcon.colcon_core.shell:Creating prefix script '/home/ndp/datn/install/local_setup.sh'
[0.738s] INFO:colcon.colcon_core.shell:Creating prefix util module '/home/ndp/datn/install/_local_setup_util_sh.py'
[0.738s] INFO:colcon.colcon_core.shell:Creating prefix chain script '/home/ndp/datn/install/setup.sh'
[0.741s] INFO:colcon.colcon_core.shell:Creating prefix script '/home/ndp/datn/install/local_setup.bash'
[0.742s] INFO:colcon.colcon_core.shell:Creating prefix chain script '/home/ndp/datn/install/setup.bash'
[0.744s] INFO:colcon.colcon_core.shell:Creating prefix script '/home/ndp/datn/install/local_setup.zsh'
[0.745s] INFO:colcon.colcon_core.shell:Creating prefix chain script '/home/ndp/datn/install/setup.zsh'
