[0.204s] DEBUG:colcon:Command line arguments: ['/usr/bin/colcon', 'build', '--symlink-install']
[0.205s] DEBUG:colcon:Parsed command line arguments: Namespace(allow_overriding=[], ament_cmake_args=None, base_paths=['.'], build_base='build', catkin_cmake_args=None, catkin_skip_building_tests=False, cmake_args=None, cmake_clean_cache=False, cmake_clean_first=False, cmake_force_configure=False, cmake_target=None, cmake_target_skip_unavailable=False, continue_on_error=False, event_handlers=None, executor='parallel', ignore_user_meta=False, install_base='install', log_base=None, log_level=None, main=<bound method BuildVerb.main of <colcon_core.verb.build.BuildVerb object at 0x7fc71e3976d0>>, merge_install=False, metas=['./colcon.meta'], packages_above=None, packages_above_and_dependencies=None, packages_above_depth=None, packages_end=None, packages_ignore=None, packages_ignore_regex=None, packages_select=None, packages_select_build_failed=False, packages_select_by_dep=None, packages_select_regex=None, packages_select_test_failures=False, packages_skip=None, packages_skip_build_finished=False, packages_skip_by_dep=None, packages_skip_regex=None, packages_skip_test_passed=False, packages_skip_up_to=None, packages_start=None, packages_up_to=None, packages_up_to_regex=None, parallel_workers=8, paths=None, symlink_install=True, test_result_base=None, verb_extension=<colcon_core.verb.build.BuildVerb object at 0x7fc71e3976d0>, verb_name='build', verb_parser=<colcon_defaults.argument_parser.defaults.DefaultArgumentsDecorator object at 0x7fc71e21ab20>)
[0.310s] Level 1:colcon.colcon_core.package_discovery:discover_packages(colcon_meta) check parameters
[0.310s] Level 1:colcon.colcon_core.package_discovery:discover_packages(recursive) check parameters
[0.310s] Level 1:colcon.colcon_core.package_discovery:discover_packages(ignore) check parameters
[0.310s] Level 1:colcon.colcon_core.package_discovery:discover_packages(path) check parameters
[0.310s] Level 1:colcon.colcon_core.package_discovery:discover_packages(colcon_meta) discover
[0.310s] Level 1:colcon.colcon_core.package_discovery:discover_packages(recursive) discover
[0.310s] INFO:colcon.colcon_core.package_discovery:Crawling recursively for packages in '/home/ndp/datn'
[0.310s] Level 1:colcon.colcon_core.package_identification:_identify(.) by extensions ['ignore', 'ignore_ament_install']
[0.310s] Level 1:colcon.colcon_core.package_identification:_identify(.) by extension 'ignore'
[0.310s] Level 1:colcon.colcon_core.package_identification:_identify(.) by extension 'ignore_ament_install'
[0.310s] Level 1:colcon.colcon_core.package_identification:_identify(.) by extensions ['colcon_pkg']
[0.310s] Level 1:colcon.colcon_core.package_identification:_identify(.) by extension 'colcon_pkg'
[0.310s] Level 1:colcon.colcon_core.package_identification:_identify(.) by extensions ['colcon_meta']
[0.310s] Level 1:colcon.colcon_core.package_identification:_identify(.) by extension 'colcon_meta'
[0.310s] Level 1:colcon.colcon_core.package_identification:_identify(.) by extensions ['ros']
[0.310s] Level 1:colcon.colcon_core.package_identification:_identify(.) by extension 'ros'
[0.319s] Level 1:colcon.colcon_core.package_identification:_identify(.) by extensions ['cmake', 'python']
[0.319s] Level 1:colcon.colcon_core.package_identification:_identify(.) by extension 'cmake'
[0.319s] Level 1:colcon.colcon_core.package_identification:_identify(.) by extension 'python'
[0.319s] Level 1:colcon.colcon_core.package_identification:_identify(.) by extensions ['python_setup_py']
[0.319s] Level 1:colcon.colcon_core.package_identification:_identify(.) by extension 'python_setup_py'
[0.319s] Level 1:colcon.colcon_core.package_identification:_identify(build) by extensions ['ignore', 'ignore_ament_install']
[0.319s] Level 1:colcon.colcon_core.package_identification:_identify(build) by extension 'ignore'
[0.320s] Level 1:colcon.colcon_core.package_identification:_identify(build) ignored
[0.320s] Level 1:colcon.colcon_core.package_identification:_identify(diffdrive_arduino) by extensions ['ignore', 'ignore_ament_install']
[0.320s] Level 1:colcon.colcon_core.package_identification:_identify(diffdrive_arduino) by extension 'ignore'
[0.320s] Level 1:colcon.colcon_core.package_identification:_identify(diffdrive_arduino) by extension 'ignore_ament_install'
[0.320s] Level 1:colcon.colcon_core.package_identification:_identify(diffdrive_arduino) by extensions ['colcon_pkg']
[0.320s] Level 1:colcon.colcon_core.package_identification:_identify(diffdrive_arduino) by extension 'colcon_pkg'
[0.320s] Level 1:colcon.colcon_core.package_identification:_identify(diffdrive_arduino) by extensions ['colcon_meta']
[0.320s] Level 1:colcon.colcon_core.package_identification:_identify(diffdrive_arduino) by extension 'colcon_meta'
[0.320s] Level 1:colcon.colcon_core.package_identification:_identify(diffdrive_arduino) by extensions ['ros']
[0.320s] Level 1:colcon.colcon_core.package_identification:_identify(diffdrive_arduino) by extension 'ros'
[0.322s] DEBUG:colcon.colcon_core.package_identification:Package 'diffdrive_arduino' with type 'ros.ament_cmake' and name 'diffdrive_arduino'
[0.322s] Level 1:colcon.colcon_core.package_identification:_identify(install) by extensions ['ignore', 'ignore_ament_install']
[0.322s] Level 1:colcon.colcon_core.package_identification:_identify(install) by extension 'ignore'
[0.323s] Level 1:colcon.colcon_core.package_identification:_identify(install) ignored
[0.323s] Level 1:colcon.colcon_core.package_identification:_identify(log) by extensions ['ignore', 'ignore_ament_install']
[0.323s] Level 1:colcon.colcon_core.package_identification:_identify(log) by extension 'ignore'
[0.323s] Level 1:colcon.colcon_core.package_identification:_identify(log) ignored
[0.323s] Level 1:colcon.colcon_core.package_identification:_identify(my_bot) by extensions ['ignore', 'ignore_ament_install']
[0.323s] Level 1:colcon.colcon_core.package_identification:_identify(my_bot) by extension 'ignore'
[0.323s] Level 1:colcon.colcon_core.package_identification:_identify(my_bot) by extension 'ignore_ament_install'
[0.323s] Level 1:colcon.colcon_core.package_identification:_identify(my_bot) by extensions ['colcon_pkg']
[0.323s] Level 1:colcon.colcon_core.package_identification:_identify(my_bot) by extension 'colcon_pkg'
[0.323s] Level 1:colcon.colcon_core.package_identification:_identify(my_bot) by extensions ['colcon_meta']
[0.323s] Level 1:colcon.colcon_core.package_identification:_identify(my_bot) by extension 'colcon_meta'
[0.323s] Level 1:colcon.colcon_core.package_identification:_identify(my_bot) by extensions ['ros']
[0.323s] Level 1:colcon.colcon_core.package_identification:_identify(my_bot) by extension 'ros'
[0.323s] DEBUG:colcon.colcon_core.package_identification:Package 'my_bot' with type 'ros.ament_cmake' and name 'my_bot'
[0.323s] Level 1:colcon.colcon_core.package_identification:_identify(openslam_gmapping) by extensions ['ignore', 'ignore_ament_install']
[0.324s] Level 1:colcon.colcon_core.package_identification:_identify(openslam_gmapping) by extension 'ignore'
[0.324s] Level 1:colcon.colcon_core.package_identification:_identify(openslam_gmapping) by extension 'ignore_ament_install'
[0.324s] Level 1:colcon.colcon_core.package_identification:_identify(openslam_gmapping) by extensions ['colcon_pkg']
[0.324s] Level 1:colcon.colcon_core.package_identification:_identify(openslam_gmapping) by extension 'colcon_pkg'
[0.324s] Level 1:colcon.colcon_core.package_identification:_identify(openslam_gmapping) by extensions ['colcon_meta']
[0.324s] Level 1:colcon.colcon_core.package_identification:_identify(openslam_gmapping) by extension 'colcon_meta'
[0.324s] Level 1:colcon.colcon_core.package_identification:_identify(openslam_gmapping) by extensions ['ros']
[0.324s] Level 1:colcon.colcon_core.package_identification:_identify(openslam_gmapping) by extension 'ros'
[0.324s] DEBUG:colcon.colcon_core.package_identification:Package 'openslam_gmapping' with type 'ros.ament_cmake' and name 'openslam_gmapping'
[0.324s] Level 1:colcon.colcon_core.package_identification:_identify(slam_gmapping) by extensions ['ignore', 'ignore_ament_install']
[0.324s] Level 1:colcon.colcon_core.package_identification:_identify(slam_gmapping) by extension 'ignore'
[0.324s] Level 1:colcon.colcon_core.package_identification:_identify(slam_gmapping) by extension 'ignore_ament_install'
[0.324s] Level 1:colcon.colcon_core.package_identification:_identify(slam_gmapping) by extensions ['colcon_pkg']
[0.324s] Level 1:colcon.colcon_core.package_identification:_identify(slam_gmapping) by extension 'colcon_pkg'
[0.324s] Level 1:colcon.colcon_core.package_identification:_identify(slam_gmapping) by extensions ['colcon_meta']
[0.324s] Level 1:colcon.colcon_core.package_identification:_identify(slam_gmapping) by extension 'colcon_meta'
[0.325s] Level 1:colcon.colcon_core.package_identification:_identify(slam_gmapping) by extensions ['ros']
[0.325s] Level 1:colcon.colcon_core.package_identification:_identify(slam_gmapping) by extension 'ros'
[0.325s] DEBUG:colcon.colcon_core.package_identification:Package 'slam_gmapping' with type 'ros.ament_cmake' and name 'slam_gmapping'
[0.326s] Level 1:colcon.colcon_core.package_identification:_identify(ydlidar_ros2_driver-master) by extensions ['ignore', 'ignore_ament_install']
[0.326s] Level 1:colcon.colcon_core.package_identification:_identify(ydlidar_ros2_driver-master) by extension 'ignore'
[0.326s] Level 1:colcon.colcon_core.package_identification:_identify(ydlidar_ros2_driver-master) by extension 'ignore_ament_install'
[0.326s] Level 1:colcon.colcon_core.package_identification:_identify(ydlidar_ros2_driver-master) by extensions ['colcon_pkg']
[0.326s] Level 1:colcon.colcon_core.package_identification:_identify(ydlidar_ros2_driver-master) by extension 'colcon_pkg'
[0.326s] Level 1:colcon.colcon_core.package_identification:_identify(ydlidar_ros2_driver-master) by extensions ['colcon_meta']
[0.326s] Level 1:colcon.colcon_core.package_identification:_identify(ydlidar_ros2_driver-master) by extension 'colcon_meta'
[0.326s] Level 1:colcon.colcon_core.package_identification:_identify(ydlidar_ros2_driver-master) by extensions ['ros']
[0.326s] Level 1:colcon.colcon_core.package_identification:_identify(ydlidar_ros2_driver-master) by extension 'ros'
[0.326s] DEBUG:colcon.colcon_core.package_identification:Package 'ydlidar_ros2_driver-master' with type 'ros.ament_cmake' and name 'ydlidar_ros2_driver'
[0.326s] Level 1:colcon.colcon_core.package_discovery:discover_packages(recursive) using defaults
[0.326s] Level 1:colcon.colcon_core.package_discovery:discover_packages(ignore) discover
[0.326s] Level 1:colcon.colcon_core.package_discovery:discover_packages(ignore) using defaults
[0.327s] Level 1:colcon.colcon_core.package_discovery:discover_packages(path) discover
[0.327s] Level 1:colcon.colcon_core.package_discovery:discover_packages(path) using defaults
[0.342s] Level 1:colcon.colcon_core.package_discovery:discover_packages(prefix_path) check parameters
[0.342s] Level 1:colcon.colcon_core.package_discovery:discover_packages(prefix_path) discover
[0.345s] DEBUG:colcon.colcon_installed_package_information.package_discovery:Found 1 installed packages in /home/ndp/my_bot/install
[0.345s] DEBUG:colcon.colcon_installed_package_information.package_discovery:Found 3 installed packages in /home/ndp/ydlidar_ws/install
[0.346s] DEBUG:colcon.colcon_installed_package_information.package_discovery:Found 4 installed packages in /home/ndp/datn/install
[0.347s] DEBUG:colcon.colcon_installed_package_information.package_discovery:Found 288 installed packages in /opt/ros/foxy
[0.348s] Level 1:colcon.colcon_core.package_discovery:discover_packages(prefix_path) using defaults
[0.413s] Level 5:colcon.colcon_core.verb:set package 'diffdrive_arduino' build argument 'cmake_args' from command line to 'None'
[0.413s] Level 5:colcon.colcon_core.verb:set package 'diffdrive_arduino' build argument 'cmake_target' from command line to 'None'
[0.413s] Level 5:colcon.colcon_core.verb:set package 'diffdrive_arduino' build argument 'cmake_target_skip_unavailable' from command line to 'False'
[0.413s] Level 5:colcon.colcon_core.verb:set package 'diffdrive_arduino' build argument 'cmake_clean_cache' from command line to 'False'
[0.413s] Level 5:colcon.colcon_core.verb:set package 'diffdrive_arduino' build argument 'cmake_clean_first' from command line to 'False'
[0.413s] Level 5:colcon.colcon_core.verb:set package 'diffdrive_arduino' build argument 'cmake_force_configure' from command line to 'False'
[0.413s] Level 5:colcon.colcon_core.verb:set package 'diffdrive_arduino' build argument 'ament_cmake_args' from command line to 'None'
[0.413s] Level 5:colcon.colcon_core.verb:set package 'diffdrive_arduino' build argument 'catkin_cmake_args' from command line to 'None'
[0.413s] Level 5:colcon.colcon_core.verb:set package 'diffdrive_arduino' build argument 'catkin_skip_building_tests' from command line to 'False'
[0.413s] DEBUG:colcon.colcon_core.verb:Building package 'diffdrive_arduino' with the following arguments: {'ament_cmake_args': None, 'build_base': '/home/ndp/datn/build/diffdrive_arduino', 'catkin_cmake_args': None, 'catkin_skip_building_tests': False, 'cmake_args': None, 'cmake_clean_cache': False, 'cmake_clean_first': False, 'cmake_force_configure': False, 'cmake_target': None, 'cmake_target_skip_unavailable': False, 'install_base': '/home/ndp/datn/install/diffdrive_arduino', 'merge_install': False, 'path': '/home/ndp/datn/diffdrive_arduino', 'symlink_install': True, 'test_result_base': None}
[0.414s] Level 5:colcon.colcon_core.verb:set package 'my_bot' build argument 'cmake_args' from command line to 'None'
[0.414s] Level 5:colcon.colcon_core.verb:set package 'my_bot' build argument 'cmake_target' from command line to 'None'
[0.414s] Level 5:colcon.colcon_core.verb:set package 'my_bot' build argument 'cmake_target_skip_unavailable' from command line to 'False'
[0.414s] Level 5:colcon.colcon_core.verb:set package 'my_bot' build argument 'cmake_clean_cache' from command line to 'False'
[0.414s] Level 5:colcon.colcon_core.verb:set package 'my_bot' build argument 'cmake_clean_first' from command line to 'False'
[0.414s] Level 5:colcon.colcon_core.verb:set package 'my_bot' build argument 'cmake_force_configure' from command line to 'False'
[0.414s] Level 5:colcon.colcon_core.verb:set package 'my_bot' build argument 'ament_cmake_args' from command line to 'None'
[0.414s] Level 5:colcon.colcon_core.verb:set package 'my_bot' build argument 'catkin_cmake_args' from command line to 'None'
[0.414s] Level 5:colcon.colcon_core.verb:set package 'my_bot' build argument 'catkin_skip_building_tests' from command line to 'False'
[0.414s] DEBUG:colcon.colcon_core.verb:Building package 'my_bot' with the following arguments: {'ament_cmake_args': None, 'build_base': '/home/ndp/datn/build/my_bot', 'catkin_cmake_args': None, 'catkin_skip_building_tests': False, 'cmake_args': None, 'cmake_clean_cache': False, 'cmake_clean_first': False, 'cmake_force_configure': False, 'cmake_target': None, 'cmake_target_skip_unavailable': False, 'install_base': '/home/ndp/datn/install/my_bot', 'merge_install': False, 'path': '/home/ndp/datn/my_bot', 'symlink_install': True, 'test_result_base': None}
[0.414s] Level 5:colcon.colcon_core.verb:set package 'openslam_gmapping' build argument 'cmake_args' from command line to 'None'
[0.414s] Level 5:colcon.colcon_core.verb:set package 'openslam_gmapping' build argument 'cmake_target' from command line to 'None'
[0.414s] Level 5:colcon.colcon_core.verb:set package 'openslam_gmapping' build argument 'cmake_target_skip_unavailable' from command line to 'False'
[0.414s] Level 5:colcon.colcon_core.verb:set package 'openslam_gmapping' build argument 'cmake_clean_cache' from command line to 'False'
[0.414s] Level 5:colcon.colcon_core.verb:set package 'openslam_gmapping' build argument 'cmake_clean_first' from command line to 'False'
[0.414s] Level 5:colcon.colcon_core.verb:set package 'openslam_gmapping' build argument 'cmake_force_configure' from command line to 'False'
[0.414s] Level 5:colcon.colcon_core.verb:set package 'openslam_gmapping' build argument 'ament_cmake_args' from command line to 'None'
[0.414s] Level 5:colcon.colcon_core.verb:set package 'openslam_gmapping' build argument 'catkin_cmake_args' from command line to 'None'
[0.414s] Level 5:colcon.colcon_core.verb:set package 'openslam_gmapping' build argument 'catkin_skip_building_tests' from command line to 'False'
[0.414s] DEBUG:colcon.colcon_core.verb:Building package 'openslam_gmapping' with the following arguments: {'ament_cmake_args': None, 'build_base': '/home/ndp/datn/build/openslam_gmapping', 'catkin_cmake_args': None, 'catkin_skip_building_tests': False, 'cmake_args': None, 'cmake_clean_cache': False, 'cmake_clean_first': False, 'cmake_force_configure': False, 'cmake_target': None, 'cmake_target_skip_unavailable': False, 'install_base': '/home/ndp/datn/install/openslam_gmapping', 'merge_install': False, 'path': '/home/ndp/datn/openslam_gmapping', 'symlink_install': True, 'test_result_base': None}
[0.414s] Level 5:colcon.colcon_core.verb:set package 'ydlidar_ros2_driver' build argument 'cmake_args' from command line to 'None'
[0.414s] Level 5:colcon.colcon_core.verb:set package 'ydlidar_ros2_driver' build argument 'cmake_target' from command line to 'None'
[0.414s] Level 5:colcon.colcon_core.verb:set package 'ydlidar_ros2_driver' build argument 'cmake_target_skip_unavailable' from command line to 'False'
[0.414s] Level 5:colcon.colcon_core.verb:set package 'ydlidar_ros2_driver' build argument 'cmake_clean_cache' from command line to 'False'
[0.414s] Level 5:colcon.colcon_core.verb:set package 'ydlidar_ros2_driver' build argument 'cmake_clean_first' from command line to 'False'
[0.414s] Level 5:colcon.colcon_core.verb:set package 'ydlidar_ros2_driver' build argument 'cmake_force_configure' from command line to 'False'
[0.414s] Level 5:colcon.colcon_core.verb:set package 'ydlidar_ros2_driver' build argument 'ament_cmake_args' from command line to 'None'
[0.414s] Level 5:colcon.colcon_core.verb:set package 'ydlidar_ros2_driver' build argument 'catkin_cmake_args' from command line to 'None'
[0.414s] Level 5:colcon.colcon_core.verb:set package 'ydlidar_ros2_driver' build argument 'catkin_skip_building_tests' from command line to 'False'
[0.415s] DEBUG:colcon.colcon_core.verb:Building package 'ydlidar_ros2_driver' with the following arguments: {'ament_cmake_args': None, 'build_base': '/home/ndp/datn/build/ydlidar_ros2_driver', 'catkin_cmake_args': None, 'catkin_skip_building_tests': False, 'cmake_args': None, 'cmake_clean_cache': False, 'cmake_clean_first': False, 'cmake_force_configure': False, 'cmake_target': None, 'cmake_target_skip_unavailable': False, 'install_base': '/home/ndp/datn/install/ydlidar_ros2_driver', 'merge_install': False, 'path': '/home/ndp/datn/ydlidar_ros2_driver-master', 'symlink_install': True, 'test_result_base': None}
[0.415s] Level 5:colcon.colcon_core.verb:set package 'slam_gmapping' build argument 'cmake_args' from command line to 'None'
[0.415s] Level 5:colcon.colcon_core.verb:set package 'slam_gmapping' build argument 'cmake_target' from command line to 'None'
[0.415s] Level 5:colcon.colcon_core.verb:set package 'slam_gmapping' build argument 'cmake_target_skip_unavailable' from command line to 'False'
[0.415s] Level 5:colcon.colcon_core.verb:set package 'slam_gmapping' build argument 'cmake_clean_cache' from command line to 'False'
[0.415s] Level 5:colcon.colcon_core.verb:set package 'slam_gmapping' build argument 'cmake_clean_first' from command line to 'False'
[0.415s] Level 5:colcon.colcon_core.verb:set package 'slam_gmapping' build argument 'cmake_force_configure' from command line to 'False'
[0.415s] Level 5:colcon.colcon_core.verb:set package 'slam_gmapping' build argument 'ament_cmake_args' from command line to 'None'
[0.415s] Level 5:colcon.colcon_core.verb:set package 'slam_gmapping' build argument 'catkin_cmake_args' from command line to 'None'
[0.415s] Level 5:colcon.colcon_core.verb:set package 'slam_gmapping' build argument 'catkin_skip_building_tests' from command line to 'False'
[0.415s] DEBUG:colcon.colcon_core.verb:Building package 'slam_gmapping' with the following arguments: {'ament_cmake_args': None, 'build_base': '/home/ndp/datn/build/slam_gmapping', 'catkin_cmake_args': None, 'catkin_skip_building_tests': False, 'cmake_args': None, 'cmake_clean_cache': False, 'cmake_clean_first': False, 'cmake_force_configure': False, 'cmake_target': None, 'cmake_target_skip_unavailable': False, 'install_base': '/home/ndp/datn/install/slam_gmapping', 'merge_install': False, 'path': '/home/ndp/datn/slam_gmapping', 'symlink_install': True, 'test_result_base': None}
[0.415s] INFO:colcon.colcon_core.executor:Executing jobs using 'parallel' executor
[0.416s] DEBUG:colcon.colcon_parallel_executor.executor.parallel:run_until_complete
[0.416s] INFO:colcon.colcon_ros.task.ament_cmake.build:Building ROS package in '/home/ndp/datn/openslam_gmapping' with build type 'ament_cmake'
[0.416s] INFO:colcon.colcon_cmake.task.cmake.build:Building CMake package in '/home/ndp/datn/openslam_gmapping'
[0.420s] INFO:colcon.colcon_core.plugin_system:Skipping extension 'colcon_core.shell.bat': Not used on non-Windows systems
[0.420s] INFO:colcon.colcon_core.shell:Skip shell extension 'powershell' for command environment: Not usable outside of PowerShell
[0.420s] DEBUG:colcon.colcon_core.shell:Skip shell extension 'dsv' for command environment
[0.424s] INFO:colcon.colcon_ros.task.ament_cmake.build:Building ROS package in '/home/ndp/datn/diffdrive_arduino' with build type 'ament_cmake'
[0.425s] INFO:colcon.colcon_cmake.task.cmake.build:Building CMake package in '/home/ndp/datn/diffdrive_arduino'
[0.425s] INFO:colcon.colcon_core.shell:Skip shell extension 'powershell' for command environment: Not usable outside of PowerShell
[0.425s] DEBUG:colcon.colcon_core.shell:Skip shell extension 'dsv' for command environment
[0.429s] INFO:colcon.colcon_ros.task.ament_cmake.build:Building ROS package in '/home/ndp/datn/my_bot' with build type 'ament_cmake'
[0.430s] INFO:colcon.colcon_cmake.task.cmake.build:Building CMake package in '/home/ndp/datn/my_bot'
[0.430s] INFO:colcon.colcon_core.shell:Skip shell extension 'powershell' for command environment: Not usable outside of PowerShell
[0.430s] DEBUG:colcon.colcon_core.shell:Skip shell extension 'dsv' for command environment
[0.435s] INFO:colcon.colcon_ros.task.ament_cmake.build:Building ROS package in '/home/ndp/datn/ydlidar_ros2_driver-master' with build type 'ament_cmake'
[0.435s] INFO:colcon.colcon_cmake.task.cmake.build:Building CMake package in '/home/ndp/datn/ydlidar_ros2_driver-master'
[0.435s] INFO:colcon.colcon_core.shell:Skip shell extension 'powershell' for command environment: Not usable outside of PowerShell
[0.435s] DEBUG:colcon.colcon_core.shell:Skip shell extension 'dsv' for command environment
[0.446s] DEBUG:colcon.colcon_core.event_handler.log_command:Invoking command in '/home/ndp/datn/build/openslam_gmapping': CMAKE_PREFIX_PATH=${CMAKE_PREFIX_PATH}:/opt/ros/foxy /usr/bin/cmake --build /home/ndp/datn/build/openslam_gmapping -- -j8 -l8
[0.451s] DEBUG:colcon.colcon_core.event_handler.log_command:Invoking command in '/home/ndp/datn/build/diffdrive_arduino': CMAKE_PREFIX_PATH=${CMAKE_PREFIX_PATH}:/opt/ros/foxy /usr/bin/cmake /home/ndp/datn/diffdrive_arduino -DAMENT_CMAKE_SYMLINK_INSTALL=1 -DCMAKE_INSTALL_PREFIX=/home/ndp/datn/install/diffdrive_arduino
[0.455s] DEBUG:colcon.colcon_core.event_handler.log_command:Invoking command in '/home/ndp/datn/build/my_bot': CMAKE_PREFIX_PATH=${CMAKE_PREFIX_PATH}:/opt/ros/foxy /usr/bin/cmake --build /home/ndp/datn/build/my_bot -- -j8 -l8
[0.464s] DEBUG:colcon.colcon_core.event_handler.log_command:Invoking command in '/home/ndp/datn/build/ydlidar_ros2_driver': CMAKE_PREFIX_PATH=${CMAKE_PREFIX_PATH}:/opt/ros/foxy /usr/bin/cmake --build /home/ndp/datn/build/ydlidar_ros2_driver -- -j8 -l8
[0.499s] DEBUG:colcon.colcon_core.event_handler.log_command:Invoked command in '/home/ndp/datn/build/my_bot' returned '0': CMAKE_PREFIX_PATH=${CMAKE_PREFIX_PATH}:/opt/ros/foxy /usr/bin/cmake --build /home/ndp/datn/build/my_bot -- -j8 -l8
[0.548s] DEBUG:colcon.colcon_core.event_handler.log_command:Invoking command in '/home/ndp/datn/build/my_bot': CMAKE_PREFIX_PATH=${CMAKE_PREFIX_PATH}:/opt/ros/foxy /usr/bin/cmake --install /home/ndp/datn/build/my_bot
[0.573s] DEBUG:colcon.colcon_core.event_handler.log_command:Invoked command in '/home/ndp/datn/build/ydlidar_ros2_driver' returned '0': CMAKE_PREFIX_PATH=${CMAKE_PREFIX_PATH}:/opt/ros/foxy /usr/bin/cmake --build /home/ndp/datn/build/ydlidar_ros2_driver -- -j8 -l8
[0.593s] Level 1:colcon.colcon_core.environment:create_environment_scripts_only(my_bot)
[0.594s] DEBUG:colcon.colcon_core.event_handler.log_command:Invoked command in '/home/ndp/datn/build/my_bot' returned '0': CMAKE_PREFIX_PATH=${CMAKE_PREFIX_PATH}:/opt/ros/foxy /usr/bin/cmake --install /home/ndp/datn/build/my_bot
[0.601s] Level 1:colcon.colcon_core.environment:checking '/home/ndp/datn/install/my_bot' for CMake module files
[0.601s] Level 1:colcon.colcon_core.environment:checking '/home/ndp/datn/install/my_bot' for CMake config files
[0.602s] Level 1:colcon.colcon_core.shell:create_environment_hook('my_bot', 'cmake_prefix_path')
[0.602s] INFO:colcon.colcon_core.shell:Creating environment hook '/home/ndp/datn/install/my_bot/share/my_bot/hook/cmake_prefix_path.ps1'
[0.603s] INFO:colcon.colcon_core.shell:Creating environment descriptor '/home/ndp/datn/install/my_bot/share/my_bot/hook/cmake_prefix_path.dsv'
[0.603s] INFO:colcon.colcon_core.shell:Creating environment hook '/home/ndp/datn/install/my_bot/share/my_bot/hook/cmake_prefix_path.sh'
[0.604s] Level 1:colcon.colcon_core.environment:checking '/home/ndp/datn/install/my_bot/bin'
[0.604s] Level 1:colcon.colcon_core.environment:checking '/home/ndp/datn/install/my_bot/lib/pkgconfig/my_bot.pc'
[0.605s] Level 1:colcon.colcon_core.environment:checking '/home/ndp/datn/install/my_bot/lib/python3.8/site-packages'
[0.605s] Level 1:colcon.colcon_core.environment:checking '/home/ndp/datn/install/my_bot/bin'
[0.605s] INFO:colcon.colcon_core.shell:Creating package script '/home/ndp/datn/install/my_bot/share/my_bot/package.ps1'
[0.606s] INFO:colcon.colcon_core.shell:Creating package descriptor '/home/ndp/datn/install/my_bot/share/my_bot/package.dsv'
[0.606s] INFO:colcon.colcon_core.shell:Creating package script '/home/ndp/datn/install/my_bot/share/my_bot/package.sh'
[0.607s] INFO:colcon.colcon_core.shell:Creating package script '/home/ndp/datn/install/my_bot/share/my_bot/package.bash'
[0.608s] INFO:colcon.colcon_core.shell:Creating package script '/home/ndp/datn/install/my_bot/share/my_bot/package.zsh'
[0.609s] Level 1:colcon.colcon_core.environment:create_file_with_runtime_dependencies(/home/ndp/datn/install/my_bot/share/colcon-core/packages/my_bot)
[0.615s] DEBUG:colcon.colcon_core.event_handler.log_command:Invoking command in '/home/ndp/datn/build/ydlidar_ros2_driver': CMAKE_PREFIX_PATH=${CMAKE_PREFIX_PATH}:/opt/ros/foxy /usr/bin/cmake --install /home/ndp/datn/build/ydlidar_ros2_driver
[0.617s] DEBUG:colcon.colcon_core.event_handler.log_command:Invoked command in '/home/ndp/datn/build/openslam_gmapping' returned '0': CMAKE_PREFIX_PATH=${CMAKE_PREFIX_PATH}:/opt/ros/foxy /usr/bin/cmake --build /home/ndp/datn/build/openslam_gmapping -- -j8 -l8
[0.635s] Level 1:colcon.colcon_core.environment:create_environment_scripts_only(my_bot)
[0.636s] Level 1:colcon.colcon_core.environment:checking '/home/ndp/datn/install/my_bot' for CMake module files
[0.638s] Level 1:colcon.colcon_core.environment:checking '/home/ndp/datn/install/my_bot' for CMake config files
[0.638s] Level 1:colcon.colcon_core.shell:create_environment_hook('my_bot', 'cmake_prefix_path')
[0.639s] INFO:colcon.colcon_core.shell:Creating environment hook '/home/ndp/datn/install/my_bot/share/my_bot/hook/cmake_prefix_path.ps1'
[0.639s] INFO:colcon.colcon_core.shell:Creating environment descriptor '/home/ndp/datn/install/my_bot/share/my_bot/hook/cmake_prefix_path.dsv'
[0.640s] INFO:colcon.colcon_core.shell:Creating environment hook '/home/ndp/datn/install/my_bot/share/my_bot/hook/cmake_prefix_path.sh'
[0.640s] Level 1:colcon.colcon_core.environment:checking '/home/ndp/datn/install/my_bot/bin'
[0.640s] Level 1:colcon.colcon_core.environment:checking '/home/ndp/datn/install/my_bot/lib/pkgconfig/my_bot.pc'
[0.641s] Level 1:colcon.colcon_core.environment:checking '/home/ndp/datn/install/my_bot/lib/python3.8/site-packages'
[0.641s] Level 1:colcon.colcon_core.environment:checking '/home/ndp/datn/install/my_bot/bin'
[0.641s] INFO:colcon.colcon_core.shell:Creating package script '/home/ndp/datn/install/my_bot/share/my_bot/package.ps1'
[0.642s] INFO:colcon.colcon_core.shell:Creating package descriptor '/home/ndp/datn/install/my_bot/share/my_bot/package.dsv'
[0.642s] INFO:colcon.colcon_core.shell:Creating package script '/home/ndp/datn/install/my_bot/share/my_bot/package.sh'
[0.642s] INFO:colcon.colcon_core.shell:Creating package script '/home/ndp/datn/install/my_bot/share/my_bot/package.bash'
[0.643s] INFO:colcon.colcon_core.shell:Creating package script '/home/ndp/datn/install/my_bot/share/my_bot/package.zsh'
[0.643s] Level 1:colcon.colcon_core.environment:create_file_with_runtime_dependencies(/home/ndp/datn/install/my_bot/share/colcon-core/packages/my_bot)
[0.647s] DEBUG:colcon.colcon_core.event_handler.log_command:Invoking command in '/home/ndp/datn/build/openslam_gmapping': CMAKE_PREFIX_PATH=${CMAKE_PREFIX_PATH}:/opt/ros/foxy /usr/bin/cmake --install /home/ndp/datn/build/openslam_gmapping
[0.654s] Level 1:colcon.colcon_core.environment:create_environment_scripts_only(ydlidar_ros2_driver)
[0.654s] Level 1:colcon.colcon_core.environment:checking '/home/ndp/datn/install/ydlidar_ros2_driver' for CMake module files
[0.655s] DEBUG:colcon.colcon_core.event_handler.log_command:Invoked command in '/home/ndp/datn/build/ydlidar_ros2_driver' returned '0': CMAKE_PREFIX_PATH=${CMAKE_PREFIX_PATH}:/opt/ros/foxy /usr/bin/cmake --install /home/ndp/datn/build/ydlidar_ros2_driver
[0.655s] Level 1:colcon.colcon_core.environment:checking '/home/ndp/datn/install/ydlidar_ros2_driver' for CMake config files
[0.655s] Level 1:colcon.colcon_core.shell:create_environment_hook('ydlidar_ros2_driver', 'cmake_prefix_path')
[0.656s] INFO:colcon.colcon_core.shell:Creating environment hook '/home/ndp/datn/install/ydlidar_ros2_driver/share/ydlidar_ros2_driver/hook/cmake_prefix_path.ps1'
[0.656s] INFO:colcon.colcon_core.shell:Creating environment descriptor '/home/ndp/datn/install/ydlidar_ros2_driver/share/ydlidar_ros2_driver/hook/cmake_prefix_path.dsv'
[0.657s] INFO:colcon.colcon_core.shell:Creating environment hook '/home/ndp/datn/install/ydlidar_ros2_driver/share/ydlidar_ros2_driver/hook/cmake_prefix_path.sh'
[0.657s] Level 1:colcon.colcon_core.environment:checking '/home/ndp/datn/install/ydlidar_ros2_driver/lib'
[0.658s] Level 1:colcon.colcon_core.environment:checking '/home/ndp/datn/install/ydlidar_ros2_driver/bin'
[0.658s] Level 1:colcon.colcon_core.environment:checking '/home/ndp/datn/install/ydlidar_ros2_driver/lib/pkgconfig/ydlidar_ros2_driver.pc'
[0.658s] Level 1:colcon.colcon_core.environment:checking '/home/ndp/datn/install/ydlidar_ros2_driver/lib/python3.8/site-packages'
[0.659s] Level 1:colcon.colcon_core.environment:checking '/home/ndp/datn/install/ydlidar_ros2_driver/bin'
[0.659s] INFO:colcon.colcon_core.shell:Creating package script '/home/ndp/datn/install/ydlidar_ros2_driver/share/ydlidar_ros2_driver/package.ps1'
[0.660s] INFO:colcon.colcon_core.shell:Creating package descriptor '/home/ndp/datn/install/ydlidar_ros2_driver/share/ydlidar_ros2_driver/package.dsv'
[0.661s] INFO:colcon.colcon_core.shell:Creating package script '/home/ndp/datn/install/ydlidar_ros2_driver/share/ydlidar_ros2_driver/package.sh'
[0.662s] INFO:colcon.colcon_core.shell:Creating package script '/home/ndp/datn/install/ydlidar_ros2_driver/share/ydlidar_ros2_driver/package.bash'
[0.662s] INFO:colcon.colcon_core.shell:Creating package script '/home/ndp/datn/install/ydlidar_ros2_driver/share/ydlidar_ros2_driver/package.zsh'
[0.663s] Level 1:colcon.colcon_core.environment:create_file_with_runtime_dependencies(/home/ndp/datn/install/ydlidar_ros2_driver/share/colcon-core/packages/ydlidar_ros2_driver)
[0.694s] Level 1:colcon.colcon_core.environment:create_environment_scripts_only(ydlidar_ros2_driver)
[0.694s] Level 1:colcon.colcon_core.environment:checking '/home/ndp/datn/install/ydlidar_ros2_driver' for CMake module files
[0.695s] Level 1:colcon.colcon_core.environment:checking '/home/ndp/datn/install/ydlidar_ros2_driver' for CMake config files
[0.695s] Level 1:colcon.colcon_core.shell:create_environment_hook('ydlidar_ros2_driver', 'cmake_prefix_path')
[0.695s] INFO:colcon.colcon_core.shell:Creating environment hook '/home/ndp/datn/install/ydlidar_ros2_driver/share/ydlidar_ros2_driver/hook/cmake_prefix_path.ps1'
[0.696s] INFO:colcon.colcon_core.shell:Creating environment descriptor '/home/ndp/datn/install/ydlidar_ros2_driver/share/ydlidar_ros2_driver/hook/cmake_prefix_path.dsv'
[0.696s] INFO:colcon.colcon_core.shell:Creating environment hook '/home/ndp/datn/install/ydlidar_ros2_driver/share/ydlidar_ros2_driver/hook/cmake_prefix_path.sh'
[0.697s] Level 1:colcon.colcon_core.environment:checking '/home/ndp/datn/install/ydlidar_ros2_driver/lib'
[0.697s] Level 1:colcon.colcon_core.environment:checking '/home/ndp/datn/install/ydlidar_ros2_driver/bin'
[0.697s] Level 1:colcon.colcon_core.environment:checking '/home/ndp/datn/install/ydlidar_ros2_driver/lib/pkgconfig/ydlidar_ros2_driver.pc'
[0.697s] Level 1:colcon.colcon_core.environment:checking '/home/ndp/datn/install/ydlidar_ros2_driver/lib/python3.8/site-packages'
[0.697s] Level 1:colcon.colcon_core.environment:checking '/home/ndp/datn/install/ydlidar_ros2_driver/bin'
[0.698s] INFO:colcon.colcon_core.shell:Creating package script '/home/ndp/datn/install/ydlidar_ros2_driver/share/ydlidar_ros2_driver/package.ps1'
[0.698s] INFO:colcon.colcon_core.shell:Creating package descriptor '/home/ndp/datn/install/ydlidar_ros2_driver/share/ydlidar_ros2_driver/package.dsv'
[0.698s] INFO:colcon.colcon_core.shell:Creating package script '/home/ndp/datn/install/ydlidar_ros2_driver/share/ydlidar_ros2_driver/package.sh'
[0.699s] INFO:colcon.colcon_core.shell:Creating package script '/home/ndp/datn/install/ydlidar_ros2_driver/share/ydlidar_ros2_driver/package.bash'
[0.699s] INFO:colcon.colcon_core.shell:Creating package script '/home/ndp/datn/install/ydlidar_ros2_driver/share/ydlidar_ros2_driver/package.zsh'
[0.700s] Level 1:colcon.colcon_core.environment:create_file_with_runtime_dependencies(/home/ndp/datn/install/ydlidar_ros2_driver/share/colcon-core/packages/ydlidar_ros2_driver)
[0.701s] Level 1:colcon.colcon_core.environment:create_environment_scripts_only(openslam_gmapping)
[0.701s] Level 1:colcon.colcon_core.environment:checking '/home/ndp/datn/install/openslam_gmapping' for CMake module files
[0.701s] DEBUG:colcon.colcon_core.event_handler.log_command:Invoked command in '/home/ndp/datn/build/openslam_gmapping' returned '0': CMAKE_PREFIX_PATH=${CMAKE_PREFIX_PATH}:/opt/ros/foxy /usr/bin/cmake --install /home/ndp/datn/build/openslam_gmapping
[0.702s] Level 1:colcon.colcon_core.environment:checking '/home/ndp/datn/install/openslam_gmapping' for CMake config files
[0.702s] Level 1:colcon.colcon_core.shell:create_environment_hook('openslam_gmapping', 'cmake_prefix_path')
[0.703s] INFO:colcon.colcon_core.shell:Creating environment hook '/home/ndp/datn/install/openslam_gmapping/share/openslam_gmapping/hook/cmake_prefix_path.ps1'
[0.703s] INFO:colcon.colcon_core.shell:Creating environment descriptor '/home/ndp/datn/install/openslam_gmapping/share/openslam_gmapping/hook/cmake_prefix_path.dsv'
[0.703s] INFO:colcon.colcon_core.shell:Creating environment hook '/home/ndp/datn/install/openslam_gmapping/share/openslam_gmapping/hook/cmake_prefix_path.sh'
[0.704s] Level 1:colcon.colcon_core.environment:checking '/home/ndp/datn/install/openslam_gmapping/lib'
[0.704s] Level 1:colcon.colcon_core.environment:checking '/home/ndp/datn/install/openslam_gmapping/bin'
[0.704s] Level 1:colcon.colcon_core.environment:checking '/home/ndp/datn/install/openslam_gmapping/lib/pkgconfig/openslam_gmapping.pc'
[0.704s] Level 1:colcon.colcon_core.environment:checking '/home/ndp/datn/install/openslam_gmapping/lib/python3.8/site-packages'
[0.704s] Level 1:colcon.colcon_core.environment:checking '/home/ndp/datn/install/openslam_gmapping/bin'
[0.705s] INFO:colcon.colcon_core.shell:Creating package script '/home/ndp/datn/install/openslam_gmapping/share/openslam_gmapping/package.ps1'
[0.705s] INFO:colcon.colcon_core.shell:Creating package descriptor '/home/ndp/datn/install/openslam_gmapping/share/openslam_gmapping/package.dsv'
[0.705s] INFO:colcon.colcon_core.shell:Creating package script '/home/ndp/datn/install/openslam_gmapping/share/openslam_gmapping/package.sh'
[0.706s] INFO:colcon.colcon_core.shell:Creating package script '/home/ndp/datn/install/openslam_gmapping/share/openslam_gmapping/package.bash'
[0.706s] INFO:colcon.colcon_core.shell:Creating package script '/home/ndp/datn/install/openslam_gmapping/share/openslam_gmapping/package.zsh'
[0.706s] Level 1:colcon.colcon_core.environment:create_file_with_runtime_dependencies(/home/ndp/datn/install/openslam_gmapping/share/colcon-core/packages/openslam_gmapping)
[0.728s] Level 1:colcon.colcon_core.environment:create_environment_scripts_only(openslam_gmapping)
[0.728s] Level 1:colcon.colcon_core.environment:checking '/home/ndp/datn/install/openslam_gmapping' for CMake module files
[0.729s] Level 1:colcon.colcon_core.environment:checking '/home/ndp/datn/install/openslam_gmapping' for CMake config files
[0.729s] Level 1:colcon.colcon_core.shell:create_environment_hook('openslam_gmapping', 'cmake_prefix_path')
[0.730s] INFO:colcon.colcon_core.shell:Creating environment hook '/home/ndp/datn/install/openslam_gmapping/share/openslam_gmapping/hook/cmake_prefix_path.ps1'
[0.730s] INFO:colcon.colcon_core.shell:Creating environment descriptor '/home/ndp/datn/install/openslam_gmapping/share/openslam_gmapping/hook/cmake_prefix_path.dsv'
[0.730s] INFO:colcon.colcon_core.shell:Creating environment hook '/home/ndp/datn/install/openslam_gmapping/share/openslam_gmapping/hook/cmake_prefix_path.sh'
[0.731s] Level 1:colcon.colcon_core.environment:checking '/home/ndp/datn/install/openslam_gmapping/lib'
[0.731s] Level 1:colcon.colcon_core.environment:checking '/home/ndp/datn/install/openslam_gmapping/bin'
[0.731s] Level 1:colcon.colcon_core.environment:checking '/home/ndp/datn/install/openslam_gmapping/lib/pkgconfig/openslam_gmapping.pc'
[0.731s] Level 1:colcon.colcon_core.environment:checking '/home/ndp/datn/install/openslam_gmapping/lib/python3.8/site-packages'
[0.732s] Level 1:colcon.colcon_core.environment:checking '/home/ndp/datn/install/openslam_gmapping/bin'
[0.732s] INFO:colcon.colcon_core.shell:Creating package script '/home/ndp/datn/install/openslam_gmapping/share/openslam_gmapping/package.ps1'
[0.732s] INFO:colcon.colcon_core.shell:Creating package descriptor '/home/ndp/datn/install/openslam_gmapping/share/openslam_gmapping/package.dsv'
[0.733s] INFO:colcon.colcon_core.shell:Creating package script '/home/ndp/datn/install/openslam_gmapping/share/openslam_gmapping/package.sh'
[0.733s] INFO:colcon.colcon_core.shell:Creating package script '/home/ndp/datn/install/openslam_gmapping/share/openslam_gmapping/package.bash'
[0.734s] INFO:colcon.colcon_core.shell:Creating package script '/home/ndp/datn/install/openslam_gmapping/share/openslam_gmapping/package.zsh'
[0.734s] Level 1:colcon.colcon_core.environment:create_file_with_runtime_dependencies(/home/ndp/datn/install/openslam_gmapping/share/colcon-core/packages/openslam_gmapping)
[0.735s] INFO:colcon.colcon_ros.task.ament_cmake.build:Building ROS package in '/home/ndp/datn/slam_gmapping' with build type 'ament_cmake'
[0.735s] INFO:colcon.colcon_cmake.task.cmake.build:Building CMake package in '/home/ndp/datn/slam_gmapping'
[0.735s] INFO:colcon.colcon_core.shell:Skip shell extension 'powershell' for command environment: Not usable outside of PowerShell
[0.735s] DEBUG:colcon.colcon_core.shell:Skip shell extension 'dsv' for command environment
[0.749s] DEBUG:colcon.colcon_core.event_handler.log_command:Invoking command in '/home/ndp/datn/build/slam_gmapping': CMAKE_PREFIX_PATH=/home/ndp/datn/install/openslam_gmapping:/home/ndp/datn/install/ydlidar_ros2_driver:/home/ndp/datn/install/slam_gmapping:/home/ndp/datn/install/my_bot:/home/ndp/ydlidar_ws/install/ydlidar_ros2_driver:/home/ndp/ydlidar_ws/install/slam_gmapping:/home/ndp/ydlidar_ws/install/openslam_gmapping:/home/ndp/my_bot/install/my_bot:/opt/ros/foxy /usr/bin/cmake --build /home/ndp/datn/build/slam_gmapping -- -j8 -l8
[0.840s] DEBUG:colcon.colcon_core.event_handler.log_command:Invoked command in '/home/ndp/datn/build/slam_gmapping' returned '0': CMAKE_PREFIX_PATH=/home/ndp/datn/install/openslam_gmapping:/home/ndp/datn/install/ydlidar_ros2_driver:/home/ndp/datn/install/slam_gmapping:/home/ndp/datn/install/my_bot:/home/ndp/ydlidar_ws/install/ydlidar_ros2_driver:/home/ndp/ydlidar_ws/install/slam_gmapping:/home/ndp/ydlidar_ws/install/openslam_gmapping:/home/ndp/my_bot/install/my_bot:/opt/ros/foxy /usr/bin/cmake --build /home/ndp/datn/build/slam_gmapping -- -j8 -l8
[0.870s] DEBUG:colcon.colcon_core.event_handler.log_command:Invoking command in '/home/ndp/datn/build/slam_gmapping': CMAKE_PREFIX_PATH=/home/ndp/datn/install/openslam_gmapping:/home/ndp/datn/install/ydlidar_ros2_driver:/home/ndp/datn/install/slam_gmapping:/home/ndp/datn/install/my_bot:/home/ndp/ydlidar_ws/install/ydlidar_ros2_driver:/home/ndp/ydlidar_ws/install/slam_gmapping:/home/ndp/ydlidar_ws/install/openslam_gmapping:/home/ndp/my_bot/install/my_bot:/opt/ros/foxy /usr/bin/cmake --install /home/ndp/datn/build/slam_gmapping
[0.904s] Level 1:colcon.colcon_core.environment:create_environment_scripts_only(slam_gmapping)
[0.904s] Level 1:colcon.colcon_core.environment:checking '/home/ndp/datn/install/slam_gmapping' for CMake module files
[0.905s] DEBUG:colcon.colcon_core.event_handler.log_command:Invoked command in '/home/ndp/datn/build/slam_gmapping' returned '0': CMAKE_PREFIX_PATH=/home/ndp/datn/install/openslam_gmapping:/home/ndp/datn/install/ydlidar_ros2_driver:/home/ndp/datn/install/slam_gmapping:/home/ndp/datn/install/my_bot:/home/ndp/ydlidar_ws/install/ydlidar_ros2_driver:/home/ndp/ydlidar_ws/install/slam_gmapping:/home/ndp/ydlidar_ws/install/openslam_gmapping:/home/ndp/my_bot/install/my_bot:/opt/ros/foxy /usr/bin/cmake --install /home/ndp/datn/build/slam_gmapping
[0.905s] Level 1:colcon.colcon_core.environment:checking '/home/ndp/datn/install/slam_gmapping' for CMake config files
[0.905s] Level 1:colcon.colcon_core.shell:create_environment_hook('slam_gmapping', 'cmake_prefix_path')
[0.905s] INFO:colcon.colcon_core.shell:Creating environment hook '/home/ndp/datn/install/slam_gmapping/share/slam_gmapping/hook/cmake_prefix_path.ps1'
[0.906s] INFO:colcon.colcon_core.shell:Creating environment descriptor '/home/ndp/datn/install/slam_gmapping/share/slam_gmapping/hook/cmake_prefix_path.dsv'
[0.906s] INFO:colcon.colcon_core.shell:Creating environment hook '/home/ndp/datn/install/slam_gmapping/share/slam_gmapping/hook/cmake_prefix_path.sh'
[0.907s] Level 1:colcon.colcon_core.environment:checking '/home/ndp/datn/install/slam_gmapping/lib'
[0.907s] Level 1:colcon.colcon_core.environment:checking '/home/ndp/datn/install/slam_gmapping/bin'
[0.907s] Level 1:colcon.colcon_core.environment:checking '/home/ndp/datn/install/slam_gmapping/lib/pkgconfig/slam_gmapping.pc'
[0.907s] Level 1:colcon.colcon_core.environment:checking '/home/ndp/datn/install/slam_gmapping/lib/python3.8/site-packages'
[0.907s] Level 1:colcon.colcon_core.environment:checking '/home/ndp/datn/install/slam_gmapping/bin'
[0.907s] INFO:colcon.colcon_core.shell:Creating package script '/home/ndp/datn/install/slam_gmapping/share/slam_gmapping/package.ps1'
[0.908s] INFO:colcon.colcon_core.shell:Creating package descriptor '/home/ndp/datn/install/slam_gmapping/share/slam_gmapping/package.dsv'
[0.908s] INFO:colcon.colcon_core.shell:Creating package script '/home/ndp/datn/install/slam_gmapping/share/slam_gmapping/package.sh'
[0.908s] INFO:colcon.colcon_core.shell:Creating package script '/home/ndp/datn/install/slam_gmapping/share/slam_gmapping/package.bash'
[0.909s] INFO:colcon.colcon_core.shell:Creating package script '/home/ndp/datn/install/slam_gmapping/share/slam_gmapping/package.zsh'
[0.909s] Level 1:colcon.colcon_core.environment:create_file_with_runtime_dependencies(/home/ndp/datn/install/slam_gmapping/share/colcon-core/packages/slam_gmapping)
[0.934s] Level 1:colcon.colcon_core.environment:create_environment_scripts_only(slam_gmapping)
[0.934s] Level 1:colcon.colcon_core.environment:checking '/home/ndp/datn/install/slam_gmapping' for CMake module files
[0.935s] Level 1:colcon.colcon_core.environment:checking '/home/ndp/datn/install/slam_gmapping' for CMake config files
[0.936s] Level 1:colcon.colcon_core.shell:create_environment_hook('slam_gmapping', 'cmake_prefix_path')
[0.936s] INFO:colcon.colcon_core.shell:Creating environment hook '/home/ndp/datn/install/slam_gmapping/share/slam_gmapping/hook/cmake_prefix_path.ps1'
[0.937s] INFO:colcon.colcon_core.shell:Creating environment descriptor '/home/ndp/datn/install/slam_gmapping/share/slam_gmapping/hook/cmake_prefix_path.dsv'
[0.937s] INFO:colcon.colcon_core.shell:Creating environment hook '/home/ndp/datn/install/slam_gmapping/share/slam_gmapping/hook/cmake_prefix_path.sh'
[0.938s] Level 1:colcon.colcon_core.environment:checking '/home/ndp/datn/install/slam_gmapping/lib'
[0.938s] Level 1:colcon.colcon_core.environment:checking '/home/ndp/datn/install/slam_gmapping/bin'
[0.938s] Level 1:colcon.colcon_core.environment:checking '/home/ndp/datn/install/slam_gmapping/lib/pkgconfig/slam_gmapping.pc'
[0.939s] Level 1:colcon.colcon_core.environment:checking '/home/ndp/datn/install/slam_gmapping/lib/python3.8/site-packages'
[0.939s] Level 1:colcon.colcon_core.environment:checking '/home/ndp/datn/install/slam_gmapping/bin'
[0.939s] INFO:colcon.colcon_core.shell:Creating package script '/home/ndp/datn/install/slam_gmapping/share/slam_gmapping/package.ps1'
[0.940s] INFO:colcon.colcon_core.shell:Creating package descriptor '/home/ndp/datn/install/slam_gmapping/share/slam_gmapping/package.dsv'
[0.941s] INFO:colcon.colcon_core.shell:Creating package script '/home/ndp/datn/install/slam_gmapping/share/slam_gmapping/package.sh'
[0.941s] INFO:colcon.colcon_core.shell:Creating package script '/home/ndp/datn/install/slam_gmapping/share/slam_gmapping/package.bash'
[0.942s] INFO:colcon.colcon_core.shell:Creating package script '/home/ndp/datn/install/slam_gmapping/share/slam_gmapping/package.zsh'
[0.942s] Level 1:colcon.colcon_core.environment:create_file_with_runtime_dependencies(/home/ndp/datn/install/slam_gmapping/share/colcon-core/packages/slam_gmapping)
[1.147s] DEBUG:colcon.colcon_core.event_handler.log_command:Invoked command in '/home/ndp/datn/build/diffdrive_arduino' returned '1': CMAKE_PREFIX_PATH=${CMAKE_PREFIX_PATH}:/opt/ros/foxy /usr/bin/cmake /home/ndp/datn/diffdrive_arduino -DAMENT_CMAKE_SYMLINK_INSTALL=1 -DCMAKE_INSTALL_PREFIX=/home/ndp/datn/install/diffdrive_arduino
[1.158s] Level 1:colcon.colcon_core.environment:create_environment_scripts_only(diffdrive_arduino)
[1.158s] Level 1:colcon.colcon_core.environment:checking '/home/ndp/datn/install/diffdrive_arduino' for CMake module files
[1.158s] Level 1:colcon.colcon_core.environment:checking '/home/ndp/datn/install/diffdrive_arduino' for CMake config files
[1.159s] Level 1:colcon.colcon_core.environment:checking '/home/ndp/datn/install/diffdrive_arduino/bin'
[1.159s] Level 1:colcon.colcon_core.environment:checking '/home/ndp/datn/install/diffdrive_arduino/lib/pkgconfig/diffdrive_arduino.pc'
[1.159s] Level 1:colcon.colcon_core.environment:checking '/home/ndp/datn/install/diffdrive_arduino/lib/python3.8/site-packages'
[1.159s] Level 1:colcon.colcon_core.environment:checking '/home/ndp/datn/install/diffdrive_arduino/bin'
[1.159s] INFO:colcon.colcon_core.shell:Creating package script '/home/ndp/datn/install/diffdrive_arduino/share/diffdrive_arduino/package.ps1'
[1.160s] INFO:colcon.colcon_core.shell:Creating package descriptor '/home/ndp/datn/install/diffdrive_arduino/share/diffdrive_arduino/package.dsv'
[1.160s] INFO:colcon.colcon_core.shell:Creating package script '/home/ndp/datn/install/diffdrive_arduino/share/diffdrive_arduino/package.sh'
[1.160s] INFO:colcon.colcon_core.shell:Creating package script '/home/ndp/datn/install/diffdrive_arduino/share/diffdrive_arduino/package.bash'
[1.160s] INFO:colcon.colcon_core.shell:Creating package script '/home/ndp/datn/install/diffdrive_arduino/share/diffdrive_arduino/package.zsh'
[1.161s] Level 1:colcon.colcon_core.environment:create_file_with_runtime_dependencies(/home/ndp/datn/install/diffdrive_arduino/share/colcon-core/packages/diffdrive_arduino)
[1.171s] DEBUG:colcon.colcon_parallel_executor.executor.parallel:closing loop
[1.171s] DEBUG:colcon.colcon_parallel_executor.executor.parallel:loop closed
[1.171s] DEBUG:colcon.colcon_parallel_executor.executor.parallel:run_until_complete finished with '1'
[1.172s] DEBUG:colcon.colcon_core.event_reactor:joining thread
[1.180s] INFO:colcon.colcon_core.plugin_system:Skipping extension 'colcon_notification.desktop_notification.terminal_notifier': Not used on non-Darwin systems
[1.181s] INFO:colcon.colcon_core.plugin_system:Skipping extension 'colcon_notification.desktop_notification.win32': Not used on non-Windows systems
[1.181s] INFO:colcon.colcon_notification.desktop_notification:Sending desktop notification using 'notify2'
[1.197s] DEBUG:colcon.colcon_core.event_reactor:joined thread
[1.197s] INFO:colcon.colcon_core.shell:Creating prefix script '/home/ndp/datn/install/local_setup.ps1'
[1.199s] INFO:colcon.colcon_core.shell:Creating prefix util module '/home/ndp/datn/install/_local_setup_util_ps1.py'
[1.200s] INFO:colcon.colcon_core.shell:Creating prefix chain script '/home/ndp/datn/install/setup.ps1'
[1.201s] INFO:colcon.colcon_core.shell:Creating prefix script '/home/ndp/datn/install/local_setup.sh'
[1.203s] INFO:colcon.colcon_core.shell:Creating prefix util module '/home/ndp/datn/install/_local_setup_util_sh.py'
[1.203s] INFO:colcon.colcon_core.shell:Creating prefix chain script '/home/ndp/datn/install/setup.sh'
[1.205s] INFO:colcon.colcon_core.shell:Creating prefix script '/home/ndp/datn/install/local_setup.bash'
[1.205s] INFO:colcon.colcon_core.shell:Creating prefix chain script '/home/ndp/datn/install/setup.bash'
[1.206s] INFO:colcon.colcon_core.shell:Creating prefix script '/home/ndp/datn/install/local_setup.zsh'
[1.206s] INFO:colcon.colcon_core.shell:Creating prefix chain script '/home/ndp/datn/install/setup.zsh'
