[0.009s] Invoking command in '/home/ndp/datn/build/diffdrive_arduino': AMENT_PREFIX_PATH=/home/ndp/datn/install/serial:${AMENT_PREFIX_PATH} CMAKE_PREFIX_PATH=/home/ndp/datn/install/serial:/home/ndp/datn/install/ydlidar_ros2_driver:/home/ndp/datn/install/slam_gmapping:/home/ndp/datn/install/openslam_gmapping:/home/ndp/datn/install/my_bot:/home/ndp/ydlidar_ws/install/ydlidar_ros2_driver:/home/ndp/ydlidar_ws/install/slam_gmapping:/home/ndp/ydlidar_ws/install/openslam_gmapping:/home/ndp/my_bot/install/my_bot:/opt/ros/foxy LD_LIBRARY_PATH=/home/ndp/datn/install/serial/lib:${LD_LIBRARY_PATH} /usr/bin/cmake /home/ndp/datn/diffdrive_arduino -DAMENT_CMAKE_SYMLINK_INSTALL=1 -DCMAKE_INSTALL_PREFIX=/home/ndp/datn/install/diffdrive_arduino
[0.020s] -- Found ament_cmake: 0.9.12 (/opt/ros/foxy/share/ament_cmake/cmake)
[0.036s] -- Using PYTHON_EXECUTABLE: /usr/bin/python3
[0.146s] -- Override CMake install command with custom implementation using symlinks instead of copying resources
[0.151s] -- Found serial: 1.2.1 (/home/ndp/datn/install/serial/share/serial/cmake)
[0.153s] -- Found hardware_interface: 0.11.0 (/opt/ros/foxy/share/hardware_interface/cmake)
[0.186s] -- Using all available rosidl_typesupport_c: rosidl_typesupport_fastrtps_c;rosidl_typesupport_introspection_c
[0.193s] -- Found rosidl_adapter: 1.3.1 (/opt/ros/foxy/share/rosidl_adapter/cmake)
[0.251s] -- Found OpenSSL: /usr/lib/x86_64-linux-gnu/libcrypto.so (found version "1.1.1f")  
[0.276s] -- Found FastRTPS: /opt/ros/foxy/include  
[0.335s] -- Using all available rosidl_typesupport_cpp: rosidl_typesupport_fastrtps_cpp;rosidl_typesupport_introspection_cpp
[0.722s] -- Found controller_manager: 0.11.0 (/opt/ros/foxy/share/controller_manager/cmake)
[0.774s] -- Found rmw_implementation_cmake: 1.0.4 (/opt/ros/foxy/share/rmw_implementation_cmake/cmake)
[0.776s] -- Using RMW implementation 'rmw_fastrtps_cpp' as default
[0.777s] -- Looking for pthread.h
[0.837s] -- Looking for pthread.h - found
[0.837s] -- Performing Test CMAKE_HAVE_LIBC_PTHREAD
[0.889s] -- Performing Test CMAKE_HAVE_LIBC_PTHREAD - Failed
[0.889s] -- Looking for pthread_create in pthreads
[0.942s] -- Looking for pthread_create in pthreads - not found
[0.942s] -- Looking for pthread_create in pthread
[1.004s] -- Looking for pthread_create in pthread - found
[1.005s] -- Found Threads: TRUE  
[1.436s] -- Configuring done
[1.484s] -- Generating done
[1.485s] -- Build files have been written to: /home/ndp/datn/build/diffdrive_arduino
[1.491s] Invoked command in '/home/ndp/datn/build/diffdrive_arduino' returned '0': AMENT_PREFIX_PATH=/home/ndp/datn/install/serial:${AMENT_PREFIX_PATH} CMAKE_PREFIX_PATH=/home/ndp/datn/install/serial:/home/ndp/datn/install/ydlidar_ros2_driver:/home/ndp/datn/install/slam_gmapping:/home/ndp/datn/install/openslam_gmapping:/home/ndp/datn/install/my_bot:/home/ndp/ydlidar_ws/install/ydlidar_ros2_driver:/home/ndp/ydlidar_ws/install/slam_gmapping:/home/ndp/ydlidar_ws/install/openslam_gmapping:/home/ndp/my_bot/install/my_bot:/opt/ros/foxy LD_LIBRARY_PATH=/home/ndp/datn/install/serial/lib:${LD_LIBRARY_PATH} /usr/bin/cmake /home/ndp/datn/diffdrive_arduino -DAMENT_CMAKE_SYMLINK_INSTALL=1 -DCMAKE_INSTALL_PREFIX=/home/ndp/datn/install/diffdrive_arduino
[1.493s] Invoking command in '/home/ndp/datn/build/diffdrive_arduino': AMENT_PREFIX_PATH=/home/ndp/datn/install/serial:${AMENT_PREFIX_PATH} CMAKE_PREFIX_PATH=/home/ndp/datn/install/serial:/home/ndp/datn/install/ydlidar_ros2_driver:/home/ndp/datn/install/slam_gmapping:/home/ndp/datn/install/openslam_gmapping:/home/ndp/datn/install/my_bot:/home/ndp/ydlidar_ws/install/ydlidar_ros2_driver:/home/ndp/ydlidar_ws/install/slam_gmapping:/home/ndp/ydlidar_ws/install/openslam_gmapping:/home/ndp/my_bot/install/my_bot:/opt/ros/foxy LD_LIBRARY_PATH=/home/ndp/datn/install/serial/lib:${LD_LIBRARY_PATH} /usr/bin/cmake --build /home/ndp/datn/build/diffdrive_arduino -- -j8 -l8
[1.524s] [35m[1mScanning dependencies of target diffdrive_arduino[0m
[1.525s] [35m[1mScanning dependencies of target fake_robot[0m
[1.586s] [ 14%] [32mBuilding CXX object CMakeFiles/fake_robot.dir/src/fake_robot.cpp.o[0m
[1.589s] [ 28%] [32mBuilding CXX object CMakeFiles/fake_robot.dir/src/wheel.cpp.o[0m
[1.592s] [ 42%] [32mBuilding CXX object CMakeFiles/diffdrive_arduino.dir/src/diffdrive_arduino.cpp.o[0m
[1.592s] [ 57%] [32mBuilding CXX object CMakeFiles/diffdrive_arduino.dir/src/wheel.cpp.o[0m
[1.597s] [ 71%] [32mBuilding CXX object CMakeFiles/diffdrive_arduino.dir/src/arduino_comms.cpp.o[0m
[4.010s] [ 85%] [32m[1mLinking CXX shared library libfake_robot.so[0m
[4.131s] [100%] [32m[1mLinking CXX shared library libdiffdrive_arduino.so[0m
[4.196s] [100%] Built target fake_robot
[4.280s] [100%] Built target diffdrive_arduino
[4.290s] Invoked command in '/home/ndp/datn/build/diffdrive_arduino' returned '0': AMENT_PREFIX_PATH=/home/ndp/datn/install/serial:${AMENT_PREFIX_PATH} CMAKE_PREFIX_PATH=/home/ndp/datn/install/serial:/home/ndp/datn/install/ydlidar_ros2_driver:/home/ndp/datn/install/slam_gmapping:/home/ndp/datn/install/openslam_gmapping:/home/ndp/datn/install/my_bot:/home/ndp/ydlidar_ws/install/ydlidar_ros2_driver:/home/ndp/ydlidar_ws/install/slam_gmapping:/home/ndp/ydlidar_ws/install/openslam_gmapping:/home/ndp/my_bot/install/my_bot:/opt/ros/foxy LD_LIBRARY_PATH=/home/ndp/datn/install/serial/lib:${LD_LIBRARY_PATH} /usr/bin/cmake --build /home/ndp/datn/build/diffdrive_arduino -- -j8 -l8
[4.310s] Invoking command in '/home/ndp/datn/build/diffdrive_arduino': AMENT_PREFIX_PATH=/home/ndp/datn/install/serial:${AMENT_PREFIX_PATH} CMAKE_PREFIX_PATH=/home/ndp/datn/install/serial:/home/ndp/datn/install/ydlidar_ros2_driver:/home/ndp/datn/install/slam_gmapping:/home/ndp/datn/install/openslam_gmapping:/home/ndp/datn/install/my_bot:/home/ndp/ydlidar_ws/install/ydlidar_ros2_driver:/home/ndp/ydlidar_ws/install/slam_gmapping:/home/ndp/ydlidar_ws/install/openslam_gmapping:/home/ndp/my_bot/install/my_bot:/opt/ros/foxy LD_LIBRARY_PATH=/home/ndp/datn/install/serial/lib:${LD_LIBRARY_PATH} /usr/bin/cmake --install /home/ndp/datn/build/diffdrive_arduino
[4.316s] -- Install configuration: ""
[4.317s] -- Execute custom install script
[4.317s] -- Symlinking: /home/ndp/datn/install/diffdrive_arduino/share/diffdrive_arduino//robot_hardware.xml
[4.324s] -- Symlinking: /home/ndp/datn/install/diffdrive_arduino/share/diffdrive_arduino//fake_robot_hardware.xml
[4.330s] -- Symlinking: /home/ndp/datn/install/diffdrive_arduino/lib/libdiffdrive_arduino.so
[4.336s] -- Symlinking: /home/ndp/datn/install/diffdrive_arduino/lib/libfake_robot.so
[4.343s] -- Symlinking: /home/ndp/datn/install/diffdrive_arduino/share/diffdrive_arduino/controllers/robot_controller_example.yaml
[4.350s] -- Symlinking: /home/ndp/datn/install/diffdrive_arduino/share/diffdrive_arduino/fake_robot.launch.py
[4.358s] -- Symlinking: /home/ndp/datn/install/diffdrive_arduino/share/diffdrive_arduino/test_robot.launch.py
[4.366s] -- Symlinking: /home/ndp/datn/install/diffdrive_arduino/share/diffdrive_arduino/environment/library_path.sh
[4.375s] -- Symlinking: /home/ndp/datn/install/diffdrive_arduino/share/diffdrive_arduino/environment/library_path.dsv
[4.384s] -- Symlinking: /home/ndp/datn/install/diffdrive_arduino/share/ament_index/resource_index/package_run_dependencies/diffdrive_arduino
[4.393s] -- Symlinking: /home/ndp/datn/install/diffdrive_arduino/share/ament_index/resource_index/parent_prefix_path/diffdrive_arduino
[4.401s] -- Symlinking: /home/ndp/datn/install/diffdrive_arduino/share/diffdrive_arduino/environment/ament_prefix_path.sh
[4.409s] -- Symlinking: /home/ndp/datn/install/diffdrive_arduino/share/diffdrive_arduino/environment/ament_prefix_path.dsv
[4.415s] -- Symlinking: /home/ndp/datn/install/diffdrive_arduino/share/diffdrive_arduino/environment/path.sh
[4.422s] -- Symlinking: /home/ndp/datn/install/diffdrive_arduino/share/diffdrive_arduino/environment/path.dsv
[4.428s] -- Symlinking: /home/ndp/datn/install/diffdrive_arduino/share/diffdrive_arduino/local_setup.bash
[4.434s] -- Symlinking: /home/ndp/datn/install/diffdrive_arduino/share/diffdrive_arduino/local_setup.sh
[4.440s] -- Symlinking: /home/ndp/datn/install/diffdrive_arduino/share/diffdrive_arduino/local_setup.zsh
[4.446s] -- Symlinking: /home/ndp/datn/install/diffdrive_arduino/share/diffdrive_arduino/local_setup.dsv
[4.452s] -- Symlinking: /home/ndp/datn/install/diffdrive_arduino/share/diffdrive_arduino/package.dsv
[4.459s] -- Symlinking: /home/ndp/datn/install/diffdrive_arduino/share/ament_index/resource_index/packages/diffdrive_arduino
[4.465s] -- Symlinking: /home/ndp/datn/install/diffdrive_arduino/share/ament_index/resource_index/hardware_interface__pluginlib__plugin/diffdrive_arduino
[4.472s] -- Symlinking: /home/ndp/datn/install/diffdrive_arduino/share/diffdrive_arduino/cmake/ament_cmake_export_libraries-extras.cmake
[4.478s] -- Symlinking: /home/ndp/datn/install/diffdrive_arduino/share/diffdrive_arduino/cmake/ament_cmake_export_dependencies-extras.cmake
[4.484s] -- Symlinking: /home/ndp/datn/install/diffdrive_arduino/share/diffdrive_arduino/cmake/diffdrive_arduinoConfig.cmake
[4.491s] -- Symlinking: /home/ndp/datn/install/diffdrive_arduino/share/diffdrive_arduino/cmake/diffdrive_arduinoConfig-version.cmake
[4.497s] -- Symlinking: /home/ndp/datn/install/diffdrive_arduino/share/diffdrive_arduino/package.xml
[4.505s] Invoked command in '/home/ndp/datn/build/diffdrive_arduino' returned '0': AMENT_PREFIX_PATH=/home/ndp/datn/install/serial:${AMENT_PREFIX_PATH} CMAKE_PREFIX_PATH=/home/ndp/datn/install/serial:/home/ndp/datn/install/ydlidar_ros2_driver:/home/ndp/datn/install/slam_gmapping:/home/ndp/datn/install/openslam_gmapping:/home/ndp/datn/install/my_bot:/home/ndp/ydlidar_ws/install/ydlidar_ros2_driver:/home/ndp/ydlidar_ws/install/slam_gmapping:/home/ndp/ydlidar_ws/install/openslam_gmapping:/home/ndp/my_bot/install/my_bot:/opt/ros/foxy LD_LIBRARY_PATH=/home/ndp/datn/install/serial/lib:${LD_LIBRARY_PATH} /usr/bin/cmake --install /home/ndp/datn/build/diffdrive_arduino
