[0.012s] Invoking command in '/home/ndp/my_bot/build/my_bot': CMAKE_PREFIX_PATH=${CMAKE_PREFIX_PATH}:/opt/ros/foxy /usr/bin/cmake --build /home/ndp/my_bot/build/my_bot -- -j8 -l8
[0.043s] Invoked command in '/home/ndp/my_bot/build/my_bot' returned '0': CMAKE_PREFIX_PATH=${CMAKE_PREFIX_PATH}:/opt/ros/foxy /usr/bin/cmake --build /home/ndp/my_bot/build/my_bot -- -j8 -l8
[0.073s] Invoking command in '/home/ndp/my_bot/build/my_bot': CMAKE_PREFIX_PATH=${CMAKE_PREFIX_PATH}:/opt/ros/foxy /usr/bin/cmake --install /home/ndp/my_bot/build/my_bot
[0.081s] -- Install configuration: ""
[0.082s] -- Execute custom install script
[0.082s] -- Up-to-date symlink: /home/ndp/my_bot/install/my_bot/share/my_bot/config/empty.yaml
[0.082s] -- Up-to-date symlink: /home/ndp/my_bot/install/my_bot/share/my_bot/description/robot.urdf.xacro
[0.083s] -- Up-to-date symlink: /home/ndp/my_bot/install/my_bot/share/my_bot/description/robot_core.xacro
[0.083s] -- Up-to-date symlink: /home/ndp/my_bot/install/my_bot/share/my_bot/launch/rsp.launch.py
[0.083s] -- Up-to-date symlink: /home/ndp/my_bot/install/my_bot/share/my_bot/worlds/empty.world
[0.083s] -- Up-to-date symlink: /home/ndp/my_bot/install/my_bot/share/ament_index/resource_index/package_run_dependencies/my_bot
[0.083s] -- Up-to-date symlink: /home/ndp/my_bot/install/my_bot/share/ament_index/resource_index/parent_prefix_path/my_bot
[0.084s] -- Up-to-date symlink: /home/ndp/my_bot/install/my_bot/share/my_bot/environment/ament_prefix_path.sh
[0.084s] -- Up-to-date symlink: /home/ndp/my_bot/install/my_bot/share/my_bot/environment/ament_prefix_path.dsv
[0.084s] -- Up-to-date symlink: /home/ndp/my_bot/install/my_bot/share/my_bot/environment/path.sh
[0.084s] -- Up-to-date symlink: /home/ndp/my_bot/install/my_bot/share/my_bot/environment/path.dsv
[0.084s] -- Up-to-date symlink: /home/ndp/my_bot/install/my_bot/share/my_bot/local_setup.bash
[0.084s] -- Up-to-date symlink: /home/ndp/my_bot/install/my_bot/share/my_bot/local_setup.sh
[0.085s] -- Up-to-date symlink: /home/ndp/my_bot/install/my_bot/share/my_bot/local_setup.zsh
[0.085s] -- Up-to-date symlink: /home/ndp/my_bot/install/my_bot/share/my_bot/local_setup.dsv
[0.085s] -- Symlinking: /home/ndp/my_bot/install/my_bot/share/my_bot/package.dsv
[0.092s] -- Up-to-date symlink: /home/ndp/my_bot/install/my_bot/share/ament_index/resource_index/packages/my_bot
[0.092s] -- Up-to-date symlink: /home/ndp/my_bot/install/my_bot/share/my_bot/cmake/my_botConfig.cmake
[0.092s] -- Up-to-date symlink: /home/ndp/my_bot/install/my_bot/share/my_bot/cmake/my_botConfig-version.cmake
[0.092s] -- Up-to-date symlink: /home/ndp/my_bot/install/my_bot/share/my_bot/package.xml
[0.094s] Invoked command in '/home/ndp/my_bot/build/my_bot' returned '0': CMAKE_PREFIX_PATH=${CMAKE_PREFIX_PATH}:/opt/ros/foxy /usr/bin/cmake --install /home/ndp/my_bot/build/my_bot
