[0.022s] Invoking command in '/home/ndp/datn/build/ydlidar_ros2_driver': CMAKE_PREFIX_PATH=${CMAKE_PREFIX_PATH}:/opt/ros/foxy /usr/bin/cmake --build /home/ndp/datn/build/ydlidar_ros2_driver -- -j8 -l8
[0.088s] [100%] Built target ydlidar_ros2_driver_client
[0.089s] [100%] Built target ydlidar_ros2_driver_node
[0.101s] Invoked command in '/home/ndp/datn/build/ydlidar_ros2_driver' returned '0': CMAKE_PREFIX_PATH=${CMAKE_PREFIX_PATH}:/opt/ros/foxy /usr/bin/cmake --build /home/ndp/datn/build/ydlidar_ros2_driver -- -j8 -l8
[0.133s] Invoking command in '/home/ndp/datn/build/ydlidar_ros2_driver': CMAKE_PREFIX_PATH=${CMAKE_PREFIX_PATH}:/opt/ros/foxy /usr/bin/cmake --install /home/ndp/datn/build/ydlidar_ros2_driver
[0.142s] -- Install configuration: ""
[0.143s] -- Execute custom install script
[0.143s] -- Up-to-date symlink: /home/ndp/datn/install/ydlidar_ros2_driver/lib/ydlidar_ros2_driver/ydlidar_ros2_driver_node
[0.143s] -- Up-to-date symlink: /home/ndp/datn/install/ydlidar_ros2_driver/lib/ydlidar_ros2_driver/ydlidar_ros2_driver_client
[0.144s] -- Up-to-date symlink: /home/ndp/datn/install/ydlidar_ros2_driver/share/ydlidar_ros2_driver/launch/4ros_ydlidar_launch.py
[0.144s] -- Up-to-date symlink: /home/ndp/datn/install/ydlidar_ros2_driver/share/ydlidar_ros2_driver/launch/__pycache__/ydlidar_launch.cpython-36.pyc
[0.144s] -- Up-to-date symlink: /home/ndp/datn/install/ydlidar_ros2_driver/share/ydlidar_ros2_driver/launch/__pycache__/ydlidar_launch_view.cpython-36.pyc
[0.144s] -- Up-to-date symlink: /home/ndp/datn/install/ydlidar_ros2_driver/share/ydlidar_ros2_driver/launch/test_gmapping_launch.py
[0.144s] -- Up-to-date symlink: /home/ndp/datn/install/ydlidar_ros2_driver/share/ydlidar_ros2_driver/launch/view_ydlidar_launch.py
[0.144s] -- Up-to-date symlink: /home/ndp/datn/install/ydlidar_ros2_driver/share/ydlidar_ros2_driver/launch/x3.py
[0.144s] -- Up-to-date symlink: /home/ndp/datn/install/ydlidar_ros2_driver/share/ydlidar_ros2_driver/launch/x3_view.py
[0.145s] -- Up-to-date symlink: /home/ndp/datn/install/ydlidar_ros2_driver/share/ydlidar_ros2_driver/launch/ydlidar.py
[0.145s] -- Up-to-date symlink: /home/ndp/datn/install/ydlidar_ros2_driver/share/ydlidar_ros2_driver/launch/ydlidar_4ros_view_launch.py
[0.145s] -- Up-to-date symlink: /home/ndp/datn/install/ydlidar_ros2_driver/share/ydlidar_ros2_driver/launch/ydlidar_launch.py
[0.145s] -- Up-to-date symlink: /home/ndp/datn/install/ydlidar_ros2_driver/share/ydlidar_ros2_driver/launch/ydlidar_raw_launch.py
[0.145s] -- Up-to-date symlink: /home/ndp/datn/install/ydlidar_ros2_driver/share/ydlidar_ros2_driver/params/ydlidar.yaml
[0.146s] -- Up-to-date symlink: /home/ndp/datn/install/ydlidar_ros2_driver/share/ydlidar_ros2_driver/params/ydlidar_4ros.yaml
[0.146s] -- Up-to-date symlink: /home/ndp/datn/install/ydlidar_ros2_driver/share/ydlidar_ros2_driver/params/ydlidar_x3.yaml
[0.146s] -- Up-to-date symlink: /home/ndp/datn/install/ydlidar_ros2_driver/share/ydlidar_ros2_driver/startup/initenv.sh
[0.146s] -- Up-to-date symlink: /home/ndp/datn/install/ydlidar_ros2_driver/share/ydlidar_ros2_driver/config/test_gmapping.rviz
[0.146s] -- Up-to-date symlink: /home/ndp/datn/install/ydlidar_ros2_driver/share/ydlidar_ros2_driver/config/ydlidar.rviz
[0.146s] -- Up-to-date symlink: /home/ndp/datn/install/ydlidar_ros2_driver/share/ament_index/resource_index/package_run_dependencies/ydlidar_ros2_driver
[0.147s] -- Up-to-date symlink: /home/ndp/datn/install/ydlidar_ros2_driver/share/ament_index/resource_index/parent_prefix_path/ydlidar_ros2_driver
[0.147s] -- Up-to-date symlink: /home/ndp/datn/install/ydlidar_ros2_driver/share/ydlidar_ros2_driver/environment/ament_prefix_path.sh
[0.147s] -- Up-to-date symlink: /home/ndp/datn/install/ydlidar_ros2_driver/share/ydlidar_ros2_driver/environment/ament_prefix_path.dsv
[0.147s] -- Up-to-date symlink: /home/ndp/datn/install/ydlidar_ros2_driver/share/ydlidar_ros2_driver/environment/path.sh
[0.148s] -- Up-to-date symlink: /home/ndp/datn/install/ydlidar_ros2_driver/share/ydlidar_ros2_driver/environment/path.dsv
[0.148s] -- Up-to-date symlink: /home/ndp/datn/install/ydlidar_ros2_driver/share/ydlidar_ros2_driver/local_setup.bash
[0.148s] -- Up-to-date symlink: /home/ndp/datn/install/ydlidar_ros2_driver/share/ydlidar_ros2_driver/local_setup.sh
[0.148s] -- Up-to-date symlink: /home/ndp/datn/install/ydlidar_ros2_driver/share/ydlidar_ros2_driver/local_setup.zsh
[0.149s] -- Up-to-date symlink: /home/ndp/datn/install/ydlidar_ros2_driver/share/ydlidar_ros2_driver/local_setup.dsv
[0.149s] -- Symlinking: /home/ndp/datn/install/ydlidar_ros2_driver/share/ydlidar_ros2_driver/package.dsv
[0.159s] -- Up-to-date symlink: /home/ndp/datn/install/ydlidar_ros2_driver/share/ament_index/resource_index/packages/ydlidar_ros2_driver
[0.159s] -- Up-to-date symlink: /home/ndp/datn/install/ydlidar_ros2_driver/share/ydlidar_ros2_driver/cmake/ydlidar_ros2_driverConfig.cmake
[0.159s] -- Up-to-date symlink: /home/ndp/datn/install/ydlidar_ros2_driver/share/ydlidar_ros2_driver/cmake/ydlidar_ros2_driverConfig-version.cmake
[0.159s] -- Up-to-date symlink: /home/ndp/datn/install/ydlidar_ros2_driver/share/ydlidar_ros2_driver/package.xml
[0.162s] Invoked command in '/home/ndp/datn/build/ydlidar_ros2_driver' returned '0': CMAKE_PREFIX_PATH=${CMAKE_PREFIX_PATH}:/opt/ros/foxy /usr/bin/cmake --install /home/ndp/datn/build/ydlidar_ros2_driver
