[0.031s] Invoking command in '/home/ndp/datn/build/serial_motor_demo_msgs': CMAKE_PREFIX_PATH=${CMAKE_PREFIX_PATH}:/home/ndp/datn/install/serial_motor_demo:/opt/ros/foxy /usr/bin/cmake --build /home/ndp/datn/build/serial_motor_demo_msgs -- -j8 -l8
[0.134s] [  2%] Built target serial_motor_demo_msgs__cpp
[0.140s] [ 12%] Built target serial_motor_demo_msgs__rosidl_generator_c
[0.179s] [ 23%] Built target serial_motor_demo_msgs__rosidl_typesupport_cpp
[0.190s] [ 34%] Built target serial_motor_demo_msgs__rosidl_typesupport_introspection_cpp
[0.191s] [ 44%] Built target serial_motor_demo_msgs__rosidl_typesupport_fastrtps_cpp
[0.195s] [ 55%] Built target serial_motor_demo_msgs__rosidl_typesupport_introspection_c
[0.197s] [ 65%] Built target serial_motor_demo_msgs__rosidl_typesupport_c
[0.233s] [ 76%] Built target serial_motor_demo_msgs__rosidl_typesupport_fastrtps_c
[0.257s] [ 76%] Built target serial_motor_demo_msgs
[0.289s] [ 78%] Built target serial_motor_demo_msgs__py
[0.324s] [ 87%] Built target serial_motor_demo_msgs__python
[0.364s] [ 91%] Built target serial_motor_demo_msgs__rosidl_typesupport_c__pyext
[0.368s] [ 95%] Built target serial_motor_demo_msgs__rosidl_typesupport_fastrtps_c__pyext
[0.368s] [100%] Built target serial_motor_demo_msgs__rosidl_typesupport_introspection_c__pyext
[0.400s] Invoked command in '/home/ndp/datn/build/serial_motor_demo_msgs' returned '0': CMAKE_PREFIX_PATH=${CMAKE_PREFIX_PATH}:/home/ndp/datn/install/serial_motor_demo:/opt/ros/foxy /usr/bin/cmake --build /home/ndp/datn/build/serial_motor_demo_msgs -- -j8 -l8
[0.525s] Invoking command in '/home/ndp/datn/build/serial_motor_demo_msgs': CMAKE_PREFIX_PATH=${CMAKE_PREFIX_PATH}:/home/ndp/datn/install/serial_motor_demo:/opt/ros/foxy /usr/bin/cmake --install /home/ndp/datn/build/serial_motor_demo_msgs
[0.534s] -- Install configuration: ""
[0.534s] -- Execute custom install script
[0.535s] -- Up-to-date symlink: /home/ndp/datn/install/serial_motor_demo_msgs/share/ament_index/resource_index/rosidl_interfaces/serial_motor_demo_msgs
[0.535s] -- Up-to-date symlink: /home/ndp/datn/install/serial_motor_demo_msgs/include/serial_motor_demo_msgs/msg/detail/encoder_vals__functions.h
[0.536s] -- Up-to-date symlink: /home/ndp/datn/install/serial_motor_demo_msgs/include/serial_motor_demo_msgs/msg/detail/encoder_vals__struct.h
[0.536s] -- Up-to-date symlink: /home/ndp/datn/install/serial_motor_demo_msgs/include/serial_motor_demo_msgs/msg/detail/encoder_vals__type_support.h
[0.536s] -- Up-to-date symlink: /home/ndp/datn/install/serial_motor_demo_msgs/include/serial_motor_demo_msgs/msg/detail/motor_command__functions.h
[0.536s] -- Up-to-date symlink: /home/ndp/datn/install/serial_motor_demo_msgs/include/serial_motor_demo_msgs/msg/detail/motor_command__struct.h
[0.537s] -- Up-to-date symlink: /home/ndp/datn/install/serial_motor_demo_msgs/include/serial_motor_demo_msgs/msg/detail/motor_command__type_support.h
[0.537s] -- Up-to-date symlink: /home/ndp/datn/install/serial_motor_demo_msgs/include/serial_motor_demo_msgs/msg/detail/motor_vels__functions.h
[0.538s] -- Up-to-date symlink: /home/ndp/datn/install/serial_motor_demo_msgs/include/serial_motor_demo_msgs/msg/detail/motor_vels__struct.h
[0.538s] -- Up-to-date symlink: /home/ndp/datn/install/serial_motor_demo_msgs/include/serial_motor_demo_msgs/msg/detail/motor_vels__type_support.h
[0.538s] -- Up-to-date symlink: /home/ndp/datn/install/serial_motor_demo_msgs/include/serial_motor_demo_msgs/msg/encoder_vals.h
[0.538s] -- Up-to-date symlink: /home/ndp/datn/install/serial_motor_demo_msgs/include/serial_motor_demo_msgs/msg/motor_command.h
[0.538s] -- Up-to-date symlink: /home/ndp/datn/install/serial_motor_demo_msgs/include/serial_motor_demo_msgs/msg/motor_vels.h
[0.538s] -- Up-to-date symlink: /home/ndp/datn/install/serial_motor_demo_msgs/include/serial_motor_demo_msgs/msg/rosidl_generator_c__visibility_control.h
[0.539s] -- Up-to-date symlink: /home/ndp/datn/install/serial_motor_demo_msgs/share/serial_motor_demo_msgs/environment/library_path.sh
[0.539s] -- Up-to-date symlink: /home/ndp/datn/install/serial_motor_demo_msgs/share/serial_motor_demo_msgs/environment/library_path.dsv
[0.539s] -- Up-to-date symlink: /home/ndp/datn/install/serial_motor_demo_msgs/include/serial_motor_demo_msgs/msg/detail/encoder_vals__rosidl_typesupport_fastrtps_c.h
[0.540s] -- Up-to-date symlink: /home/ndp/datn/install/serial_motor_demo_msgs/include/serial_motor_demo_msgs/msg/detail/motor_command__rosidl_typesupport_fastrtps_c.h
[0.540s] -- Up-to-date symlink: /home/ndp/datn/install/serial_motor_demo_msgs/include/serial_motor_demo_msgs/msg/detail/motor_vels__rosidl_typesupport_fastrtps_c.h
[0.540s] -- Up-to-date symlink: /home/ndp/datn/install/serial_motor_demo_msgs/include/serial_motor_demo_msgs/msg/rosidl_typesupport_fastrtps_c__visibility_control.h
[0.540s] -- Up-to-date symlink: /home/ndp/datn/install/serial_motor_demo_msgs/lib/libserial_motor_demo_msgs__rosidl_typesupport_fastrtps_c.so
[0.541s] -- Up-to-date symlink: /home/ndp/datn/install/serial_motor_demo_msgs/include/serial_motor_demo_msgs/msg/detail/encoder_vals__rosidl_typesupport_fastrtps_cpp.hpp
[0.541s] -- Up-to-date symlink: /home/ndp/datn/install/serial_motor_demo_msgs/include/serial_motor_demo_msgs/msg/detail/motor_command__rosidl_typesupport_fastrtps_cpp.hpp
[0.541s] -- Up-to-date symlink: /home/ndp/datn/install/serial_motor_demo_msgs/include/serial_motor_demo_msgs/msg/detail/motor_vels__rosidl_typesupport_fastrtps_cpp.hpp
[0.542s] -- Up-to-date symlink: /home/ndp/datn/install/serial_motor_demo_msgs/include/serial_motor_demo_msgs/msg/rosidl_typesupport_fastrtps_cpp__visibility_control.h
[0.542s] -- Up-to-date symlink: /home/ndp/datn/install/serial_motor_demo_msgs/lib/libserial_motor_demo_msgs__rosidl_typesupport_fastrtps_cpp.so
[0.543s] -- Up-to-date symlink: /home/ndp/datn/install/serial_motor_demo_msgs/include/serial_motor_demo_msgs/msg/detail/encoder_vals__rosidl_typesupport_introspection_c.h
[0.543s] -- Up-to-date symlink: /home/ndp/datn/install/serial_motor_demo_msgs/include/serial_motor_demo_msgs/msg/detail/motor_command__rosidl_typesupport_introspection_c.h
[0.543s] -- Up-to-date symlink: /home/ndp/datn/install/serial_motor_demo_msgs/include/serial_motor_demo_msgs/msg/detail/motor_vels__rosidl_typesupport_introspection_c.h
[0.543s] -- Up-to-date symlink: /home/ndp/datn/install/serial_motor_demo_msgs/include/serial_motor_demo_msgs/msg/rosidl_typesupport_introspection_c__visibility_control.h
[0.544s] -- Up-to-date symlink: /home/ndp/datn/install/serial_motor_demo_msgs/include/serial_motor_demo_msgs/msg/detail/encoder_vals__builder.hpp
[0.544s] -- Up-to-date symlink: /home/ndp/datn/install/serial_motor_demo_msgs/include/serial_motor_demo_msgs/msg/detail/encoder_vals__struct.hpp
[0.544s] -- Up-to-date symlink: /home/ndp/datn/install/serial_motor_demo_msgs/include/serial_motor_demo_msgs/msg/detail/encoder_vals__traits.hpp
[0.545s] -- Up-to-date symlink: /home/ndp/datn/install/serial_motor_demo_msgs/include/serial_motor_demo_msgs/msg/detail/encoder_vals__type_support.hpp
[0.545s] -- Up-to-date symlink: /home/ndp/datn/install/serial_motor_demo_msgs/include/serial_motor_demo_msgs/msg/detail/motor_command__builder.hpp
[0.545s] -- Up-to-date symlink: /home/ndp/datn/install/serial_motor_demo_msgs/include/serial_motor_demo_msgs/msg/detail/motor_command__struct.hpp
[0.545s] -- Up-to-date symlink: /home/ndp/datn/install/serial_motor_demo_msgs/include/serial_motor_demo_msgs/msg/detail/motor_command__traits.hpp
[0.545s] -- Up-to-date symlink: /home/ndp/datn/install/serial_motor_demo_msgs/include/serial_motor_demo_msgs/msg/detail/motor_command__type_support.hpp
[0.546s] -- Up-to-date symlink: /home/ndp/datn/install/serial_motor_demo_msgs/include/serial_motor_demo_msgs/msg/detail/motor_vels__builder.hpp
[0.546s] -- Up-to-date symlink: /home/ndp/datn/install/serial_motor_demo_msgs/include/serial_motor_demo_msgs/msg/detail/motor_vels__struct.hpp
[0.546s] -- Up-to-date symlink: /home/ndp/datn/install/serial_motor_demo_msgs/include/serial_motor_demo_msgs/msg/detail/motor_vels__traits.hpp
[0.547s] -- Up-to-date symlink: /home/ndp/datn/install/serial_motor_demo_msgs/include/serial_motor_demo_msgs/msg/detail/motor_vels__type_support.hpp
[0.547s] -- Up-to-date symlink: /home/ndp/datn/install/serial_motor_demo_msgs/include/serial_motor_demo_msgs/msg/encoder_vals.hpp
[0.547s] -- Up-to-date symlink: /home/ndp/datn/install/serial_motor_demo_msgs/include/serial_motor_demo_msgs/msg/motor_command.hpp
[0.547s] -- Up-to-date symlink: /home/ndp/datn/install/serial_motor_demo_msgs/include/serial_motor_demo_msgs/msg/motor_vels.hpp
[0.547s] -- Up-to-date symlink: /home/ndp/datn/install/serial_motor_demo_msgs/include/serial_motor_demo_msgs/msg/rosidl_generator_cpp__visibility_control.hpp
[0.548s] -- Up-to-date symlink: /home/ndp/datn/install/serial_motor_demo_msgs/include/serial_motor_demo_msgs/msg/detail/encoder_vals__rosidl_typesupport_introspection_cpp.hpp
[0.548s] -- Up-to-date symlink: /home/ndp/datn/install/serial_motor_demo_msgs/include/serial_motor_demo_msgs/msg/detail/motor_command__rosidl_typesupport_introspection_cpp.hpp
[0.548s] -- Up-to-date symlink: /home/ndp/datn/install/serial_motor_demo_msgs/include/serial_motor_demo_msgs/msg/detail/motor_vels__rosidl_typesupport_introspection_cpp.hpp
[0.549s] -- Up-to-date symlink: /home/ndp/datn/install/serial_motor_demo_msgs/share/serial_motor_demo_msgs/environment/pythonpath.sh
[0.549s] -- Up-to-date symlink: /home/ndp/datn/install/serial_motor_demo_msgs/share/serial_motor_demo_msgs/environment/pythonpath.dsv
[0.549s] -- Up-to-date symlink: /home/ndp/datn/install/serial_motor_demo_msgs/lib/python3.8/site-packages/serial_motor_demo_msgs/__init__.py
[0.550s] -- Up-to-date symlink: /home/ndp/datn/install/serial_motor_demo_msgs/lib/python3.8/site-packages/serial_motor_demo_msgs/msg/__init__.py
[0.550s] -- Up-to-date symlink: /home/ndp/datn/install/serial_motor_demo_msgs/lib/python3.8/site-packages/serial_motor_demo_msgs/msg/_encoder_vals.py
[0.551s] -- Up-to-date symlink: /home/ndp/datn/install/serial_motor_demo_msgs/lib/python3.8/site-packages/serial_motor_demo_msgs/msg/_motor_command.py
[0.551s] -- Up-to-date symlink: /home/ndp/datn/install/serial_motor_demo_msgs/lib/python3.8/site-packages/serial_motor_demo_msgs/msg/_motor_vels.py
[0.551s] -- Up-to-date symlink: /home/ndp/datn/install/serial_motor_demo_msgs/lib/python3.8/site-packages/serial_motor_demo_msgs/serial_motor_demo_msgs_s__rosidl_typesupport_fastrtps_c.cpython-38-x86_64-linux-gnu.so
[0.552s] -- Up-to-date symlink: /home/ndp/datn/install/serial_motor_demo_msgs/lib/python3.8/site-packages/serial_motor_demo_msgs/serial_motor_demo_msgs_s__rosidl_typesupport_introspection_c.cpython-38-x86_64-linux-gnu.so
[0.553s] -- Up-to-date symlink: /home/ndp/datn/install/serial_motor_demo_msgs/lib/python3.8/site-packages/serial_motor_demo_msgs/serial_motor_demo_msgs_s__rosidl_typesupport_c.cpython-38-x86_64-linux-gnu.so
[0.553s] -- Up-to-date symlink: /home/ndp/datn/install/serial_motor_demo_msgs/lib/libserial_motor_demo_msgs__python.so
[0.553s] -- Up-to-date symlink: /home/ndp/datn/install/serial_motor_demo_msgs/share/serial_motor_demo_msgs/msg/MotorCommand.idl
[0.554s] -- Up-to-date symlink: /home/ndp/datn/install/serial_motor_demo_msgs/share/serial_motor_demo_msgs/msg/MotorVels.idl
[0.554s] -- Up-to-date symlink: /home/ndp/datn/install/serial_motor_demo_msgs/share/serial_motor_demo_msgs/msg/EncoderVals.idl
[0.554s] -- Up-to-date symlink: /home/ndp/datn/install/serial_motor_demo_msgs/share/serial_motor_demo_msgs/msg/MotorCommand.msg
[0.554s] -- Up-to-date symlink: /home/ndp/datn/install/serial_motor_demo_msgs/share/serial_motor_demo_msgs/msg/MotorVels.msg
[0.555s] -- Up-to-date symlink: /home/ndp/datn/install/serial_motor_demo_msgs/share/serial_motor_demo_msgs/msg/EncoderVals.msg
[0.555s] -- Up-to-date symlink: /home/ndp/datn/install/serial_motor_demo_msgs/share/ament_index/resource_index/package_run_dependencies/serial_motor_demo_msgs
[0.555s] -- Up-to-date symlink: /home/ndp/datn/install/serial_motor_demo_msgs/share/ament_index/resource_index/parent_prefix_path/serial_motor_demo_msgs
[0.556s] -- Up-to-date symlink: /home/ndp/datn/install/serial_motor_demo_msgs/share/serial_motor_demo_msgs/environment/ament_prefix_path.sh
[0.556s] -- Up-to-date symlink: /home/ndp/datn/install/serial_motor_demo_msgs/share/serial_motor_demo_msgs/environment/ament_prefix_path.dsv
[0.556s] -- Up-to-date symlink: /home/ndp/datn/install/serial_motor_demo_msgs/share/serial_motor_demo_msgs/environment/path.sh
[0.556s] -- Up-to-date symlink: /home/ndp/datn/install/serial_motor_demo_msgs/share/serial_motor_demo_msgs/environment/path.dsv
[0.557s] -- Up-to-date symlink: /home/ndp/datn/install/serial_motor_demo_msgs/share/serial_motor_demo_msgs/local_setup.bash
[0.557s] -- Up-to-date symlink: /home/ndp/datn/install/serial_motor_demo_msgs/share/serial_motor_demo_msgs/local_setup.sh
[0.557s] -- Up-to-date symlink: /home/ndp/datn/install/serial_motor_demo_msgs/share/serial_motor_demo_msgs/local_setup.zsh
[0.558s] -- Up-to-date symlink: /home/ndp/datn/install/serial_motor_demo_msgs/share/serial_motor_demo_msgs/local_setup.dsv
[0.558s] -- Symlinking: /home/ndp/datn/install/serial_motor_demo_msgs/share/serial_motor_demo_msgs/package.dsv
[0.571s] -- Up-to-date symlink: /home/ndp/datn/install/serial_motor_demo_msgs/share/ament_index/resource_index/packages/serial_motor_demo_msgs
[0.571s] -- Up-to-date symlink: /home/ndp/datn/install/serial_motor_demo_msgs/share/serial_motor_demo_msgs/cmake/rosidl_cmake-extras.cmake
[0.572s] -- Up-to-date symlink: /home/ndp/datn/install/serial_motor_demo_msgs/share/serial_motor_demo_msgs/cmake/ament_cmake_export_dependencies-extras.cmake
[0.572s] -- Up-to-date symlink: /home/ndp/datn/install/serial_motor_demo_msgs/share/serial_motor_demo_msgs/cmake/ament_cmake_export_libraries-extras.cmake
[0.575s] -- Up-to-date symlink: /home/ndp/datn/install/serial_motor_demo_msgs/share/serial_motor_demo_msgs/cmake/ament_cmake_export_targets-extras.cmake
[0.577s] -- Up-to-date symlink: /home/ndp/datn/install/serial_motor_demo_msgs/share/serial_motor_demo_msgs/cmake/ament_cmake_export_include_directories-extras.cmake
[0.579s] -- Up-to-date symlink: /home/ndp/datn/install/serial_motor_demo_msgs/share/serial_motor_demo_msgs/cmake/rosidl_cmake_export_typesupport_libraries-extras.cmake
[0.579s] -- Up-to-date symlink: /home/ndp/datn/install/serial_motor_demo_msgs/share/serial_motor_demo_msgs/cmake/rosidl_cmake_export_typesupport_targets-extras.cmake
[0.580s] -- Up-to-date symlink: /home/ndp/datn/install/serial_motor_demo_msgs/share/serial_motor_demo_msgs/cmake/serial_motor_demo_msgsConfig.cmake
[0.580s] -- Up-to-date symlink: /home/ndp/datn/install/serial_motor_demo_msgs/share/serial_motor_demo_msgs/cmake/serial_motor_demo_msgsConfig-version.cmake
[0.581s] -- Up-to-date symlink: /home/ndp/datn/install/serial_motor_demo_msgs/share/serial_motor_demo_msgs/package.xml
[0.583s] -- Up-to-date: /home/ndp/datn/install/serial_motor_demo_msgs/lib/libserial_motor_demo_msgs__rosidl_generator_c.so
[0.583s] -- Up-to-date: /home/ndp/datn/install/serial_motor_demo_msgs/lib/libserial_motor_demo_msgs__rosidl_typesupport_introspection_c.so
[0.583s] -- Up-to-date: /home/ndp/datn/install/serial_motor_demo_msgs/lib/libserial_motor_demo_msgs__rosidl_typesupport_c.so
[0.583s] -- Up-to-date: /home/ndp/datn/install/serial_motor_demo_msgs/lib/libserial_motor_demo_msgs__rosidl_typesupport_introspection_cpp.so
[0.583s] -- Up-to-date: /home/ndp/datn/install/serial_motor_demo_msgs/lib/libserial_motor_demo_msgs__rosidl_typesupport_cpp.so
[0.626s] -- Up-to-date: /home/ndp/datn/install/serial_motor_demo_msgs/share/serial_motor_demo_msgs/cmake/serial_motor_demo_msgs__rosidl_generator_cExport.cmake
[0.627s] -- Up-to-date: /home/ndp/datn/install/serial_motor_demo_msgs/share/serial_motor_demo_msgs/cmake/serial_motor_demo_msgs__rosidl_generator_cExport-noconfig.cmake
[0.627s] -- Up-to-date: /home/ndp/datn/install/serial_motor_demo_msgs/share/serial_motor_demo_msgs/cmake/serial_motor_demo_msgs__rosidl_typesupport_introspection_cExport.cmake
[0.627s] -- Up-to-date: /home/ndp/datn/install/serial_motor_demo_msgs/share/serial_motor_demo_msgs/cmake/serial_motor_demo_msgs__rosidl_typesupport_introspection_cExport-noconfig.cmake
[0.627s] -- Up-to-date: /home/ndp/datn/install/serial_motor_demo_msgs/share/serial_motor_demo_msgs/cmake/serial_motor_demo_msgs__rosidl_typesupport_cExport.cmake
[0.627s] -- Up-to-date: /home/ndp/datn/install/serial_motor_demo_msgs/share/serial_motor_demo_msgs/cmake/serial_motor_demo_msgs__rosidl_typesupport_cExport-noconfig.cmake
[0.628s] -- Up-to-date: /home/ndp/datn/install/serial_motor_demo_msgs/share/serial_motor_demo_msgs/cmake/serial_motor_demo_msgs__rosidl_generator_cppExport.cmake
[0.628s] -- Up-to-date: /home/ndp/datn/install/serial_motor_demo_msgs/share/serial_motor_demo_msgs/cmake/serial_motor_demo_msgs__rosidl_typesupport_introspection_cppExport.cmake
[0.628s] -- Up-to-date: /home/ndp/datn/install/serial_motor_demo_msgs/share/serial_motor_demo_msgs/cmake/serial_motor_demo_msgs__rosidl_typesupport_introspection_cppExport-noconfig.cmake
[0.628s] -- Up-to-date: /home/ndp/datn/install/serial_motor_demo_msgs/share/serial_motor_demo_msgs/cmake/serial_motor_demo_msgs__rosidl_typesupport_cppExport.cmake
[0.628s] -- Up-to-date: /home/ndp/datn/install/serial_motor_demo_msgs/share/serial_motor_demo_msgs/cmake/serial_motor_demo_msgs__rosidl_typesupport_cppExport-noconfig.cmake
[0.631s] Invoked command in '/home/ndp/datn/build/serial_motor_demo_msgs' returned '0': CMAKE_PREFIX_PATH=${CMAKE_PREFIX_PATH}:/home/ndp/datn/install/serial_motor_demo:/opt/ros/foxy /usr/bin/cmake --install /home/ndp/datn/build/serial_motor_demo_msgs
