[0.032s] Invoking command in '/home/ndp/datn/build/serial': CMAKE_PREFIX_PATH=${CMAKE_PREFIX_PATH}:/home/ndp/datn/install/serial_motor_demo:/opt/ros/foxy /usr/bin/cmake --build /home/ndp/datn/build/serial -- -j8 -l8
[0.117s] [ 14%] Built target gtest_main
[0.130s] [ 28%] Built target gtest
[0.130s] [ 57%] Built target serial
[0.178s] [ 71%] Built target serial_example
[0.179s] [ 85%] Built target serial-test-timer
[0.187s] [100%] Built target serial-test
[0.206s] Invoked command in '/home/ndp/datn/build/serial' returned '0': CMAKE_PREFIX_PATH=${CMAKE_PREFIX_PATH}:/home/ndp/datn/install/serial_motor_demo:/opt/ros/foxy /usr/bin/cmake --build /home/ndp/datn/build/serial -- -j8 -l8
[0.255s] Invoking command in '/home/ndp/datn/build/serial': CMAKE_PREFIX_PATH=${CMAKE_PREFIX_PATH}:/home/ndp/datn/install/serial_motor_demo:/opt/ros/foxy /usr/bin/cmake --install /home/ndp/datn/build/serial
[0.265s] -- Install configuration: ""
[0.266s] -- Execute custom install script
[0.266s] -- Up-to-date symlink: /home/ndp/datn/install/serial/lib/libserial.a
[0.266s] -- Up-to-date symlink: /home/ndp/datn/install/serial/include/serial/serial.h
[0.267s] -- Up-to-date symlink: /home/ndp/datn/install/serial/include/serial/v8stdint.h
[0.267s] -- Up-to-date symlink: /home/ndp/datn/install/serial/share/serial/environment/library_path.sh
[0.267s] -- Up-to-date symlink: /home/ndp/datn/install/serial/share/serial/environment/library_path.dsv
[0.268s] -- Up-to-date symlink: /home/ndp/datn/install/serial/share/ament_index/resource_index/package_run_dependencies/serial
[0.268s] -- Up-to-date symlink: /home/ndp/datn/install/serial/share/ament_index/resource_index/parent_prefix_path/serial
[0.268s] -- Up-to-date symlink: /home/ndp/datn/install/serial/share/serial/environment/ament_prefix_path.sh
[0.269s] -- Up-to-date symlink: /home/ndp/datn/install/serial/share/serial/environment/ament_prefix_path.dsv
[0.269s] -- Up-to-date symlink: /home/ndp/datn/install/serial/share/serial/environment/path.sh
[0.269s] -- Up-to-date symlink: /home/ndp/datn/install/serial/share/serial/environment/path.dsv
[0.269s] -- Up-to-date symlink: /home/ndp/datn/install/serial/share/serial/local_setup.bash
[0.270s] -- Up-to-date symlink: /home/ndp/datn/install/serial/share/serial/local_setup.sh
[0.270s] -- Up-to-date symlink: /home/ndp/datn/install/serial/share/serial/local_setup.zsh
[0.270s] -- Up-to-date symlink: /home/ndp/datn/install/serial/share/serial/local_setup.dsv
[0.270s] -- Symlinking: /home/ndp/datn/install/serial/share/serial/package.dsv
[0.283s] -- Up-to-date symlink: /home/ndp/datn/install/serial/share/ament_index/resource_index/packages/serial
[0.283s] -- Up-to-date symlink: /home/ndp/datn/install/serial/share/serial/cmake/ament_cmake_export_include_directories-extras.cmake
[0.283s] -- Up-to-date symlink: /home/ndp/datn/install/serial/share/serial/cmake/ament_cmake_export_libraries-extras.cmake
[0.283s] -- Up-to-date symlink: /home/ndp/datn/install/serial/share/serial/cmake/serialConfig.cmake
[0.283s] -- Up-to-date symlink: /home/ndp/datn/install/serial/share/serial/cmake/serialConfig-version.cmake
[0.284s] -- Up-to-date symlink: /home/ndp/datn/install/serial/share/serial/package.xml
[0.290s] Invoked command in '/home/ndp/datn/build/serial' returned '0': CMAKE_PREFIX_PATH=${CMAKE_PREFIX_PATH}:/home/ndp/datn/install/serial_motor_demo:/opt/ros/foxy /usr/bin/cmake --install /home/ndp/datn/build/serial
