[0.018s] Invoking command in '/home/ndp/datn/build/openslam_gmapping': CMAKE_PREFIX_PATH=${CMAKE_PREFIX_PATH}:/opt/ros/foxy /usr/bin/cmake /home/ndp/datn/openslam_gmapping -DAMENT_CMAKE_SYMLINK_INSTALL=1 -DCMAKE_INSTALL_PREFIX=/home/ndp/datn/install/openslam_gmapping
[0.074s] -- The C compiler identification is GNU 9.4.0
[0.126s] -- The CXX compiler identification is GNU 9.4.0
[0.131s] -- Check for working C compiler: /usr/bin/cc
[0.195s] -- Check for working C compiler: /usr/bin/cc -- works
[0.195s] -- Detecting C compiler ABI info
[0.261s] -- Detecting C compiler ABI info - done
[0.272s] -- Detecting C compile features
[0.272s] -- Detecting C compile features - done
[0.275s] -- Check for working CXX compiler: /usr/bin/c++
[0.351s] -- Check for working CXX compiler: /usr/bin/c++ -- works
[0.352s] -- Detecting CXX compiler ABI info
[0.429s] -- Detecting CXX compiler ABI info - done
[0.441s] -- Detecting CXX compile features
[0.442s] -- Detecting CXX compile features - done
[0.444s] -- Found ament_cmake: 0.9.12 (/opt/ros/foxy/share/ament_cmake/cmake)
[0.467s] -- Found PythonInterp: /usr/bin/python3 (found suitable version "3.8.10", minimum required is "3") 
[0.467s] -- Using PYTHON_EXECUTABLE: /usr/bin/python3
[0.635s] -- Override CMake install command with custom implementation using symlinks instead of copying resources
[0.738s] -- Configuring done
[0.750s] -- Generating done
[0.752s] -- Build files have been written to: /home/ndp/datn/build/openslam_gmapping
[0.756s] Invoked command in '/home/ndp/datn/build/openslam_gmapping' returned '0': CMAKE_PREFIX_PATH=${CMAKE_PREFIX_PATH}:/opt/ros/foxy /usr/bin/cmake /home/ndp/datn/openslam_gmapping -DAMENT_CMAKE_SYMLINK_INSTALL=1 -DCMAKE_INSTALL_PREFIX=/home/ndp/datn/install/openslam_gmapping
[0.760s] Invoking command in '/home/ndp/datn/build/openslam_gmapping': CMAKE_PREFIX_PATH=${CMAKE_PREFIX_PATH}:/opt/ros/foxy /usr/bin/cmake --build /home/ndp/datn/build/openslam_gmapping -- -j8 -l8
[0.798s] [35m[1mScanning dependencies of target utils[0m
[0.799s] [35m[1mScanning dependencies of target sensor_base[0m
[0.809s] [  4%] [32mBuilding CXX object sensor/sensor_base/CMakeFiles/sensor_base.dir/sensor.cpp.o[0m
[0.812s] [  9%] [32mBuilding CXX object utils/CMakeFiles/utils.dir/stat.cpp.o[0m
[0.813s] [ 18%] [32mBuilding CXX object utils/CMakeFiles/utils.dir/movement.cpp.o[0m
[0.813s] [ 18%] [32mBuilding CXX object sensor/sensor_base/CMakeFiles/sensor_base.dir/sensorreading.cpp.o[0m
[1.085s] [ 22%] [32m[1mLinking CXX static library libsensor_base.a[0m
[1.125s] [ 22%] Built target sensor_base
[1.142s] [35m[1mScanning dependencies of target sensor_range[0m
[1.143s] [35m[1mScanning dependencies of target sensor_odometry[0m
[1.160s] [ 36%] [32mBuilding CXX object sensor/sensor_odometry/CMakeFiles/sensor_odometry.dir/odometryreading.cpp.o[0m
[1.160s] [ 40%] [32mBuilding CXX object sensor/sensor_range/CMakeFiles/sensor_range.dir/rangesensor.cpp.o[0m
[1.160s] [ 40%] [32mBuilding CXX object sensor/sensor_range/CMakeFiles/sensor_range.dir/rangereading.cpp.o[0m
[1.160s] [ 36%] [32mBuilding CXX object sensor/sensor_odometry/CMakeFiles/sensor_odometry.dir/odometrysensor.cpp.o[0m
[1.309s] [ 45%] [32m[1mLinking CXX static library libutils.a[0m
[1.357s] [ 45%] Built target utils
[1.581s] [ 50%] [32m[1mLinking CXX static library libsensor_odometry.a[0m
[1.614s] [ 50%] Built target sensor_odometry
[1.787s] [ 54%] [32m[1mLinking CXX static library libsensor_range.a[0m
[1.811s] [ 54%] Built target sensor_range
[1.820s] [35m[1mScanning dependencies of target scanmatcher[0m
[1.831s] [ 59%] [32mBuilding CXX object scanmatcher/CMakeFiles/scanmatcher.dir/eig3.cpp.o[0m
[1.832s] [ 68%] [32mBuilding CXX object scanmatcher/CMakeFiles/scanmatcher.dir/scanmatcher.cpp.o[0m
[1.832s] [ 68%] [32mBuilding CXX object scanmatcher/CMakeFiles/scanmatcher.dir/scanmatcherprocessor.cpp.o[0m
[1.835s] [ 72%] [32mBuilding CXX object scanmatcher/CMakeFiles/scanmatcher.dir/smmap.cpp.o[0m
[3.302s] [ 77%] [32m[1mLinking CXX static library libscanmatcher.a[0m
[3.333s] [ 77%] Built target scanmatcher
[3.344s] [35m[1mScanning dependencies of target gridfastslam[0m
[3.357s] [ 81%] [32mBuilding CXX object gridfastslam/CMakeFiles/gridfastslam.dir/gfsreader.cpp.o[0m
[3.361s] [ 95%] [32mBuilding CXX object gridfastslam/CMakeFiles/gridfastslam.dir/gridslamprocessor.cpp.o[0m
[3.361s] [ 95%] [32mBuilding CXX object gridfastslam/CMakeFiles/gridfastslam.dir/motionmodel.cpp.o[0m
[3.361s] [ 95%] [32mBuilding CXX object gridfastslam/CMakeFiles/gridfastslam.dir/gridslamprocessor_tree.cpp.o[0m
[5.208s] [100%] [32m[1mLinking CXX static library libgridfastslam.a[0m
[5.239s] [100%] Built target gridfastslam
[5.250s] Invoked command in '/home/ndp/datn/build/openslam_gmapping' returned '0': CMAKE_PREFIX_PATH=${CMAKE_PREFIX_PATH}:/opt/ros/foxy /usr/bin/cmake --build /home/ndp/datn/build/openslam_gmapping -- -j8 -l8
[5.275s] Invoking command in '/home/ndp/datn/build/openslam_gmapping': CMAKE_PREFIX_PATH=${CMAKE_PREFIX_PATH}:/opt/ros/foxy /usr/bin/cmake --install /home/ndp/datn/build/openslam_gmapping
[5.283s] -- Install configuration: ""
[5.283s] -- Execute custom install script
[5.284s] -- Symlinking: /home/ndp/datn/install/openslam_gmapping/lib/libgridfastslam.a
[5.292s] -- Symlinking: /home/ndp/datn/install/openslam_gmapping/lib/libscanmatcher.a
[5.301s] -- Symlinking: /home/ndp/datn/install/openslam_gmapping/lib/libsensor_base.a
[5.309s] -- Symlinking: /home/ndp/datn/install/openslam_gmapping/share/openslam_gmapping/environment/library_path.sh
[5.318s] -- Symlinking: /home/ndp/datn/install/openslam_gmapping/share/openslam_gmapping/environment/library_path.dsv
[5.326s] -- Up-to-date symlink: /home/ndp/datn/install/openslam_gmapping/share/openslam_gmapping/environment/library_path.sh
[5.327s] -- Up-to-date symlink: /home/ndp/datn/install/openslam_gmapping/share/openslam_gmapping/environment/library_path.dsv
[5.327s] -- Symlinking: /home/ndp/datn/install/openslam_gmapping/lib/libsensor_odometry.a
[5.335s] -- Symlinking: /home/ndp/datn/install/openslam_gmapping/lib/libsensor_range.a
[5.344s] -- Symlinking: /home/ndp/datn/install/openslam_gmapping/lib/libutils.a
[5.353s] -- Up-to-date symlink: /home/ndp/datn/install/openslam_gmapping/share/openslam_gmapping/environment/library_path.sh
[5.353s] -- Up-to-date symlink: /home/ndp/datn/install/openslam_gmapping/share/openslam_gmapping/environment/library_path.dsv
[5.353s] -- Up-to-date symlink: /home/ndp/datn/install/openslam_gmapping/share/openslam_gmapping/environment/library_path.sh
[5.354s] -- Up-to-date symlink: /home/ndp/datn/install/openslam_gmapping/share/openslam_gmapping/environment/library_path.dsv
[5.354s] -- Symlinking: /home/ndp/datn/install/openslam_gmapping/include//gmapping/grid/accessstate.h
[5.363s] -- Symlinking: /home/ndp/datn/install/openslam_gmapping/include//gmapping/grid/array2d.h
[5.371s] -- Symlinking: /home/ndp/datn/install/openslam_gmapping/include//gmapping/grid/harray2d.h
[5.379s] -- Symlinking: /home/ndp/datn/install/openslam_gmapping/include//gmapping/grid/map.h
[5.387s] -- Symlinking: /home/ndp/datn/install/openslam_gmapping/include//gmapping/gridfastslam/gridslamprocessor.h
[5.396s] -- Symlinking: /home/ndp/datn/install/openslam_gmapping/include//gmapping/gridfastslam/gridslamprocessor.hxx
[5.404s] -- Symlinking: /home/ndp/datn/install/openslam_gmapping/include//gmapping/gridfastslam/motionmodel.h
[5.413s] -- Symlinking: /home/ndp/datn/install/openslam_gmapping/include//gmapping/log/configuration.h
[5.421s] -- Symlinking: /home/ndp/datn/install/openslam_gmapping/include//gmapping/log/sensorlog.h
[5.430s] -- Symlinking: /home/ndp/datn/install/openslam_gmapping/include//gmapping/particlefilter/particlefilter.h
[5.438s] -- Symlinking: /home/ndp/datn/install/openslam_gmapping/include//gmapping/scanmatcher/icp.h
[5.447s] -- Symlinking: /home/ndp/datn/install/openslam_gmapping/include//gmapping/scanmatcher/scanmatcher.h
[5.455s] -- Symlinking: /home/ndp/datn/install/openslam_gmapping/include//gmapping/scanmatcher/smmap.h
[5.463s] -- Symlinking: /home/ndp/datn/install/openslam_gmapping/include//gmapping/sensor/sensor_base/sensor.h
[5.472s] -- Symlinking: /home/ndp/datn/install/openslam_gmapping/include//gmapping/sensor/sensor_base/sensorreading.h
[5.480s] -- Symlinking: /home/ndp/datn/install/openslam_gmapping/include//gmapping/sensor/sensor_odometry/odometryreading.h
[5.488s] -- Symlinking: /home/ndp/datn/install/openslam_gmapping/include//gmapping/sensor/sensor_odometry/odometrysensor.h
[5.496s] -- Symlinking: /home/ndp/datn/install/openslam_gmapping/include//gmapping/sensor/sensor_range/rangereading.h
[5.505s] -- Symlinking: /home/ndp/datn/install/openslam_gmapping/include//gmapping/sensor/sensor_range/rangesensor.h
[5.513s] -- Symlinking: /home/ndp/datn/install/openslam_gmapping/include//gmapping/utils/autoptr.h
[5.521s] -- Symlinking: /home/ndp/datn/install/openslam_gmapping/include//gmapping/utils/commandline.h
[5.530s] -- Symlinking: /home/ndp/datn/install/openslam_gmapping/include//gmapping/utils/gvalues.h
[5.538s] -- Symlinking: /home/ndp/datn/install/openslam_gmapping/include//gmapping/utils/macro_params.h
[5.546s] -- Symlinking: /home/ndp/datn/install/openslam_gmapping/include//gmapping/utils/point.h
[5.555s] -- Symlinking: /home/ndp/datn/install/openslam_gmapping/include//gmapping/utils/stat.h
[5.563s] -- Symlinking: /home/ndp/datn/install/openslam_gmapping/share/ament_index/resource_index/package_run_dependencies/openslam_gmapping
[5.572s] -- Symlinking: /home/ndp/datn/install/openslam_gmapping/share/ament_index/resource_index/parent_prefix_path/openslam_gmapping
[5.580s] -- Symlinking: /home/ndp/datn/install/openslam_gmapping/share/openslam_gmapping/environment/ament_prefix_path.sh
[5.589s] -- Symlinking: /home/ndp/datn/install/openslam_gmapping/share/openslam_gmapping/environment/ament_prefix_path.dsv
[5.597s] -- Symlinking: /home/ndp/datn/install/openslam_gmapping/share/openslam_gmapping/environment/path.sh
[5.606s] -- Symlinking: /home/ndp/datn/install/openslam_gmapping/share/openslam_gmapping/environment/path.dsv
[5.614s] -- Symlinking: /home/ndp/datn/install/openslam_gmapping/share/openslam_gmapping/local_setup.bash
[5.622s] -- Symlinking: /home/ndp/datn/install/openslam_gmapping/share/openslam_gmapping/local_setup.sh
[5.631s] -- Symlinking: /home/ndp/datn/install/openslam_gmapping/share/openslam_gmapping/local_setup.zsh
[5.639s] -- Symlinking: /home/ndp/datn/install/openslam_gmapping/share/openslam_gmapping/local_setup.dsv
[5.648s] -- Symlinking: /home/ndp/datn/install/openslam_gmapping/share/openslam_gmapping/package.dsv
[5.657s] -- Symlinking: /home/ndp/datn/install/openslam_gmapping/share/ament_index/resource_index/packages/openslam_gmapping
[5.666s] -- Symlinking: /home/ndp/datn/install/openslam_gmapping/share/openslam_gmapping/cmake/ament_cmake_export_libraries-extras.cmake
[5.675s] -- Symlinking: /home/ndp/datn/install/openslam_gmapping/share/openslam_gmapping/cmake/ament_cmake_export_include_directories-extras.cmake
[5.683s] -- Symlinking: /home/ndp/datn/install/openslam_gmapping/share/openslam_gmapping/cmake/openslam_gmappingConfig.cmake
[5.692s] -- Symlinking: /home/ndp/datn/install/openslam_gmapping/share/openslam_gmapping/cmake/openslam_gmappingConfig-version.cmake
[5.700s] -- Symlinking: /home/ndp/datn/install/openslam_gmapping/share/openslam_gmapping/package.xml
[5.711s] Invoked command in '/home/ndp/datn/build/openslam_gmapping' returned '0': CMAKE_PREFIX_PATH=${CMAKE_PREFIX_PATH}:/opt/ros/foxy /usr/bin/cmake --install /home/ndp/datn/build/openslam_gmapping
