[0.034s] Invoking command in '/home/ndp/datn/build/diffdrive_arduino': AMENT_PREFIX_PATH=/home/ndp/datn/install/serial:${AMENT_PREFIX_PATH} CMAKE_PREFIX_PATH=/home/ndp/datn/install/serial:/home/ndp/datn/install/ydlidar_ros2_driver:/home/ndp/datn/install/slam_gmapping:/home/ndp/datn/install/openslam_gmapping:/home/ndp/datn/install/my_bot:/home/ndp/ydlidar_ws/install/ydlidar_ros2_driver:/home/ndp/ydlidar_ws/install/slam_gmapping:/home/ndp/ydlidar_ws/install/openslam_gmapping:/home/ndp/my_bot/install/my_bot:/opt/ros/foxy LD_LIBRARY_PATH=/home/ndp/datn/install/serial/lib:${LD_LIBRARY_PATH} /usr/bin/cmake --build /home/ndp/datn/build/diffdrive_arduino -- -j8 -l8
[0.103s] [ 42%] Built target fake_robot
[0.105s] [100%] Built target diffdrive_arduino
[0.117s] Invoked command in '/home/ndp/datn/build/diffdrive_arduino' returned '0': AMENT_PREFIX_PATH=/home/ndp/datn/install/serial:${AMENT_PREFIX_PATH} CMAKE_PREFIX_PATH=/home/ndp/datn/install/serial:/home/ndp/datn/install/ydlidar_ros2_driver:/home/ndp/datn/install/slam_gmapping:/home/ndp/datn/install/openslam_gmapping:/home/ndp/datn/install/my_bot:/home/ndp/ydlidar_ws/install/ydlidar_ros2_driver:/home/ndp/ydlidar_ws/install/slam_gmapping:/home/ndp/ydlidar_ws/install/openslam_gmapping:/home/ndp/my_bot/install/my_bot:/opt/ros/foxy LD_LIBRARY_PATH=/home/ndp/datn/install/serial/lib:${LD_LIBRARY_PATH} /usr/bin/cmake --build /home/ndp/datn/build/diffdrive_arduino -- -j8 -l8
[0.149s] Invoking command in '/home/ndp/datn/build/diffdrive_arduino': AMENT_PREFIX_PATH=/home/ndp/datn/install/serial:${AMENT_PREFIX_PATH} CMAKE_PREFIX_PATH=/home/ndp/datn/install/serial:/home/ndp/datn/install/ydlidar_ros2_driver:/home/ndp/datn/install/slam_gmapping:/home/ndp/datn/install/openslam_gmapping:/home/ndp/datn/install/my_bot:/home/ndp/ydlidar_ws/install/ydlidar_ros2_driver:/home/ndp/ydlidar_ws/install/slam_gmapping:/home/ndp/ydlidar_ws/install/openslam_gmapping:/home/ndp/my_bot/install/my_bot:/opt/ros/foxy LD_LIBRARY_PATH=/home/ndp/datn/install/serial/lib:${LD_LIBRARY_PATH} /usr/bin/cmake --install /home/ndp/datn/build/diffdrive_arduino
[0.159s] -- Install configuration: ""
[0.162s] -- Execute custom install script
[0.162s] -- Up-to-date symlink: /home/ndp/datn/install/diffdrive_arduino/share/diffdrive_arduino//robot_hardware.xml
[0.162s] -- Up-to-date symlink: /home/ndp/datn/install/diffdrive_arduino/share/diffdrive_arduino//fake_robot_hardware.xml
[0.162s] -- Up-to-date symlink: /home/ndp/datn/install/diffdrive_arduino/lib/libdiffdrive_arduino.so
[0.162s] -- Up-to-date symlink: /home/ndp/datn/install/diffdrive_arduino/lib/libfake_robot.so
[0.163s] -- Up-to-date symlink: /home/ndp/datn/install/diffdrive_arduino/share/diffdrive_arduino/controllers/robot_controller_example.yaml
[0.163s] -- Up-to-date symlink: /home/ndp/datn/install/diffdrive_arduino/share/diffdrive_arduino/fake_robot.launch.py
[0.163s] -- Up-to-date symlink: /home/ndp/datn/install/diffdrive_arduino/share/diffdrive_arduino/test_robot.launch.py
[0.163s] -- Up-to-date symlink: /home/ndp/datn/install/diffdrive_arduino/share/diffdrive_arduino/environment/library_path.sh
[0.163s] -- Up-to-date symlink: /home/ndp/datn/install/diffdrive_arduino/share/diffdrive_arduino/environment/library_path.dsv
[0.163s] -- Up-to-date symlink: /home/ndp/datn/install/diffdrive_arduino/share/ament_index/resource_index/package_run_dependencies/diffdrive_arduino
[0.163s] -- Up-to-date symlink: /home/ndp/datn/install/diffdrive_arduino/share/ament_index/resource_index/parent_prefix_path/diffdrive_arduino
[0.163s] -- Up-to-date symlink: /home/ndp/datn/install/diffdrive_arduino/share/diffdrive_arduino/environment/ament_prefix_path.sh
[0.164s] -- Up-to-date symlink: /home/ndp/datn/install/diffdrive_arduino/share/diffdrive_arduino/environment/ament_prefix_path.dsv
[0.164s] -- Up-to-date symlink: /home/ndp/datn/install/diffdrive_arduino/share/diffdrive_arduino/environment/path.sh
[0.164s] -- Up-to-date symlink: /home/ndp/datn/install/diffdrive_arduino/share/diffdrive_arduino/environment/path.dsv
[0.164s] -- Up-to-date symlink: /home/ndp/datn/install/diffdrive_arduino/share/diffdrive_arduino/local_setup.bash
[0.164s] -- Up-to-date symlink: /home/ndp/datn/install/diffdrive_arduino/share/diffdrive_arduino/local_setup.sh
[0.164s] -- Up-to-date symlink: /home/ndp/datn/install/diffdrive_arduino/share/diffdrive_arduino/local_setup.zsh
[0.164s] -- Up-to-date symlink: /home/ndp/datn/install/diffdrive_arduino/share/diffdrive_arduino/local_setup.dsv
[0.165s] -- Symlinking: /home/ndp/datn/install/diffdrive_arduino/share/diffdrive_arduino/package.dsv
[0.173s] -- Up-to-date symlink: /home/ndp/datn/install/diffdrive_arduino/share/ament_index/resource_index/packages/diffdrive_arduino
[0.174s] -- Up-to-date symlink: /home/ndp/datn/install/diffdrive_arduino/share/ament_index/resource_index/hardware_interface__pluginlib__plugin/diffdrive_arduino
[0.174s] -- Up-to-date symlink: /home/ndp/datn/install/diffdrive_arduino/share/diffdrive_arduino/cmake/ament_cmake_export_libraries-extras.cmake
[0.174s] -- Up-to-date symlink: /home/ndp/datn/install/diffdrive_arduino/share/diffdrive_arduino/cmake/ament_cmake_export_dependencies-extras.cmake
[0.174s] -- Up-to-date symlink: /home/ndp/datn/install/diffdrive_arduino/share/diffdrive_arduino/cmake/diffdrive_arduinoConfig.cmake
[0.174s] -- Up-to-date symlink: /home/ndp/datn/install/diffdrive_arduino/share/diffdrive_arduino/cmake/diffdrive_arduinoConfig-version.cmake
[0.175s] -- Up-to-date symlink: /home/ndp/datn/install/diffdrive_arduino/share/diffdrive_arduino/package.xml
[0.178s] Invoked command in '/home/ndp/datn/build/diffdrive_arduino' returned '0': AMENT_PREFIX_PATH=/home/ndp/datn/install/serial:${AMENT_PREFIX_PATH} CMAKE_PREFIX_PATH=/home/ndp/datn/install/serial:/home/ndp/datn/install/ydlidar_ros2_driver:/home/ndp/datn/install/slam_gmapping:/home/ndp/datn/install/openslam_gmapping:/home/ndp/datn/install/my_bot:/home/ndp/ydlidar_ws/install/ydlidar_ros2_driver:/home/ndp/ydlidar_ws/install/slam_gmapping:/home/ndp/ydlidar_ws/install/openslam_gmapping:/home/ndp/my_bot/install/my_bot:/opt/ros/foxy LD_LIBRARY_PATH=/home/ndp/datn/install/serial/lib:${LD_LIBRARY_PATH} /usr/bin/cmake --install /home/ndp/datn/build/diffdrive_arduino
